[2026-03-24T14:47:03.374+0000] {manager.py:483} INFO - Processing files using up to 2 processes at a time 
[2026-03-24T14:47:03.375+0000] {manager.py:484} INFO - Process each file at most once every 30 seconds
[2026-03-24T14:47:03.375+0000] {manager.py:485} INFO - Checking for new files in /opt/airflow/dags every 300 seconds
[2026-03-24T14:47:03.376+0000] {manager.py:821} INFO - Searching for files in /opt/airflow/dags
[2026-03-24T14:47:03.382+0000] {manager.py:824} INFO - There are 2 files in /opt/airflow/dags
[2026-03-24T14:47:03.650+0000] {manager.py:997} INFO - 
================================================================================
DAG File Processing Stats

File Path                                       PID  Runtime      # DAGs    # Errors  Last Runtime    Last Run      Last # of DB Queries
--------------------------------------------  -----  ---------  --------  ----------  --------------  ----------  ----------------------
/opt/airflow/dags/sensor_airflow_consumer.py     92  0.11s             0           0                                                   0
/opt/airflow/dags/sensor_airflow.py              93  0.09s             0           0                                                   0
================================================================================
[2026-03-24T14:47:40.144+0000] {manager.py:997} INFO - 
================================================================================
DAG File Processing Stats

File Path                                     PID    Runtime      # DAGs    # Errors  Last Runtime    Last Run               Last # of DB Queries
--------------------------------------------  -----  ---------  --------  ----------  --------------  -------------------  ----------------------
/opt/airflow/dags/sensor_airflow.py                                    1           0  1.19s           2026-03-24T14:47:38                      12
/opt/airflow/dags/sensor_airflow_consumer.py                           1           0  1.02s           2026-03-24T14:47:29                      23
================================================================================
[2026-03-24T14:48:13.125+0000] {manager.py:997} INFO - 
================================================================================
DAG File Processing Stats

File Path                                     PID    Runtime      # DAGs    # Errors  Last Runtime    Last Run               Last # of DB Queries
--------------------------------------------  -----  ---------  --------  ----------  --------------  -------------------  ----------------------
/opt/airflow/dags/sensor_airflow_consumer.py                           1           0  1.56s           2026-03-24T14:48:01                      12
/opt/airflow/dags/sensor_airflow.py                                    1           0  0.81s           2026-03-24T14:48:09                      12
================================================================================
[2026-03-24T14:48:46.065+0000] {manager.py:997} INFO - 
================================================================================
DAG File Processing Stats

File Path                                     PID    Runtime      # DAGs    # Errors  Last Runtime    Last Run               Last # of DB Queries
--------------------------------------------  -----  ---------  --------  ----------  --------------  -------------------  ----------------------
/opt/airflow/dags/sensor_airflow_consumer.py                           1           0  1.09s           2026-03-24T14:48:33                      12
/opt/airflow/dags/sensor_airflow.py                                    1           0  0.56s           2026-03-24T14:48:41                      12
================================================================================
[2026-03-24T14:49:18.782+0000] {manager.py:997} INFO - 
================================================================================
DAG File Processing Stats

File Path                                     PID    Runtime      # DAGs    # Errors  Last Runtime    Last Run               Last # of DB Queries
--------------------------------------------  -----  ---------  --------  ----------  --------------  -------------------  ----------------------
/opt/airflow/dags/sensor_airflow_consumer.py                           1           0  1.94s           2026-03-24T14:49:05                      12
/opt/airflow/dags/sensor_airflow.py                                    1           0  0.86s           2026-03-24T14:49:14                      12
================================================================================
[2026-03-24T14:49:51.734+0000] {manager.py:997} INFO - 
================================================================================
DAG File Processing Stats

File Path                                     PID    Runtime      # DAGs    # Errors  Last Runtime    Last Run               Last # of DB Queries
--------------------------------------------  -----  ---------  --------  ----------  --------------  -------------------  ----------------------
/opt/airflow/dags/sensor_airflow_consumer.py                           1           0  12.74s          2026-03-24T14:49:48                      12
/opt/airflow/dags/sensor_airflow.py                                    1           0  1.02s           2026-03-24T14:49:49                      12
================================================================================
[2026-03-24T14:50:24.443+0000] {manager.py:997} INFO - 
================================================================================
DAG File Processing Stats

File Path                                     PID    Runtime      # DAGs    # Errors  Last Runtime    Last Run               Last # of DB Queries
--------------------------------------------  -----  ---------  --------  ----------  --------------  -------------------  ----------------------
/opt/airflow/dags/sensor_airflow_consumer.py                           1           0  0.88s           2026-03-24T14:50:21                      12
/opt/airflow/dags/sensor_airflow.py                                    1           0  0.64s           2026-03-24T14:50:21                      12
================================================================================
[2026-03-24T14:50:57.793+0000] {manager.py:997} INFO - 
================================================================================
DAG File Processing Stats

File Path                                     PID    Runtime      # DAGs    # Errors  Last Runtime    Last Run               Last # of DB Queries
--------------------------------------------  -----  ---------  --------  ----------  --------------  -------------------  ----------------------
/opt/airflow/dags/sensor_airflow_consumer.py                           1           0  0.96s           2026-03-24T14:50:54                      12
/opt/airflow/dags/sensor_airflow.py                                    1           0  0.70s           2026-03-24T14:50:53                      12
================================================================================
[2026-03-24T14:51:30.526+0000] {manager.py:997} INFO - 
================================================================================
DAG File Processing Stats

File Path                                     PID    Runtime      # DAGs    # Errors  Last Runtime    Last Run               Last # of DB Queries
--------------------------------------------  -----  ---------  --------  ----------  --------------  -------------------  ----------------------
/opt/airflow/dags/sensor_airflow_consumer.py                           1           0  1.14s           2026-03-24T14:51:26                      12
/opt/airflow/dags/sensor_airflow.py                                    1           0  0.87s           2026-03-24T14:51:26                      12
================================================================================
[2026-03-24T14:52:03.359+0000] {manager.py:997} INFO - 
================================================================================
DAG File Processing Stats

File Path                                     PID    Runtime      # DAGs    # Errors  Last Runtime    Last Run               Last # of DB Queries
--------------------------------------------  -----  ---------  --------  ----------  --------------  -------------------  ----------------------
/opt/airflow/dags/sensor_airflow_consumer.py                           1           0  0.97s           2026-03-24T14:51:59                      12
/opt/airflow/dags/sensor_airflow.py                                    1           0  0.70s           2026-03-24T14:51:59                      12
================================================================================
[2026-03-24T14:52:04.115+0000] {manager.py:821} INFO - Searching for files in /opt/airflow/dags
[2026-03-24T14:52:04.117+0000] {manager.py:824} INFO - There are 2 files in /opt/airflow/dags
[2026-03-24T14:52:36.104+0000] {manager.py:997} INFO - 
================================================================================
DAG File Processing Stats

File Path                                     PID    Runtime      # DAGs    # Errors  Last Runtime    Last Run               Last # of DB Queries
--------------------------------------------  -----  ---------  --------  ----------  --------------  -------------------  ----------------------
/opt/airflow/dags/sensor_airflow_consumer.py                           1           0  1.08s           2026-03-24T14:52:32                      12
/opt/airflow/dags/sensor_airflow.py                                    1           0  0.83s           2026-03-24T14:52:31                      12
================================================================================
[2026-03-24T14:53:09.269+0000] {manager.py:997} INFO - 
================================================================================
DAG File Processing Stats

File Path                                     PID    Runtime      # DAGs    # Errors  Last Runtime    Last Run               Last # of DB Queries
--------------------------------------------  -----  ---------  --------  ----------  --------------  -------------------  ----------------------
/opt/airflow/dags/sensor_airflow_consumer.py                           1           0  3.00s           2026-03-24T14:53:06                      12
/opt/airflow/dags/sensor_airflow.py                                    1           0  2.42s           2026-03-24T14:53:06                      12
================================================================================
[2026-03-24T14:53:42.357+0000] {manager.py:997} INFO - 
================================================================================
DAG File Processing Stats

File Path                                       PID  Runtime      # DAGs    # Errors  Last Runtime    Last Run               Last # of DB Queries
--------------------------------------------  -----  ---------  --------  ----------  --------------  -------------------  ----------------------
/opt/airflow/dags/sensor_airflow.py                                    1           0  4.70s           2026-03-24T14:53:41                      12
/opt/airflow/dags/sensor_airflow_consumer.py    207  5.19s             1           0  3.00s           2026-03-24T14:53:06                      12
================================================================================
[2026-03-24T14:54:15.312+0000] {manager.py:997} INFO - 
================================================================================
DAG File Processing Stats

File Path                                     PID    Runtime      # DAGs    # Errors  Last Runtime    Last Run               Last # of DB Queries
--------------------------------------------  -----  ---------  --------  ----------  --------------  -------------------  ----------------------
/opt/airflow/dags/sensor_airflow.py                                    1           0  1.62s           2026-03-24T14:54:13                      12
/opt/airflow/dags/sensor_airflow_consumer.py                           1           0  1.08s           2026-03-24T14:54:14                      12
================================================================================
[2026-03-24T14:54:48.587+0000] {manager.py:997} INFO - 
================================================================================
DAG File Processing Stats

File Path                                     PID    Runtime      # DAGs    # Errors  Last Runtime    Last Run               Last # of DB Queries
--------------------------------------------  -----  ---------  --------  ----------  --------------  -------------------  ----------------------
/opt/airflow/dags/sensor_airflow_consumer.py                           1           0  0.92s           2026-03-24T14:54:45                      12
/opt/airflow/dags/sensor_airflow.py                                    1           0  0.77s           2026-03-24T14:54:44                      12
================================================================================
[2026-03-24T14:55:21.777+0000] {manager.py:997} INFO - 
================================================================================
DAG File Processing Stats

File Path                                     PID    Runtime      # DAGs    # Errors  Last Runtime    Last Run               Last # of DB Queries
--------------------------------------------  -----  ---------  --------  ----------  --------------  -------------------  ----------------------
/opt/airflow/dags/sensor_airflow_consumer.py                           1           0  1.21s           2026-03-24T14:55:16                      12
/opt/airflow/dags/sensor_airflow.py                                    1           0  0.91s           2026-03-24T14:55:16                      12
================================================================================
[2026-03-24T14:55:54.640+0000] {manager.py:997} INFO - 
================================================================================
DAG File Processing Stats

File Path                                     PID    Runtime      # DAGs    # Errors  Last Runtime    Last Run               Last # of DB Queries
--------------------------------------------  -----  ---------  --------  ----------  --------------  -------------------  ----------------------
/opt/airflow/dags/sensor_airflow_consumer.py                           1           0  1.75s           2026-03-24T14:55:49                      12
/opt/airflow/dags/sensor_airflow.py                                    1           0  1.28s           2026-03-24T14:55:49                      12
================================================================================
[2026-03-24T14:56:30.356+0000] {manager.py:997} INFO - 
================================================================================
DAG File Processing Stats

File Path                                       PID  Runtime      # DAGs    # Errors  Last Runtime    Last Run               Last # of DB Queries
--------------------------------------------  -----  ---------  --------  ----------  --------------  -------------------  ----------------------
/opt/airflow/dags/sensor_airflow_consumer.py    260  8.21s             1           0  1.75s           2026-03-24T14:55:49                      12
/opt/airflow/dags/sensor_airflow.py             261  8.19s             1           0  1.28s           2026-03-24T14:55:49                      12
================================================================================
[2026-03-24T14:57:03.263+0000] {manager.py:997} INFO - 
================================================================================
DAG File Processing Stats

File Path                                       PID  Runtime      # DAGs    # Errors  Last Runtime    Last Run               Last # of DB Queries
--------------------------------------------  -----  ---------  --------  ----------  --------------  -------------------  ----------------------
/opt/airflow/dags/sensor_airflow_consumer.py    270  0.02s             1           0  10.25s          2026-03-24T14:56:32                      12
/opt/airflow/dags/sensor_airflow.py             269  1.05s             1           0  9.42s           2026-03-24T14:56:31                      12
================================================================================
[2026-03-24T14:57:04.219+0000] {manager.py:821} INFO - Searching for files in /opt/airflow/dags
[2026-03-24T14:57:04.221+0000] {manager.py:824} INFO - There are 2 files in /opt/airflow/dags
[2026-03-24T14:57:36.063+0000] {manager.py:997} INFO - 
================================================================================
DAG File Processing Stats

File Path                                     PID    Runtime      # DAGs    # Errors  Last Runtime    Last Run               Last # of DB Queries
--------------------------------------------  -----  ---------  --------  ----------  --------------  -------------------  ----------------------
/opt/airflow/dags/sensor_airflow_consumer.py                           1           0  1.77s           2026-03-24T14:57:36                      12
/opt/airflow/dags/sensor_airflow.py                                    1           0  1.47s           2026-03-24T14:57:35                      12
================================================================================
[2026-03-24T14:58:09.493+0000] {manager.py:997} INFO - 
================================================================================
DAG File Processing Stats

File Path                                     PID    Runtime      # DAGs    # Errors  Last Runtime    Last Run               Last # of DB Queries
--------------------------------------------  -----  ---------  --------  ----------  --------------  -------------------  ----------------------
/opt/airflow/dags/sensor_airflow_consumer.py                           1           0  1.00s           2026-03-24T14:58:07                      12
/opt/airflow/dags/sensor_airflow.py                                    1           0  0.70s           2026-03-24T14:58:06                      12
================================================================================
[2026-03-24T14:58:54.831+0000] {manager.py:997} INFO - 
================================================================================
DAG File Processing Stats

File Path                                       PID  Runtime      # DAGs    # Errors  Last Runtime    Last Run               Last # of DB Queries
--------------------------------------------  -----  ---------  --------  ----------  --------------  -------------------  ----------------------
/opt/airflow/dags/sensor_airflow_consumer.py    298  0.04s             1           0  1.00s           2026-03-24T14:58:07                      12
/opt/airflow/dags/sensor_airflow.py             297  16.71s            1           0  0.70s           2026-03-24T14:58:06                      12
================================================================================
[2026-03-24T14:59:26.856+0000] {manager.py:997} INFO - 
================================================================================
DAG File Processing Stats

File Path                                     PID    Runtime      # DAGs    # Errors  Last Runtime    Last Run               Last # of DB Queries
--------------------------------------------  -----  ---------  --------  ----------  --------------  -------------------  ----------------------
/opt/airflow/dags/sensor_airflow.py                                    1           0  20.12s          2026-03-24T14:58:58                      12
/opt/airflow/dags/sensor_airflow_consumer.py                           1           0  4.13s           2026-03-24T14:58:58                      12
================================================================================
[2026-03-24T15:00:00.688+0000] {manager.py:997} INFO - 
================================================================================
DAG File Processing Stats

File Path                                       PID  Runtime      # DAGs    # Errors  Last Runtime    Last Run               Last # of DB Queries
--------------------------------------------  -----  ---------  --------  ----------  --------------  -------------------  ----------------------
/opt/airflow/dags/sensor_airflow.py             306  30.11s            1           0  20.12s          2026-03-24T14:58:58                      12
/opt/airflow/dags/sensor_airflow_consumer.py    305  30.15s            1           0  4.13s           2026-03-24T14:58:58                      12
================================================================================
[2026-03-24T15:00:08.033+0000] {manager.py:1146} ERROR - Processor for /opt/airflow/dags/sensor_airflow.py exited with return code 1.
[2026-03-24T15:00:08.726+0000] {manager.py:1146} ERROR - Processor for /opt/airflow/dags/sensor_airflow_consumer.py exited with return code 1.
[2026-03-24T15:00:10.287+0000] {manager.py:465} INFO - Exiting gracefully upon receiving signal 15
[2026-03-24T15:00:39.214+0000] {manager.py:483} INFO - Processing files using up to 2 processes at a time 
[2026-03-24T15:00:39.214+0000] {manager.py:484} INFO - Process each file at most once every 30 seconds
[2026-03-24T15:00:39.215+0000] {manager.py:485} INFO - Checking for new files in /opt/airflow/dags every 300 seconds
[2026-03-24T15:00:39.215+0000] {manager.py:821} INFO - Searching for files in /opt/airflow/dags
[2026-03-24T15:00:38.708+0000] {manager.py:824} INFO - There are 2 files in /opt/airflow/dags
[2026-03-24T15:00:41.972+0000] {manager.py:997} INFO - 
================================================================================
DAG File Processing Stats

File Path                                       PID  Runtime      # DAGs    # Errors  Last Runtime    Last Run      Last # of DB Queries
--------------------------------------------  -----  ---------  --------  ----------  --------------  ----------  ----------------------
/opt/airflow/dags/sensor_airflow_consumer.py     73  3.21s             0           0                                                   0
/opt/airflow/dags/sensor_airflow.py              74  0.03s             0           0                                                   0
================================================================================
[2026-03-24T15:01:14.928+0000] {manager.py:997} INFO - 
================================================================================
DAG File Processing Stats

File Path                                       PID  Runtime      # DAGs    # Errors  Last Runtime    Last Run               Last # of DB Queries
--------------------------------------------  -----  ---------  --------  ----------  --------------  -------------------  ----------------------
/opt/airflow/dags/sensor_airflow_consumer.py     88  0.02s             1           0  4.50s           2026-03-24T15:00:43                      12
/opt/airflow/dags/sensor_airflow.py              89  0.01s             1           0  0.99s           2026-03-24T15:00:42                      34
================================================================================
[2026-03-24T15:01:47.884+0000] {manager.py:997} INFO - 
================================================================================
DAG File Processing Stats

File Path                                       PID  Runtime      # DAGs    # Errors  Last Runtime    Last Run               Last # of DB Queries
--------------------------------------------  -----  ---------  --------  ----------  --------------  -------------------  ----------------------
/opt/airflow/dags/sensor_airflow_consumer.py     91  0.42s             1           0  1.17s           2026-03-24T15:01:16                      12
/opt/airflow/dags/sensor_airflow.py              92  0.41s             1           0  0.73s           2026-03-24T15:01:15                      12
================================================================================
[2026-03-24T15:02:20.720+0000] {manager.py:997} INFO - 
================================================================================
DAG File Processing Stats

File Path                                       PID  Runtime      # DAGs    # Errors  Last Runtime    Last Run               Last # of DB Queries
--------------------------------------------  -----  ---------  --------  ----------  --------------  -------------------  ----------------------
/opt/airflow/dags/sensor_airflow_consumer.py    100  0.63s             1           0  1.37s           2026-03-24T15:01:48                      12
/opt/airflow/dags/sensor_airflow.py             101  0.62s             1           0  0.81s           2026-03-24T15:01:48                      12
================================================================================
[2026-03-24T15:03:06.246+0000] {manager.py:1146} ERROR - Processor for /opt/airflow/dags/sensor_airflow.py exited with return code 1.
[2026-03-24T15:03:06.249+0000] {manager.py:997} INFO - 
================================================================================
DAG File Processing Stats

File Path                                       PID  Runtime      # DAGs    # Errors  Last Runtime    Last Run               Last # of DB Queries
--------------------------------------------  -----  ---------  --------  ----------  --------------  -------------------  ----------------------
/opt/airflow/dags/sensor_airflow.py                                    0          -1  46.15s          2026-03-24T15:03:06                       0
/opt/airflow/dags/sensor_airflow_consumer.py    100  46.17s            1           0  1.37s           2026-03-24T15:01:48                      12
================================================================================
[2026-03-24T15:03:06.293+0000] {manager.py:1146} ERROR - Processor for /opt/airflow/dags/sensor_airflow_consumer.py exited with return code 1.
[2026-03-24T15:03:37.617+0000] {manager.py:997} INFO - 
================================================================================
DAG File Processing Stats

File Path                                       PID  Runtime      # DAGs    # Errors  Last Runtime    Last Run               Last # of DB Queries
--------------------------------------------  -----  ---------  --------  ----------  --------------  -------------------  ----------------------
/opt/airflow/dags/sensor_airflow_consumer.py    109  1.05s             0          -1  46.21s          2026-03-24T15:03:06                       0
/opt/airflow/dags/sensor_airflow.py             110  1.02s             0          -1  46.15s          2026-03-24T15:03:06                       0
================================================================================
[2026-03-24T15:04:10.582+0000] {manager.py:997} INFO - 
================================================================================
DAG File Processing Stats

File Path                                     PID    Runtime      # DAGs    # Errors  Last Runtime    Last Run               Last # of DB Queries
--------------------------------------------  -----  ---------  --------  ----------  --------------  -------------------  ----------------------
/opt/airflow/dags/sensor_airflow_consumer.py                           1           0  5.33s           2026-03-24T15:03:41                      12
/opt/airflow/dags/sensor_airflow.py                                    1           0  0.99s           2026-03-24T15:04:09                      12
================================================================================
[2026-03-24T15:04:43.608+0000] {manager.py:997} INFO - 
================================================================================
DAG File Processing Stats

File Path                                     PID    Runtime      # DAGs    # Errors  Last Runtime    Last Run               Last # of DB Queries
--------------------------------------------  -----  ---------  --------  ----------  --------------  -------------------  ----------------------
/opt/airflow/dags/sensor_airflow_consumer.py                           1           0  1.22s           2026-03-24T15:04:15                      12
/opt/airflow/dags/sensor_airflow.py                                    1           0  0.60s           2026-03-24T15:04:40                      12
================================================================================
[2026-03-24T15:05:19.666+0000] {manager.py:997} INFO - 
================================================================================
DAG File Processing Stats

File Path                                       PID  Runtime      # DAGs    # Errors  Last Runtime    Last Run               Last # of DB Queries
--------------------------------------------  -----  ---------  --------  ----------  --------------  -------------------  ----------------------
/opt/airflow/dags/sensor_airflow_consumer.py    141  0.01s             1           0  1.20s           2026-03-24T15:04:48                      12
/opt/airflow/dags/sensor_airflow.py                                    1           0  0.93s           2026-03-24T15:05:11                      12
================================================================================
[2026-03-24T15:05:39.828+0000] {manager.py:821} INFO - Searching for files in /opt/airflow/dags
[2026-03-24T15:05:39.836+0000] {manager.py:824} INFO - There are 2 files in /opt/airflow/dags
[2026-03-24T15:05:52.774+0000] {manager.py:997} INFO - 
================================================================================
DAG File Processing Stats

File Path                                       PID  Runtime      # DAGs    # Errors  Last Runtime    Last Run               Last # of DB Queries
--------------------------------------------  -----  ---------  --------  ----------  --------------  -------------------  ----------------------
/opt/airflow/dags/sensor_airflow.py                                    1           0  1.34s           2026-03-24T15:05:44                      12
/opt/airflow/dags/sensor_airflow_consumer.py    151  0.02s             1           0  1.15s           2026-03-24T15:05:20                      12
================================================================================
[2026-03-24T15:06:25.517+0000] {manager.py:997} INFO - 
================================================================================
DAG File Processing Stats

File Path                                       PID  Runtime      # DAGs    # Errors  Last Runtime    Last Run               Last # of DB Queries
--------------------------------------------  -----  ---------  --------  ----------  --------------  -------------------  ----------------------
/opt/airflow/dags/sensor_airflow_consumer.py    160  0.54s             1           0  2.00s           2026-03-24T15:05:54                      12
/opt/airflow/dags/sensor_airflow.py                                    1           0  0.55s           2026-03-24T15:06:15                      12
================================================================================
[2026-03-24T15:06:58.574+0000] {manager.py:997} INFO - 
================================================================================
DAG File Processing Stats

File Path                                       PID  Runtime      # DAGs    # Errors  Last Runtime    Last Run               Last # of DB Queries
--------------------------------------------  -----  ---------  --------  ----------  --------------  -------------------  ----------------------
/opt/airflow/dags/sensor_airflow_consumer.py    169  0.54s             1           0  1.05s           2026-03-24T15:06:26                      12
/opt/airflow/dags/sensor_airflow.py                                    1           0  0.55s           2026-03-24T15:06:46                      12
================================================================================
[2026-03-24T15:07:31.253+0000] {manager.py:997} INFO - 
================================================================================
DAG File Processing Stats

File Path                                       PID  Runtime      # DAGs    # Errors  Last Runtime    Last Run               Last # of DB Queries
--------------------------------------------  -----  ---------  --------  ----------  --------------  -------------------  ----------------------
/opt/airflow/dags/sensor_airflow.py                                    1           0  2.35s           2026-03-24T15:07:19                      12
/opt/airflow/dags/sensor_airflow_consumer.py    178  0.19s             1           0  0.99s           2026-03-24T15:06:59                      12
================================================================================
[2026-03-24T15:08:03.968+0000] {manager.py:997} INFO - 
================================================================================
DAG File Processing Stats

File Path                                       PID  Runtime      # DAGs    # Errors  Last Runtime    Last Run               Last # of DB Queries
--------------------------------------------  -----  ---------  --------  ----------  --------------  -------------------  ----------------------
/opt/airflow/dags/sensor_airflow_consumer.py    187  0.56s             1           0  1.10s           2026-03-24T15:07:32                      12
/opt/airflow/dags/sensor_airflow.py                                    1           0  0.53s           2026-03-24T15:07:50                      12
================================================================================
[2026-03-24T15:08:36.942+0000] {manager.py:997} INFO - 
================================================================================
DAG File Processing Stats

File Path                                       PID  Runtime      # DAGs    # Errors  Last Runtime    Last Run               Last # of DB Queries
--------------------------------------------  -----  ---------  --------  ----------  --------------  -------------------  ----------------------
/opt/airflow/dags/sensor_airflow_consumer.py    196  0.35s             1           0  1.04s           2026-03-24T15:08:04                      12
/opt/airflow/dags/sensor_airflow.py                                    1           0  0.54s           2026-03-24T15:08:22                      12
================================================================================
[2026-03-24T15:09:17.368+0000] {manager.py:997} INFO - 
================================================================================
DAG File Processing Stats

File Path                                       PID  Runtime      # DAGs    # Errors  Last Runtime    Last Run               Last # of DB Queries
--------------------------------------------  -----  ---------  --------  ----------  --------------  -------------------  ----------------------
/opt/airflow/dags/sensor_airflow_consumer.py                           1           0  1.53s           2026-03-24T15:08:38                      12
/opt/airflow/dags/sensor_airflow.py             198  21.89s            1           0  0.54s           2026-03-24T15:08:22                      12
================================================================================
[2026-03-24T15:10:48.597+0000] {manager.py:821} INFO - Searching for files in /opt/airflow/dags
[2026-03-24T15:13:43.088+0000] {manager.py:824} INFO - There are 2 files in /opt/airflow/dags
[2026-03-24T15:17:18.604+0000] {manager.py:1366} ERROR - Processor for /opt/airflow/dags/sensor_airflow.py with PID 198 started at 2026-03-24T15:08:52.077670+00:00 has timed out, killing it.
[2026-03-24T15:17:18.828+0000] {manager.py:997} INFO - 
================================================================================
DAG File Processing Stats

File Path                                       PID  Runtime      # DAGs    # Errors  Last Runtime    Last Run               Last # of DB Queries
--------------------------------------------  -----  ---------  --------  ----------  --------------  -------------------  ----------------------
/opt/airflow/dags/sensor_airflow.py                                    0           1  506.51s         2026-03-24T15:17:18                       0
/opt/airflow/dags/sensor_airflow_consumer.py    199  0.03s             1           0  1.53s           2026-03-24T15:08:38                      12
================================================================================
[2026-03-24T15:17:18.926+0000] {manager.py:821} INFO - Searching for files in /opt/airflow/dags
[2026-03-24T15:17:18.931+0000] {manager.py:824} INFO - There are 2 files in /opt/airflow/dags
[2026-03-24T15:19:37.602+0000] {manager.py:483} INFO - Processing files using up to 2 processes at a time 
[2026-03-24T15:19:37.604+0000] {manager.py:484} INFO - Process each file at most once every 30 seconds
[2026-03-24T15:19:37.605+0000] {manager.py:485} INFO - Checking for new files in /opt/airflow/dags every 300 seconds
[2026-03-24T15:19:37.605+0000] {manager.py:821} INFO - Searching for files in /opt/airflow/dags
[2026-03-24T15:19:37.611+0000] {manager.py:824} INFO - There are 2 files in /opt/airflow/dags
[2026-03-24T15:19:37.743+0000] {manager.py:997} INFO - 
================================================================================
DAG File Processing Stats

File Path                                       PID  Runtime      # DAGs    # Errors  Last Runtime    Last Run      Last # of DB Queries
--------------------------------------------  -----  ---------  --------  ----------  --------------  ----------  ----------------------
/opt/airflow/dags/sensor_airflow_consumer.py     90  0.06s             0           0                                                   0
/opt/airflow/dags/sensor_airflow.py              91  0.04s             0           0                                                   0
================================================================================
[2026-03-24T15:20:08.324+0000] {manager.py:997} INFO - 
================================================================================
DAG File Processing Stats

File Path                                     PID    Runtime      # DAGs    # Errors  Last Runtime    Last Run               Last # of DB Queries
--------------------------------------------  -----  ---------  --------  ----------  --------------  -------------------  ----------------------
/opt/airflow/dags/sensor_airflow_consumer.py                           1           0  1.55s           2026-03-24T15:19:39                      12
/opt/airflow/dags/sensor_airflow.py                                    1           0  1.46s           2026-03-24T15:19:39                      34
================================================================================
[2026-03-24T15:20:40.041+0000] {manager.py:997} INFO - 
================================================================================
DAG File Processing Stats

File Path                                     PID    Runtime      # DAGs    # Errors  Last Runtime    Last Run               Last # of DB Queries
--------------------------------------------  -----  ---------  --------  ----------  --------------  -------------------  ----------------------
/opt/airflow/dags/sensor_airflow_consumer.py                           1           0  1.02s           2026-03-24T15:20:10                      12
/opt/airflow/dags/sensor_airflow.py                                    1           0  0.83s           2026-03-24T15:20:10                      12
================================================================================
[2026-03-24T15:20:42.597+0000] {manager.py:465} INFO - Exiting gracefully upon receiving signal 15
