[2026-03-24T15:05:14.021+0000] {local_task_job_runner.py:123} INFO - ::group::Pre task execution logs
[2026-03-24T15:05:14.046+0000] {taskinstance.py:2612} INFO - Dependencies all met for dep_context=non-requeueable deps ti=<TaskInstance: sensor_data_producer.end scheduled__2026-03-24T15:00:00+00:00 [queued]>
[2026-03-24T15:05:14.065+0000] {taskinstance.py:2612} INFO - Dependencies all met for dep_context=requeueable deps ti=<TaskInstance: sensor_data_producer.end scheduled__2026-03-24T15:00:00+00:00 [queued]>
[2026-03-24T15:05:14.065+0000] {taskinstance.py:2865} INFO - Starting attempt 1 of 1
[2026-03-24T15:05:14.092+0000] {taskinstance.py:2888} INFO - Executing <Task(PythonOperator): end> on 2026-03-24 15:00:00+00:00
[2026-03-24T15:05:14.114+0000] {warnings.py:112} WARNING - /home/***/.local/lib/python3.12/site-packages/***/task/task_runner/standard_task_runner.py:70: DeprecationWarning: This process (pid=414) is multi-threaded, use of fork() may lead to deadlocks in the child.
  pid = os.fork()

[2026-03-24T15:05:14.116+0000] {standard_task_runner.py:104} INFO - Running: ['***', 'tasks', 'run', 'sensor_data_producer', 'end', 'scheduled__2026-03-24T15:00:00+00:00', '--job-id', '176', '--raw', '--subdir', 'DAGS_FOLDER/sensor_***.py', '--cfg-path', '/tmp/tmpjr10i5nu']
[2026-03-24T15:05:14.119+0000] {standard_task_runner.py:72} INFO - Started process 415 to run task
[2026-03-24T15:05:14.118+0000] {standard_task_runner.py:105} INFO - Job 176: Subtask end
[2026-03-24T15:05:14.219+0000] {task_command.py:467} INFO - Running <TaskInstance: sensor_data_producer.end scheduled__2026-03-24T15:00:00+00:00 [running]> on host 307b85104bd3
[2026-03-24T15:05:14.404+0000] {taskinstance.py:3131} INFO - Exporting env vars: AIRFLOW_CTX_DAG_OWNER='***' AIRFLOW_CTX_DAG_ID='sensor_data_producer' AIRFLOW_CTX_TASK_ID='end' AIRFLOW_CTX_EXECUTION_DATE='2026-03-24T15:00:00+00:00' AIRFLOW_CTX_TRY_NUMBER='1' AIRFLOW_CTX_DAG_RUN_ID='scheduled__2026-03-24T15:00:00+00:00'
[2026-03-24T15:05:14.406+0000] {taskinstance.py:731} INFO - ::endgroup::
[2026-03-24T15:05:14.435+0000] {sensor_airflow.py:76} INFO - Job finished successfully
[2026-03-24T15:05:14.436+0000] {python.py:240} INFO - Done. Returned value was: None
[2026-03-24T15:05:14.469+0000] {taskinstance.py:340} INFO - ::group::Post task execution logs
[2026-03-24T15:05:14.470+0000] {taskinstance.py:352} INFO - Marking task as SUCCESS. dag_id=sensor_data_producer, task_id=end, run_id=scheduled__2026-03-24T15:00:00+00:00, execution_date=20260324T150000, start_date=20260324T150514, end_date=20260324T150514
[2026-03-24T15:05:14.537+0000] {local_task_job_runner.py:266} INFO - Task exited with return code 0
[2026-03-24T15:05:14.573+0000] {taskinstance.py:3900} INFO - 0 downstream tasks scheduled from follow-on schedule check
[2026-03-24T15:05:14.577+0000] {local_task_job_runner.py:245} INFO - ::endgroup::
