[2026-03-24T15:00:46.034+0000] {local_task_job_runner.py:123} INFO - ::group::Pre task execution logs
[2026-03-24T15:00:46.069+0000] {taskinstance.py:2612} INFO - Dependencies all met for dep_context=non-requeueable deps ti=<TaskInstance: sensor_data_producer.start scheduled__2026-03-24T14:55:00+00:00 [queued]>
[2026-03-24T15:00:46.086+0000] {taskinstance.py:2612} INFO - Dependencies all met for dep_context=requeueable deps ti=<TaskInstance: sensor_data_producer.start scheduled__2026-03-24T14:55:00+00:00 [queued]>
[2026-03-24T15:00:46.087+0000] {taskinstance.py:2865} INFO - Starting attempt 1 of 1
[2026-03-24T15:00:46.113+0000] {taskinstance.py:2888} INFO - Executing <Task(PythonOperator): start> on 2026-03-24 14:55:00+00:00
[2026-03-24T15:00:46.126+0000] {warnings.py:112} WARNING - /home/***/.local/lib/python3.12/site-packages/***/task/task_runner/standard_task_runner.py:70: DeprecationWarning: This process (pid=337) is multi-threaded, use of fork() may lead to deadlocks in the child.
  pid = os.fork()

[2026-03-24T15:00:46.128+0000] {standard_task_runner.py:72} INFO - Started process 339 to run task
[2026-03-24T15:00:46.128+0000] {standard_task_runner.py:104} INFO - Running: ['***', 'tasks', 'run', 'sensor_data_producer', 'start', 'scheduled__2026-03-24T14:55:00+00:00', '--job-id', '167', '--raw', '--subdir', 'DAGS_FOLDER/sensor_***.py', '--cfg-path', '/tmp/tmp1miwcuph']
[2026-03-24T15:00:46.129+0000] {standard_task_runner.py:105} INFO - Job 167: Subtask start
[2026-03-24T15:00:46.211+0000] {task_command.py:467} INFO - Running <TaskInstance: sensor_data_producer.start scheduled__2026-03-24T14:55:00+00:00 [running]> on host 307b85104bd3
[2026-03-24T15:00:46.759+0000] {taskinstance.py:3131} INFO - Exporting env vars: AIRFLOW_CTX_DAG_OWNER='***' AIRFLOW_CTX_DAG_ID='sensor_data_producer' AIRFLOW_CTX_TASK_ID='start' AIRFLOW_CTX_EXECUTION_DATE='2026-03-24T14:55:00+00:00' AIRFLOW_CTX_TRY_NUMBER='1' AIRFLOW_CTX_DAG_RUN_ID='scheduled__2026-03-24T14:55:00+00:00'
[2026-03-24T15:00:46.780+0000] {taskinstance.py:731} INFO - ::endgroup::
[2026-03-24T15:00:46.847+0000] {sensor_airflow.py:66} INFO - Job started
[2026-03-24T15:00:46.849+0000] {python.py:240} INFO - Done. Returned value was: None
[2026-03-24T15:00:59.409+0000] {taskinstance.py:340} INFO - ::group::Post task execution logs
[2026-03-24T15:00:59.413+0000] {job.py:229} INFO - Heartbeat recovered after 13.52 seconds
[2026-03-24T15:00:59.416+0000] {taskinstance.py:352} INFO - Marking task as SUCCESS. dag_id=sensor_data_producer, task_id=start, run_id=scheduled__2026-03-24T14:55:00+00:00, execution_date=20260324T145500, start_date=20260324T150046, end_date=20260324T150059
[2026-03-24T15:00:59.459+0000] {local_task_job_runner.py:266} INFO - Task exited with return code 0
[2026-03-24T15:00:59.493+0000] {taskinstance.py:3900} INFO - 1 downstream tasks scheduled from follow-on schedule check
[2026-03-24T15:00:59.495+0000] {local_task_job_runner.py:245} INFO - ::endgroup::
