[2026-03-24T14:50:05.461+0000] {local_task_job_runner.py:123} INFO - ::group::Pre task execution logs
[2026-03-24T14:50:05.484+0000] {taskinstance.py:2612} INFO - Dependencies all met for dep_context=non-requeueable deps ti=<TaskInstance: sensor_data_consumer.sensor_data_consumer scheduled__2026-03-24T14:45:00+00:00 [queued]>
[2026-03-24T14:50:05.495+0000] {taskinstance.py:2612} INFO - Dependencies all met for dep_context=requeueable deps ti=<TaskInstance: sensor_data_consumer.sensor_data_consumer scheduled__2026-03-24T14:45:00+00:00 [queued]>
[2026-03-24T14:50:05.495+0000] {taskinstance.py:2865} INFO - Starting attempt 1 of 1
[2026-03-24T14:50:05.512+0000] {taskinstance.py:2888} INFO - Executing <Task(PythonOperator): sensor_data_consumer> on 2026-03-24 14:45:00+00:00
[2026-03-24T14:50:05.521+0000] {warnings.py:112} WARNING - /home/***/.local/lib/python3.12/site-packages/***/task/task_runner/standard_task_runner.py:70: DeprecationWarning: This process (pid=191) is multi-threaded, use of fork() may lead to deadlocks in the child.
  pid = os.fork()

[2026-03-24T14:50:05.523+0000] {standard_task_runner.py:72} INFO - Started process 196 to run task
[2026-03-24T14:50:05.524+0000] {standard_task_runner.py:104} INFO - Running: ['***', 'tasks', 'run', 'sensor_data_consumer', 'sensor_data_consumer', 'scheduled__2026-03-24T14:45:00+00:00', '--job-id', '154', '--raw', '--subdir', 'DAGS_FOLDER/sensor_***_consumer.py', '--cfg-path', '/tmp/tmpnlhpvoy6']
[2026-03-24T14:50:05.527+0000] {standard_task_runner.py:105} INFO - Job 154: Subtask sensor_data_consumer
[2026-03-24T14:50:05.581+0000] {task_command.py:467} INFO - Running <TaskInstance: sensor_data_consumer.sensor_data_consumer scheduled__2026-03-24T14:45:00+00:00 [running]> on host 307b85104bd3
[2026-03-24T14:50:05.678+0000] {taskinstance.py:3131} INFO - Exporting env vars: AIRFLOW_CTX_DAG_OWNER='Anas EL Meslouti' AIRFLOW_CTX_DAG_ID='sensor_data_consumer' AIRFLOW_CTX_TASK_ID='sensor_data_consumer' AIRFLOW_CTX_EXECUTION_DATE='2026-03-24T14:45:00+00:00' AIRFLOW_CTX_TRY_NUMBER='1' AIRFLOW_CTX_DAG_RUN_ID='scheduled__2026-03-24T14:45:00+00:00'
[2026-03-24T14:50:05.679+0000] {taskinstance.py:731} INFO - ::endgroup::
[2026-03-24T14:50:05.698+0000] {conn.py:400} INFO - <BrokerConnection client_id=kafka-python-2.3.0, node_id=bootstrap-0 host=broker:9092 <connecting> [IPv4 ('172.18.0.3', 9092)]>: connecting to broker:9092 [('172.18.0.3', 9092) IPv4]
[2026-03-24T14:50:05.702+0000] {conn.py:622} INFO - <BrokerConnection client_id=kafka-python-2.3.0, node_id=bootstrap-0 host=broker:9092 <checking_api_versions_recv> [IPv4 ('172.18.0.3', 9092)]>: Broker version identified as 2.6
[2026-03-24T14:50:05.703+0000] {conn.py:461} INFO - <BrokerConnection client_id=kafka-python-2.3.0, node_id=bootstrap-0 host=broker:9092 <connected> [IPv4 ('172.18.0.3', 9092)]>: Connection complete.
[2026-03-24T14:50:05.705+0000] {subscription_state.py:181} INFO - Updating subscribed topics to: ('sensor_data',)
[2026-03-24T14:50:05.709+0000] {conn.py:400} INFO - <BrokerConnection client_id=kafka-python-2.3.0, node_id=1 host=broker:9092 <connecting> [IPv4 ('172.18.0.3', 9092)]>: connecting to broker:9092 [('172.18.0.3', 9092) IPv4]
[2026-03-24T14:50:05.710+0000] {conn.py:461} INFO - <BrokerConnection client_id=kafka-python-2.3.0, node_id=1 host=broker:9092 <connected> [IPv4 ('172.18.0.3', 9092)]>: Connection complete.
[2026-03-24T14:50:05.711+0000] {conn.py:951} INFO - <BrokerConnection client_id=kafka-python-2.3.0, node_id=bootstrap-0 host=broker:9092 <connected> [IPv4 ('172.18.0.3', 9092)]>: Closing connection. 
[2026-03-24T14:50:05.813+0000] {cluster.py:403} INFO - Coordinator for group/sensor-group is ('coordinator-1', 'broker', 9092, None)
[2026-03-24T14:50:05.814+0000] {base.py:835} INFO - Discovered coordinator coordinator-1 for group sensor-group
[2026-03-24T14:50:05.815+0000] {base.py:895} INFO - Starting new heartbeat thread
[2026-03-24T14:50:05.816+0000] {consumer.py:379} INFO - Revoking previously assigned partitions () for group sensor-group
[2026-03-24T14:50:05.816+0000] {base.py:433} INFO - Failed to join group sensor-group: NodeNotReadyError: coordinator-1
[2026-03-24T14:50:05.818+0000] {conn.py:400} INFO - <BrokerConnection client_id=kafka-python-2.3.0, node_id=coordinator-1 host=broker:9092 <connecting> [IPv4 ('172.18.0.3', 9092)]>: connecting to broker:9092 [('172.18.0.3', 9092) IPv4]
[2026-03-24T14:50:05.819+0000] {conn.py:461} INFO - <BrokerConnection client_id=kafka-python-2.3.0, node_id=coordinator-1 host=broker:9092 <connected> [IPv4 ('172.18.0.3', 9092)]>: Connection complete.
[2026-03-24T14:50:05.920+0000] {base.py:546} INFO - (Re-)joining group sensor-group
[2026-03-24T14:50:05.922+0000] {base.py:661} INFO - Received member id kafka-python-2.3.0-92e9ed15-ac2a-436c-bafb-91011ef473cc for group sensor-group; will retry join-group
[2026-03-24T14:50:05.923+0000] {base.py:433} INFO - Failed to join group sensor-group: [Error 79] MemberIdRequiredError
[2026-03-24T14:50:05.923+0000] {base.py:546} INFO - (Re-)joining group sensor-group
[2026-03-24T14:50:05.928+0000] {base.py:617} INFO - Successfully joined group sensor-group <Generation 5 (member_id: kafka-python-2.3.0-92e9ed15-ac2a-436c-bafb-91011ef473cc, protocol: range)>
[2026-03-24T14:50:05.929+0000] {base.py:619} INFO - Elected group leader -- performing partition assignments using range
[2026-03-24T14:50:05.932+0000] {subscription_state.py:254} INFO - Updated partition assignment: [('sensor_data', 0)]
[2026-03-24T14:50:05.934+0000] {consumer.py:260} INFO - Setting newly assigned partitions (('sensor_data', 0),) for group sensor-group
[2026-03-24T14:50:05.971+0000] {_transport.py:349} INFO - POST http://elasticsearch:9200/sensor_data/_doc [status:401 duration:0.030s]
[2026-03-24T14:50:05.972+0000] {sensor_airflow_consumer.py:39} ERROR - Failed to index data: AuthenticationException(401, 'security_exception', 'missing authentication credentials for REST request [/sensor_data/_doc]')
Traceback (most recent call last):
  File "/opt/airflow/dags/sensor_airflow_consumer.py", line 35, in index_to_elasticsearch
    es.index(index='sensor_data', document=document)
  File "/home/airflow/.local/lib/python3.12/site-packages/elasticsearch/_sync/client/utils.py", line 446, in wrapped
    return api(*args, **kwargs)
           ^^^^^^^^^^^^^^^^^^^^
  File "/home/airflow/.local/lib/python3.12/site-packages/elasticsearch/_sync/client/__init__.py", line 2428, in index
    return self.perform_request(  # type: ignore[return-value]
           ^^^^^^^^^^^^^^^^^^^^^^^^^^^^^^^^^^^^^^^^^^^^^^^^^^^
  File "/home/airflow/.local/lib/python3.12/site-packages/elasticsearch/_sync/client/_base.py", line 271, in perform_request
    response = self._perform_request(
               ^^^^^^^^^^^^^^^^^^^^^^
  File "/home/airflow/.local/lib/python3.12/site-packages/elasticsearch/_sync/client/_base.py", line 352, in _perform_request
    raise HTTP_EXCEPTIONS.get(meta.status, ApiError)(
elasticsearch.AuthenticationException: AuthenticationException(401, 'security_exception', 'missing authentication credentials for REST request [/sensor_data/_doc]')
[2026-03-24T14:50:05.977+0000] {sensor_airflow_consumer.py:66} INFO - Indexed to Elasticsearch: {'machine_id': 1, 'temperature': 72.6, 'vibration': 0.59, 'pressure': 280.1, 'rpm': 2936, 'timestamp': '2026-03-24T14:50:05.222790'}
[2026-03-24T14:50:05.983+0000] {_transport.py:349} INFO - POST http://elasticsearch:9200/sensor_data/_doc [status:401 duration:0.005s]
[2026-03-24T14:50:05.983+0000] {sensor_airflow_consumer.py:39} ERROR - Failed to index data: AuthenticationException(401, 'security_exception', 'missing authentication credentials for REST request [/sensor_data/_doc]')
Traceback (most recent call last):
  File "/opt/airflow/dags/sensor_airflow_consumer.py", line 35, in index_to_elasticsearch
    es.index(index='sensor_data', document=document)
  File "/home/airflow/.local/lib/python3.12/site-packages/elasticsearch/_sync/client/utils.py", line 446, in wrapped
    return api(*args, **kwargs)
           ^^^^^^^^^^^^^^^^^^^^
  File "/home/airflow/.local/lib/python3.12/site-packages/elasticsearch/_sync/client/__init__.py", line 2428, in index
    return self.perform_request(  # type: ignore[return-value]
           ^^^^^^^^^^^^^^^^^^^^^^^^^^^^^^^^^^^^^^^^^^^^^^^^^^^
  File "/home/airflow/.local/lib/python3.12/site-packages/elasticsearch/_sync/client/_base.py", line 271, in perform_request
    response = self._perform_request(
               ^^^^^^^^^^^^^^^^^^^^^^
  File "/home/airflow/.local/lib/python3.12/site-packages/elasticsearch/_sync/client/_base.py", line 352, in _perform_request
    raise HTTP_EXCEPTIONS.get(meta.status, ApiError)(
elasticsearch.AuthenticationException: AuthenticationException(401, 'security_exception', 'missing authentication credentials for REST request [/sensor_data/_doc]')
[2026-03-24T14:50:05.985+0000] {sensor_airflow_consumer.py:66} INFO - Indexed to Elasticsearch: {'machine_id': 2, 'temperature': 68.69, 'vibration': 0.76, 'pressure': 177.34, 'rpm': 1937, 'timestamp': '2026-03-24T14:50:05.334098'}
[2026-03-24T14:50:05.990+0000] {_transport.py:349} INFO - POST http://elasticsearch:9200/sensor_data/_doc [status:401 duration:0.004s]
[2026-03-24T14:50:05.991+0000] {sensor_airflow_consumer.py:39} ERROR - Failed to index data: AuthenticationException(401, 'security_exception', 'missing authentication credentials for REST request [/sensor_data/_doc]')
Traceback (most recent call last):
  File "/opt/airflow/dags/sensor_airflow_consumer.py", line 35, in index_to_elasticsearch
    es.index(index='sensor_data', document=document)
  File "/home/airflow/.local/lib/python3.12/site-packages/elasticsearch/_sync/client/utils.py", line 446, in wrapped
    return api(*args, **kwargs)
           ^^^^^^^^^^^^^^^^^^^^
  File "/home/airflow/.local/lib/python3.12/site-packages/elasticsearch/_sync/client/__init__.py", line 2428, in index
    return self.perform_request(  # type: ignore[return-value]
           ^^^^^^^^^^^^^^^^^^^^^^^^^^^^^^^^^^^^^^^^^^^^^^^^^^^
  File "/home/airflow/.local/lib/python3.12/site-packages/elasticsearch/_sync/client/_base.py", line 271, in perform_request
    response = self._perform_request(
               ^^^^^^^^^^^^^^^^^^^^^^
  File "/home/airflow/.local/lib/python3.12/site-packages/elasticsearch/_sync/client/_base.py", line 352, in _perform_request
    raise HTTP_EXCEPTIONS.get(meta.status, ApiError)(
elasticsearch.AuthenticationException: AuthenticationException(401, 'security_exception', 'missing authentication credentials for REST request [/sensor_data/_doc]')
[2026-03-24T14:50:05.992+0000] {sensor_airflow_consumer.py:66} INFO - Indexed to Elasticsearch: {'machine_id': 3, 'temperature': 73.66, 'vibration': 0.69, 'pressure': 294.46, 'rpm': 4165, 'timestamp': '2026-03-24T14:50:05.335324'}
[2026-03-24T14:50:06.001+0000] {_transport.py:349} INFO - POST http://elasticsearch:9200/sensor_data/_doc [status:401 duration:0.008s]
[2026-03-24T14:50:06.002+0000] {sensor_airflow_consumer.py:39} ERROR - Failed to index data: AuthenticationException(401, 'security_exception', 'missing authentication credentials for REST request [/sensor_data/_doc]')
Traceback (most recent call last):
  File "/opt/airflow/dags/sensor_airflow_consumer.py", line 35, in index_to_elasticsearch
    es.index(index='sensor_data', document=document)
  File "/home/airflow/.local/lib/python3.12/site-packages/elasticsearch/_sync/client/utils.py", line 446, in wrapped
    return api(*args, **kwargs)
           ^^^^^^^^^^^^^^^^^^^^
  File "/home/airflow/.local/lib/python3.12/site-packages/elasticsearch/_sync/client/__init__.py", line 2428, in index
    return self.perform_request(  # type: ignore[return-value]
           ^^^^^^^^^^^^^^^^^^^^^^^^^^^^^^^^^^^^^^^^^^^^^^^^^^^
  File "/home/airflow/.local/lib/python3.12/site-packages/elasticsearch/_sync/client/_base.py", line 271, in perform_request
    response = self._perform_request(
               ^^^^^^^^^^^^^^^^^^^^^^
  File "/home/airflow/.local/lib/python3.12/site-packages/elasticsearch/_sync/client/_base.py", line 352, in _perform_request
    raise HTTP_EXCEPTIONS.get(meta.status, ApiError)(
elasticsearch.AuthenticationException: AuthenticationException(401, 'security_exception', 'missing authentication credentials for REST request [/sensor_data/_doc]')
[2026-03-24T14:50:06.004+0000] {sensor_airflow_consumer.py:66} INFO - Indexed to Elasticsearch: {'machine_id': 4, 'temperature': 73.67, 'vibration': 0.41, 'pressure': 275.23, 'rpm': 2996, 'timestamp': '2026-03-24T14:50:05.337462'}
[2026-03-24T14:50:06.011+0000] {_transport.py:349} INFO - POST http://elasticsearch:9200/sensor_data/_doc [status:401 duration:0.006s]
[2026-03-24T14:50:06.011+0000] {sensor_airflow_consumer.py:39} ERROR - Failed to index data: AuthenticationException(401, 'security_exception', 'missing authentication credentials for REST request [/sensor_data/_doc]')
Traceback (most recent call last):
  File "/opt/airflow/dags/sensor_airflow_consumer.py", line 35, in index_to_elasticsearch
    es.index(index='sensor_data', document=document)
  File "/home/airflow/.local/lib/python3.12/site-packages/elasticsearch/_sync/client/utils.py", line 446, in wrapped
    return api(*args, **kwargs)
           ^^^^^^^^^^^^^^^^^^^^
  File "/home/airflow/.local/lib/python3.12/site-packages/elasticsearch/_sync/client/__init__.py", line 2428, in index
    return self.perform_request(  # type: ignore[return-value]
           ^^^^^^^^^^^^^^^^^^^^^^^^^^^^^^^^^^^^^^^^^^^^^^^^^^^
  File "/home/airflow/.local/lib/python3.12/site-packages/elasticsearch/_sync/client/_base.py", line 271, in perform_request
    response = self._perform_request(
               ^^^^^^^^^^^^^^^^^^^^^^
  File "/home/airflow/.local/lib/python3.12/site-packages/elasticsearch/_sync/client/_base.py", line 352, in _perform_request
    raise HTTP_EXCEPTIONS.get(meta.status, ApiError)(
elasticsearch.AuthenticationException: AuthenticationException(401, 'security_exception', 'missing authentication credentials for REST request [/sensor_data/_doc]')
[2026-03-24T14:50:06.012+0000] {sensor_airflow_consumer.py:66} INFO - Indexed to Elasticsearch: {'machine_id': 5, 'temperature': 83.29, 'vibration': 0.21, 'pressure': 265.07, 'rpm': 2647, 'timestamp': '2026-03-24T14:50:05.340451'}
[2026-03-24T14:50:09.015+0000] {base.py:1130} INFO - Stopping heartbeat thread
[2026-03-24T14:50:09.015+0000] {base.py:943} INFO - Leaving consumer group sensor-group (member kafka-python-2.3.0-92e9ed15-ac2a-436c-bafb-91011ef473cc).
[2026-03-24T14:50:09.017+0000] {base.py:961} INFO - LeaveGroup request for group sensor-group returned successfully
[2026-03-24T14:50:09.018+0000] {conn.py:951} INFO - <BrokerConnection client_id=kafka-python-2.3.0, node_id=1 host=broker:9092 <connected> [IPv4 ('172.18.0.3', 9092)]>: Closing connection. 
[2026-03-24T14:50:09.019+0000] {fetcher.py:789} INFO - Fetch to node 1 failed: Cancelled: <BrokerConnection client_id=kafka-python-2.3.0, node_id=1 host=broker:9092 <connected> [IPv4 ('172.18.0.3', 9092)]>
[2026-03-24T14:50:09.019+0000] {conn.py:951} INFO - <BrokerConnection client_id=kafka-python-2.3.0, node_id=coordinator-1 host=broker:9092 <connected> [IPv4 ('172.18.0.3', 9092)]>: Closing connection. 
[2026-03-24T14:50:09.020+0000] {sensor_airflow_consumer.py:73} INFO - Kafka consumer closed. Processed 5 messages.
[2026-03-24T14:50:09.020+0000] {python.py:240} INFO - Done. Returned value was: None
[2026-03-24T14:50:09.033+0000] {taskinstance.py:340} INFO - ::group::Post task execution logs
[2026-03-24T14:50:09.034+0000] {taskinstance.py:352} INFO - Marking task as SUCCESS. dag_id=sensor_data_consumer, task_id=sensor_data_consumer, run_id=scheduled__2026-03-24T14:45:00+00:00, execution_date=20260324T144500, start_date=20260324T145005, end_date=20260324T145009
[2026-03-24T14:50:09.067+0000] {local_task_job_runner.py:266} INFO - Task exited with return code 0
[2026-03-24T14:50:09.089+0000] {taskinstance.py:3900} INFO - 1 downstream tasks scheduled from follow-on schedule check
[2026-03-24T14:50:09.092+0000] {local_task_job_runner.py:245} INFO - ::endgroup::
