[2026-03-24T15:05:20.869+0000] {local_task_job_runner.py:123} INFO - ::group::Pre task execution logs
[2026-03-24T15:05:20.888+0000] {taskinstance.py:2612} INFO - Dependencies all met for dep_context=non-requeueable deps ti=<TaskInstance: sensor_data_consumer.sensor_data_consumer scheduled__2026-03-24T15:00:00+00:00 [queued]>
[2026-03-24T15:05:20.897+0000] {taskinstance.py:2612} INFO - Dependencies all met for dep_context=requeueable deps ti=<TaskInstance: sensor_data_consumer.sensor_data_consumer scheduled__2026-03-24T15:00:00+00:00 [queued]>
[2026-03-24T15:05:20.898+0000] {taskinstance.py:2865} INFO - Starting attempt 1 of 1
[2026-03-24T15:05:20.913+0000] {taskinstance.py:2888} INFO - Executing <Task(PythonOperator): sensor_data_consumer> on 2026-03-24 15:00:00+00:00
[2026-03-24T15:05:20.924+0000] {warnings.py:112} WARNING - /home/***/.local/lib/python3.12/site-packages/***/task/task_runner/standard_task_runner.py:70: DeprecationWarning: This process (pid=410) is multi-threaded, use of fork() may lead to deadlocks in the child.
  pid = os.fork()

[2026-03-24T15:05:20.926+0000] {standard_task_runner.py:72} INFO - Started process 418 to run task
[2026-03-24T15:05:20.927+0000] {standard_task_runner.py:104} INFO - Running: ['***', 'tasks', 'run', 'sensor_data_consumer', 'sensor_data_consumer', 'scheduled__2026-03-24T15:00:00+00:00', '--job-id', '177', '--raw', '--subdir', 'DAGS_FOLDER/sensor_***_consumer.py', '--cfg-path', '/tmp/tmp7l6wttai']
[2026-03-24T15:05:20.930+0000] {standard_task_runner.py:105} INFO - Job 177: Subtask sensor_data_consumer
[2026-03-24T15:05:20.991+0000] {task_command.py:467} INFO - Running <TaskInstance: sensor_data_consumer.sensor_data_consumer scheduled__2026-03-24T15:00:00+00:00 [running]> on host 307b85104bd3
[2026-03-24T15:05:21.106+0000] {taskinstance.py:3131} INFO - Exporting env vars: AIRFLOW_CTX_DAG_OWNER='Anas EL Meslouti' AIRFLOW_CTX_DAG_ID='sensor_data_consumer' AIRFLOW_CTX_TASK_ID='sensor_data_consumer' AIRFLOW_CTX_EXECUTION_DATE='2026-03-24T15:00:00+00:00' AIRFLOW_CTX_TRY_NUMBER='1' AIRFLOW_CTX_DAG_RUN_ID='scheduled__2026-03-24T15:00:00+00:00'
[2026-03-24T15:05:21.108+0000] {taskinstance.py:731} INFO - ::endgroup::
[2026-03-24T15:05:21.145+0000] {conn.py:400} INFO - <BrokerConnection client_id=kafka-python-2.3.0, node_id=bootstrap-0 host=broker:9092 <connecting> [IPv4 ('172.18.0.3', 9092)]>: connecting to broker:9092 [('172.18.0.3', 9092) IPv4]
[2026-03-24T15:05:21.153+0000] {conn.py:622} INFO - <BrokerConnection client_id=kafka-python-2.3.0, node_id=bootstrap-0 host=broker:9092 <checking_api_versions_recv> [IPv4 ('172.18.0.3', 9092)]>: Broker version identified as 2.6
[2026-03-24T15:05:21.153+0000] {conn.py:461} INFO - <BrokerConnection client_id=kafka-python-2.3.0, node_id=bootstrap-0 host=broker:9092 <connected> [IPv4 ('172.18.0.3', 9092)]>: Connection complete.
[2026-03-24T15:05:21.156+0000] {subscription_state.py:181} INFO - Updating subscribed topics to: ('sensor_data',)
[2026-03-24T15:05:21.159+0000] {conn.py:400} INFO - <BrokerConnection client_id=kafka-python-2.3.0, node_id=1 host=broker:9092 <connecting> [IPv4 ('172.18.0.3', 9092)]>: connecting to broker:9092 [('172.18.0.3', 9092) IPv4]
[2026-03-24T15:05:21.160+0000] {conn.py:461} INFO - <BrokerConnection client_id=kafka-python-2.3.0, node_id=1 host=broker:9092 <connected> [IPv4 ('172.18.0.3', 9092)]>: Connection complete.
[2026-03-24T15:05:21.161+0000] {conn.py:951} INFO - <BrokerConnection client_id=kafka-python-2.3.0, node_id=bootstrap-0 host=broker:9092 <connected> [IPv4 ('172.18.0.3', 9092)]>: Closing connection. 
[2026-03-24T15:05:21.263+0000] {cluster.py:403} INFO - Coordinator for group/sensor-group is ('coordinator-1', 'broker', 9092, None)
[2026-03-24T15:05:21.264+0000] {base.py:835} INFO - Discovered coordinator coordinator-1 for group sensor-group
[2026-03-24T15:05:21.265+0000] {base.py:895} INFO - Starting new heartbeat thread
[2026-03-24T15:05:21.266+0000] {consumer.py:379} INFO - Revoking previously assigned partitions () for group sensor-group
[2026-03-24T15:05:21.267+0000] {base.py:433} INFO - Failed to join group sensor-group: NodeNotReadyError: coordinator-1
[2026-03-24T15:05:21.268+0000] {conn.py:400} INFO - <BrokerConnection client_id=kafka-python-2.3.0, node_id=coordinator-1 host=broker:9092 <connecting> [IPv4 ('172.18.0.3', 9092)]>: connecting to broker:9092 [('172.18.0.3', 9092) IPv4]
[2026-03-24T15:05:21.269+0000] {conn.py:461} INFO - <BrokerConnection client_id=kafka-python-2.3.0, node_id=coordinator-1 host=broker:9092 <connected> [IPv4 ('172.18.0.3', 9092)]>: Connection complete.
[2026-03-24T15:05:21.370+0000] {base.py:546} INFO - (Re-)joining group sensor-group
[2026-03-24T15:05:21.373+0000] {base.py:661} INFO - Received member id kafka-python-2.3.0-79f3bb93-e0f3-4e31-a161-dfdceba12266 for group sensor-group; will retry join-group
[2026-03-24T15:05:21.374+0000] {base.py:433} INFO - Failed to join group sensor-group: [Error 79] MemberIdRequiredError
[2026-03-24T15:05:21.374+0000] {base.py:546} INFO - (Re-)joining group sensor-group
[2026-03-24T15:05:21.378+0000] {base.py:617} INFO - Successfully joined group sensor-group <Generation 11 (member_id: kafka-python-2.3.0-79f3bb93-e0f3-4e31-a161-dfdceba12266, protocol: range)>
[2026-03-24T15:05:21.379+0000] {base.py:619} INFO - Elected group leader -- performing partition assignments using range
[2026-03-24T15:05:21.382+0000] {subscription_state.py:254} INFO - Updated partition assignment: [('sensor_data', 0)]
[2026-03-24T15:05:21.383+0000] {consumer.py:260} INFO - Setting newly assigned partitions (('sensor_data', 0),) for group sensor-group
[2026-03-24T15:05:21.395+0000] {_transport.py:372} INFO - POST http://elasticsearch:9200/sensor_data/_doc [status:N/A duration:0.003s]
[2026-03-24T15:05:21.396+0000] {_node_pool.py:249} WARNING - Node <Urllib3HttpNode(http://elasticsearch:9200)> has failed for 1 times in a row, putting on 1 second timeout
[2026-03-24T15:05:21.396+0000] {_transport.py:415} WARNING - Retrying request after failure (attempt 0 of 3)
Traceback (most recent call last):
  File "/home/airflow/.local/lib/python3.12/site-packages/elastic_transport/_transport.py", line 342, in perform_request
    resp = node.perform_request(
           ^^^^^^^^^^^^^^^^^^^^^
  File "/home/airflow/.local/lib/python3.12/site-packages/elastic_transport/_node/_http_urllib3.py", line 202, in perform_request
    raise err from None
elastic_transport.ConnectionError: Connection error caused by: NewConnectionError(<urllib3.connection.HTTPConnection object at 0x71548e288b30>: Failed to establish a new connection: [Errno 111] Connection refused)
[2026-03-24T15:05:21.414+0000] {_transport.py:372} INFO - POST http://elasticsearch:9200/sensor_data/_doc [status:N/A duration:0.002s]
[2026-03-24T15:05:21.415+0000] {_node_pool.py:249} WARNING - Node <Urllib3HttpNode(http://elasticsearch:9200)> has failed for 2 times in a row, putting on 2 second timeout
[2026-03-24T15:05:21.415+0000] {_transport.py:415} WARNING - Retrying request after failure (attempt 1 of 3)
Traceback (most recent call last):
  File "/home/airflow/.local/lib/python3.12/site-packages/elastic_transport/_transport.py", line 342, in perform_request
    resp = node.perform_request(
           ^^^^^^^^^^^^^^^^^^^^^
  File "/home/airflow/.local/lib/python3.12/site-packages/elastic_transport/_node/_http_urllib3.py", line 202, in perform_request
    raise err from None
elastic_transport.ConnectionError: Connection error caused by: NewConnectionError(<urllib3.connection.HTTPConnection object at 0x71548e462120>: Failed to establish a new connection: [Errno 111] Connection refused)
[2026-03-24T15:05:21.427+0000] {_transport.py:372} INFO - POST http://elasticsearch:9200/sensor_data/_doc [status:N/A duration:0.011s]
[2026-03-24T15:05:21.428+0000] {_node_pool.py:249} WARNING - Node <Urllib3HttpNode(http://elasticsearch:9200)> has failed for 3 times in a row, putting on 4 second timeout
[2026-03-24T15:05:21.429+0000] {_transport.py:415} WARNING - Retrying request after failure (attempt 2 of 3)
Traceback (most recent call last):
  File "/home/airflow/.local/lib/python3.12/site-packages/elastic_transport/_transport.py", line 342, in perform_request
    resp = node.perform_request(
           ^^^^^^^^^^^^^^^^^^^^^
  File "/home/airflow/.local/lib/python3.12/site-packages/elastic_transport/_node/_http_urllib3.py", line 202, in perform_request
    raise err from None
elastic_transport.ConnectionError: Connection error caused by: NewConnectionError(<urllib3.connection.HTTPConnection object at 0x71548e2894f0>: Failed to establish a new connection: [Errno 111] Connection refused)
[2026-03-24T15:05:21.440+0000] {_transport.py:372} INFO - POST http://elasticsearch:9200/sensor_data/_doc [status:N/A duration:0.011s]
[2026-03-24T15:05:21.441+0000] {_node_pool.py:249} WARNING - Node <Urllib3HttpNode(http://elasticsearch:9200)> has failed for 4 times in a row, putting on 8 second timeout
[2026-03-24T15:05:21.442+0000] {sensor_airflow_consumer.py:39} ERROR - Failed to index data: Connection error caused by: ConnectionError(Connection error caused by: NewConnectionError(<urllib3.connection.HTTPConnection object at 0x71548e288b30>: Failed to establish a new connection: [Errno 111] Connection refused))
Traceback (most recent call last):
  File "/opt/airflow/dags/sensor_airflow_consumer.py", line 35, in index_to_elasticsearch
    es.index(index='sensor_data', document=document)
  File "/home/airflow/.local/lib/python3.12/site-packages/elasticsearch/_sync/client/utils.py", line 446, in wrapped
    return api(*args, **kwargs)
           ^^^^^^^^^^^^^^^^^^^^
  File "/home/airflow/.local/lib/python3.12/site-packages/elasticsearch/_sync/client/__init__.py", line 2428, in index
    return self.perform_request(  # type: ignore[return-value]
           ^^^^^^^^^^^^^^^^^^^^^^^^^^^^^^^^^^^^^^^^^^^^^^^^^^^
  File "/home/airflow/.local/lib/python3.12/site-packages/elasticsearch/_sync/client/_base.py", line 271, in perform_request
    response = self._perform_request(
               ^^^^^^^^^^^^^^^^^^^^^^
  File "/home/airflow/.local/lib/python3.12/site-packages/elasticsearch/_sync/client/_base.py", line 316, in _perform_request
    meta, resp_body = self.transport.perform_request(
                      ^^^^^^^^^^^^^^^^^^^^^^^^^^^^^^^
  File "/home/airflow/.local/lib/python3.12/site-packages/elastic_transport/_transport.py", line 342, in perform_request
    resp = node.perform_request(
           ^^^^^^^^^^^^^^^^^^^^^
  File "/home/airflow/.local/lib/python3.12/site-packages/elastic_transport/_node/_http_urllib3.py", line 202, in perform_request
    raise err from None
elastic_transport.ConnectionError: Connection error caused by: ConnectionError(Connection error caused by: NewConnectionError(<urllib3.connection.HTTPConnection object at 0x71548e288b30>: Failed to establish a new connection: [Errno 111] Connection refused))
[2026-03-24T15:05:21.459+0000] {sensor_airflow_consumer.py:66} INFO - Indexed to Elasticsearch: {'machine_id': 1, 'temperature': 75.43, 'vibration': 1.22, 'pressure': 291.23, 'rpm': 4454, 'timestamp': '2026-03-24T15:05:11.987653'}
[2026-03-24T15:05:21.469+0000] {_transport.py:372} INFO - POST http://elasticsearch:9200/sensor_data/_doc [status:N/A duration:0.010s]
[2026-03-24T15:05:21.470+0000] {_node_pool.py:249} WARNING - Node <Urllib3HttpNode(http://elasticsearch:9200)> has failed for 5 times in a row, putting on 16 second timeout
[2026-03-24T15:05:21.471+0000] {_transport.py:415} WARNING - Retrying request after failure (attempt 0 of 3)
Traceback (most recent call last):
  File "/home/airflow/.local/lib/python3.12/site-packages/elastic_transport/_transport.py", line 342, in perform_request
    resp = node.perform_request(
           ^^^^^^^^^^^^^^^^^^^^^
  File "/home/airflow/.local/lib/python3.12/site-packages/elastic_transport/_node/_http_urllib3.py", line 202, in perform_request
    raise err from None
elastic_transport.ConnectionError: Connection error caused by: NewConnectionError(<urllib3.connection.HTTPConnection object at 0x71548e28a9f0>: Failed to establish a new connection: [Errno 111] Connection refused)
[2026-03-24T15:05:21.481+0000] {_transport.py:372} INFO - POST http://elasticsearch:9200/sensor_data/_doc [status:N/A duration:0.009s]
[2026-03-24T15:05:21.482+0000] {_node_pool.py:249} WARNING - Node <Urllib3HttpNode(http://elasticsearch:9200)> has failed for 6 times in a row, putting on 30 second timeout
[2026-03-24T15:05:21.483+0000] {_transport.py:415} WARNING - Retrying request after failure (attempt 1 of 3)
Traceback (most recent call last):
  File "/home/airflow/.local/lib/python3.12/site-packages/elastic_transport/_transport.py", line 342, in perform_request
    resp = node.perform_request(
           ^^^^^^^^^^^^^^^^^^^^^
  File "/home/airflow/.local/lib/python3.12/site-packages/elastic_transport/_node/_http_urllib3.py", line 202, in perform_request
    raise err from None
elastic_transport.ConnectionError: Connection error caused by: NewConnectionError(<urllib3.connection.HTTPConnection object at 0x71548e28ade0>: Failed to establish a new connection: [Errno 111] Connection refused)
[2026-03-24T15:05:21.486+0000] {_transport.py:372} INFO - POST http://elasticsearch:9200/sensor_data/_doc [status:N/A duration:0.002s]
[2026-03-24T15:05:21.487+0000] {_node_pool.py:249} WARNING - Node <Urllib3HttpNode(http://elasticsearch:9200)> has failed for 7 times in a row, putting on 30 second timeout
[2026-03-24T15:05:21.487+0000] {_transport.py:415} WARNING - Retrying request after failure (attempt 2 of 3)
Traceback (most recent call last):
  File "/home/airflow/.local/lib/python3.12/site-packages/elastic_transport/_transport.py", line 342, in perform_request
    resp = node.perform_request(
           ^^^^^^^^^^^^^^^^^^^^^
  File "/home/airflow/.local/lib/python3.12/site-packages/elastic_transport/_node/_http_urllib3.py", line 202, in perform_request
    raise err from None
elastic_transport.ConnectionError: Connection error caused by: NewConnectionError(<urllib3.connection.HTTPConnection object at 0x71548e28b170>: Failed to establish a new connection: [Errno 111] Connection refused)
[2026-03-24T15:05:21.495+0000] {_transport.py:372} INFO - POST http://elasticsearch:9200/sensor_data/_doc [status:N/A duration:0.007s]
[2026-03-24T15:05:21.498+0000] {_node_pool.py:249} WARNING - Node <Urllib3HttpNode(http://elasticsearch:9200)> has failed for 8 times in a row, putting on 30 second timeout
[2026-03-24T15:05:21.498+0000] {sensor_airflow_consumer.py:39} ERROR - Failed to index data: Connection error caused by: ConnectionError(Connection error caused by: NewConnectionError(<urllib3.connection.HTTPConnection object at 0x71548e28a9f0>: Failed to establish a new connection: [Errno 111] Connection refused))
Traceback (most recent call last):
  File "/opt/airflow/dags/sensor_airflow_consumer.py", line 35, in index_to_elasticsearch
    es.index(index='sensor_data', document=document)
  File "/home/airflow/.local/lib/python3.12/site-packages/elasticsearch/_sync/client/utils.py", line 446, in wrapped
    return api(*args, **kwargs)
           ^^^^^^^^^^^^^^^^^^^^
  File "/home/airflow/.local/lib/python3.12/site-packages/elasticsearch/_sync/client/__init__.py", line 2428, in index
    return self.perform_request(  # type: ignore[return-value]
           ^^^^^^^^^^^^^^^^^^^^^^^^^^^^^^^^^^^^^^^^^^^^^^^^^^^
  File "/home/airflow/.local/lib/python3.12/site-packages/elasticsearch/_sync/client/_base.py", line 271, in perform_request
    response = self._perform_request(
               ^^^^^^^^^^^^^^^^^^^^^^
  File "/home/airflow/.local/lib/python3.12/site-packages/elasticsearch/_sync/client/_base.py", line 316, in _perform_request
    meta, resp_body = self.transport.perform_request(
                      ^^^^^^^^^^^^^^^^^^^^^^^^^^^^^^^
  File "/home/airflow/.local/lib/python3.12/site-packages/elastic_transport/_transport.py", line 342, in perform_request
    resp = node.perform_request(
           ^^^^^^^^^^^^^^^^^^^^^
  File "/home/airflow/.local/lib/python3.12/site-packages/elastic_transport/_node/_http_urllib3.py", line 202, in perform_request
    raise err from None
elastic_transport.ConnectionError: Connection error caused by: ConnectionError(Connection error caused by: NewConnectionError(<urllib3.connection.HTTPConnection object at 0x71548e28a9f0>: Failed to establish a new connection: [Errno 111] Connection refused))
[2026-03-24T15:05:21.500+0000] {sensor_airflow_consumer.py:66} INFO - Indexed to Elasticsearch: {'machine_id': 2, 'temperature': 79.65, 'vibration': 0.9, 'pressure': 235.65, 'rpm': 1727, 'timestamp': '2026-03-24T15:05:12.093885'}
[2026-03-24T15:05:21.503+0000] {_transport.py:372} INFO - POST http://elasticsearch:9200/sensor_data/_doc [status:N/A duration:0.002s]
[2026-03-24T15:05:21.504+0000] {_node_pool.py:249} WARNING - Node <Urllib3HttpNode(http://elasticsearch:9200)> has failed for 9 times in a row, putting on 30 second timeout
[2026-03-24T15:05:21.505+0000] {_transport.py:415} WARNING - Retrying request after failure (attempt 0 of 3)
Traceback (most recent call last):
  File "/home/airflow/.local/lib/python3.12/site-packages/elastic_transport/_transport.py", line 342, in perform_request
    resp = node.perform_request(
           ^^^^^^^^^^^^^^^^^^^^^
  File "/home/airflow/.local/lib/python3.12/site-packages/elastic_transport/_node/_http_urllib3.py", line 202, in perform_request
    raise err from None
elastic_transport.ConnectionError: Connection error caused by: NewConnectionError(<urllib3.connection.HTTPConnection object at 0x71548e28b9e0>: Failed to establish a new connection: [Errno 111] Connection refused)
[2026-03-24T15:05:21.510+0000] {_transport.py:372} INFO - POST http://elasticsearch:9200/sensor_data/_doc [status:N/A duration:0.004s]
[2026-03-24T15:05:21.512+0000] {_node_pool.py:249} WARNING - Node <Urllib3HttpNode(http://elasticsearch:9200)> has failed for 10 times in a row, putting on 30 second timeout
[2026-03-24T15:05:21.513+0000] {_transport.py:415} WARNING - Retrying request after failure (attempt 1 of 3)
Traceback (most recent call last):
  File "/home/airflow/.local/lib/python3.12/site-packages/elastic_transport/_transport.py", line 342, in perform_request
    resp = node.perform_request(
           ^^^^^^^^^^^^^^^^^^^^^
  File "/home/airflow/.local/lib/python3.12/site-packages/elastic_transport/_node/_http_urllib3.py", line 202, in perform_request
    raise err from None
elastic_transport.ConnectionError: Connection error caused by: NewConnectionError(<urllib3.connection.HTTPConnection object at 0x71548e28bb00>: Failed to establish a new connection: [Errno 111] Connection refused)
[2026-03-24T15:05:21.516+0000] {_transport.py:372} INFO - POST http://elasticsearch:9200/sensor_data/_doc [status:N/A duration:0.002s]
[2026-03-24T15:05:21.517+0000] {_node_pool.py:249} WARNING - Node <Urllib3HttpNode(http://elasticsearch:9200)> has failed for 11 times in a row, putting on 30 second timeout
[2026-03-24T15:05:21.517+0000] {_transport.py:415} WARNING - Retrying request after failure (attempt 2 of 3)
Traceback (most recent call last):
  File "/home/airflow/.local/lib/python3.12/site-packages/elastic_transport/_transport.py", line 342, in perform_request
    resp = node.perform_request(
           ^^^^^^^^^^^^^^^^^^^^^
  File "/home/airflow/.local/lib/python3.12/site-packages/elastic_transport/_node/_http_urllib3.py", line 202, in perform_request
    raise err from None
elastic_transport.ConnectionError: Connection error caused by: NewConnectionError(<urllib3.connection.HTTPConnection object at 0x71548e28bfe0>: Failed to establish a new connection: [Errno 111] Connection refused)
[2026-03-24T15:05:21.520+0000] {_transport.py:372} INFO - POST http://elasticsearch:9200/sensor_data/_doc [status:N/A duration:0.002s]
[2026-03-24T15:05:21.521+0000] {_node_pool.py:249} WARNING - Node <Urllib3HttpNode(http://elasticsearch:9200)> has failed for 12 times in a row, putting on 30 second timeout
[2026-03-24T15:05:21.522+0000] {sensor_airflow_consumer.py:39} ERROR - Failed to index data: Connection error caused by: ConnectionError(Connection error caused by: NewConnectionError(<urllib3.connection.HTTPConnection object at 0x71548e28b9e0>: Failed to establish a new connection: [Errno 111] Connection refused))
Traceback (most recent call last):
  File "/opt/airflow/dags/sensor_airflow_consumer.py", line 35, in index_to_elasticsearch
    es.index(index='sensor_data', document=document)
  File "/home/airflow/.local/lib/python3.12/site-packages/elasticsearch/_sync/client/utils.py", line 446, in wrapped
    return api(*args, **kwargs)
           ^^^^^^^^^^^^^^^^^^^^
  File "/home/airflow/.local/lib/python3.12/site-packages/elasticsearch/_sync/client/__init__.py", line 2428, in index
    return self.perform_request(  # type: ignore[return-value]
           ^^^^^^^^^^^^^^^^^^^^^^^^^^^^^^^^^^^^^^^^^^^^^^^^^^^
  File "/home/airflow/.local/lib/python3.12/site-packages/elasticsearch/_sync/client/_base.py", line 271, in perform_request
    response = self._perform_request(
               ^^^^^^^^^^^^^^^^^^^^^^
  File "/home/airflow/.local/lib/python3.12/site-packages/elasticsearch/_sync/client/_base.py", line 316, in _perform_request
    meta, resp_body = self.transport.perform_request(
                      ^^^^^^^^^^^^^^^^^^^^^^^^^^^^^^^
  File "/home/airflow/.local/lib/python3.12/site-packages/elastic_transport/_transport.py", line 342, in perform_request
    resp = node.perform_request(
           ^^^^^^^^^^^^^^^^^^^^^
  File "/home/airflow/.local/lib/python3.12/site-packages/elastic_transport/_node/_http_urllib3.py", line 202, in perform_request
    raise err from None
elastic_transport.ConnectionError: Connection error caused by: ConnectionError(Connection error caused by: NewConnectionError(<urllib3.connection.HTTPConnection object at 0x71548e28b9e0>: Failed to establish a new connection: [Errno 111] Connection refused))
[2026-03-24T15:05:21.524+0000] {sensor_airflow_consumer.py:66} INFO - Indexed to Elasticsearch: {'machine_id': 3, 'temperature': 87.16, 'vibration': 0.34, 'pressure': 243.91, 'rpm': 4896, 'timestamp': '2026-03-24T15:05:12.094674'}
[2026-03-24T15:05:21.527+0000] {_transport.py:372} INFO - POST http://elasticsearch:9200/sensor_data/_doc [status:N/A duration:0.002s]
[2026-03-24T15:05:21.528+0000] {_node_pool.py:249} WARNING - Node <Urllib3HttpNode(http://elasticsearch:9200)> has failed for 13 times in a row, putting on 30 second timeout
[2026-03-24T15:05:21.528+0000] {_transport.py:415} WARNING - Retrying request after failure (attempt 0 of 3)
Traceback (most recent call last):
  File "/home/airflow/.local/lib/python3.12/site-packages/elastic_transport/_transport.py", line 342, in perform_request
    resp = node.perform_request(
           ^^^^^^^^^^^^^^^^^^^^^
  File "/home/airflow/.local/lib/python3.12/site-packages/elastic_transport/_node/_http_urllib3.py", line 202, in perform_request
    raise err from None
elastic_transport.ConnectionError: Connection error caused by: NewConnectionError(<urllib3.connection.HTTPConnection object at 0x71548e348800>: Failed to establish a new connection: [Errno 111] Connection refused)
[2026-03-24T15:05:21.532+0000] {_transport.py:372} INFO - POST http://elasticsearch:9200/sensor_data/_doc [status:N/A duration:0.002s]
[2026-03-24T15:05:21.533+0000] {_node_pool.py:249} WARNING - Node <Urllib3HttpNode(http://elasticsearch:9200)> has failed for 14 times in a row, putting on 30 second timeout
[2026-03-24T15:05:21.533+0000] {_transport.py:415} WARNING - Retrying request after failure (attempt 1 of 3)
Traceback (most recent call last):
  File "/home/airflow/.local/lib/python3.12/site-packages/elastic_transport/_transport.py", line 342, in perform_request
    resp = node.perform_request(
           ^^^^^^^^^^^^^^^^^^^^^
  File "/home/airflow/.local/lib/python3.12/site-packages/elastic_transport/_node/_http_urllib3.py", line 202, in perform_request
    raise err from None
elastic_transport.ConnectionError: Connection error caused by: NewConnectionError(<urllib3.connection.HTTPConnection object at 0x71548e28ac00>: Failed to establish a new connection: [Errno 111] Connection refused)
[2026-03-24T15:05:21.536+0000] {_transport.py:372} INFO - POST http://elasticsearch:9200/sensor_data/_doc [status:N/A duration:0.002s]
[2026-03-24T15:05:21.537+0000] {_node_pool.py:249} WARNING - Node <Urllib3HttpNode(http://elasticsearch:9200)> has failed for 15 times in a row, putting on 30 second timeout
[2026-03-24T15:05:21.537+0000] {_transport.py:415} WARNING - Retrying request after failure (attempt 2 of 3)
Traceback (most recent call last):
  File "/home/airflow/.local/lib/python3.12/site-packages/elastic_transport/_transport.py", line 342, in perform_request
    resp = node.perform_request(
           ^^^^^^^^^^^^^^^^^^^^^
  File "/home/airflow/.local/lib/python3.12/site-packages/elastic_transport/_node/_http_urllib3.py", line 202, in perform_request
    raise err from None
elastic_transport.ConnectionError: Connection error caused by: NewConnectionError(<urllib3.connection.HTTPConnection object at 0x71548e28b890>: Failed to establish a new connection: [Errno 111] Connection refused)
[2026-03-24T15:05:21.539+0000] {_transport.py:372} INFO - POST http://elasticsearch:9200/sensor_data/_doc [status:N/A duration:0.002s]
[2026-03-24T15:05:21.540+0000] {_node_pool.py:249} WARNING - Node <Urllib3HttpNode(http://elasticsearch:9200)> has failed for 16 times in a row, putting on 30 second timeout
[2026-03-24T15:05:21.540+0000] {sensor_airflow_consumer.py:39} ERROR - Failed to index data: Connection error caused by: ConnectionError(Connection error caused by: NewConnectionError(<urllib3.connection.HTTPConnection object at 0x71548e348800>: Failed to establish a new connection: [Errno 111] Connection refused))
Traceback (most recent call last):
  File "/opt/airflow/dags/sensor_airflow_consumer.py", line 35, in index_to_elasticsearch
    es.index(index='sensor_data', document=document)
  File "/home/airflow/.local/lib/python3.12/site-packages/elasticsearch/_sync/client/utils.py", line 446, in wrapped
    return api(*args, **kwargs)
           ^^^^^^^^^^^^^^^^^^^^
  File "/home/airflow/.local/lib/python3.12/site-packages/elasticsearch/_sync/client/__init__.py", line 2428, in index
    return self.perform_request(  # type: ignore[return-value]
           ^^^^^^^^^^^^^^^^^^^^^^^^^^^^^^^^^^^^^^^^^^^^^^^^^^^
  File "/home/airflow/.local/lib/python3.12/site-packages/elasticsearch/_sync/client/_base.py", line 271, in perform_request
    response = self._perform_request(
               ^^^^^^^^^^^^^^^^^^^^^^
  File "/home/airflow/.local/lib/python3.12/site-packages/elasticsearch/_sync/client/_base.py", line 316, in _perform_request
    meta, resp_body = self.transport.perform_request(
                      ^^^^^^^^^^^^^^^^^^^^^^^^^^^^^^^
  File "/home/airflow/.local/lib/python3.12/site-packages/elastic_transport/_transport.py", line 342, in perform_request
    resp = node.perform_request(
           ^^^^^^^^^^^^^^^^^^^^^
  File "/home/airflow/.local/lib/python3.12/site-packages/elastic_transport/_node/_http_urllib3.py", line 202, in perform_request
    raise err from None
elastic_transport.ConnectionError: Connection error caused by: ConnectionError(Connection error caused by: NewConnectionError(<urllib3.connection.HTTPConnection object at 0x71548e348800>: Failed to establish a new connection: [Errno 111] Connection refused))
[2026-03-24T15:05:21.542+0000] {sensor_airflow_consumer.py:66} INFO - Indexed to Elasticsearch: {'machine_id': 4, 'temperature': 75.2, 'vibration': 0.47, 'pressure': 223.18, 'rpm': 1449, 'timestamp': '2026-03-24T15:05:12.095923'}
[2026-03-24T15:05:21.544+0000] {_transport.py:372} INFO - POST http://elasticsearch:9200/sensor_data/_doc [status:N/A duration:0.002s]
[2026-03-24T15:05:21.545+0000] {_node_pool.py:249} WARNING - Node <Urllib3HttpNode(http://elasticsearch:9200)> has failed for 17 times in a row, putting on 30 second timeout
[2026-03-24T15:05:21.545+0000] {_transport.py:415} WARNING - Retrying request after failure (attempt 0 of 3)
Traceback (most recent call last):
  File "/home/airflow/.local/lib/python3.12/site-packages/elastic_transport/_transport.py", line 342, in perform_request
    resp = node.perform_request(
           ^^^^^^^^^^^^^^^^^^^^^
  File "/home/airflow/.local/lib/python3.12/site-packages/elastic_transport/_node/_http_urllib3.py", line 202, in perform_request
    raise err from None
elastic_transport.ConnectionError: Connection error caused by: NewConnectionError(<urllib3.connection.HTTPConnection object at 0x71548e28b9e0>: Failed to establish a new connection: [Errno 111] Connection refused)
[2026-03-24T15:05:21.548+0000] {_transport.py:372} INFO - POST http://elasticsearch:9200/sensor_data/_doc [status:N/A duration:0.002s]
[2026-03-24T15:05:21.549+0000] {_node_pool.py:249} WARNING - Node <Urllib3HttpNode(http://elasticsearch:9200)> has failed for 18 times in a row, putting on 30 second timeout
[2026-03-24T15:05:21.549+0000] {_transport.py:415} WARNING - Retrying request after failure (attempt 1 of 3)
Traceback (most recent call last):
  File "/home/airflow/.local/lib/python3.12/site-packages/elastic_transport/_transport.py", line 342, in perform_request
    resp = node.perform_request(
           ^^^^^^^^^^^^^^^^^^^^^
  File "/home/airflow/.local/lib/python3.12/site-packages/elastic_transport/_node/_http_urllib3.py", line 202, in perform_request
    raise err from None
elastic_transport.ConnectionError: Connection error caused by: NewConnectionError(<urllib3.connection.HTTPConnection object at 0x71548e348920>: Failed to establish a new connection: [Errno 111] Connection refused)
[2026-03-24T15:05:21.552+0000] {_transport.py:372} INFO - POST http://elasticsearch:9200/sensor_data/_doc [status:N/A duration:0.002s]
[2026-03-24T15:05:21.553+0000] {_node_pool.py:249} WARNING - Node <Urllib3HttpNode(http://elasticsearch:9200)> has failed for 19 times in a row, putting on 30 second timeout
[2026-03-24T15:05:21.553+0000] {_transport.py:415} WARNING - Retrying request after failure (attempt 2 of 3)
Traceback (most recent call last):
  File "/home/airflow/.local/lib/python3.12/site-packages/elastic_transport/_transport.py", line 342, in perform_request
    resp = node.perform_request(
           ^^^^^^^^^^^^^^^^^^^^^
  File "/home/airflow/.local/lib/python3.12/site-packages/elastic_transport/_node/_http_urllib3.py", line 202, in perform_request
    raise err from None
elastic_transport.ConnectionError: Connection error caused by: NewConnectionError(<urllib3.connection.HTTPConnection object at 0x71548e348c20>: Failed to establish a new connection: [Errno 111] Connection refused)
[2026-03-24T15:05:21.555+0000] {_transport.py:372} INFO - POST http://elasticsearch:9200/sensor_data/_doc [status:N/A duration:0.002s]
[2026-03-24T15:05:21.556+0000] {_node_pool.py:249} WARNING - Node <Urllib3HttpNode(http://elasticsearch:9200)> has failed for 20 times in a row, putting on 30 second timeout
[2026-03-24T15:05:21.557+0000] {sensor_airflow_consumer.py:39} ERROR - Failed to index data: Connection error caused by: ConnectionError(Connection error caused by: NewConnectionError(<urllib3.connection.HTTPConnection object at 0x71548e28b9e0>: Failed to establish a new connection: [Errno 111] Connection refused))
Traceback (most recent call last):
  File "/opt/airflow/dags/sensor_airflow_consumer.py", line 35, in index_to_elasticsearch
    es.index(index='sensor_data', document=document)
  File "/home/airflow/.local/lib/python3.12/site-packages/elasticsearch/_sync/client/utils.py", line 446, in wrapped
    return api(*args, **kwargs)
           ^^^^^^^^^^^^^^^^^^^^
  File "/home/airflow/.local/lib/python3.12/site-packages/elasticsearch/_sync/client/__init__.py", line 2428, in index
    return self.perform_request(  # type: ignore[return-value]
           ^^^^^^^^^^^^^^^^^^^^^^^^^^^^^^^^^^^^^^^^^^^^^^^^^^^
  File "/home/airflow/.local/lib/python3.12/site-packages/elasticsearch/_sync/client/_base.py", line 271, in perform_request
    response = self._perform_request(
               ^^^^^^^^^^^^^^^^^^^^^^
  File "/home/airflow/.local/lib/python3.12/site-packages/elasticsearch/_sync/client/_base.py", line 316, in _perform_request
    meta, resp_body = self.transport.perform_request(
                      ^^^^^^^^^^^^^^^^^^^^^^^^^^^^^^^
  File "/home/airflow/.local/lib/python3.12/site-packages/elastic_transport/_transport.py", line 342, in perform_request
    resp = node.perform_request(
           ^^^^^^^^^^^^^^^^^^^^^
  File "/home/airflow/.local/lib/python3.12/site-packages/elastic_transport/_node/_http_urllib3.py", line 202, in perform_request
    raise err from None
elastic_transport.ConnectionError: Connection error caused by: ConnectionError(Connection error caused by: NewConnectionError(<urllib3.connection.HTTPConnection object at 0x71548e28b9e0>: Failed to establish a new connection: [Errno 111] Connection refused))
[2026-03-24T15:05:21.558+0000] {sensor_airflow_consumer.py:66} INFO - Indexed to Elasticsearch: {'machine_id': 5, 'temperature': 85.91, 'vibration': 0.55, 'pressure': 268.13, 'rpm': 3131, 'timestamp': '2026-03-24T15:05:12.096741'}
[2026-03-24T15:05:24.562+0000] {base.py:1130} INFO - Stopping heartbeat thread
[2026-03-24T15:05:24.563+0000] {base.py:943} INFO - Leaving consumer group sensor-group (member kafka-python-2.3.0-79f3bb93-e0f3-4e31-a161-dfdceba12266).
[2026-03-24T15:05:24.566+0000] {base.py:961} INFO - LeaveGroup request for group sensor-group returned successfully
[2026-03-24T15:05:24.567+0000] {conn.py:951} INFO - <BrokerConnection client_id=kafka-python-2.3.0, node_id=1 host=broker:9092 <connected> [IPv4 ('172.18.0.3', 9092)]>: Closing connection. 
[2026-03-24T15:05:24.567+0000] {conn.py:951} INFO - <BrokerConnection client_id=kafka-python-2.3.0, node_id=coordinator-1 host=broker:9092 <connected> [IPv4 ('172.18.0.3', 9092)]>: Closing connection. 
[2026-03-24T15:05:24.568+0000] {sensor_airflow_consumer.py:73} INFO - Kafka consumer closed. Processed 5 messages.
[2026-03-24T15:05:24.568+0000] {python.py:240} INFO - Done. Returned value was: None
[2026-03-24T15:05:24.585+0000] {taskinstance.py:340} INFO - ::group::Post task execution logs
[2026-03-24T15:05:24.585+0000] {taskinstance.py:352} INFO - Marking task as SUCCESS. dag_id=sensor_data_consumer, task_id=sensor_data_consumer, run_id=scheduled__2026-03-24T15:00:00+00:00, execution_date=20260324T150000, start_date=20260324T150520, end_date=20260324T150524
[2026-03-24T15:05:24.633+0000] {local_task_job_runner.py:266} INFO - Task exited with return code 0
[2026-03-24T15:05:24.662+0000] {taskinstance.py:3900} INFO - 1 downstream tasks scheduled from follow-on schedule check
[2026-03-24T15:05:24.665+0000] {local_task_job_runner.py:245} INFO - ::endgroup::
