[2026-03-24T14:51:28.934+0000] {local_task_job_runner.py:123} INFO - ::group::Pre task execution logs
[2026-03-24T14:51:28.960+0000] {taskinstance.py:2612} INFO - Dependencies all met for dep_context=non-requeueable deps ti=<TaskInstance: sensor_data_producer.start manual__2026-03-24T14:51:27.037576+00:00 [queued]>
[2026-03-24T14:51:28.973+0000] {taskinstance.py:2612} INFO - Dependencies all met for dep_context=requeueable deps ti=<TaskInstance: sensor_data_producer.start manual__2026-03-24T14:51:27.037576+00:00 [queued]>
[2026-03-24T14:51:28.974+0000] {taskinstance.py:2865} INFO - Starting attempt 1 of 1
[2026-03-24T14:51:28.995+0000] {taskinstance.py:2888} INFO - Executing <Task(PythonOperator): start> on 2026-03-24 14:51:27.037576+00:00
[2026-03-24T14:51:29.007+0000] {warnings.py:112} WARNING - /home/***/.local/lib/python3.12/site-packages/***/task/task_runner/standard_task_runner.py:70: DeprecationWarning: This process (pid=220) is multi-threaded, use of fork() may lead to deadlocks in the child.
  pid = os.fork()

[2026-03-24T14:51:29.009+0000] {standard_task_runner.py:72} INFO - Started process 221 to run task
[2026-03-24T14:51:29.009+0000] {standard_task_runner.py:104} INFO - Running: ['***', 'tasks', 'run', 'sensor_data_producer', 'start', 'manual__2026-03-24T14:51:27.037576+00:00', '--job-id', '157', '--raw', '--subdir', 'DAGS_FOLDER/sensor_***.py', '--cfg-path', '/tmp/tmp4f4yixru']
[2026-03-24T14:51:29.011+0000] {standard_task_runner.py:105} INFO - Job 157: Subtask start
[2026-03-24T14:51:29.086+0000] {task_command.py:467} INFO - Running <TaskInstance: sensor_data_producer.start manual__2026-03-24T14:51:27.037576+00:00 [running]> on host 307b85104bd3
[2026-03-24T14:51:29.231+0000] {taskinstance.py:3131} INFO - Exporting env vars: AIRFLOW_CTX_DAG_OWNER='***' AIRFLOW_CTX_DAG_ID='sensor_data_producer' AIRFLOW_CTX_TASK_ID='start' AIRFLOW_CTX_EXECUTION_DATE='2026-03-24T14:51:27.037576+00:00' AIRFLOW_CTX_TRY_NUMBER='1' AIRFLOW_CTX_DAG_RUN_ID='manual__2026-03-24T14:51:27.037576+00:00'
[2026-03-24T14:51:29.232+0000] {taskinstance.py:731} INFO - ::endgroup::
[2026-03-24T14:51:29.257+0000] {sensor_airflow.py:66} INFO - Job started
[2026-03-24T14:51:29.257+0000] {python.py:240} INFO - Done. Returned value was: None
[2026-03-24T14:51:29.275+0000] {taskinstance.py:340} INFO - ::group::Post task execution logs
[2026-03-24T14:51:29.276+0000] {taskinstance.py:352} INFO - Marking task as SUCCESS. dag_id=sensor_data_producer, task_id=start, run_id=manual__2026-03-24T14:51:27.037576+00:00, execution_date=20260324T145127, start_date=20260324T145128, end_date=20260324T145129
[2026-03-24T14:51:29.346+0000] {local_task_job_runner.py:266} INFO - Task exited with return code 0
[2026-03-24T14:51:29.387+0000] {taskinstance.py:3900} INFO - 1 downstream tasks scheduled from follow-on schedule check
[2026-03-24T14:51:29.390+0000] {local_task_job_runner.py:245} INFO - ::endgroup::
