[2026-03-24T14:51:32.993+0000] {local_task_job_runner.py:123} INFO - ::group::Pre task execution logs
[2026-03-24T14:51:33.012+0000] {taskinstance.py:2612} INFO - Dependencies all met for dep_context=non-requeueable deps ti=<TaskInstance: sensor_data_producer.end manual__2026-03-24T14:51:27.037576+00:00 [queued]>
[2026-03-24T14:51:33.022+0000] {taskinstance.py:2612} INFO - Dependencies all met for dep_context=requeueable deps ti=<TaskInstance: sensor_data_producer.end manual__2026-03-24T14:51:27.037576+00:00 [queued]>
[2026-03-24T14:51:33.022+0000] {taskinstance.py:2865} INFO - Starting attempt 1 of 1
[2026-03-24T14:51:33.040+0000] {taskinstance.py:2888} INFO - Executing <Task(PythonOperator): end> on 2026-03-24 14:51:27.037576+00:00
[2026-03-24T14:51:33.048+0000] {warnings.py:112} WARNING - /home/***/.local/lib/python3.12/site-packages/***/task/task_runner/standard_task_runner.py:70: DeprecationWarning: This process (pid=227) is multi-threaded, use of fork() may lead to deadlocks in the child.
  pid = os.fork()

[2026-03-24T14:51:33.050+0000] {standard_task_runner.py:72} INFO - Started process 228 to run task
[2026-03-24T14:51:33.050+0000] {standard_task_runner.py:104} INFO - Running: ['***', 'tasks', 'run', 'sensor_data_producer', 'end', 'manual__2026-03-24T14:51:27.037576+00:00', '--job-id', '159', '--raw', '--subdir', 'DAGS_FOLDER/sensor_***.py', '--cfg-path', '/tmp/tmpvxcsg0ao']
[2026-03-24T14:51:33.051+0000] {standard_task_runner.py:105} INFO - Job 159: Subtask end
[2026-03-24T14:51:33.105+0000] {task_command.py:467} INFO - Running <TaskInstance: sensor_data_producer.end manual__2026-03-24T14:51:27.037576+00:00 [running]> on host 307b85104bd3
[2026-03-24T14:51:33.214+0000] {taskinstance.py:3131} INFO - Exporting env vars: AIRFLOW_CTX_DAG_OWNER='***' AIRFLOW_CTX_DAG_ID='sensor_data_producer' AIRFLOW_CTX_TASK_ID='end' AIRFLOW_CTX_EXECUTION_DATE='2026-03-24T14:51:27.037576+00:00' AIRFLOW_CTX_TRY_NUMBER='1' AIRFLOW_CTX_DAG_RUN_ID='manual__2026-03-24T14:51:27.037576+00:00'
[2026-03-24T14:51:33.215+0000] {taskinstance.py:731} INFO - ::endgroup::
[2026-03-24T14:51:33.234+0000] {sensor_airflow.py:76} INFO - Job finished successfully
[2026-03-24T14:51:33.234+0000] {python.py:240} INFO - Done. Returned value was: None
[2026-03-24T14:51:33.249+0000] {taskinstance.py:340} INFO - ::group::Post task execution logs
[2026-03-24T14:51:33.249+0000] {taskinstance.py:352} INFO - Marking task as SUCCESS. dag_id=sensor_data_producer, task_id=end, run_id=manual__2026-03-24T14:51:27.037576+00:00, execution_date=20260324T145127, start_date=20260324T145133, end_date=20260324T145133
[2026-03-24T14:51:33.305+0000] {local_task_job_runner.py:266} INFO - Task exited with return code 0
[2026-03-24T14:51:33.330+0000] {taskinstance.py:3900} INFO - 0 downstream tasks scheduled from follow-on schedule check
[2026-03-24T14:51:33.334+0000] {local_task_job_runner.py:245} INFO - ::endgroup::
