[2026-03-24T14:50:03.022+0000] {local_task_job_runner.py:123} INFO - ::group::Pre task execution logs
[2026-03-24T14:50:03.056+0000] {taskinstance.py:2612} INFO - Dependencies all met for dep_context=non-requeueable deps ti=<TaskInstance: sensor_data_producer.start scheduled__2026-03-24T14:45:00+00:00 [queued]>
[2026-03-24T14:50:03.077+0000] {taskinstance.py:2612} INFO - Dependencies all met for dep_context=requeueable deps ti=<TaskInstance: sensor_data_producer.start scheduled__2026-03-24T14:45:00+00:00 [queued]>
[2026-03-24T14:50:03.077+0000] {taskinstance.py:2865} INFO - Starting attempt 1 of 1
[2026-03-24T14:50:03.103+0000] {taskinstance.py:2888} INFO - Executing <Task(PythonOperator): start> on 2026-03-24 14:45:00+00:00
[2026-03-24T14:50:03.114+0000] {warnings.py:112} WARNING - /home/***/.local/lib/python3.12/site-packages/***/task/task_runner/standard_task_runner.py:70: DeprecationWarning: This process (pid=176) is multi-threaded, use of fork() may lead to deadlocks in the child.
  pid = os.fork()

[2026-03-24T14:50:03.116+0000] {standard_task_runner.py:72} INFO - Started process 188 to run task
[2026-03-24T14:50:03.119+0000] {standard_task_runner.py:104} INFO - Running: ['***', 'tasks', 'run', 'sensor_data_producer', 'start', 'scheduled__2026-03-24T14:45:00+00:00', '--job-id', '152', '--raw', '--subdir', 'DAGS_FOLDER/sensor_***.py', '--cfg-path', '/tmp/tmpzji51a4l']
[2026-03-24T14:50:03.121+0000] {standard_task_runner.py:105} INFO - Job 152: Subtask start
[2026-03-24T14:50:03.254+0000] {task_command.py:467} INFO - Running <TaskInstance: sensor_data_producer.start scheduled__2026-03-24T14:45:00+00:00 [running]> on host 307b85104bd3
[2026-03-24T14:50:03.388+0000] {taskinstance.py:3131} INFO - Exporting env vars: AIRFLOW_CTX_DAG_OWNER='***' AIRFLOW_CTX_DAG_ID='sensor_data_producer' AIRFLOW_CTX_TASK_ID='start' AIRFLOW_CTX_EXECUTION_DATE='2026-03-24T14:45:00+00:00' AIRFLOW_CTX_TRY_NUMBER='1' AIRFLOW_CTX_DAG_RUN_ID='scheduled__2026-03-24T14:45:00+00:00'
[2026-03-24T14:50:03.389+0000] {taskinstance.py:731} INFO - ::endgroup::
[2026-03-24T14:50:03.414+0000] {sensor_airflow.py:66} INFO - Job started
[2026-03-24T14:50:03.415+0000] {python.py:240} INFO - Done. Returned value was: None
[2026-03-24T14:50:03.434+0000] {taskinstance.py:340} INFO - ::group::Post task execution logs
[2026-03-24T14:50:03.435+0000] {taskinstance.py:352} INFO - Marking task as SUCCESS. dag_id=sensor_data_producer, task_id=start, run_id=scheduled__2026-03-24T14:45:00+00:00, execution_date=20260324T144500, start_date=20260324T145003, end_date=20260324T145003
[2026-03-24T14:50:03.495+0000] {local_task_job_runner.py:266} INFO - Task exited with return code 0
[2026-03-24T14:50:03.527+0000] {taskinstance.py:3900} INFO - 1 downstream tasks scheduled from follow-on schedule check
[2026-03-24T14:50:03.529+0000] {local_task_job_runner.py:245} INFO - ::endgroup::
