[2026-03-24T14:55:06.590+0000] {local_task_job_runner.py:123} INFO - ::group::Pre task execution logs
[2026-03-24T14:55:06.613+0000] {taskinstance.py:2612} INFO - Dependencies all met for dep_context=non-requeueable deps ti=<TaskInstance: sensor_data_consumer.sensor_data_consumer scheduled__2026-03-24T14:50:00+00:00 [queued]>
[2026-03-24T14:55:06.624+0000] {taskinstance.py:2612} INFO - Dependencies all met for dep_context=requeueable deps ti=<TaskInstance: sensor_data_consumer.sensor_data_consumer scheduled__2026-03-24T14:50:00+00:00 [queued]>
[2026-03-24T14:55:06.625+0000] {taskinstance.py:2865} INFO - Starting attempt 1 of 1
[2026-03-24T14:55:06.643+0000] {taskinstance.py:2888} INFO - Executing <Task(PythonOperator): sensor_data_consumer> on 2026-03-24 14:50:00+00:00
[2026-03-24T14:55:06.653+0000] {warnings.py:112} WARNING - /home/***/.local/lib/python3.12/site-packages/***/task/task_runner/standard_task_runner.py:70: DeprecationWarning: This process (pid=277) is multi-threaded, use of fork() may lead to deadlocks in the child.
  pid = os.fork()

[2026-03-24T14:55:06.654+0000] {standard_task_runner.py:72} INFO - Started process 281 to run task
[2026-03-24T14:55:06.655+0000] {standard_task_runner.py:104} INFO - Running: ['***', 'tasks', 'run', 'sensor_data_consumer', 'sensor_data_consumer', 'scheduled__2026-03-24T14:50:00+00:00', '--job-id', '164', '--raw', '--subdir', 'DAGS_FOLDER/sensor_***_consumer.py', '--cfg-path', '/tmp/tmpvbeosv84']
[2026-03-24T14:55:06.658+0000] {standard_task_runner.py:105} INFO - Job 164: Subtask sensor_data_consumer
[2026-03-24T14:55:06.712+0000] {task_command.py:467} INFO - Running <TaskInstance: sensor_data_consumer.sensor_data_consumer scheduled__2026-03-24T14:50:00+00:00 [running]> on host 307b85104bd3
[2026-03-24T14:55:06.805+0000] {taskinstance.py:3131} INFO - Exporting env vars: AIRFLOW_CTX_DAG_OWNER='Anas EL Meslouti' AIRFLOW_CTX_DAG_ID='sensor_data_consumer' AIRFLOW_CTX_TASK_ID='sensor_data_consumer' AIRFLOW_CTX_EXECUTION_DATE='2026-03-24T14:50:00+00:00' AIRFLOW_CTX_TRY_NUMBER='1' AIRFLOW_CTX_DAG_RUN_ID='scheduled__2026-03-24T14:50:00+00:00'
[2026-03-24T14:55:06.806+0000] {taskinstance.py:731} INFO - ::endgroup::
[2026-03-24T14:55:06.825+0000] {conn.py:400} INFO - <BrokerConnection client_id=kafka-python-2.3.0, node_id=bootstrap-0 host=broker:9092 <connecting> [IPv4 ('172.18.0.3', 9092)]>: connecting to broker:9092 [('172.18.0.3', 9092) IPv4]
[2026-03-24T14:55:06.829+0000] {conn.py:622} INFO - <BrokerConnection client_id=kafka-python-2.3.0, node_id=bootstrap-0 host=broker:9092 <checking_api_versions_recv> [IPv4 ('172.18.0.3', 9092)]>: Broker version identified as 2.6
[2026-03-24T14:55:06.829+0000] {conn.py:461} INFO - <BrokerConnection client_id=kafka-python-2.3.0, node_id=bootstrap-0 host=broker:9092 <connected> [IPv4 ('172.18.0.3', 9092)]>: Connection complete.
[2026-03-24T14:55:06.831+0000] {subscription_state.py:181} INFO - Updating subscribed topics to: ('sensor_data',)
[2026-03-24T14:55:06.834+0000] {conn.py:400} INFO - <BrokerConnection client_id=kafka-python-2.3.0, node_id=1 host=broker:9092 <connecting> [IPv4 ('172.18.0.3', 9092)]>: connecting to broker:9092 [('172.18.0.3', 9092) IPv4]
[2026-03-24T14:55:06.835+0000] {conn.py:461} INFO - <BrokerConnection client_id=kafka-python-2.3.0, node_id=1 host=broker:9092 <connected> [IPv4 ('172.18.0.3', 9092)]>: Connection complete.
[2026-03-24T14:55:06.835+0000] {conn.py:951} INFO - <BrokerConnection client_id=kafka-python-2.3.0, node_id=bootstrap-0 host=broker:9092 <connected> [IPv4 ('172.18.0.3', 9092)]>: Closing connection. 
[2026-03-24T14:55:06.937+0000] {cluster.py:403} INFO - Coordinator for group/sensor-group is ('coordinator-1', 'broker', 9092, None)
[2026-03-24T14:55:06.937+0000] {base.py:835} INFO - Discovered coordinator coordinator-1 for group sensor-group
[2026-03-24T14:55:06.938+0000] {base.py:895} INFO - Starting new heartbeat thread
[2026-03-24T14:55:06.939+0000] {consumer.py:379} INFO - Revoking previously assigned partitions () for group sensor-group
[2026-03-24T14:55:06.939+0000] {base.py:433} INFO - Failed to join group sensor-group: NodeNotReadyError: coordinator-1
[2026-03-24T14:55:06.941+0000] {conn.py:400} INFO - <BrokerConnection client_id=kafka-python-2.3.0, node_id=coordinator-1 host=broker:9092 <connecting> [IPv4 ('172.18.0.3', 9092)]>: connecting to broker:9092 [('172.18.0.3', 9092) IPv4]
[2026-03-24T14:55:06.942+0000] {conn.py:461} INFO - <BrokerConnection client_id=kafka-python-2.3.0, node_id=coordinator-1 host=broker:9092 <connected> [IPv4 ('172.18.0.3', 9092)]>: Connection complete.
[2026-03-24T14:55:07.042+0000] {base.py:546} INFO - (Re-)joining group sensor-group
[2026-03-24T14:55:07.047+0000] {base.py:661} INFO - Received member id kafka-python-2.3.0-61b24730-92b2-4ae2-841e-b3d48ea905ea for group sensor-group; will retry join-group
[2026-03-24T14:55:07.048+0000] {base.py:433} INFO - Failed to join group sensor-group: [Error 79] MemberIdRequiredError
[2026-03-24T14:55:07.048+0000] {base.py:546} INFO - (Re-)joining group sensor-group
[2026-03-24T14:55:07.054+0000] {base.py:617} INFO - Successfully joined group sensor-group <Generation 7 (member_id: kafka-python-2.3.0-61b24730-92b2-4ae2-841e-b3d48ea905ea, protocol: range)>
[2026-03-24T14:55:07.055+0000] {base.py:619} INFO - Elected group leader -- performing partition assignments using range
[2026-03-24T14:55:07.063+0000] {subscription_state.py:254} INFO - Updated partition assignment: [('sensor_data', 0)]
[2026-03-24T14:55:07.064+0000] {consumer.py:260} INFO - Setting newly assigned partitions (('sensor_data', 0),) for group sensor-group
[2026-03-24T14:55:10.709+0000] {_transport.py:372} INFO - POST http://elasticsearch:9200/sensor_data/_doc [status:N/A duration:3.639s]
[2026-03-24T14:55:10.710+0000] {_node_pool.py:249} WARNING - Node <Urllib3HttpNode(http://elasticsearch:9200)> has failed for 1 times in a row, putting on 1 second timeout
[2026-03-24T14:55:10.710+0000] {_transport.py:415} WARNING - Retrying request after failure (attempt 0 of 3)
Traceback (most recent call last):
  File "/home/airflow/.local/lib/python3.12/site-packages/elastic_transport/_transport.py", line 342, in perform_request
    resp = node.perform_request(
           ^^^^^^^^^^^^^^^^^^^^^
  File "/home/airflow/.local/lib/python3.12/site-packages/elastic_transport/_node/_http_urllib3.py", line 202, in perform_request
    raise err from None
elastic_transport.ConnectionError: Connection error caused by: NameResolutionError(<urllib3.connection.HTTPConnection object at 0x71548e27db80>: Failed to resolve 'elasticsearch' ([Errno -2] Name or service not known))
[2026-03-24T14:55:10.716+0000] {_transport.py:372} INFO - POST http://elasticsearch:9200/sensor_data/_doc [status:N/A duration:0.002s]
[2026-03-24T14:55:10.716+0000] {_node_pool.py:249} WARNING - Node <Urllib3HttpNode(http://elasticsearch:9200)> has failed for 2 times in a row, putting on 2 second timeout
[2026-03-24T14:55:10.717+0000] {_transport.py:415} WARNING - Retrying request after failure (attempt 1 of 3)
Traceback (most recent call last):
  File "/home/airflow/.local/lib/python3.12/site-packages/elastic_transport/_transport.py", line 342, in perform_request
    resp = node.perform_request(
           ^^^^^^^^^^^^^^^^^^^^^
  File "/home/airflow/.local/lib/python3.12/site-packages/elastic_transport/_node/_http_urllib3.py", line 202, in perform_request
    raise err from None
elastic_transport.ConnectionError: Connection error caused by: NewConnectionError(<urllib3.connection.HTTPConnection object at 0x71548e4521e0>: Failed to establish a new connection: [Errno 111] Connection refused)
[2026-03-24T14:55:10.720+0000] {_transport.py:372} INFO - POST http://elasticsearch:9200/sensor_data/_doc [status:N/A duration:0.002s]
[2026-03-24T14:55:10.720+0000] {_node_pool.py:249} WARNING - Node <Urllib3HttpNode(http://elasticsearch:9200)> has failed for 3 times in a row, putting on 4 second timeout
[2026-03-24T14:55:10.721+0000] {_transport.py:415} WARNING - Retrying request after failure (attempt 2 of 3)
Traceback (most recent call last):
  File "/home/airflow/.local/lib/python3.12/site-packages/elastic_transport/_transport.py", line 342, in perform_request
    resp = node.perform_request(
           ^^^^^^^^^^^^^^^^^^^^^
  File "/home/airflow/.local/lib/python3.12/site-packages/elastic_transport/_node/_http_urllib3.py", line 202, in perform_request
    raise err from None
elastic_transport.ConnectionError: Connection error caused by: NewConnectionError(<urllib3.connection.HTTPConnection object at 0x71548e27d0d0>: Failed to establish a new connection: [Errno 111] Connection refused)
[2026-03-24T14:55:10.724+0000] {_transport.py:372} INFO - POST http://elasticsearch:9200/sensor_data/_doc [status:N/A duration:0.002s]
[2026-03-24T14:55:10.724+0000] {_node_pool.py:249} WARNING - Node <Urllib3HttpNode(http://elasticsearch:9200)> has failed for 4 times in a row, putting on 8 second timeout
[2026-03-24T14:55:10.725+0000] {sensor_airflow_consumer.py:39} ERROR - Failed to index data: Connection error caused by: ConnectionError(Connection error caused by: NameResolutionError(<urllib3.connection.HTTPConnection object at 0x71548e27db80>: Failed to resolve 'elasticsearch' ([Errno -2] Name or service not known)))
Traceback (most recent call last):
  File "/opt/airflow/dags/sensor_airflow_consumer.py", line 35, in index_to_elasticsearch
    es.index(index='sensor_data', document=document)
  File "/home/airflow/.local/lib/python3.12/site-packages/elasticsearch/_sync/client/utils.py", line 446, in wrapped
    return api(*args, **kwargs)
           ^^^^^^^^^^^^^^^^^^^^
  File "/home/airflow/.local/lib/python3.12/site-packages/elasticsearch/_sync/client/__init__.py", line 2428, in index
    return self.perform_request(  # type: ignore[return-value]
           ^^^^^^^^^^^^^^^^^^^^^^^^^^^^^^^^^^^^^^^^^^^^^^^^^^^
  File "/home/airflow/.local/lib/python3.12/site-packages/elasticsearch/_sync/client/_base.py", line 271, in perform_request
    response = self._perform_request(
               ^^^^^^^^^^^^^^^^^^^^^^
  File "/home/airflow/.local/lib/python3.12/site-packages/elasticsearch/_sync/client/_base.py", line 316, in _perform_request
    meta, resp_body = self.transport.perform_request(
                      ^^^^^^^^^^^^^^^^^^^^^^^^^^^^^^^
  File "/home/airflow/.local/lib/python3.12/site-packages/elastic_transport/_transport.py", line 342, in perform_request
    resp = node.perform_request(
           ^^^^^^^^^^^^^^^^^^^^^
  File "/home/airflow/.local/lib/python3.12/site-packages/elastic_transport/_node/_http_urllib3.py", line 202, in perform_request
    raise err from None
elastic_transport.ConnectionError: Connection error caused by: ConnectionError(Connection error caused by: NameResolutionError(<urllib3.connection.HTTPConnection object at 0x71548e27db80>: Failed to resolve 'elasticsearch' ([Errno -2] Name or service not known)))
[2026-03-24T14:55:10.732+0000] {sensor_airflow_consumer.py:66} INFO - Indexed to Elasticsearch: {'machine_id': 1, 'temperature': 81.36, 'vibration': 1.4, 'pressure': 151.98, 'rpm': 4405, 'timestamp': '2026-03-24T14:51:31.606055'}
[2026-03-24T14:55:10.734+0000] {_transport.py:372} INFO - POST http://elasticsearch:9200/sensor_data/_doc [status:N/A duration:0.001s]
[2026-03-24T14:55:10.735+0000] {_node_pool.py:249} WARNING - Node <Urllib3HttpNode(http://elasticsearch:9200)> has failed for 5 times in a row, putting on 16 second timeout
[2026-03-24T14:55:10.736+0000] {_transport.py:415} WARNING - Retrying request after failure (attempt 0 of 3)
Traceback (most recent call last):
  File "/home/airflow/.local/lib/python3.12/site-packages/elastic_transport/_transport.py", line 342, in perform_request
    resp = node.perform_request(
           ^^^^^^^^^^^^^^^^^^^^^
  File "/home/airflow/.local/lib/python3.12/site-packages/elastic_transport/_node/_http_urllib3.py", line 202, in perform_request
    raise err from None
elastic_transport.ConnectionError: Connection error caused by: NewConnectionError(<urllib3.connection.HTTPConnection object at 0x71548e324110>: Failed to establish a new connection: [Errno 111] Connection refused)
[2026-03-24T14:55:10.739+0000] {_transport.py:372} INFO - POST http://elasticsearch:9200/sensor_data/_doc [status:N/A duration:0.002s]
[2026-03-24T14:55:10.739+0000] {_node_pool.py:249} WARNING - Node <Urllib3HttpNode(http://elasticsearch:9200)> has failed for 6 times in a row, putting on 30 second timeout
[2026-03-24T14:55:10.740+0000] {_transport.py:415} WARNING - Retrying request after failure (attempt 1 of 3)
Traceback (most recent call last):
  File "/home/airflow/.local/lib/python3.12/site-packages/elastic_transport/_transport.py", line 342, in perform_request
    resp = node.perform_request(
           ^^^^^^^^^^^^^^^^^^^^^
  File "/home/airflow/.local/lib/python3.12/site-packages/elastic_transport/_node/_http_urllib3.py", line 202, in perform_request
    raise err from None
elastic_transport.ConnectionError: Connection error caused by: NewConnectionError(<urllib3.connection.HTTPConnection object at 0x71548e324530>: Failed to establish a new connection: [Errno 111] Connection refused)
[2026-03-24T14:55:10.742+0000] {_transport.py:372} INFO - POST http://elasticsearch:9200/sensor_data/_doc [status:N/A duration:0.002s]
[2026-03-24T14:55:10.743+0000] {_node_pool.py:249} WARNING - Node <Urllib3HttpNode(http://elasticsearch:9200)> has failed for 7 times in a row, putting on 30 second timeout
[2026-03-24T14:55:10.745+0000] {_transport.py:415} WARNING - Retrying request after failure (attempt 2 of 3)
Traceback (most recent call last):
  File "/home/airflow/.local/lib/python3.12/site-packages/elastic_transport/_transport.py", line 342, in perform_request
    resp = node.perform_request(
           ^^^^^^^^^^^^^^^^^^^^^
  File "/home/airflow/.local/lib/python3.12/site-packages/elastic_transport/_node/_http_urllib3.py", line 202, in perform_request
    raise err from None
elastic_transport.ConnectionError: Connection error caused by: NewConnectionError(<urllib3.connection.HTTPConnection object at 0x71548e27df40>: Failed to establish a new connection: [Errno 111] Connection refused)
[2026-03-24T14:55:10.748+0000] {_transport.py:372} INFO - POST http://elasticsearch:9200/sensor_data/_doc [status:N/A duration:0.002s]
[2026-03-24T14:55:10.749+0000] {_node_pool.py:249} WARNING - Node <Urllib3HttpNode(http://elasticsearch:9200)> has failed for 8 times in a row, putting on 30 second timeout
[2026-03-24T14:55:10.749+0000] {sensor_airflow_consumer.py:39} ERROR - Failed to index data: Connection error caused by: ConnectionError(Connection error caused by: NewConnectionError(<urllib3.connection.HTTPConnection object at 0x71548e324110>: Failed to establish a new connection: [Errno 111] Connection refused))
Traceback (most recent call last):
  File "/opt/airflow/dags/sensor_airflow_consumer.py", line 35, in index_to_elasticsearch
    es.index(index='sensor_data', document=document)
  File "/home/airflow/.local/lib/python3.12/site-packages/elasticsearch/_sync/client/utils.py", line 446, in wrapped
    return api(*args, **kwargs)
           ^^^^^^^^^^^^^^^^^^^^
  File "/home/airflow/.local/lib/python3.12/site-packages/elasticsearch/_sync/client/__init__.py", line 2428, in index
    return self.perform_request(  # type: ignore[return-value]
           ^^^^^^^^^^^^^^^^^^^^^^^^^^^^^^^^^^^^^^^^^^^^^^^^^^^
  File "/home/airflow/.local/lib/python3.12/site-packages/elasticsearch/_sync/client/_base.py", line 271, in perform_request
    response = self._perform_request(
               ^^^^^^^^^^^^^^^^^^^^^^
  File "/home/airflow/.local/lib/python3.12/site-packages/elasticsearch/_sync/client/_base.py", line 316, in _perform_request
    meta, resp_body = self.transport.perform_request(
                      ^^^^^^^^^^^^^^^^^^^^^^^^^^^^^^^
  File "/home/airflow/.local/lib/python3.12/site-packages/elastic_transport/_transport.py", line 342, in perform_request
    resp = node.perform_request(
           ^^^^^^^^^^^^^^^^^^^^^
  File "/home/airflow/.local/lib/python3.12/site-packages/elastic_transport/_node/_http_urllib3.py", line 202, in perform_request
    raise err from None
elastic_transport.ConnectionError: Connection error caused by: ConnectionError(Connection error caused by: NewConnectionError(<urllib3.connection.HTTPConnection object at 0x71548e324110>: Failed to establish a new connection: [Errno 111] Connection refused))
[2026-03-24T14:55:10.751+0000] {sensor_airflow_consumer.py:66} INFO - Indexed to Elasticsearch: {'machine_id': 2, 'temperature': 71.69, 'vibration': 0.72, 'pressure': 165.57, 'rpm': 3947, 'timestamp': '2026-03-24T14:51:31.715767'}
[2026-03-24T14:55:10.754+0000] {_transport.py:372} INFO - POST http://elasticsearch:9200/sensor_data/_doc [status:N/A duration:0.002s]
[2026-03-24T14:55:10.754+0000] {_node_pool.py:249} WARNING - Node <Urllib3HttpNode(http://elasticsearch:9200)> has failed for 9 times in a row, putting on 30 second timeout
[2026-03-24T14:55:10.754+0000] {_transport.py:415} WARNING - Retrying request after failure (attempt 0 of 3)
Traceback (most recent call last):
  File "/home/airflow/.local/lib/python3.12/site-packages/elastic_transport/_transport.py", line 342, in perform_request
    resp = node.perform_request(
           ^^^^^^^^^^^^^^^^^^^^^
  File "/home/airflow/.local/lib/python3.12/site-packages/elastic_transport/_node/_http_urllib3.py", line 202, in perform_request
    raise err from None
elastic_transport.ConnectionError: Connection error caused by: NewConnectionError(<urllib3.connection.HTTPConnection object at 0x71548e324b30>: Failed to establish a new connection: [Errno 111] Connection refused)
[2026-03-24T14:55:10.756+0000] {_transport.py:372} INFO - POST http://elasticsearch:9200/sensor_data/_doc [status:N/A duration:0.001s]
[2026-03-24T14:55:10.757+0000] {_node_pool.py:249} WARNING - Node <Urllib3HttpNode(http://elasticsearch:9200)> has failed for 10 times in a row, putting on 30 second timeout
[2026-03-24T14:55:10.758+0000] {_transport.py:415} WARNING - Retrying request after failure (attempt 1 of 3)
Traceback (most recent call last):
  File "/home/airflow/.local/lib/python3.12/site-packages/elastic_transport/_transport.py", line 342, in perform_request
    resp = node.perform_request(
           ^^^^^^^^^^^^^^^^^^^^^
  File "/home/airflow/.local/lib/python3.12/site-packages/elastic_transport/_node/_http_urllib3.py", line 202, in perform_request
    raise err from None
elastic_transport.ConnectionError: Connection error caused by: NewConnectionError(<urllib3.connection.HTTPConnection object at 0x71548e324e60>: Failed to establish a new connection: [Errno 111] Connection refused)
[2026-03-24T14:55:10.763+0000] {_transport.py:372} INFO - POST http://elasticsearch:9200/sensor_data/_doc [status:N/A duration:0.003s]
[2026-03-24T14:55:10.764+0000] {_node_pool.py:249} WARNING - Node <Urllib3HttpNode(http://elasticsearch:9200)> has failed for 11 times in a row, putting on 30 second timeout
[2026-03-24T14:55:10.764+0000] {_transport.py:415} WARNING - Retrying request after failure (attempt 2 of 3)
Traceback (most recent call last):
  File "/home/airflow/.local/lib/python3.12/site-packages/elastic_transport/_transport.py", line 342, in perform_request
    resp = node.perform_request(
           ^^^^^^^^^^^^^^^^^^^^^
  File "/home/airflow/.local/lib/python3.12/site-packages/elastic_transport/_node/_http_urllib3.py", line 202, in perform_request
    raise err from None
elastic_transport.ConnectionError: Connection error caused by: NewConnectionError(<urllib3.connection.HTTPConnection object at 0x71548e324f20>: Failed to establish a new connection: [Errno 111] Connection refused)
[2026-03-24T14:55:10.766+0000] {_transport.py:372} INFO - POST http://elasticsearch:9200/sensor_data/_doc [status:N/A duration:0.001s]
[2026-03-24T14:55:10.766+0000] {_node_pool.py:249} WARNING - Node <Urllib3HttpNode(http://elasticsearch:9200)> has failed for 12 times in a row, putting on 30 second timeout
[2026-03-24T14:55:10.767+0000] {sensor_airflow_consumer.py:39} ERROR - Failed to index data: Connection error caused by: ConnectionError(Connection error caused by: NewConnectionError(<urllib3.connection.HTTPConnection object at 0x71548e324b30>: Failed to establish a new connection: [Errno 111] Connection refused))
Traceback (most recent call last):
  File "/opt/airflow/dags/sensor_airflow_consumer.py", line 35, in index_to_elasticsearch
    es.index(index='sensor_data', document=document)
  File "/home/airflow/.local/lib/python3.12/site-packages/elasticsearch/_sync/client/utils.py", line 446, in wrapped
    return api(*args, **kwargs)
           ^^^^^^^^^^^^^^^^^^^^
  File "/home/airflow/.local/lib/python3.12/site-packages/elasticsearch/_sync/client/__init__.py", line 2428, in index
    return self.perform_request(  # type: ignore[return-value]
           ^^^^^^^^^^^^^^^^^^^^^^^^^^^^^^^^^^^^^^^^^^^^^^^^^^^
  File "/home/airflow/.local/lib/python3.12/site-packages/elasticsearch/_sync/client/_base.py", line 271, in perform_request
    response = self._perform_request(
               ^^^^^^^^^^^^^^^^^^^^^^
  File "/home/airflow/.local/lib/python3.12/site-packages/elasticsearch/_sync/client/_base.py", line 316, in _perform_request
    meta, resp_body = self.transport.perform_request(
                      ^^^^^^^^^^^^^^^^^^^^^^^^^^^^^^^
  File "/home/airflow/.local/lib/python3.12/site-packages/elastic_transport/_transport.py", line 342, in perform_request
    resp = node.perform_request(
           ^^^^^^^^^^^^^^^^^^^^^
  File "/home/airflow/.local/lib/python3.12/site-packages/elastic_transport/_node/_http_urllib3.py", line 202, in perform_request
    raise err from None
elastic_transport.ConnectionError: Connection error caused by: ConnectionError(Connection error caused by: NewConnectionError(<urllib3.connection.HTTPConnection object at 0x71548e324b30>: Failed to establish a new connection: [Errno 111] Connection refused))
[2026-03-24T14:55:10.768+0000] {sensor_airflow_consumer.py:66} INFO - Indexed to Elasticsearch: {'machine_id': 3, 'temperature': 76.23, 'vibration': 0.37, 'pressure': 160.65, 'rpm': 3717, 'timestamp': '2026-03-24T14:51:31.717321'}
[2026-03-24T14:55:10.770+0000] {_transport.py:372} INFO - POST http://elasticsearch:9200/sensor_data/_doc [status:N/A duration:0.002s]
[2026-03-24T14:55:10.770+0000] {_node_pool.py:249} WARNING - Node <Urllib3HttpNode(http://elasticsearch:9200)> has failed for 13 times in a row, putting on 30 second timeout
[2026-03-24T14:55:10.771+0000] {_transport.py:415} WARNING - Retrying request after failure (attempt 0 of 3)
Traceback (most recent call last):
  File "/home/airflow/.local/lib/python3.12/site-packages/elastic_transport/_transport.py", line 342, in perform_request
    resp = node.perform_request(
           ^^^^^^^^^^^^^^^^^^^^^
  File "/home/airflow/.local/lib/python3.12/site-packages/elastic_transport/_node/_http_urllib3.py", line 202, in perform_request
    raise err from None
elastic_transport.ConnectionError: Connection error caused by: NewConnectionError(<urllib3.connection.HTTPConnection object at 0x71548e325bb0>: Failed to establish a new connection: [Errno 111] Connection refused)
[2026-03-24T14:55:10.773+0000] {_transport.py:372} INFO - POST http://elasticsearch:9200/sensor_data/_doc [status:N/A duration:0.002s]
[2026-03-24T14:55:10.774+0000] {_node_pool.py:249} WARNING - Node <Urllib3HttpNode(http://elasticsearch:9200)> has failed for 14 times in a row, putting on 30 second timeout
[2026-03-24T14:55:10.774+0000] {_transport.py:415} WARNING - Retrying request after failure (attempt 1 of 3)
Traceback (most recent call last):
  File "/home/airflow/.local/lib/python3.12/site-packages/elastic_transport/_transport.py", line 342, in perform_request
    resp = node.perform_request(
           ^^^^^^^^^^^^^^^^^^^^^
  File "/home/airflow/.local/lib/python3.12/site-packages/elastic_transport/_node/_http_urllib3.py", line 202, in perform_request
    raise err from None
elastic_transport.ConnectionError: Connection error caused by: NewConnectionError(<urllib3.connection.HTTPConnection object at 0x71548e325ac0>: Failed to establish a new connection: [Errno 111] Connection refused)
[2026-03-24T14:55:10.776+0000] {_transport.py:372} INFO - POST http://elasticsearch:9200/sensor_data/_doc [status:N/A duration:0.002s]
[2026-03-24T14:55:10.777+0000] {_node_pool.py:249} WARNING - Node <Urllib3HttpNode(http://elasticsearch:9200)> has failed for 15 times in a row, putting on 30 second timeout
[2026-03-24T14:55:10.778+0000] {_transport.py:415} WARNING - Retrying request after failure (attempt 2 of 3)
Traceback (most recent call last):
  File "/home/airflow/.local/lib/python3.12/site-packages/elastic_transport/_transport.py", line 342, in perform_request
    resp = node.perform_request(
           ^^^^^^^^^^^^^^^^^^^^^
  File "/home/airflow/.local/lib/python3.12/site-packages/elastic_transport/_node/_http_urllib3.py", line 202, in perform_request
    raise err from None
elastic_transport.ConnectionError: Connection error caused by: NewConnectionError(<urllib3.connection.HTTPConnection object at 0x71548e3261b0>: Failed to establish a new connection: [Errno 111] Connection refused)
[2026-03-24T14:55:10.780+0000] {_transport.py:372} INFO - POST http://elasticsearch:9200/sensor_data/_doc [status:N/A duration:0.002s]
[2026-03-24T14:55:10.781+0000] {_node_pool.py:249} WARNING - Node <Urllib3HttpNode(http://elasticsearch:9200)> has failed for 16 times in a row, putting on 30 second timeout
[2026-03-24T14:55:10.781+0000] {sensor_airflow_consumer.py:39} ERROR - Failed to index data: Connection error caused by: ConnectionError(Connection error caused by: NewConnectionError(<urllib3.connection.HTTPConnection object at 0x71548e325bb0>: Failed to establish a new connection: [Errno 111] Connection refused))
Traceback (most recent call last):
  File "/opt/airflow/dags/sensor_airflow_consumer.py", line 35, in index_to_elasticsearch
    es.index(index='sensor_data', document=document)
  File "/home/airflow/.local/lib/python3.12/site-packages/elasticsearch/_sync/client/utils.py", line 446, in wrapped
    return api(*args, **kwargs)
           ^^^^^^^^^^^^^^^^^^^^
  File "/home/airflow/.local/lib/python3.12/site-packages/elasticsearch/_sync/client/__init__.py", line 2428, in index
    return self.perform_request(  # type: ignore[return-value]
           ^^^^^^^^^^^^^^^^^^^^^^^^^^^^^^^^^^^^^^^^^^^^^^^^^^^
  File "/home/airflow/.local/lib/python3.12/site-packages/elasticsearch/_sync/client/_base.py", line 271, in perform_request
    response = self._perform_request(
               ^^^^^^^^^^^^^^^^^^^^^^
  File "/home/airflow/.local/lib/python3.12/site-packages/elasticsearch/_sync/client/_base.py", line 316, in _perform_request
    meta, resp_body = self.transport.perform_request(
                      ^^^^^^^^^^^^^^^^^^^^^^^^^^^^^^^
  File "/home/airflow/.local/lib/python3.12/site-packages/elastic_transport/_transport.py", line 342, in perform_request
    resp = node.perform_request(
           ^^^^^^^^^^^^^^^^^^^^^
  File "/home/airflow/.local/lib/python3.12/site-packages/elastic_transport/_node/_http_urllib3.py", line 202, in perform_request
    raise err from None
elastic_transport.ConnectionError: Connection error caused by: ConnectionError(Connection error caused by: NewConnectionError(<urllib3.connection.HTTPConnection object at 0x71548e325bb0>: Failed to establish a new connection: [Errno 111] Connection refused))
[2026-03-24T14:55:10.782+0000] {sensor_airflow_consumer.py:66} INFO - Indexed to Elasticsearch: {'machine_id': 4, 'temperature': 67.35, 'vibration': 0.46, 'pressure': 154.02, 'rpm': 3307, 'timestamp': '2026-03-24T14:51:31.719114'}
[2026-03-24T14:55:10.785+0000] {_transport.py:372} INFO - POST http://elasticsearch:9200/sensor_data/_doc [status:N/A duration:0.001s]
[2026-03-24T14:55:10.785+0000] {_node_pool.py:249} WARNING - Node <Urllib3HttpNode(http://elasticsearch:9200)> has failed for 17 times in a row, putting on 30 second timeout
[2026-03-24T14:55:10.785+0000] {_transport.py:415} WARNING - Retrying request after failure (attempt 0 of 3)
Traceback (most recent call last):
  File "/home/airflow/.local/lib/python3.12/site-packages/elastic_transport/_transport.py", line 342, in perform_request
    resp = node.perform_request(
           ^^^^^^^^^^^^^^^^^^^^^
  File "/home/airflow/.local/lib/python3.12/site-packages/elastic_transport/_node/_http_urllib3.py", line 202, in perform_request
    raise err from None
elastic_transport.ConnectionError: Connection error caused by: NewConnectionError(<urllib3.connection.HTTPConnection object at 0x71548e324d40>: Failed to establish a new connection: [Errno 111] Connection refused)
[2026-03-24T14:55:10.787+0000] {_transport.py:372} INFO - POST http://elasticsearch:9200/sensor_data/_doc [status:N/A duration:0.001s]
[2026-03-24T14:55:10.788+0000] {_node_pool.py:249} WARNING - Node <Urllib3HttpNode(http://elasticsearch:9200)> has failed for 18 times in a row, putting on 30 second timeout
[2026-03-24T14:55:10.788+0000] {_transport.py:415} WARNING - Retrying request after failure (attempt 1 of 3)
Traceback (most recent call last):
  File "/home/airflow/.local/lib/python3.12/site-packages/elastic_transport/_transport.py", line 342, in perform_request
    resp = node.perform_request(
           ^^^^^^^^^^^^^^^^^^^^^
  File "/home/airflow/.local/lib/python3.12/site-packages/elastic_transport/_node/_http_urllib3.py", line 202, in perform_request
    raise err from None
elastic_transport.ConnectionError: Connection error caused by: NewConnectionError(<urllib3.connection.HTTPConnection object at 0x71548e325070>: Failed to establish a new connection: [Errno 111] Connection refused)
[2026-03-24T14:55:10.791+0000] {_transport.py:372} INFO - POST http://elasticsearch:9200/sensor_data/_doc [status:N/A duration:0.001s]
[2026-03-24T14:55:10.792+0000] {_node_pool.py:249} WARNING - Node <Urllib3HttpNode(http://elasticsearch:9200)> has failed for 19 times in a row, putting on 30 second timeout
[2026-03-24T14:55:10.792+0000] {_transport.py:415} WARNING - Retrying request after failure (attempt 2 of 3)
Traceback (most recent call last):
  File "/home/airflow/.local/lib/python3.12/site-packages/elastic_transport/_transport.py", line 342, in perform_request
    resp = node.perform_request(
           ^^^^^^^^^^^^^^^^^^^^^
  File "/home/airflow/.local/lib/python3.12/site-packages/elastic_transport/_node/_http_urllib3.py", line 202, in perform_request
    raise err from None
elastic_transport.ConnectionError: Connection error caused by: NewConnectionError(<urllib3.connection.HTTPConnection object at 0x71548e325190>: Failed to establish a new connection: [Errno 111] Connection refused)
[2026-03-24T14:55:10.794+0000] {_transport.py:372} INFO - POST http://elasticsearch:9200/sensor_data/_doc [status:N/A duration:0.001s]
[2026-03-24T14:55:10.794+0000] {_node_pool.py:249} WARNING - Node <Urllib3HttpNode(http://elasticsearch:9200)> has failed for 20 times in a row, putting on 30 second timeout
[2026-03-24T14:55:10.795+0000] {sensor_airflow_consumer.py:39} ERROR - Failed to index data: Connection error caused by: ConnectionError(Connection error caused by: NewConnectionError(<urllib3.connection.HTTPConnection object at 0x71548e324d40>: Failed to establish a new connection: [Errno 111] Connection refused))
Traceback (most recent call last):
  File "/opt/airflow/dags/sensor_airflow_consumer.py", line 35, in index_to_elasticsearch
    es.index(index='sensor_data', document=document)
  File "/home/airflow/.local/lib/python3.12/site-packages/elasticsearch/_sync/client/utils.py", line 446, in wrapped
    return api(*args, **kwargs)
           ^^^^^^^^^^^^^^^^^^^^
  File "/home/airflow/.local/lib/python3.12/site-packages/elasticsearch/_sync/client/__init__.py", line 2428, in index
    return self.perform_request(  # type: ignore[return-value]
           ^^^^^^^^^^^^^^^^^^^^^^^^^^^^^^^^^^^^^^^^^^^^^^^^^^^
  File "/home/airflow/.local/lib/python3.12/site-packages/elasticsearch/_sync/client/_base.py", line 271, in perform_request
    response = self._perform_request(
               ^^^^^^^^^^^^^^^^^^^^^^
  File "/home/airflow/.local/lib/python3.12/site-packages/elasticsearch/_sync/client/_base.py", line 316, in _perform_request
    meta, resp_body = self.transport.perform_request(
                      ^^^^^^^^^^^^^^^^^^^^^^^^^^^^^^^
  File "/home/airflow/.local/lib/python3.12/site-packages/elastic_transport/_transport.py", line 342, in perform_request
    resp = node.perform_request(
           ^^^^^^^^^^^^^^^^^^^^^
  File "/home/airflow/.local/lib/python3.12/site-packages/elastic_transport/_node/_http_urllib3.py", line 202, in perform_request
    raise err from None
elastic_transport.ConnectionError: Connection error caused by: ConnectionError(Connection error caused by: NewConnectionError(<urllib3.connection.HTTPConnection object at 0x71548e324d40>: Failed to establish a new connection: [Errno 111] Connection refused))
[2026-03-24T14:55:10.796+0000] {sensor_airflow_consumer.py:66} INFO - Indexed to Elasticsearch: {'machine_id': 5, 'temperature': 68.76, 'vibration': 0.72, 'pressure': 153.58, 'rpm': 1741, 'timestamp': '2026-03-24T14:51:31.721961'}
[2026-03-24T14:55:10.799+0000] {_transport.py:372} INFO - POST http://elasticsearch:9200/sensor_data/_doc [status:N/A duration:0.002s]
[2026-03-24T14:55:10.799+0000] {_node_pool.py:249} WARNING - Node <Urllib3HttpNode(http://elasticsearch:9200)> has failed for 21 times in a row, putting on 30 second timeout
[2026-03-24T14:55:10.800+0000] {_transport.py:415} WARNING - Retrying request after failure (attempt 0 of 3)
Traceback (most recent call last):
  File "/home/airflow/.local/lib/python3.12/site-packages/elastic_transport/_transport.py", line 342, in perform_request
    resp = node.perform_request(
           ^^^^^^^^^^^^^^^^^^^^^
  File "/home/airflow/.local/lib/python3.12/site-packages/elastic_transport/_node/_http_urllib3.py", line 202, in perform_request
    raise err from None
elastic_transport.ConnectionError: Connection error caused by: NewConnectionError(<urllib3.connection.HTTPConnection object at 0x71548e326bd0>: Failed to establish a new connection: [Errno 111] Connection refused)
[2026-03-24T14:55:10.803+0000] {_transport.py:372} INFO - POST http://elasticsearch:9200/sensor_data/_doc [status:N/A duration:0.002s]
[2026-03-24T14:55:10.803+0000] {_node_pool.py:249} WARNING - Node <Urllib3HttpNode(http://elasticsearch:9200)> has failed for 22 times in a row, putting on 30 second timeout
[2026-03-24T14:55:10.803+0000] {_transport.py:415} WARNING - Retrying request after failure (attempt 1 of 3)
Traceback (most recent call last):
  File "/home/airflow/.local/lib/python3.12/site-packages/elastic_transport/_transport.py", line 342, in perform_request
    resp = node.perform_request(
           ^^^^^^^^^^^^^^^^^^^^^
  File "/home/airflow/.local/lib/python3.12/site-packages/elastic_transport/_node/_http_urllib3.py", line 202, in perform_request
    raise err from None
elastic_transport.ConnectionError: Connection error caused by: NewConnectionError(<urllib3.connection.HTTPConnection object at 0x71548e327080>: Failed to establish a new connection: [Errno 111] Connection refused)
[2026-03-24T14:55:10.806+0000] {_transport.py:372} INFO - POST http://elasticsearch:9200/sensor_data/_doc [status:N/A duration:0.002s]
[2026-03-24T14:55:10.807+0000] {_node_pool.py:249} WARNING - Node <Urllib3HttpNode(http://elasticsearch:9200)> has failed for 23 times in a row, putting on 30 second timeout
[2026-03-24T14:55:10.807+0000] {_transport.py:415} WARNING - Retrying request after failure (attempt 2 of 3)
Traceback (most recent call last):
  File "/home/airflow/.local/lib/python3.12/site-packages/elastic_transport/_transport.py", line 342, in perform_request
    resp = node.perform_request(
           ^^^^^^^^^^^^^^^^^^^^^
  File "/home/airflow/.local/lib/python3.12/site-packages/elastic_transport/_node/_http_urllib3.py", line 202, in perform_request
    raise err from None
elastic_transport.ConnectionError: Connection error caused by: NewConnectionError(<urllib3.connection.HTTPConnection object at 0x71548e327380>: Failed to establish a new connection: [Errno 111] Connection refused)
[2026-03-24T14:55:10.810+0000] {_transport.py:372} INFO - POST http://elasticsearch:9200/sensor_data/_doc [status:N/A duration:0.002s]
[2026-03-24T14:55:10.810+0000] {_node_pool.py:249} WARNING - Node <Urllib3HttpNode(http://elasticsearch:9200)> has failed for 24 times in a row, putting on 30 second timeout
[2026-03-24T14:55:10.811+0000] {sensor_airflow_consumer.py:39} ERROR - Failed to index data: Connection error caused by: ConnectionError(Connection error caused by: NewConnectionError(<urllib3.connection.HTTPConnection object at 0x71548e326bd0>: Failed to establish a new connection: [Errno 111] Connection refused))
Traceback (most recent call last):
  File "/opt/airflow/dags/sensor_airflow_consumer.py", line 35, in index_to_elasticsearch
    es.index(index='sensor_data', document=document)
  File "/home/airflow/.local/lib/python3.12/site-packages/elasticsearch/_sync/client/utils.py", line 446, in wrapped
    return api(*args, **kwargs)
           ^^^^^^^^^^^^^^^^^^^^
  File "/home/airflow/.local/lib/python3.12/site-packages/elasticsearch/_sync/client/__init__.py", line 2428, in index
    return self.perform_request(  # type: ignore[return-value]
           ^^^^^^^^^^^^^^^^^^^^^^^^^^^^^^^^^^^^^^^^^^^^^^^^^^^
  File "/home/airflow/.local/lib/python3.12/site-packages/elasticsearch/_sync/client/_base.py", line 271, in perform_request
    response = self._perform_request(
               ^^^^^^^^^^^^^^^^^^^^^^
  File "/home/airflow/.local/lib/python3.12/site-packages/elasticsearch/_sync/client/_base.py", line 316, in _perform_request
    meta, resp_body = self.transport.perform_request(
                      ^^^^^^^^^^^^^^^^^^^^^^^^^^^^^^^
  File "/home/airflow/.local/lib/python3.12/site-packages/elastic_transport/_transport.py", line 342, in perform_request
    resp = node.perform_request(
           ^^^^^^^^^^^^^^^^^^^^^
  File "/home/airflow/.local/lib/python3.12/site-packages/elastic_transport/_node/_http_urllib3.py", line 202, in perform_request
    raise err from None
elastic_transport.ConnectionError: Connection error caused by: ConnectionError(Connection error caused by: NewConnectionError(<urllib3.connection.HTTPConnection object at 0x71548e326bd0>: Failed to establish a new connection: [Errno 111] Connection refused))
[2026-03-24T14:55:10.813+0000] {sensor_airflow_consumer.py:66} INFO - Indexed to Elasticsearch: {'machine_id': 1, 'temperature': 70.04, 'vibration': 0.66, 'pressure': 256.54, 'rpm': 1143, 'timestamp': '2026-03-24T14:55:04.280829'}
[2026-03-24T14:55:10.816+0000] {_transport.py:372} INFO - POST http://elasticsearch:9200/sensor_data/_doc [status:N/A duration:0.002s]
[2026-03-24T14:55:10.816+0000] {_node_pool.py:249} WARNING - Node <Urllib3HttpNode(http://elasticsearch:9200)> has failed for 25 times in a row, putting on 30 second timeout
[2026-03-24T14:55:10.816+0000] {_transport.py:415} WARNING - Retrying request after failure (attempt 0 of 3)
Traceback (most recent call last):
  File "/home/airflow/.local/lib/python3.12/site-packages/elastic_transport/_transport.py", line 342, in perform_request
    resp = node.perform_request(
           ^^^^^^^^^^^^^^^^^^^^^
  File "/home/airflow/.local/lib/python3.12/site-packages/elastic_transport/_node/_http_urllib3.py", line 202, in perform_request
    raise err from None
elastic_transport.ConnectionError: Connection error caused by: NewConnectionError(<urllib3.connection.HTTPConnection object at 0x71548e354170>: Failed to establish a new connection: [Errno 111] Connection refused)
[2026-03-24T14:55:10.819+0000] {_transport.py:372} INFO - POST http://elasticsearch:9200/sensor_data/_doc [status:N/A duration:0.001s]
[2026-03-24T14:55:10.819+0000] {_node_pool.py:249} WARNING - Node <Urllib3HttpNode(http://elasticsearch:9200)> has failed for 26 times in a row, putting on 30 second timeout
[2026-03-24T14:55:10.820+0000] {_transport.py:415} WARNING - Retrying request after failure (attempt 1 of 3)
Traceback (most recent call last):
  File "/home/airflow/.local/lib/python3.12/site-packages/elastic_transport/_transport.py", line 342, in perform_request
    resp = node.perform_request(
           ^^^^^^^^^^^^^^^^^^^^^
  File "/home/airflow/.local/lib/python3.12/site-packages/elastic_transport/_node/_http_urllib3.py", line 202, in perform_request
    raise err from None
elastic_transport.ConnectionError: Connection error caused by: NewConnectionError(<urllib3.connection.HTTPConnection object at 0x71548e3544d0>: Failed to establish a new connection: [Errno 111] Connection refused)
[2026-03-24T14:55:10.822+0000] {_transport.py:372} INFO - POST http://elasticsearch:9200/sensor_data/_doc [status:N/A duration:0.002s]
[2026-03-24T14:55:10.823+0000] {_node_pool.py:249} WARNING - Node <Urllib3HttpNode(http://elasticsearch:9200)> has failed for 27 times in a row, putting on 30 second timeout
[2026-03-24T14:55:10.823+0000] {_transport.py:415} WARNING - Retrying request after failure (attempt 2 of 3)
Traceback (most recent call last):
  File "/home/airflow/.local/lib/python3.12/site-packages/elastic_transport/_transport.py", line 342, in perform_request
    resp = node.perform_request(
           ^^^^^^^^^^^^^^^^^^^^^
  File "/home/airflow/.local/lib/python3.12/site-packages/elastic_transport/_node/_http_urllib3.py", line 202, in perform_request
    raise err from None
elastic_transport.ConnectionError: Connection error caused by: NewConnectionError(<urllib3.connection.HTTPConnection object at 0x71548e27da00>: Failed to establish a new connection: [Errno 111] Connection refused)
[2026-03-24T14:55:10.827+0000] {_transport.py:372} INFO - POST http://elasticsearch:9200/sensor_data/_doc [status:N/A duration:0.003s]
[2026-03-24T14:55:10.828+0000] {_node_pool.py:249} WARNING - Node <Urllib3HttpNode(http://elasticsearch:9200)> has failed for 28 times in a row, putting on 30 second timeout
[2026-03-24T14:55:10.829+0000] {sensor_airflow_consumer.py:39} ERROR - Failed to index data: Connection error caused by: ConnectionError(Connection error caused by: NewConnectionError(<urllib3.connection.HTTPConnection object at 0x71548e354170>: Failed to establish a new connection: [Errno 111] Connection refused))
Traceback (most recent call last):
  File "/opt/airflow/dags/sensor_airflow_consumer.py", line 35, in index_to_elasticsearch
    es.index(index='sensor_data', document=document)
  File "/home/airflow/.local/lib/python3.12/site-packages/elasticsearch/_sync/client/utils.py", line 446, in wrapped
    return api(*args, **kwargs)
           ^^^^^^^^^^^^^^^^^^^^
  File "/home/airflow/.local/lib/python3.12/site-packages/elasticsearch/_sync/client/__init__.py", line 2428, in index
    return self.perform_request(  # type: ignore[return-value]
           ^^^^^^^^^^^^^^^^^^^^^^^^^^^^^^^^^^^^^^^^^^^^^^^^^^^
  File "/home/airflow/.local/lib/python3.12/site-packages/elasticsearch/_sync/client/_base.py", line 271, in perform_request
    response = self._perform_request(
               ^^^^^^^^^^^^^^^^^^^^^^
  File "/home/airflow/.local/lib/python3.12/site-packages/elasticsearch/_sync/client/_base.py", line 316, in _perform_request
    meta, resp_body = self.transport.perform_request(
                      ^^^^^^^^^^^^^^^^^^^^^^^^^^^^^^^
  File "/home/airflow/.local/lib/python3.12/site-packages/elastic_transport/_transport.py", line 342, in perform_request
    resp = node.perform_request(
           ^^^^^^^^^^^^^^^^^^^^^
  File "/home/airflow/.local/lib/python3.12/site-packages/elastic_transport/_node/_http_urllib3.py", line 202, in perform_request
    raise err from None
elastic_transport.ConnectionError: Connection error caused by: ConnectionError(Connection error caused by: NewConnectionError(<urllib3.connection.HTTPConnection object at 0x71548e354170>: Failed to establish a new connection: [Errno 111] Connection refused))
[2026-03-24T14:55:10.831+0000] {sensor_airflow_consumer.py:66} INFO - Indexed to Elasticsearch: {'machine_id': 2, 'temperature': 74.59, 'vibration': 1.16, 'pressure': 254.81, 'rpm': 2809, 'timestamp': '2026-03-24T14:55:04.387900'}
[2026-03-24T14:55:10.835+0000] {_transport.py:372} INFO - POST http://elasticsearch:9200/sensor_data/_doc [status:N/A duration:0.003s]
[2026-03-24T14:55:10.836+0000] {_node_pool.py:249} WARNING - Node <Urllib3HttpNode(http://elasticsearch:9200)> has failed for 29 times in a row, putting on 30 second timeout
[2026-03-24T14:55:10.836+0000] {_transport.py:415} WARNING - Retrying request after failure (attempt 0 of 3)
Traceback (most recent call last):
  File "/home/airflow/.local/lib/python3.12/site-packages/elastic_transport/_transport.py", line 342, in perform_request
    resp = node.perform_request(
           ^^^^^^^^^^^^^^^^^^^^^
  File "/home/airflow/.local/lib/python3.12/site-packages/elastic_transport/_node/_http_urllib3.py", line 202, in perform_request
    raise err from None
elastic_transport.ConnectionError: Connection error caused by: NewConnectionError(<urllib3.connection.HTTPConnection object at 0x71548e326b10>: Failed to establish a new connection: [Errno 111] Connection refused)
[2026-03-24T14:55:10.839+0000] {_transport.py:372} INFO - POST http://elasticsearch:9200/sensor_data/_doc [status:N/A duration:0.002s]
[2026-03-24T14:55:10.840+0000] {_node_pool.py:249} WARNING - Node <Urllib3HttpNode(http://elasticsearch:9200)> has failed for 30 times in a row, putting on 30 second timeout
[2026-03-24T14:55:10.841+0000] {_transport.py:415} WARNING - Retrying request after failure (attempt 1 of 3)
Traceback (most recent call last):
  File "/home/airflow/.local/lib/python3.12/site-packages/elastic_transport/_transport.py", line 342, in perform_request
    resp = node.perform_request(
           ^^^^^^^^^^^^^^^^^^^^^
  File "/home/airflow/.local/lib/python3.12/site-packages/elastic_transport/_node/_http_urllib3.py", line 202, in perform_request
    raise err from None
elastic_transport.ConnectionError: Connection error caused by: NewConnectionError(<urllib3.connection.HTTPConnection object at 0x71548e3267e0>: Failed to establish a new connection: [Errno 111] Connection refused)
[2026-03-24T14:55:10.844+0000] {_transport.py:372} INFO - POST http://elasticsearch:9200/sensor_data/_doc [status:N/A duration:0.002s]
[2026-03-24T14:55:10.845+0000] {_node_pool.py:249} WARNING - Node <Urllib3HttpNode(http://elasticsearch:9200)> has failed for 31 times in a row, putting on 30 second timeout
[2026-03-24T14:55:10.845+0000] {_transport.py:415} WARNING - Retrying request after failure (attempt 2 of 3)
Traceback (most recent call last):
  File "/home/airflow/.local/lib/python3.12/site-packages/elastic_transport/_transport.py", line 342, in perform_request
    resp = node.perform_request(
           ^^^^^^^^^^^^^^^^^^^^^
  File "/home/airflow/.local/lib/python3.12/site-packages/elastic_transport/_node/_http_urllib3.py", line 202, in perform_request
    raise err from None
elastic_transport.ConnectionError: Connection error caused by: NewConnectionError(<urllib3.connection.HTTPConnection object at 0x71548e325010>: Failed to establish a new connection: [Errno 111] Connection refused)
[2026-03-24T14:55:10.850+0000] {_transport.py:372} INFO - POST http://elasticsearch:9200/sensor_data/_doc [status:N/A duration:0.003s]
[2026-03-24T14:55:10.851+0000] {_node_pool.py:249} WARNING - Node <Urllib3HttpNode(http://elasticsearch:9200)> has failed for 32 times in a row, putting on 30 second timeout
[2026-03-24T14:55:10.852+0000] {sensor_airflow_consumer.py:39} ERROR - Failed to index data: Connection error caused by: ConnectionError(Connection error caused by: NewConnectionError(<urllib3.connection.HTTPConnection object at 0x71548e326b10>: Failed to establish a new connection: [Errno 111] Connection refused))
Traceback (most recent call last):
  File "/opt/airflow/dags/sensor_airflow_consumer.py", line 35, in index_to_elasticsearch
    es.index(index='sensor_data', document=document)
  File "/home/airflow/.local/lib/python3.12/site-packages/elasticsearch/_sync/client/utils.py", line 446, in wrapped
    return api(*args, **kwargs)
           ^^^^^^^^^^^^^^^^^^^^
  File "/home/airflow/.local/lib/python3.12/site-packages/elasticsearch/_sync/client/__init__.py", line 2428, in index
    return self.perform_request(  # type: ignore[return-value]
           ^^^^^^^^^^^^^^^^^^^^^^^^^^^^^^^^^^^^^^^^^^^^^^^^^^^
  File "/home/airflow/.local/lib/python3.12/site-packages/elasticsearch/_sync/client/_base.py", line 271, in perform_request
    response = self._perform_request(
               ^^^^^^^^^^^^^^^^^^^^^^
  File "/home/airflow/.local/lib/python3.12/site-packages/elasticsearch/_sync/client/_base.py", line 316, in _perform_request
    meta, resp_body = self.transport.perform_request(
                      ^^^^^^^^^^^^^^^^^^^^^^^^^^^^^^^
  File "/home/airflow/.local/lib/python3.12/site-packages/elastic_transport/_transport.py", line 342, in perform_request
    resp = node.perform_request(
           ^^^^^^^^^^^^^^^^^^^^^
  File "/home/airflow/.local/lib/python3.12/site-packages/elastic_transport/_node/_http_urllib3.py", line 202, in perform_request
    raise err from None
elastic_transport.ConnectionError: Connection error caused by: ConnectionError(Connection error caused by: NewConnectionError(<urllib3.connection.HTTPConnection object at 0x71548e326b10>: Failed to establish a new connection: [Errno 111] Connection refused))
[2026-03-24T14:55:10.854+0000] {sensor_airflow_consumer.py:66} INFO - Indexed to Elasticsearch: {'machine_id': 3, 'temperature': 72.78, 'vibration': 0.61, 'pressure': 113.02, 'rpm': 1832, 'timestamp': '2026-03-24T14:55:04.389246'}
[2026-03-24T14:55:10.857+0000] {_transport.py:372} INFO - POST http://elasticsearch:9200/sensor_data/_doc [status:N/A duration:0.002s]
[2026-03-24T14:55:10.857+0000] {_node_pool.py:249} WARNING - Node <Urllib3HttpNode(http://elasticsearch:9200)> has failed for 33 times in a row, putting on 30 second timeout
[2026-03-24T14:55:10.858+0000] {_transport.py:415} WARNING - Retrying request after failure (attempt 0 of 3)
Traceback (most recent call last):
  File "/home/airflow/.local/lib/python3.12/site-packages/elastic_transport/_transport.py", line 342, in perform_request
    resp = node.perform_request(
           ^^^^^^^^^^^^^^^^^^^^^
  File "/home/airflow/.local/lib/python3.12/site-packages/elastic_transport/_node/_http_urllib3.py", line 202, in perform_request
    raise err from None
elastic_transport.ConnectionError: Connection error caused by: NewConnectionError(<urllib3.connection.HTTPConnection object at 0x71548e354740>: Failed to establish a new connection: [Errno 111] Connection refused)
[2026-03-24T14:55:10.861+0000] {_transport.py:372} INFO - POST http://elasticsearch:9200/sensor_data/_doc [status:N/A duration:0.002s]
[2026-03-24T14:55:10.861+0000] {_node_pool.py:249} WARNING - Node <Urllib3HttpNode(http://elasticsearch:9200)> has failed for 34 times in a row, putting on 30 second timeout
[2026-03-24T14:55:10.862+0000] {_transport.py:415} WARNING - Retrying request after failure (attempt 1 of 3)
Traceback (most recent call last):
  File "/home/airflow/.local/lib/python3.12/site-packages/elastic_transport/_transport.py", line 342, in perform_request
    resp = node.perform_request(
           ^^^^^^^^^^^^^^^^^^^^^
  File "/home/airflow/.local/lib/python3.12/site-packages/elastic_transport/_node/_http_urllib3.py", line 202, in perform_request
    raise err from None
elastic_transport.ConnectionError: Connection error caused by: NewConnectionError(<urllib3.connection.HTTPConnection object at 0x71548e3549b0>: Failed to establish a new connection: [Errno 111] Connection refused)
[2026-03-24T14:55:10.866+0000] {_transport.py:372} INFO - POST http://elasticsearch:9200/sensor_data/_doc [status:N/A duration:0.004s]
[2026-03-24T14:55:10.867+0000] {_node_pool.py:249} WARNING - Node <Urllib3HttpNode(http://elasticsearch:9200)> has failed for 35 times in a row, putting on 30 second timeout
[2026-03-24T14:55:10.868+0000] {_transport.py:415} WARNING - Retrying request after failure (attempt 2 of 3)
Traceback (most recent call last):
  File "/home/airflow/.local/lib/python3.12/site-packages/elastic_transport/_transport.py", line 342, in perform_request
    resp = node.perform_request(
           ^^^^^^^^^^^^^^^^^^^^^
  File "/home/airflow/.local/lib/python3.12/site-packages/elastic_transport/_node/_http_urllib3.py", line 202, in perform_request
    raise err from None
elastic_transport.ConnectionError: Connection error caused by: NewConnectionError(<urllib3.connection.HTTPConnection object at 0x71548e354b90>: Failed to establish a new connection: [Errno 111] Connection refused)
[2026-03-24T14:55:10.871+0000] {_transport.py:372} INFO - POST http://elasticsearch:9200/sensor_data/_doc [status:N/A duration:0.002s]
[2026-03-24T14:55:10.871+0000] {_node_pool.py:249} WARNING - Node <Urllib3HttpNode(http://elasticsearch:9200)> has failed for 36 times in a row, putting on 30 second timeout
[2026-03-24T14:55:10.871+0000] {sensor_airflow_consumer.py:39} ERROR - Failed to index data: Connection error caused by: ConnectionError(Connection error caused by: NewConnectionError(<urllib3.connection.HTTPConnection object at 0x71548e354740>: Failed to establish a new connection: [Errno 111] Connection refused))
Traceback (most recent call last):
  File "/opt/airflow/dags/sensor_airflow_consumer.py", line 35, in index_to_elasticsearch
    es.index(index='sensor_data', document=document)
  File "/home/airflow/.local/lib/python3.12/site-packages/elasticsearch/_sync/client/utils.py", line 446, in wrapped
    return api(*args, **kwargs)
           ^^^^^^^^^^^^^^^^^^^^
  File "/home/airflow/.local/lib/python3.12/site-packages/elasticsearch/_sync/client/__init__.py", line 2428, in index
    return self.perform_request(  # type: ignore[return-value]
           ^^^^^^^^^^^^^^^^^^^^^^^^^^^^^^^^^^^^^^^^^^^^^^^^^^^
  File "/home/airflow/.local/lib/python3.12/site-packages/elasticsearch/_sync/client/_base.py", line 271, in perform_request
    response = self._perform_request(
               ^^^^^^^^^^^^^^^^^^^^^^
  File "/home/airflow/.local/lib/python3.12/site-packages/elasticsearch/_sync/client/_base.py", line 316, in _perform_request
    meta, resp_body = self.transport.perform_request(
                      ^^^^^^^^^^^^^^^^^^^^^^^^^^^^^^^
  File "/home/airflow/.local/lib/python3.12/site-packages/elastic_transport/_transport.py", line 342, in perform_request
    resp = node.perform_request(
           ^^^^^^^^^^^^^^^^^^^^^
  File "/home/airflow/.local/lib/python3.12/site-packages/elastic_transport/_node/_http_urllib3.py", line 202, in perform_request
    raise err from None
elastic_transport.ConnectionError: Connection error caused by: ConnectionError(Connection error caused by: NewConnectionError(<urllib3.connection.HTTPConnection object at 0x71548e354740>: Failed to establish a new connection: [Errno 111] Connection refused))
[2026-03-24T14:55:10.874+0000] {sensor_airflow_consumer.py:66} INFO - Indexed to Elasticsearch: {'machine_id': 4, 'temperature': 63.14, 'vibration': 0.5, 'pressure': 138.41, 'rpm': 2456, 'timestamp': '2026-03-24T14:55:04.390443'}
[2026-03-24T14:55:10.878+0000] {_transport.py:372} INFO - POST http://elasticsearch:9200/sensor_data/_doc [status:N/A duration:0.003s]
[2026-03-24T14:55:10.879+0000] {_node_pool.py:249} WARNING - Node <Urllib3HttpNode(http://elasticsearch:9200)> has failed for 37 times in a row, putting on 30 second timeout
[2026-03-24T14:55:10.880+0000] {_transport.py:415} WARNING - Retrying request after failure (attempt 0 of 3)
Traceback (most recent call last):
  File "/home/airflow/.local/lib/python3.12/site-packages/elastic_transport/_transport.py", line 342, in perform_request
    resp = node.perform_request(
           ^^^^^^^^^^^^^^^^^^^^^
  File "/home/airflow/.local/lib/python3.12/site-packages/elastic_transport/_node/_http_urllib3.py", line 202, in perform_request
    raise err from None
elastic_transport.ConnectionError: Connection error caused by: NewConnectionError(<urllib3.connection.HTTPConnection object at 0x71548e355490>: Failed to establish a new connection: [Errno 111] Connection refused)
[2026-03-24T14:55:10.884+0000] {_transport.py:372} INFO - POST http://elasticsearch:9200/sensor_data/_doc [status:N/A duration:0.002s]
[2026-03-24T14:55:10.884+0000] {_node_pool.py:249} WARNING - Node <Urllib3HttpNode(http://elasticsearch:9200)> has failed for 38 times in a row, putting on 30 second timeout
[2026-03-24T14:55:10.885+0000] {_transport.py:415} WARNING - Retrying request after failure (attempt 1 of 3)
Traceback (most recent call last):
  File "/home/airflow/.local/lib/python3.12/site-packages/elastic_transport/_transport.py", line 342, in perform_request
    resp = node.perform_request(
           ^^^^^^^^^^^^^^^^^^^^^
  File "/home/airflow/.local/lib/python3.12/site-packages/elastic_transport/_node/_http_urllib3.py", line 202, in perform_request
    raise err from None
elastic_transport.ConnectionError: Connection error caused by: NewConnectionError(<urllib3.connection.HTTPConnection object at 0x71548e3255b0>: Failed to establish a new connection: [Errno 111] Connection refused)
[2026-03-24T14:55:10.889+0000] {_transport.py:372} INFO - POST http://elasticsearch:9200/sensor_data/_doc [status:N/A duration:0.002s]
[2026-03-24T14:55:10.890+0000] {_node_pool.py:249} WARNING - Node <Urllib3HttpNode(http://elasticsearch:9200)> has failed for 39 times in a row, putting on 30 second timeout
[2026-03-24T14:55:10.890+0000] {_transport.py:415} WARNING - Retrying request after failure (attempt 2 of 3)
Traceback (most recent call last):
  File "/home/airflow/.local/lib/python3.12/site-packages/elastic_transport/_transport.py", line 342, in perform_request
    resp = node.perform_request(
           ^^^^^^^^^^^^^^^^^^^^^
  File "/home/airflow/.local/lib/python3.12/site-packages/elastic_transport/_node/_http_urllib3.py", line 202, in perform_request
    raise err from None
elastic_transport.ConnectionError: Connection error caused by: NewConnectionError(<urllib3.connection.HTTPConnection object at 0x71548e3250d0>: Failed to establish a new connection: [Errno 111] Connection refused)
[2026-03-24T14:55:10.893+0000] {_transport.py:372} INFO - POST http://elasticsearch:9200/sensor_data/_doc [status:N/A duration:0.002s]
[2026-03-24T14:55:10.894+0000] {_node_pool.py:249} WARNING - Node <Urllib3HttpNode(http://elasticsearch:9200)> has failed for 40 times in a row, putting on 30 second timeout
[2026-03-24T14:55:10.894+0000] {sensor_airflow_consumer.py:39} ERROR - Failed to index data: Connection error caused by: ConnectionError(Connection error caused by: NewConnectionError(<urllib3.connection.HTTPConnection object at 0x71548e355490>: Failed to establish a new connection: [Errno 111] Connection refused))
Traceback (most recent call last):
  File "/opt/airflow/dags/sensor_airflow_consumer.py", line 35, in index_to_elasticsearch
    es.index(index='sensor_data', document=document)
  File "/home/airflow/.local/lib/python3.12/site-packages/elasticsearch/_sync/client/utils.py", line 446, in wrapped
    return api(*args, **kwargs)
           ^^^^^^^^^^^^^^^^^^^^
  File "/home/airflow/.local/lib/python3.12/site-packages/elasticsearch/_sync/client/__init__.py", line 2428, in index
    return self.perform_request(  # type: ignore[return-value]
           ^^^^^^^^^^^^^^^^^^^^^^^^^^^^^^^^^^^^^^^^^^^^^^^^^^^
  File "/home/airflow/.local/lib/python3.12/site-packages/elasticsearch/_sync/client/_base.py", line 271, in perform_request
    response = self._perform_request(
               ^^^^^^^^^^^^^^^^^^^^^^
  File "/home/airflow/.local/lib/python3.12/site-packages/elasticsearch/_sync/client/_base.py", line 316, in _perform_request
    meta, resp_body = self.transport.perform_request(
                      ^^^^^^^^^^^^^^^^^^^^^^^^^^^^^^^
  File "/home/airflow/.local/lib/python3.12/site-packages/elastic_transport/_transport.py", line 342, in perform_request
    resp = node.perform_request(
           ^^^^^^^^^^^^^^^^^^^^^
  File "/home/airflow/.local/lib/python3.12/site-packages/elastic_transport/_node/_http_urllib3.py", line 202, in perform_request
    raise err from None
elastic_transport.ConnectionError: Connection error caused by: ConnectionError(Connection error caused by: NewConnectionError(<urllib3.connection.HTTPConnection object at 0x71548e355490>: Failed to establish a new connection: [Errno 111] Connection refused))
[2026-03-24T14:55:10.895+0000] {sensor_airflow_consumer.py:66} INFO - Indexed to Elasticsearch: {'machine_id': 5, 'temperature': 64.55, 'vibration': 0.44, 'pressure': 138.07, 'rpm': 3039, 'timestamp': '2026-03-24T14:55:04.390957'}
[2026-03-24T14:55:15.058+0000] {base.py:1130} INFO - Stopping heartbeat thread
[2026-03-24T14:55:15.059+0000] {base.py:943} INFO - Leaving consumer group sensor-group (member kafka-python-2.3.0-61b24730-92b2-4ae2-841e-b3d48ea905ea).
[2026-03-24T14:55:15.066+0000] {base.py:961} INFO - LeaveGroup request for group sensor-group returned successfully
[2026-03-24T14:55:15.067+0000] {conn.py:951} INFO - <BrokerConnection client_id=kafka-python-2.3.0, node_id=1 host=broker:9092 <connected> [IPv4 ('172.18.0.3', 9092)]>: Closing connection. 
[2026-03-24T14:55:15.068+0000] {conn.py:951} INFO - <BrokerConnection client_id=kafka-python-2.3.0, node_id=coordinator-1 host=broker:9092 <connected> [IPv4 ('172.18.0.3', 9092)]>: Closing connection. 
[2026-03-24T14:55:15.068+0000] {sensor_airflow_consumer.py:73} INFO - Kafka consumer closed. Processed 10 messages.
[2026-03-24T14:55:15.069+0000] {python.py:240} INFO - Done. Returned value was: None
[2026-03-24T14:55:15.087+0000] {taskinstance.py:340} INFO - ::group::Post task execution logs
[2026-03-24T14:55:15.088+0000] {taskinstance.py:352} INFO - Marking task as SUCCESS. dag_id=sensor_data_consumer, task_id=sensor_data_consumer, run_id=scheduled__2026-03-24T14:50:00+00:00, execution_date=20260324T145000, start_date=20260324T145506, end_date=20260324T145515
[2026-03-24T14:55:15.157+0000] {local_task_job_runner.py:266} INFO - Task exited with return code 0
[2026-03-24T14:55:15.192+0000] {taskinstance.py:3900} INFO - 1 downstream tasks scheduled from follow-on schedule check
[2026-03-24T14:55:15.194+0000] {local_task_job_runner.py:245} INFO - ::endgroup::
