[2026-03-24T14:47:27.420+0000] {local_task_job_runner.py:123} INFO - ::group::Pre task execution logs
[2026-03-24T14:47:27.438+0000] {taskinstance.py:2612} INFO - Dependencies all met for dep_context=non-requeueable deps ti=<TaskInstance: sensor_data_consumer.sensor_data_consumer scheduled__2026-03-24T14:40:00+00:00 [queued]>
[2026-03-24T14:47:27.447+0000] {taskinstance.py:2612} INFO - Dependencies all met for dep_context=requeueable deps ti=<TaskInstance: sensor_data_consumer.sensor_data_consumer scheduled__2026-03-24T14:40:00+00:00 [queued]>
[2026-03-24T14:47:27.447+0000] {taskinstance.py:2865} INFO - Starting attempt 1 of 1
[2026-03-24T14:47:27.461+0000] {taskinstance.py:2888} INFO - Executing <Task(PythonOperator): sensor_data_consumer> on 2026-03-24 14:40:00+00:00
[2026-03-24T14:47:27.470+0000] {warnings.py:112} WARNING - /home/***/.local/lib/python3.12/site-packages/***/task/task_runner/standard_task_runner.py:70: DeprecationWarning: This process (pid=114) is multi-threaded, use of fork() may lead to deadlocks in the child.
  pid = os.fork()

[2026-03-24T14:47:27.473+0000] {standard_task_runner.py:72} INFO - Started process 123 to run task
[2026-03-24T14:47:27.473+0000] {standard_task_runner.py:104} INFO - Running: ['***', 'tasks', 'run', 'sensor_data_consumer', 'sensor_data_consumer', 'scheduled__2026-03-24T14:40:00+00:00', '--job-id', '143', '--raw', '--subdir', 'DAGS_FOLDER/sensor_***_consumer.py', '--cfg-path', '/tmp/tmp230_te0t']
[2026-03-24T14:47:27.476+0000] {standard_task_runner.py:105} INFO - Job 143: Subtask sensor_data_consumer
[2026-03-24T14:47:27.533+0000] {task_command.py:467} INFO - Running <TaskInstance: sensor_data_consumer.sensor_data_consumer scheduled__2026-03-24T14:40:00+00:00 [running]> on host 307b85104bd3
[2026-03-24T14:47:27.650+0000] {taskinstance.py:3131} INFO - Exporting env vars: AIRFLOW_CTX_DAG_OWNER='Anas EL Meslouti' AIRFLOW_CTX_DAG_ID='sensor_data_consumer' AIRFLOW_CTX_TASK_ID='sensor_data_consumer' AIRFLOW_CTX_EXECUTION_DATE='2026-03-24T14:40:00+00:00' AIRFLOW_CTX_TRY_NUMBER='1' AIRFLOW_CTX_DAG_RUN_ID='scheduled__2026-03-24T14:40:00+00:00'
[2026-03-24T14:47:27.652+0000] {taskinstance.py:731} INFO - ::endgroup::
[2026-03-24T14:47:27.676+0000] {conn.py:400} INFO - <BrokerConnection client_id=kafka-python-2.3.0, node_id=bootstrap-0 host=broker:9092 <connecting> [IPv4 ('172.18.0.3', 9092)]>: connecting to broker:9092 [('172.18.0.3', 9092) IPv4]
[2026-03-24T14:47:27.680+0000] {conn.py:622} INFO - <BrokerConnection client_id=kafka-python-2.3.0, node_id=bootstrap-0 host=broker:9092 <checking_api_versions_recv> [IPv4 ('172.18.0.3', 9092)]>: Broker version identified as 2.6
[2026-03-24T14:47:27.680+0000] {conn.py:461} INFO - <BrokerConnection client_id=kafka-python-2.3.0, node_id=bootstrap-0 host=broker:9092 <connected> [IPv4 ('172.18.0.3', 9092)]>: Connection complete.
[2026-03-24T14:47:27.682+0000] {subscription_state.py:181} INFO - Updating subscribed topics to: ('sensor_data',)
[2026-03-24T14:47:27.685+0000] {conn.py:400} INFO - <BrokerConnection client_id=kafka-python-2.3.0, node_id=1 host=broker:9092 <connecting> [IPv4 ('172.18.0.3', 9092)]>: connecting to broker:9092 [('172.18.0.3', 9092) IPv4]
[2026-03-24T14:47:27.686+0000] {conn.py:461} INFO - <BrokerConnection client_id=kafka-python-2.3.0, node_id=1 host=broker:9092 <connected> [IPv4 ('172.18.0.3', 9092)]>: Connection complete.
[2026-03-24T14:47:27.686+0000] {conn.py:951} INFO - <BrokerConnection client_id=kafka-python-2.3.0, node_id=bootstrap-0 host=broker:9092 <connected> [IPv4 ('172.18.0.3', 9092)]>: Closing connection. 
[2026-03-24T14:47:27.788+0000] {cluster.py:403} INFO - Coordinator for group/sensor-group is ('coordinator-1', 'broker', 9092, None)
[2026-03-24T14:47:27.788+0000] {base.py:835} INFO - Discovered coordinator coordinator-1 for group sensor-group
[2026-03-24T14:47:27.789+0000] {base.py:895} INFO - Starting new heartbeat thread
[2026-03-24T14:47:27.790+0000] {consumer.py:379} INFO - Revoking previously assigned partitions () for group sensor-group
[2026-03-24T14:47:27.790+0000] {base.py:433} INFO - Failed to join group sensor-group: NodeNotReadyError: coordinator-1
[2026-03-24T14:47:27.792+0000] {conn.py:400} INFO - <BrokerConnection client_id=kafka-python-2.3.0, node_id=coordinator-1 host=broker:9092 <connecting> [IPv4 ('172.18.0.3', 9092)]>: connecting to broker:9092 [('172.18.0.3', 9092) IPv4]
[2026-03-24T14:47:27.794+0000] {conn.py:461} INFO - <BrokerConnection client_id=kafka-python-2.3.0, node_id=coordinator-1 host=broker:9092 <connected> [IPv4 ('172.18.0.3', 9092)]>: Connection complete.
[2026-03-24T14:47:27.894+0000] {base.py:546} INFO - (Re-)joining group sensor-group
[2026-03-24T14:47:27.907+0000] {base.py:661} INFO - Received member id kafka-python-2.3.0-45246f85-6aa7-479a-a199-6431e15e35bb for group sensor-group; will retry join-group
[2026-03-24T14:47:27.908+0000] {base.py:433} INFO - Failed to join group sensor-group: [Error 79] MemberIdRequiredError
[2026-03-24T14:47:27.908+0000] {base.py:546} INFO - (Re-)joining group sensor-group
[2026-03-24T14:47:27.919+0000] {base.py:617} INFO - Successfully joined group sensor-group <Generation 1 (member_id: kafka-python-2.3.0-45246f85-6aa7-479a-a199-6431e15e35bb, protocol: range)>
[2026-03-24T14:47:27.920+0000] {base.py:619} INFO - Elected group leader -- performing partition assignments using range
[2026-03-24T14:47:27.932+0000] {subscription_state.py:254} INFO - Updated partition assignment: [('sensor_data', 0)]
[2026-03-24T14:47:27.933+0000] {consumer.py:260} INFO - Setting newly assigned partitions (('sensor_data', 0),) for group sensor-group
[2026-03-24T14:47:27.939+0000] {fetcher.py:418} INFO - Resetting offset for partition ('sensor_data', 0) to offset 0.
[2026-03-24T14:47:28.031+0000] {_transport.py:349} INFO - POST http://elasticsearch:9200/sensor_data/_doc [status:401 duration:0.086s]
[2026-03-24T14:47:28.032+0000] {sensor_airflow_consumer.py:39} ERROR - Failed to index data: AuthenticationException(401, 'security_exception', 'missing authentication credentials for REST request [/sensor_data/_doc]')
Traceback (most recent call last):
  File "/opt/airflow/dags/sensor_airflow_consumer.py", line 35, in index_to_elasticsearch
    es.index(index='sensor_data', document=document)
  File "/home/airflow/.local/lib/python3.12/site-packages/elasticsearch/_sync/client/utils.py", line 446, in wrapped
    return api(*args, **kwargs)
           ^^^^^^^^^^^^^^^^^^^^
  File "/home/airflow/.local/lib/python3.12/site-packages/elasticsearch/_sync/client/__init__.py", line 2428, in index
    return self.perform_request(  # type: ignore[return-value]
           ^^^^^^^^^^^^^^^^^^^^^^^^^^^^^^^^^^^^^^^^^^^^^^^^^^^
  File "/home/airflow/.local/lib/python3.12/site-packages/elasticsearch/_sync/client/_base.py", line 271, in perform_request
    response = self._perform_request(
               ^^^^^^^^^^^^^^^^^^^^^^
  File "/home/airflow/.local/lib/python3.12/site-packages/elasticsearch/_sync/client/_base.py", line 352, in _perform_request
    raise HTTP_EXCEPTIONS.get(meta.status, ApiError)(
elasticsearch.AuthenticationException: AuthenticationException(401, 'security_exception', 'missing authentication credentials for REST request [/sensor_data/_doc]')
[2026-03-24T14:47:28.036+0000] {sensor_airflow_consumer.py:66} INFO - Indexed to Elasticsearch: {'machine_id': 1, 'temperature': 87.29, 'vibration': 1.24, 'pressure': 248.88, 'rpm': 1469, 'timestamp': '2026-03-24T14:47:22.618732'}
[2026-03-24T14:47:28.040+0000] {_transport.py:349} INFO - POST http://elasticsearch:9200/sensor_data/_doc [status:401 duration:0.003s]
[2026-03-24T14:47:28.041+0000] {sensor_airflow_consumer.py:39} ERROR - Failed to index data: AuthenticationException(401, 'security_exception', 'missing authentication credentials for REST request [/sensor_data/_doc]')
Traceback (most recent call last):
  File "/opt/airflow/dags/sensor_airflow_consumer.py", line 35, in index_to_elasticsearch
    es.index(index='sensor_data', document=document)
  File "/home/airflow/.local/lib/python3.12/site-packages/elasticsearch/_sync/client/utils.py", line 446, in wrapped
    return api(*args, **kwargs)
           ^^^^^^^^^^^^^^^^^^^^
  File "/home/airflow/.local/lib/python3.12/site-packages/elasticsearch/_sync/client/__init__.py", line 2428, in index
    return self.perform_request(  # type: ignore[return-value]
           ^^^^^^^^^^^^^^^^^^^^^^^^^^^^^^^^^^^^^^^^^^^^^^^^^^^
  File "/home/airflow/.local/lib/python3.12/site-packages/elasticsearch/_sync/client/_base.py", line 271, in perform_request
    response = self._perform_request(
               ^^^^^^^^^^^^^^^^^^^^^^
  File "/home/airflow/.local/lib/python3.12/site-packages/elasticsearch/_sync/client/_base.py", line 352, in _perform_request
    raise HTTP_EXCEPTIONS.get(meta.status, ApiError)(
elasticsearch.AuthenticationException: AuthenticationException(401, 'security_exception', 'missing authentication credentials for REST request [/sensor_data/_doc]')
[2026-03-24T14:47:28.042+0000] {sensor_airflow_consumer.py:66} INFO - Indexed to Elasticsearch: {'machine_id': 2, 'temperature': 64.5, 'vibration': 0.89, 'pressure': 173.71, 'rpm': 4828, 'timestamp': '2026-03-24T14:47:23.110112'}
[2026-03-24T14:47:28.046+0000] {_transport.py:349} INFO - POST http://elasticsearch:9200/sensor_data/_doc [status:401 duration:0.003s]
[2026-03-24T14:47:28.047+0000] {sensor_airflow_consumer.py:39} ERROR - Failed to index data: AuthenticationException(401, 'security_exception', 'missing authentication credentials for REST request [/sensor_data/_doc]')
Traceback (most recent call last):
  File "/opt/airflow/dags/sensor_airflow_consumer.py", line 35, in index_to_elasticsearch
    es.index(index='sensor_data', document=document)
  File "/home/airflow/.local/lib/python3.12/site-packages/elasticsearch/_sync/client/utils.py", line 446, in wrapped
    return api(*args, **kwargs)
           ^^^^^^^^^^^^^^^^^^^^
  File "/home/airflow/.local/lib/python3.12/site-packages/elasticsearch/_sync/client/__init__.py", line 2428, in index
    return self.perform_request(  # type: ignore[return-value]
           ^^^^^^^^^^^^^^^^^^^^^^^^^^^^^^^^^^^^^^^^^^^^^^^^^^^
  File "/home/airflow/.local/lib/python3.12/site-packages/elasticsearch/_sync/client/_base.py", line 271, in perform_request
    response = self._perform_request(
               ^^^^^^^^^^^^^^^^^^^^^^
  File "/home/airflow/.local/lib/python3.12/site-packages/elasticsearch/_sync/client/_base.py", line 352, in _perform_request
    raise HTTP_EXCEPTIONS.get(meta.status, ApiError)(
elasticsearch.AuthenticationException: AuthenticationException(401, 'security_exception', 'missing authentication credentials for REST request [/sensor_data/_doc]')
[2026-03-24T14:47:28.048+0000] {sensor_airflow_consumer.py:66} INFO - Indexed to Elasticsearch: {'machine_id': 3, 'temperature': 72.66, 'vibration': 0.61, 'pressure': 168.14, 'rpm': 4444, 'timestamp': '2026-03-24T14:47:23.112454'}
[2026-03-24T14:47:28.052+0000] {_transport.py:349} INFO - POST http://elasticsearch:9200/sensor_data/_doc [status:401 duration:0.003s]
[2026-03-24T14:47:28.052+0000] {sensor_airflow_consumer.py:39} ERROR - Failed to index data: AuthenticationException(401, 'security_exception', 'missing authentication credentials for REST request [/sensor_data/_doc]')
Traceback (most recent call last):
  File "/opt/airflow/dags/sensor_airflow_consumer.py", line 35, in index_to_elasticsearch
    es.index(index='sensor_data', document=document)
  File "/home/airflow/.local/lib/python3.12/site-packages/elasticsearch/_sync/client/utils.py", line 446, in wrapped
    return api(*args, **kwargs)
           ^^^^^^^^^^^^^^^^^^^^
  File "/home/airflow/.local/lib/python3.12/site-packages/elasticsearch/_sync/client/__init__.py", line 2428, in index
    return self.perform_request(  # type: ignore[return-value]
           ^^^^^^^^^^^^^^^^^^^^^^^^^^^^^^^^^^^^^^^^^^^^^^^^^^^
  File "/home/airflow/.local/lib/python3.12/site-packages/elasticsearch/_sync/client/_base.py", line 271, in perform_request
    response = self._perform_request(
               ^^^^^^^^^^^^^^^^^^^^^^
  File "/home/airflow/.local/lib/python3.12/site-packages/elasticsearch/_sync/client/_base.py", line 352, in _perform_request
    raise HTTP_EXCEPTIONS.get(meta.status, ApiError)(
elasticsearch.AuthenticationException: AuthenticationException(401, 'security_exception', 'missing authentication credentials for REST request [/sensor_data/_doc]')
[2026-03-24T14:47:28.053+0000] {sensor_airflow_consumer.py:66} INFO - Indexed to Elasticsearch: {'machine_id': 4, 'temperature': 80.73, 'vibration': 0.81, 'pressure': 274.19, 'rpm': 1083, 'timestamp': '2026-03-24T14:47:23.114457'}
[2026-03-24T14:47:28.057+0000] {_transport.py:349} INFO - POST http://elasticsearch:9200/sensor_data/_doc [status:401 duration:0.004s]
[2026-03-24T14:47:28.058+0000] {sensor_airflow_consumer.py:39} ERROR - Failed to index data: AuthenticationException(401, 'security_exception', 'missing authentication credentials for REST request [/sensor_data/_doc]')
Traceback (most recent call last):
  File "/opt/airflow/dags/sensor_airflow_consumer.py", line 35, in index_to_elasticsearch
    es.index(index='sensor_data', document=document)
  File "/home/airflow/.local/lib/python3.12/site-packages/elasticsearch/_sync/client/utils.py", line 446, in wrapped
    return api(*args, **kwargs)
           ^^^^^^^^^^^^^^^^^^^^
  File "/home/airflow/.local/lib/python3.12/site-packages/elasticsearch/_sync/client/__init__.py", line 2428, in index
    return self.perform_request(  # type: ignore[return-value]
           ^^^^^^^^^^^^^^^^^^^^^^^^^^^^^^^^^^^^^^^^^^^^^^^^^^^
  File "/home/airflow/.local/lib/python3.12/site-packages/elasticsearch/_sync/client/_base.py", line 271, in perform_request
    response = self._perform_request(
               ^^^^^^^^^^^^^^^^^^^^^^
  File "/home/airflow/.local/lib/python3.12/site-packages/elasticsearch/_sync/client/_base.py", line 352, in _perform_request
    raise HTTP_EXCEPTIONS.get(meta.status, ApiError)(
elasticsearch.AuthenticationException: AuthenticationException(401, 'security_exception', 'missing authentication credentials for REST request [/sensor_data/_doc]')
[2026-03-24T14:47:28.058+0000] {sensor_airflow_consumer.py:66} INFO - Indexed to Elasticsearch: {'machine_id': 5, 'temperature': 66.44, 'vibration': 1.14, 'pressure': 105.06, 'rpm': 3824, 'timestamp': '2026-03-24T14:47:23.116776'}
[2026-03-24T14:47:28.062+0000] {_transport.py:349} INFO - POST http://elasticsearch:9200/sensor_data/_doc [status:401 duration:0.003s]
[2026-03-24T14:47:28.062+0000] {sensor_airflow_consumer.py:39} ERROR - Failed to index data: AuthenticationException(401, 'security_exception', 'missing authentication credentials for REST request [/sensor_data/_doc]')
Traceback (most recent call last):
  File "/opt/airflow/dags/sensor_airflow_consumer.py", line 35, in index_to_elasticsearch
    es.index(index='sensor_data', document=document)
  File "/home/airflow/.local/lib/python3.12/site-packages/elasticsearch/_sync/client/utils.py", line 446, in wrapped
    return api(*args, **kwargs)
           ^^^^^^^^^^^^^^^^^^^^
  File "/home/airflow/.local/lib/python3.12/site-packages/elasticsearch/_sync/client/__init__.py", line 2428, in index
    return self.perform_request(  # type: ignore[return-value]
           ^^^^^^^^^^^^^^^^^^^^^^^^^^^^^^^^^^^^^^^^^^^^^^^^^^^
  File "/home/airflow/.local/lib/python3.12/site-packages/elasticsearch/_sync/client/_base.py", line 271, in perform_request
    response = self._perform_request(
               ^^^^^^^^^^^^^^^^^^^^^^
  File "/home/airflow/.local/lib/python3.12/site-packages/elasticsearch/_sync/client/_base.py", line 352, in _perform_request
    raise HTTP_EXCEPTIONS.get(meta.status, ApiError)(
elasticsearch.AuthenticationException: AuthenticationException(401, 'security_exception', 'missing authentication credentials for REST request [/sensor_data/_doc]')
[2026-03-24T14:47:28.064+0000] {sensor_airflow_consumer.py:66} INFO - Indexed to Elasticsearch: {'machine_id': 1, 'temperature': 72.72, 'vibration': 0.38, 'pressure': 259.61, 'rpm': 2217, 'timestamp': '2026-03-24T14:47:24.130272'}
[2026-03-24T14:47:28.067+0000] {_transport.py:349} INFO - POST http://elasticsearch:9200/sensor_data/_doc [status:401 duration:0.003s]
[2026-03-24T14:47:28.068+0000] {sensor_airflow_consumer.py:39} ERROR - Failed to index data: AuthenticationException(401, 'security_exception', 'missing authentication credentials for REST request [/sensor_data/_doc]')
Traceback (most recent call last):
  File "/opt/airflow/dags/sensor_airflow_consumer.py", line 35, in index_to_elasticsearch
    es.index(index='sensor_data', document=document)
  File "/home/airflow/.local/lib/python3.12/site-packages/elasticsearch/_sync/client/utils.py", line 446, in wrapped
    return api(*args, **kwargs)
           ^^^^^^^^^^^^^^^^^^^^
  File "/home/airflow/.local/lib/python3.12/site-packages/elasticsearch/_sync/client/__init__.py", line 2428, in index
    return self.perform_request(  # type: ignore[return-value]
           ^^^^^^^^^^^^^^^^^^^^^^^^^^^^^^^^^^^^^^^^^^^^^^^^^^^
  File "/home/airflow/.local/lib/python3.12/site-packages/elasticsearch/_sync/client/_base.py", line 271, in perform_request
    response = self._perform_request(
               ^^^^^^^^^^^^^^^^^^^^^^
  File "/home/airflow/.local/lib/python3.12/site-packages/elasticsearch/_sync/client/_base.py", line 352, in _perform_request
    raise HTTP_EXCEPTIONS.get(meta.status, ApiError)(
elasticsearch.AuthenticationException: AuthenticationException(401, 'security_exception', 'missing authentication credentials for REST request [/sensor_data/_doc]')
[2026-03-24T14:47:28.069+0000] {sensor_airflow_consumer.py:66} INFO - Indexed to Elasticsearch: {'machine_id': 2, 'temperature': 79.97, 'vibration': 0.42, 'pressure': 221.21, 'rpm': 1840, 'timestamp': '2026-03-24T14:47:24.241239'}
[2026-03-24T14:47:28.074+0000] {_transport.py:349} INFO - POST http://elasticsearch:9200/sensor_data/_doc [status:401 duration:0.005s]
[2026-03-24T14:47:28.075+0000] {sensor_airflow_consumer.py:39} ERROR - Failed to index data: AuthenticationException(401, 'security_exception', 'missing authentication credentials for REST request [/sensor_data/_doc]')
Traceback (most recent call last):
  File "/opt/airflow/dags/sensor_airflow_consumer.py", line 35, in index_to_elasticsearch
    es.index(index='sensor_data', document=document)
  File "/home/airflow/.local/lib/python3.12/site-packages/elasticsearch/_sync/client/utils.py", line 446, in wrapped
    return api(*args, **kwargs)
           ^^^^^^^^^^^^^^^^^^^^
  File "/home/airflow/.local/lib/python3.12/site-packages/elasticsearch/_sync/client/__init__.py", line 2428, in index
    return self.perform_request(  # type: ignore[return-value]
           ^^^^^^^^^^^^^^^^^^^^^^^^^^^^^^^^^^^^^^^^^^^^^^^^^^^
  File "/home/airflow/.local/lib/python3.12/site-packages/elasticsearch/_sync/client/_base.py", line 271, in perform_request
    response = self._perform_request(
               ^^^^^^^^^^^^^^^^^^^^^^
  File "/home/airflow/.local/lib/python3.12/site-packages/elasticsearch/_sync/client/_base.py", line 352, in _perform_request
    raise HTTP_EXCEPTIONS.get(meta.status, ApiError)(
elasticsearch.AuthenticationException: AuthenticationException(401, 'security_exception', 'missing authentication credentials for REST request [/sensor_data/_doc]')
[2026-03-24T14:47:28.076+0000] {sensor_airflow_consumer.py:66} INFO - Indexed to Elasticsearch: {'machine_id': 3, 'temperature': 81.16, 'vibration': 0.72, 'pressure': 245.35, 'rpm': 2507, 'timestamp': '2026-03-24T14:47:24.244696'}
[2026-03-24T14:47:28.080+0000] {_transport.py:349} INFO - POST http://elasticsearch:9200/sensor_data/_doc [status:401 duration:0.003s]
[2026-03-24T14:47:28.080+0000] {sensor_airflow_consumer.py:39} ERROR - Failed to index data: AuthenticationException(401, 'security_exception', 'missing authentication credentials for REST request [/sensor_data/_doc]')
Traceback (most recent call last):
  File "/opt/airflow/dags/sensor_airflow_consumer.py", line 35, in index_to_elasticsearch
    es.index(index='sensor_data', document=document)
  File "/home/airflow/.local/lib/python3.12/site-packages/elasticsearch/_sync/client/utils.py", line 446, in wrapped
    return api(*args, **kwargs)
           ^^^^^^^^^^^^^^^^^^^^
  File "/home/airflow/.local/lib/python3.12/site-packages/elasticsearch/_sync/client/__init__.py", line 2428, in index
    return self.perform_request(  # type: ignore[return-value]
           ^^^^^^^^^^^^^^^^^^^^^^^^^^^^^^^^^^^^^^^^^^^^^^^^^^^
  File "/home/airflow/.local/lib/python3.12/site-packages/elasticsearch/_sync/client/_base.py", line 271, in perform_request
    response = self._perform_request(
               ^^^^^^^^^^^^^^^^^^^^^^
  File "/home/airflow/.local/lib/python3.12/site-packages/elasticsearch/_sync/client/_base.py", line 352, in _perform_request
    raise HTTP_EXCEPTIONS.get(meta.status, ApiError)(
elasticsearch.AuthenticationException: AuthenticationException(401, 'security_exception', 'missing authentication credentials for REST request [/sensor_data/_doc]')
[2026-03-24T14:47:28.082+0000] {sensor_airflow_consumer.py:66} INFO - Indexed to Elasticsearch: {'machine_id': 4, 'temperature': 72.19, 'vibration': 0.74, 'pressure': 214.46, 'rpm': 1793, 'timestamp': '2026-03-24T14:47:24.246245'}
[2026-03-24T14:47:28.087+0000] {_transport.py:349} INFO - POST http://elasticsearch:9200/sensor_data/_doc [status:401 duration:0.005s]
[2026-03-24T14:47:28.088+0000] {sensor_airflow_consumer.py:39} ERROR - Failed to index data: AuthenticationException(401, 'security_exception', 'missing authentication credentials for REST request [/sensor_data/_doc]')
Traceback (most recent call last):
  File "/opt/airflow/dags/sensor_airflow_consumer.py", line 35, in index_to_elasticsearch
    es.index(index='sensor_data', document=document)
  File "/home/airflow/.local/lib/python3.12/site-packages/elasticsearch/_sync/client/utils.py", line 446, in wrapped
    return api(*args, **kwargs)
           ^^^^^^^^^^^^^^^^^^^^
  File "/home/airflow/.local/lib/python3.12/site-packages/elasticsearch/_sync/client/__init__.py", line 2428, in index
    return self.perform_request(  # type: ignore[return-value]
           ^^^^^^^^^^^^^^^^^^^^^^^^^^^^^^^^^^^^^^^^^^^^^^^^^^^
  File "/home/airflow/.local/lib/python3.12/site-packages/elasticsearch/_sync/client/_base.py", line 271, in perform_request
    response = self._perform_request(
               ^^^^^^^^^^^^^^^^^^^^^^
  File "/home/airflow/.local/lib/python3.12/site-packages/elasticsearch/_sync/client/_base.py", line 352, in _perform_request
    raise HTTP_EXCEPTIONS.get(meta.status, ApiError)(
elasticsearch.AuthenticationException: AuthenticationException(401, 'security_exception', 'missing authentication credentials for REST request [/sensor_data/_doc]')
[2026-03-24T14:47:28.089+0000] {sensor_airflow_consumer.py:66} INFO - Indexed to Elasticsearch: {'machine_id': 5, 'temperature': 88.64, 'vibration': 1.31, 'pressure': 197.42, 'rpm': 4948, 'timestamp': '2026-03-24T14:47:24.248624'}
[2026-03-24T14:47:31.092+0000] {base.py:1130} INFO - Stopping heartbeat thread
[2026-03-24T14:47:31.093+0000] {base.py:943} INFO - Leaving consumer group sensor-group (member kafka-python-2.3.0-45246f85-6aa7-479a-a199-6431e15e35bb).
[2026-03-24T14:47:31.218+0000] {base.py:961} INFO - LeaveGroup request for group sensor-group returned successfully
[2026-03-24T14:47:31.219+0000] {conn.py:951} INFO - <BrokerConnection client_id=kafka-python-2.3.0, node_id=1 host=broker:9092 <connected> [IPv4 ('172.18.0.3', 9092)]>: Closing connection. 
[2026-03-24T14:47:31.219+0000] {conn.py:951} INFO - <BrokerConnection client_id=kafka-python-2.3.0, node_id=coordinator-1 host=broker:9092 <connected> [IPv4 ('172.18.0.3', 9092)]>: Closing connection. 
[2026-03-24T14:47:31.220+0000] {sensor_airflow_consumer.py:73} INFO - Kafka consumer closed. Processed 10 messages.
[2026-03-24T14:47:31.220+0000] {python.py:240} INFO - Done. Returned value was: None
[2026-03-24T14:47:31.234+0000] {taskinstance.py:340} INFO - ::group::Post task execution logs
[2026-03-24T14:47:31.235+0000] {taskinstance.py:352} INFO - Marking task as SUCCESS. dag_id=sensor_data_consumer, task_id=sensor_data_consumer, run_id=scheduled__2026-03-24T14:40:00+00:00, execution_date=20260324T144000, start_date=20260324T144727, end_date=20260324T144731
[2026-03-24T14:47:31.297+0000] {local_task_job_runner.py:266} INFO - Task exited with return code 0
[2026-03-24T14:47:31.322+0000] {taskinstance.py:3900} INFO - 1 downstream tasks scheduled from follow-on schedule check
[2026-03-24T14:47:31.324+0000] {local_task_job_runner.py:245} INFO - ::endgroup::
