[2026-03-24T14:47:25.944+0000] {local_task_job_runner.py:123} INFO - ::group::Pre task execution logs
[2026-03-24T14:47:25.964+0000] {taskinstance.py:2612} INFO - Dependencies all met for dep_context=non-requeueable deps ti=<TaskInstance: sensor_data_producer.end scheduled__2026-03-23T16:55:00+00:00 [queued]>
[2026-03-24T14:47:25.977+0000] {taskinstance.py:2612} INFO - Dependencies all met for dep_context=requeueable deps ti=<TaskInstance: sensor_data_producer.end scheduled__2026-03-23T16:55:00+00:00 [queued]>
[2026-03-24T14:47:25.977+0000] {taskinstance.py:2865} INFO - Starting attempt 1 of 1
[2026-03-24T14:47:25.992+0000] {taskinstance.py:2888} INFO - Executing <Task(PythonOperator): end> on 2026-03-23 16:55:00+00:00
[2026-03-24T14:47:26.001+0000] {warnings.py:112} WARNING - /home/***/.local/lib/python3.12/site-packages/***/task/task_runner/standard_task_runner.py:70: DeprecationWarning: This process (pid=111) is multi-threaded, use of fork() may lead to deadlocks in the child.
  pid = os.fork()

[2026-03-24T14:47:26.004+0000] {standard_task_runner.py:72} INFO - Started process 112 to run task
[2026-03-24T14:47:26.005+0000] {standard_task_runner.py:104} INFO - Running: ['***', 'tasks', 'run', 'sensor_data_producer', 'end', 'scheduled__2026-03-23T16:55:00+00:00', '--job-id', '142', '--raw', '--subdir', 'DAGS_FOLDER/sensor_***.py', '--cfg-path', '/tmp/tmp5dl80kep']
[2026-03-24T14:47:26.007+0000] {standard_task_runner.py:105} INFO - Job 142: Subtask end
[2026-03-24T14:47:26.065+0000] {task_command.py:467} INFO - Running <TaskInstance: sensor_data_producer.end scheduled__2026-03-23T16:55:00+00:00 [running]> on host 307b85104bd3
[2026-03-24T14:47:26.176+0000] {taskinstance.py:3131} INFO - Exporting env vars: AIRFLOW_CTX_DAG_OWNER='***' AIRFLOW_CTX_DAG_ID='sensor_data_producer' AIRFLOW_CTX_TASK_ID='end' AIRFLOW_CTX_EXECUTION_DATE='2026-03-23T16:55:00+00:00' AIRFLOW_CTX_TRY_NUMBER='1' AIRFLOW_CTX_DAG_RUN_ID='scheduled__2026-03-23T16:55:00+00:00'
[2026-03-24T14:47:26.177+0000] {taskinstance.py:731} INFO - ::endgroup::
[2026-03-24T14:47:26.196+0000] {sensor_airflow.py:76} INFO - Job finished successfully
[2026-03-24T14:47:26.196+0000] {python.py:240} INFO - Done. Returned value was: None
[2026-03-24T14:47:26.212+0000] {taskinstance.py:340} INFO - ::group::Post task execution logs
[2026-03-24T14:47:26.213+0000] {taskinstance.py:352} INFO - Marking task as SUCCESS. dag_id=sensor_data_producer, task_id=end, run_id=scheduled__2026-03-23T16:55:00+00:00, execution_date=20260323T165500, start_date=20260324T144725, end_date=20260324T144726
[2026-03-24T14:47:26.260+0000] {local_task_job_runner.py:266} INFO - Task exited with return code 0
[2026-03-24T14:47:26.284+0000] {taskinstance.py:3900} INFO - 0 downstream tasks scheduled from follow-on schedule check
[2026-03-24T14:47:26.287+0000] {local_task_job_runner.py:245} INFO - ::endgroup::
