[2026-03-24T15:19:42.276+0000] {local_task_job_runner.py:123} INFO - ::group::Pre task execution logs
[2026-03-24T15:19:42.300+0000] {taskinstance.py:2612} INFO - Dependencies all met for dep_context=non-requeueable deps ti=<TaskInstance: sensor_data_consumer.start scheduled__2026-03-24T15:05:00+00:00 [queued]>
[2026-03-24T15:19:42.316+0000] {taskinstance.py:2612} INFO - Dependencies all met for dep_context=requeueable deps ti=<TaskInstance: sensor_data_consumer.start scheduled__2026-03-24T15:05:00+00:00 [queued]>
[2026-03-24T15:19:42.317+0000] {taskinstance.py:2865} INFO - Starting attempt 2 of 1
[2026-03-24T15:19:42.337+0000] {taskinstance.py:2888} INFO - Executing <Task(PythonOperator): start> on 2026-03-24 15:05:00+00:00
[2026-03-24T15:19:42.352+0000] {warnings.py:112} WARNING - /home/***/.local/lib/python3.12/site-packages/***/task/task_runner/standard_task_runner.py:70: DeprecationWarning: This process (pid=89) is multi-threaded, use of fork() may lead to deadlocks in the child.
  pid = os.fork()

[2026-03-24T15:19:42.356+0000] {standard_task_runner.py:72} INFO - Started process 95 to run task
[2026-03-24T15:19:42.356+0000] {standard_task_runner.py:104} INFO - Running: ['***', 'tasks', 'run', 'sensor_data_consumer', 'start', 'scheduled__2026-03-24T15:05:00+00:00', '--job-id', '182', '--raw', '--subdir', 'DAGS_FOLDER/sensor_***_consumer.py', '--cfg-path', '/tmp/tmpfnvdpd2x']
[2026-03-24T15:19:42.359+0000] {standard_task_runner.py:105} INFO - Job 182: Subtask start
[2026-03-24T15:19:42.448+0000] {task_command.py:467} INFO - Running <TaskInstance: sensor_data_consumer.start scheduled__2026-03-24T15:05:00+00:00 [running]> on host 307b85104bd3
[2026-03-24T15:19:42.622+0000] {taskinstance.py:3131} INFO - Exporting env vars: AIRFLOW_CTX_DAG_OWNER='Anas EL Meslouti' AIRFLOW_CTX_DAG_ID='sensor_data_consumer' AIRFLOW_CTX_TASK_ID='start' AIRFLOW_CTX_EXECUTION_DATE='2026-03-24T15:05:00+00:00' AIRFLOW_CTX_TRY_NUMBER='2' AIRFLOW_CTX_DAG_RUN_ID='scheduled__2026-03-24T15:05:00+00:00'
[2026-03-24T15:19:42.623+0000] {taskinstance.py:731} INFO - ::endgroup::
[2026-03-24T15:19:42.648+0000] {logging_mixin.py:190} INFO - Jobs Started
[2026-03-24T15:19:42.650+0000] {python.py:240} INFO - Done. Returned value was: None
[2026-03-24T15:19:42.677+0000] {taskinstance.py:340} INFO - ::group::Post task execution logs
[2026-03-24T15:19:42.678+0000] {taskinstance.py:352} INFO - Marking task as SUCCESS. dag_id=sensor_data_consumer, task_id=start, run_id=scheduled__2026-03-24T15:05:00+00:00, execution_date=20260324T150500, start_date=20260324T151942, end_date=20260324T151942
[2026-03-24T15:19:42.735+0000] {local_task_job_runner.py:266} INFO - Task exited with return code 0
[2026-03-24T15:19:42.782+0000] {taskinstance.py:3900} INFO - 1 downstream tasks scheduled from follow-on schedule check
[2026-03-24T15:19:42.785+0000] {local_task_job_runner.py:245} INFO - ::endgroup::
