[2026-03-24T15:03:23.709+0000] {local_task_job_runner.py:123} INFO - ::group::Pre task execution logs
[2026-03-24T15:03:23.727+0000] {taskinstance.py:2612} INFO - Dependencies all met for dep_context=non-requeueable deps ti=<TaskInstance: sensor_data_consumer.start manual__2026-03-24T15:03:19.480032+00:00 [queued]>
[2026-03-24T15:03:23.735+0000] {taskinstance.py:2612} INFO - Dependencies all met for dep_context=requeueable deps ti=<TaskInstance: sensor_data_consumer.start manual__2026-03-24T15:03:19.480032+00:00 [queued]>
[2026-03-24T15:03:23.735+0000] {taskinstance.py:2865} INFO - Starting attempt 1 of 1
[2026-03-24T15:03:23.747+0000] {taskinstance.py:2888} INFO - Executing <Task(PythonOperator): start> on 2026-03-24 15:03:19.480032+00:00
[2026-03-24T15:03:23.760+0000] {warnings.py:112} WARNING - /home/***/.local/lib/python3.12/site-packages/***/task/task_runner/standard_task_runner.py:70: DeprecationWarning: This process (pid=368) is multi-threaded, use of fork() may lead to deadlocks in the child.
  pid = os.fork()

[2026-03-24T15:03:23.762+0000] {standard_task_runner.py:72} INFO - Started process 370 to run task
[2026-03-24T15:03:23.761+0000] {standard_task_runner.py:104} INFO - Running: ['***', 'tasks', 'run', 'sensor_data_consumer', 'start', 'manual__2026-03-24T15:03:19.480032+00:00', '--job-id', '170', '--raw', '--subdir', 'DAGS_FOLDER/sensor_***_consumer.py', '--cfg-path', '/tmp/tmpwj5o4vu1']
[2026-03-24T15:03:23.764+0000] {standard_task_runner.py:105} INFO - Job 170: Subtask start
[2026-03-24T15:03:23.812+0000] {task_command.py:467} INFO - Running <TaskInstance: sensor_data_consumer.start manual__2026-03-24T15:03:19.480032+00:00 [running]> on host 307b85104bd3
[2026-03-24T15:03:23.900+0000] {taskinstance.py:3131} INFO - Exporting env vars: AIRFLOW_CTX_DAG_OWNER='Anas EL Meslouti' AIRFLOW_CTX_DAG_ID='sensor_data_consumer' AIRFLOW_CTX_TASK_ID='start' AIRFLOW_CTX_EXECUTION_DATE='2026-03-24T15:03:19.480032+00:00' AIRFLOW_CTX_TRY_NUMBER='1' AIRFLOW_CTX_DAG_RUN_ID='manual__2026-03-24T15:03:19.480032+00:00'
[2026-03-24T15:03:23.901+0000] {taskinstance.py:731} INFO - ::endgroup::
[2026-03-24T15:03:23.922+0000] {logging_mixin.py:190} INFO - Jobs Started
[2026-03-24T15:03:23.923+0000] {python.py:240} INFO - Done. Returned value was: None
[2026-03-24T15:03:23.933+0000] {taskinstance.py:340} INFO - ::group::Post task execution logs
[2026-03-24T15:03:23.934+0000] {taskinstance.py:352} INFO - Marking task as SUCCESS. dag_id=sensor_data_consumer, task_id=start, run_id=manual__2026-03-24T15:03:19.480032+00:00, execution_date=20260324T150319, start_date=20260324T150323, end_date=20260324T150323
[2026-03-24T15:03:23.978+0000] {local_task_job_runner.py:266} INFO - Task exited with return code 0
[2026-03-24T15:03:24.006+0000] {taskinstance.py:3900} INFO - 1 downstream tasks scheduled from follow-on schedule check
[2026-03-24T15:03:24.007+0000] {local_task_job_runner.py:245} INFO - ::endgroup::
