[2026-03-24T15:03:26.340+0000] {local_task_job_runner.py:123} INFO - ::group::Pre task execution logs
[2026-03-24T15:03:26.362+0000] {taskinstance.py:2612} INFO - Dependencies all met for dep_context=non-requeueable deps ti=<TaskInstance: sensor_data_consumer.sensor_data_consumer manual__2026-03-24T15:03:19.480032+00:00 [queued]>
[2026-03-24T15:03:26.373+0000] {taskinstance.py:2612} INFO - Dependencies all met for dep_context=requeueable deps ti=<TaskInstance: sensor_data_consumer.sensor_data_consumer manual__2026-03-24T15:03:19.480032+00:00 [queued]>
[2026-03-24T15:03:26.373+0000] {taskinstance.py:2865} INFO - Starting attempt 1 of 1
[2026-03-24T15:03:26.386+0000] {taskinstance.py:2888} INFO - Executing <Task(PythonOperator): sensor_data_consumer> on 2026-03-24 15:03:19.480032+00:00
[2026-03-24T15:03:26.402+0000] {warnings.py:112} WARNING - /home/***/.local/lib/python3.12/site-packages/***/task/task_runner/standard_task_runner.py:70: DeprecationWarning: This process (pid=372) is multi-threaded, use of fork() may lead to deadlocks in the child.
  pid = os.fork()

[2026-03-24T15:03:26.404+0000] {standard_task_runner.py:72} INFO - Started process 374 to run task
[2026-03-24T15:03:26.404+0000] {standard_task_runner.py:104} INFO - Running: ['***', 'tasks', 'run', 'sensor_data_consumer', 'sensor_data_consumer', 'manual__2026-03-24T15:03:19.480032+00:00', '--job-id', '171', '--raw', '--subdir', 'DAGS_FOLDER/sensor_***_consumer.py', '--cfg-path', '/tmp/tmpkfobihp0']
[2026-03-24T15:03:26.407+0000] {standard_task_runner.py:105} INFO - Job 171: Subtask sensor_data_consumer
[2026-03-24T15:03:26.456+0000] {task_command.py:467} INFO - Running <TaskInstance: sensor_data_consumer.sensor_data_consumer manual__2026-03-24T15:03:19.480032+00:00 [running]> on host 307b85104bd3
[2026-03-24T15:03:26.546+0000] {taskinstance.py:3131} INFO - Exporting env vars: AIRFLOW_CTX_DAG_OWNER='Anas EL Meslouti' AIRFLOW_CTX_DAG_ID='sensor_data_consumer' AIRFLOW_CTX_TASK_ID='sensor_data_consumer' AIRFLOW_CTX_EXECUTION_DATE='2026-03-24T15:03:19.480032+00:00' AIRFLOW_CTX_TRY_NUMBER='1' AIRFLOW_CTX_DAG_RUN_ID='manual__2026-03-24T15:03:19.480032+00:00'
[2026-03-24T15:03:26.547+0000] {taskinstance.py:731} INFO - ::endgroup::
[2026-03-24T15:03:26.575+0000] {conn.py:400} INFO - <BrokerConnection client_id=kafka-python-2.3.0, node_id=bootstrap-0 host=broker:9092 <connecting> [IPv4 ('172.18.0.3', 9092)]>: connecting to broker:9092 [('172.18.0.3', 9092) IPv4]
[2026-03-24T15:03:26.580+0000] {conn.py:622} INFO - <BrokerConnection client_id=kafka-python-2.3.0, node_id=bootstrap-0 host=broker:9092 <checking_api_versions_recv> [IPv4 ('172.18.0.3', 9092)]>: Broker version identified as 2.6
[2026-03-24T15:03:26.581+0000] {conn.py:461} INFO - <BrokerConnection client_id=kafka-python-2.3.0, node_id=bootstrap-0 host=broker:9092 <connected> [IPv4 ('172.18.0.3', 9092)]>: Connection complete.
[2026-03-24T15:03:26.583+0000] {subscription_state.py:181} INFO - Updating subscribed topics to: ('sensor_data',)
[2026-03-24T15:03:26.585+0000] {conn.py:400} INFO - <BrokerConnection client_id=kafka-python-2.3.0, node_id=1 host=broker:9092 <connecting> [IPv4 ('172.18.0.3', 9092)]>: connecting to broker:9092 [('172.18.0.3', 9092) IPv4]
[2026-03-24T15:03:26.586+0000] {conn.py:461} INFO - <BrokerConnection client_id=kafka-python-2.3.0, node_id=1 host=broker:9092 <connected> [IPv4 ('172.18.0.3', 9092)]>: Connection complete.
[2026-03-24T15:03:26.586+0000] {conn.py:951} INFO - <BrokerConnection client_id=kafka-python-2.3.0, node_id=bootstrap-0 host=broker:9092 <connected> [IPv4 ('172.18.0.3', 9092)]>: Closing connection. 
[2026-03-24T15:03:26.688+0000] {cluster.py:403} INFO - Coordinator for group/sensor-group is ('coordinator-1', 'broker', 9092, None)
[2026-03-24T15:03:26.688+0000] {base.py:835} INFO - Discovered coordinator coordinator-1 for group sensor-group
[2026-03-24T15:03:26.689+0000] {base.py:895} INFO - Starting new heartbeat thread
[2026-03-24T15:03:26.689+0000] {consumer.py:379} INFO - Revoking previously assigned partitions () for group sensor-group
[2026-03-24T15:03:26.690+0000] {base.py:433} INFO - Failed to join group sensor-group: NodeNotReadyError: coordinator-1
[2026-03-24T15:03:26.693+0000] {conn.py:400} INFO - <BrokerConnection client_id=kafka-python-2.3.0, node_id=coordinator-1 host=broker:9092 <connecting> [IPv4 ('172.18.0.3', 9092)]>: connecting to broker:9092 [('172.18.0.3', 9092) IPv4]
[2026-03-24T15:03:26.694+0000] {conn.py:461} INFO - <BrokerConnection client_id=kafka-python-2.3.0, node_id=coordinator-1 host=broker:9092 <connected> [IPv4 ('172.18.0.3', 9092)]>: Connection complete.
[2026-03-24T15:03:26.795+0000] {base.py:546} INFO - (Re-)joining group sensor-group
[2026-03-24T15:03:26.799+0000] {base.py:661} INFO - Received member id kafka-python-2.3.0-f8b21d9e-c05e-4a55-8762-3cfd8fba99cc for group sensor-group; will retry join-group
[2026-03-24T15:03:26.800+0000] {base.py:433} INFO - Failed to join group sensor-group: [Error 79] MemberIdRequiredError
[2026-03-24T15:03:26.800+0000] {base.py:546} INFO - (Re-)joining group sensor-group
[2026-03-24T15:03:26.809+0000] {base.py:617} INFO - Successfully joined group sensor-group <Generation 9 (member_id: kafka-python-2.3.0-f8b21d9e-c05e-4a55-8762-3cfd8fba99cc, protocol: range)>
[2026-03-24T15:03:26.809+0000] {base.py:619} INFO - Elected group leader -- performing partition assignments using range
[2026-03-24T15:03:26.815+0000] {subscription_state.py:254} INFO - Updated partition assignment: [('sensor_data', 0)]
[2026-03-24T15:03:26.816+0000] {consumer.py:260} INFO - Setting newly assigned partitions (('sensor_data', 0),) for group sensor-group
[2026-03-24T15:03:26.838+0000] {_transport.py:349} INFO - POST http://elasticsearch:9200/sensor_data/_doc [status:401 duration:0.013s]
[2026-03-24T15:03:26.838+0000] {sensor_airflow_consumer.py:39} ERROR - Failed to index data: AuthenticationException(401, 'security_exception', 'missing authentication credentials for REST request [/sensor_data/_doc]')
Traceback (most recent call last):
  File "/opt/airflow/dags/sensor_airflow_consumer.py", line 35, in index_to_elasticsearch
    es.index(index='sensor_data', document=document)
  File "/home/airflow/.local/lib/python3.12/site-packages/elasticsearch/_sync/client/utils.py", line 446, in wrapped
    return api(*args, **kwargs)
           ^^^^^^^^^^^^^^^^^^^^
  File "/home/airflow/.local/lib/python3.12/site-packages/elasticsearch/_sync/client/__init__.py", line 2428, in index
    return self.perform_request(  # type: ignore[return-value]
           ^^^^^^^^^^^^^^^^^^^^^^^^^^^^^^^^^^^^^^^^^^^^^^^^^^^
  File "/home/airflow/.local/lib/python3.12/site-packages/elasticsearch/_sync/client/_base.py", line 271, in perform_request
    response = self._perform_request(
               ^^^^^^^^^^^^^^^^^^^^^^
  File "/home/airflow/.local/lib/python3.12/site-packages/elasticsearch/_sync/client/_base.py", line 352, in _perform_request
    raise HTTP_EXCEPTIONS.get(meta.status, ApiError)(
elasticsearch.AuthenticationException: AuthenticationException(401, 'security_exception', 'missing authentication credentials for REST request [/sensor_data/_doc]')
[2026-03-24T15:03:26.846+0000] {sensor_airflow_consumer.py:66} INFO - Indexed to Elasticsearch: {'machine_id': 1, 'temperature': 65.67, 'vibration': 0.3, 'pressure': 197.26, 'rpm': 3199, 'timestamp': '2026-03-24T15:01:02.141543'}
[2026-03-24T15:03:26.848+0000] {_transport.py:349} INFO - POST http://elasticsearch:9200/sensor_data/_doc [status:401 duration:0.002s]
[2026-03-24T15:03:26.849+0000] {sensor_airflow_consumer.py:39} ERROR - Failed to index data: AuthenticationException(401, 'security_exception', 'missing authentication credentials for REST request [/sensor_data/_doc]')
Traceback (most recent call last):
  File "/opt/airflow/dags/sensor_airflow_consumer.py", line 35, in index_to_elasticsearch
    es.index(index='sensor_data', document=document)
  File "/home/airflow/.local/lib/python3.12/site-packages/elasticsearch/_sync/client/utils.py", line 446, in wrapped
    return api(*args, **kwargs)
           ^^^^^^^^^^^^^^^^^^^^
  File "/home/airflow/.local/lib/python3.12/site-packages/elasticsearch/_sync/client/__init__.py", line 2428, in index
    return self.perform_request(  # type: ignore[return-value]
           ^^^^^^^^^^^^^^^^^^^^^^^^^^^^^^^^^^^^^^^^^^^^^^^^^^^
  File "/home/airflow/.local/lib/python3.12/site-packages/elasticsearch/_sync/client/_base.py", line 271, in perform_request
    response = self._perform_request(
               ^^^^^^^^^^^^^^^^^^^^^^
  File "/home/airflow/.local/lib/python3.12/site-packages/elasticsearch/_sync/client/_base.py", line 352, in _perform_request
    raise HTTP_EXCEPTIONS.get(meta.status, ApiError)(
elasticsearch.AuthenticationException: AuthenticationException(401, 'security_exception', 'missing authentication credentials for REST request [/sensor_data/_doc]')
[2026-03-24T15:03:26.850+0000] {sensor_airflow_consumer.py:66} INFO - Indexed to Elasticsearch: {'machine_id': 2, 'temperature': 70.48, 'vibration': 0.76, 'pressure': 260.43, 'rpm': 2288, 'timestamp': '2026-03-24T15:01:02.250413'}
[2026-03-24T15:03:26.852+0000] {_transport.py:349} INFO - POST http://elasticsearch:9200/sensor_data/_doc [status:401 duration:0.002s]
[2026-03-24T15:03:26.852+0000] {sensor_airflow_consumer.py:39} ERROR - Failed to index data: AuthenticationException(401, 'security_exception', 'missing authentication credentials for REST request [/sensor_data/_doc]')
Traceback (most recent call last):
  File "/opt/airflow/dags/sensor_airflow_consumer.py", line 35, in index_to_elasticsearch
    es.index(index='sensor_data', document=document)
  File "/home/airflow/.local/lib/python3.12/site-packages/elasticsearch/_sync/client/utils.py", line 446, in wrapped
    return api(*args, **kwargs)
           ^^^^^^^^^^^^^^^^^^^^
  File "/home/airflow/.local/lib/python3.12/site-packages/elasticsearch/_sync/client/__init__.py", line 2428, in index
    return self.perform_request(  # type: ignore[return-value]
           ^^^^^^^^^^^^^^^^^^^^^^^^^^^^^^^^^^^^^^^^^^^^^^^^^^^
  File "/home/airflow/.local/lib/python3.12/site-packages/elasticsearch/_sync/client/_base.py", line 271, in perform_request
    response = self._perform_request(
               ^^^^^^^^^^^^^^^^^^^^^^
  File "/home/airflow/.local/lib/python3.12/site-packages/elasticsearch/_sync/client/_base.py", line 352, in _perform_request
    raise HTTP_EXCEPTIONS.get(meta.status, ApiError)(
elasticsearch.AuthenticationException: AuthenticationException(401, 'security_exception', 'missing authentication credentials for REST request [/sensor_data/_doc]')
[2026-03-24T15:03:26.853+0000] {sensor_airflow_consumer.py:66} INFO - Indexed to Elasticsearch: {'machine_id': 3, 'temperature': 77.14, 'vibration': 0.4, 'pressure': 132.72, 'rpm': 4410, 'timestamp': '2026-03-24T15:01:02.252229'}
[2026-03-24T15:03:26.858+0000] {_transport.py:349} INFO - POST http://elasticsearch:9200/sensor_data/_doc [status:401 duration:0.004s]
[2026-03-24T15:03:26.858+0000] {sensor_airflow_consumer.py:39} ERROR - Failed to index data: AuthenticationException(401, 'security_exception', 'missing authentication credentials for REST request [/sensor_data/_doc]')
Traceback (most recent call last):
  File "/opt/airflow/dags/sensor_airflow_consumer.py", line 35, in index_to_elasticsearch
    es.index(index='sensor_data', document=document)
  File "/home/airflow/.local/lib/python3.12/site-packages/elasticsearch/_sync/client/utils.py", line 446, in wrapped
    return api(*args, **kwargs)
           ^^^^^^^^^^^^^^^^^^^^
  File "/home/airflow/.local/lib/python3.12/site-packages/elasticsearch/_sync/client/__init__.py", line 2428, in index
    return self.perform_request(  # type: ignore[return-value]
           ^^^^^^^^^^^^^^^^^^^^^^^^^^^^^^^^^^^^^^^^^^^^^^^^^^^
  File "/home/airflow/.local/lib/python3.12/site-packages/elasticsearch/_sync/client/_base.py", line 271, in perform_request
    response = self._perform_request(
               ^^^^^^^^^^^^^^^^^^^^^^
  File "/home/airflow/.local/lib/python3.12/site-packages/elasticsearch/_sync/client/_base.py", line 352, in _perform_request
    raise HTTP_EXCEPTIONS.get(meta.status, ApiError)(
elasticsearch.AuthenticationException: AuthenticationException(401, 'security_exception', 'missing authentication credentials for REST request [/sensor_data/_doc]')
[2026-03-24T15:03:26.859+0000] {sensor_airflow_consumer.py:66} INFO - Indexed to Elasticsearch: {'machine_id': 4, 'temperature': 71.53, 'vibration': 1.13, 'pressure': 116.88, 'rpm': 4355, 'timestamp': '2026-03-24T15:01:02.253278'}
[2026-03-24T15:03:26.862+0000] {_transport.py:349} INFO - POST http://elasticsearch:9200/sensor_data/_doc [status:401 duration:0.002s]
[2026-03-24T15:03:26.862+0000] {sensor_airflow_consumer.py:39} ERROR - Failed to index data: AuthenticationException(401, 'security_exception', 'missing authentication credentials for REST request [/sensor_data/_doc]')
Traceback (most recent call last):
  File "/opt/airflow/dags/sensor_airflow_consumer.py", line 35, in index_to_elasticsearch
    es.index(index='sensor_data', document=document)
  File "/home/airflow/.local/lib/python3.12/site-packages/elasticsearch/_sync/client/utils.py", line 446, in wrapped
    return api(*args, **kwargs)
           ^^^^^^^^^^^^^^^^^^^^
  File "/home/airflow/.local/lib/python3.12/site-packages/elasticsearch/_sync/client/__init__.py", line 2428, in index
    return self.perform_request(  # type: ignore[return-value]
           ^^^^^^^^^^^^^^^^^^^^^^^^^^^^^^^^^^^^^^^^^^^^^^^^^^^
  File "/home/airflow/.local/lib/python3.12/site-packages/elasticsearch/_sync/client/_base.py", line 271, in perform_request
    response = self._perform_request(
               ^^^^^^^^^^^^^^^^^^^^^^
  File "/home/airflow/.local/lib/python3.12/site-packages/elasticsearch/_sync/client/_base.py", line 352, in _perform_request
    raise HTTP_EXCEPTIONS.get(meta.status, ApiError)(
elasticsearch.AuthenticationException: AuthenticationException(401, 'security_exception', 'missing authentication credentials for REST request [/sensor_data/_doc]')
[2026-03-24T15:03:26.863+0000] {sensor_airflow_consumer.py:66} INFO - Indexed to Elasticsearch: {'machine_id': 5, 'temperature': 61.84, 'vibration': 0.45, 'pressure': 251.38, 'rpm': 3192, 'timestamp': '2026-03-24T15:01:02.253837'}
[2026-03-24T15:03:29.894+0000] {base.py:1130} INFO - Stopping heartbeat thread
[2026-03-24T15:03:29.903+0000] {base.py:943} INFO - Leaving consumer group sensor-group (member kafka-python-2.3.0-f8b21d9e-c05e-4a55-8762-3cfd8fba99cc).
[2026-03-24T15:03:29.915+0000] {base.py:961} INFO - LeaveGroup request for group sensor-group returned successfully
[2026-03-24T15:03:29.917+0000] {conn.py:951} INFO - <BrokerConnection client_id=kafka-python-2.3.0, node_id=1 host=broker:9092 <connected> [IPv4 ('172.18.0.3', 9092)]>: Closing connection. 
[2026-03-24T15:03:29.917+0000] {conn.py:951} INFO - <BrokerConnection client_id=kafka-python-2.3.0, node_id=coordinator-1 host=broker:9092 <connected> [IPv4 ('172.18.0.3', 9092)]>: Closing connection. 
[2026-03-24T15:03:29.919+0000] {sensor_airflow_consumer.py:73} INFO - Kafka consumer closed. Processed 5 messages.
[2026-03-24T15:03:29.919+0000] {python.py:240} INFO - Done. Returned value was: None
[2026-03-24T15:03:29.968+0000] {taskinstance.py:340} INFO - ::group::Post task execution logs
[2026-03-24T15:03:29.969+0000] {taskinstance.py:352} INFO - Marking task as SUCCESS. dag_id=sensor_data_consumer, task_id=sensor_data_consumer, run_id=manual__2026-03-24T15:03:19.480032+00:00, execution_date=20260324T150319, start_date=20260324T150326, end_date=20260324T150329
[2026-03-24T15:03:30.029+0000] {local_task_job_runner.py:266} INFO - Task exited with return code 0
[2026-03-24T15:03:30.053+0000] {taskinstance.py:3900} INFO - 1 downstream tasks scheduled from follow-on schedule check
[2026-03-24T15:03:30.055+0000] {local_task_job_runner.py:245} INFO - ::endgroup::
