[2026-03-24T14:47:03.608+0000] {processor.py:186} INFO - Started process (PID=92) to work on /opt/airflow/dags/sensor_airflow_consumer.py
[2026-03-24T14:47:03.612+0000] {processor.py:914} INFO - Processing file /opt/airflow/dags/sensor_airflow_consumer.py for tasks to queue
[2026-03-24T14:47:03.621+0000] {logging_mixin.py:190} INFO - [2026-03-24T14:47:03.620+0000] {dagbag.py:588} INFO - Filling up the DagBag from /opt/airflow/dags/sensor_airflow_consumer.py
[2026-03-24T14:47:09.314+0000] {processor.py:925} INFO - DAG(s) 'sensor_data_consumer' retrieved from /opt/airflow/dags/sensor_airflow_consumer.py
[2026-03-24T14:47:09.560+0000] {logging_mixin.py:190} INFO - [2026-03-24T14:47:09.559+0000] {dag.py:3239} INFO - Sync 1 DAGs
[2026-03-24T14:47:09.597+0000] {logging_mixin.py:190} INFO - [2026-03-24T14:47:09.596+0000] {dag.py:4180} INFO - Setting next_dagrun for sensor_data_consumer to 2026-03-24 14:40:00+00:00, run_after=2026-03-24 14:45:00+00:00
[2026-03-24T14:47:09.632+0000] {processor.py:208} INFO - Processing /opt/airflow/dags/sensor_airflow_consumer.py took 6.084 seconds
[2026-03-24T14:47:14.121+0000] {processor.py:186} INFO - Started process (PID=99) to work on /opt/airflow/dags/sensor_airflow_consumer.py
[2026-03-24T14:47:14.123+0000] {processor.py:914} INFO - Processing file /opt/airflow/dags/sensor_airflow_consumer.py for tasks to queue
[2026-03-24T14:47:14.136+0000] {logging_mixin.py:190} INFO - [2026-03-24T14:47:14.131+0000] {dagbag.py:588} INFO - Filling up the DagBag from /opt/airflow/dags/sensor_airflow_consumer.py
[2026-03-24T14:47:22.718+0000] {processor.py:925} INFO - DAG(s) 'sensor_data_consumer' retrieved from /opt/airflow/dags/sensor_airflow_consumer.py
[2026-03-24T14:47:22.752+0000] {logging_mixin.py:190} INFO - [2026-03-24T14:47:22.751+0000] {taskinstance.py:3312} ERROR - {'DAG Id': 'sensor_data_consumer', 'Task Id': 'sensor_data_consumer', 'Run Id': 'manual__2026-03-23T16:50:59.020762+00:00', 'Hostname': 'f25bb2561792', 'External Executor Id': 'da656fc3-d298-4685-ad35-5e9002642008'}
[2026-03-24T14:47:22.788+0000] {logging_mixin.py:190} INFO - [2026-03-24T14:47:22.788+0000] {taskinstance.py:1225} INFO - Marking task as FAILED. dag_id=sensor_data_consumer, task_id=sensor_data_consumer, run_id=manual__2026-03-23T16:50:59.020762+00:00, execution_date=20260323T165059, start_date=20260323T165103, end_date=20260324T144722
[2026-03-24T14:47:22.806+0000] {logging_mixin.py:190} INFO - [2026-03-24T14:47:22.806+0000] {processor.py:876} INFO - Executed callback for <TaskInstance: sensor_data_consumer.sensor_data_consumer manual__2026-03-23T16:50:59.020762+00:00 [failed]> in state failed
[2026-03-24T14:47:22.813+0000] {logging_mixin.py:190} INFO - [2026-03-24T14:47:22.812+0000] {dag.py:3239} INFO - Sync 1 DAGs
[2026-03-24T14:47:22.850+0000] {logging_mixin.py:190} INFO - [2026-03-24T14:47:22.850+0000] {dag.py:4180} INFO - Setting next_dagrun for sensor_data_consumer to 2026-03-24 14:45:00+00:00, run_after=2026-03-24 14:50:00+00:00
[2026-03-24T14:47:22.879+0000] {processor.py:208} INFO - Processing /opt/airflow/dags/sensor_airflow_consumer.py took 4.247 seconds
[2026-03-24T14:47:28.750+0000] {processor.py:186} INFO - Started process (PID=107) to work on /opt/airflow/dags/sensor_airflow_consumer.py
[2026-03-24T14:47:28.752+0000] {processor.py:914} INFO - Processing file /opt/airflow/dags/sensor_airflow_consumer.py for tasks to queue
[2026-03-24T14:47:28.756+0000] {logging_mixin.py:190} INFO - [2026-03-24T14:47:28.755+0000] {dagbag.py:588} INFO - Filling up the DagBag from /opt/airflow/dags/sensor_airflow_consumer.py
[2026-03-24T14:47:29.588+0000] {processor.py:925} INFO - DAG(s) 'sensor_data_consumer' retrieved from /opt/airflow/dags/sensor_airflow_consumer.py
[2026-03-24T14:47:29.608+0000] {logging_mixin.py:190} INFO - [2026-03-24T14:47:29.607+0000] {taskinstance.py:3312} ERROR - {'DAG Id': 'sensor_data_consumer', 'Task Id': 'sensor_data_consumer', 'Run Id': 'manual__2026-03-23T16:22:59.636532+00:00', 'Hostname': 'f25bb2561792', 'External Executor Id': '2127f293-d5cb-4e24-97b1-567f0847458c'}
[2026-03-24T14:47:29.633+0000] {logging_mixin.py:190} INFO - [2026-03-24T14:47:29.632+0000] {taskinstance.py:1225} INFO - Marking task as FAILED. dag_id=sensor_data_consumer, task_id=sensor_data_consumer, run_id=manual__2026-03-23T16:22:59.636532+00:00, execution_date=20260323T162259, start_date=20260323T163110, end_date=20260324T144729
[2026-03-24T14:47:29.646+0000] {logging_mixin.py:190} INFO - [2026-03-24T14:47:29.645+0000] {processor.py:876} INFO - Executed callback for <TaskInstance: sensor_data_consumer.sensor_data_consumer manual__2026-03-23T16:22:59.636532+00:00 [failed]> in state failed
[2026-03-24T14:47:29.649+0000] {logging_mixin.py:190} INFO - [2026-03-24T14:47:29.649+0000] {taskinstance.py:3312} ERROR - {'DAG Id': 'sensor_data_consumer', 'Task Id': 'sensor_data_consumer', 'Run Id': 'manual__2026-03-23T16:22:59.636532+00:00', 'Hostname': 'f25bb2561792', 'External Executor Id': '2127f293-d5cb-4e24-97b1-567f0847458c'}
[2026-03-24T14:47:29.659+0000] {logging_mixin.py:190} INFO - [2026-03-24T14:47:29.659+0000] {taskinstance.py:1225} INFO - Marking task as FAILED. dag_id=sensor_data_consumer, task_id=sensor_data_consumer, run_id=manual__2026-03-23T16:22:59.636532+00:00, execution_date=20260323T162259, start_date=20260323T163110, end_date=20260324T144729
[2026-03-24T14:47:29.666+0000] {logging_mixin.py:190} INFO - [2026-03-24T14:47:29.666+0000] {processor.py:876} INFO - Executed callback for <TaskInstance: sensor_data_consumer.sensor_data_consumer manual__2026-03-23T16:22:59.636532+00:00 [failed]> in state failed
[2026-03-24T14:47:29.670+0000] {logging_mixin.py:190} INFO - [2026-03-24T14:47:29.670+0000] {dag.py:3239} INFO - Sync 1 DAGs
[2026-03-24T14:47:29.697+0000] {logging_mixin.py:190} INFO - [2026-03-24T14:47:29.697+0000] {dag.py:4180} INFO - Setting next_dagrun for sensor_data_consumer to 2026-03-24 14:45:00+00:00, run_after=2026-03-24 14:50:00+00:00
[2026-03-24T14:47:29.713+0000] {processor.py:208} INFO - Processing /opt/airflow/dags/sensor_airflow_consumer.py took 0.972 seconds
[2026-03-24T14:48:00.302+0000] {processor.py:186} INFO - Started process (PID=116) to work on /opt/airflow/dags/sensor_airflow_consumer.py
[2026-03-24T14:48:00.304+0000] {processor.py:914} INFO - Processing file /opt/airflow/dags/sensor_airflow_consumer.py for tasks to queue
[2026-03-24T14:48:00.307+0000] {logging_mixin.py:190} INFO - [2026-03-24T14:48:00.307+0000] {dagbag.py:588} INFO - Filling up the DagBag from /opt/airflow/dags/sensor_airflow_consumer.py
[2026-03-24T14:48:01.621+0000] {processor.py:925} INFO - DAG(s) 'sensor_data_consumer' retrieved from /opt/airflow/dags/sensor_airflow_consumer.py
[2026-03-24T14:48:01.674+0000] {logging_mixin.py:190} INFO - [2026-03-24T14:48:01.673+0000] {dag.py:3239} INFO - Sync 1 DAGs
[2026-03-24T14:48:01.723+0000] {logging_mixin.py:190} INFO - [2026-03-24T14:48:01.723+0000] {dag.py:4180} INFO - Setting next_dagrun for sensor_data_consumer to 2026-03-24 14:45:00+00:00, run_after=2026-03-24 14:50:00+00:00
[2026-03-24T14:48:01.767+0000] {processor.py:208} INFO - Processing /opt/airflow/dags/sensor_airflow_consumer.py took 1.473 seconds
[2026-03-24T14:48:32.290+0000] {processor.py:186} INFO - Started process (PID=119) to work on /opt/airflow/dags/sensor_airflow_consumer.py
[2026-03-24T14:48:32.292+0000] {processor.py:914} INFO - Processing file /opt/airflow/dags/sensor_airflow_consumer.py for tasks to queue
[2026-03-24T14:48:32.298+0000] {logging_mixin.py:190} INFO - [2026-03-24T14:48:32.296+0000] {dagbag.py:588} INFO - Filling up the DagBag from /opt/airflow/dags/sensor_airflow_consumer.py
[2026-03-24T14:48:33.178+0000] {processor.py:925} INFO - DAG(s) 'sensor_data_consumer' retrieved from /opt/airflow/dags/sensor_airflow_consumer.py
[2026-03-24T14:48:33.227+0000] {logging_mixin.py:190} INFO - [2026-03-24T14:48:33.226+0000] {dag.py:3239} INFO - Sync 1 DAGs
[2026-03-24T14:48:33.268+0000] {logging_mixin.py:190} INFO - [2026-03-24T14:48:33.268+0000] {dag.py:4180} INFO - Setting next_dagrun for sensor_data_consumer to 2026-03-24 14:45:00+00:00, run_after=2026-03-24 14:50:00+00:00
[2026-03-24T14:48:33.303+0000] {processor.py:208} INFO - Processing /opt/airflow/dags/sensor_airflow_consumer.py took 1.031 seconds
[2026-03-24T14:49:03.713+0000] {processor.py:186} INFO - Started process (PID=128) to work on /opt/airflow/dags/sensor_airflow_consumer.py
[2026-03-24T14:49:03.715+0000] {processor.py:914} INFO - Processing file /opt/airflow/dags/sensor_airflow_consumer.py for tasks to queue
[2026-03-24T14:49:03.719+0000] {logging_mixin.py:190} INFO - [2026-03-24T14:49:03.718+0000] {dagbag.py:588} INFO - Filling up the DagBag from /opt/airflow/dags/sensor_airflow_consumer.py
[2026-03-24T14:49:05.132+0000] {processor.py:925} INFO - DAG(s) 'sensor_data_consumer' retrieved from /opt/airflow/dags/sensor_airflow_consumer.py
[2026-03-24T14:49:05.349+0000] {logging_mixin.py:190} INFO - [2026-03-24T14:49:05.348+0000] {dag.py:3239} INFO - Sync 1 DAGs
[2026-03-24T14:49:05.462+0000] {logging_mixin.py:190} INFO - [2026-03-24T14:49:05.462+0000] {dag.py:4180} INFO - Setting next_dagrun for sensor_data_consumer to 2026-03-24 14:45:00+00:00, run_after=2026-03-24 14:50:00+00:00
[2026-03-24T14:49:05.529+0000] {processor.py:208} INFO - Processing /opt/airflow/dags/sensor_airflow_consumer.py took 1.829 seconds
[2026-03-24T14:49:36.029+0000] {processor.py:186} INFO - Started process (PID=137) to work on /opt/airflow/dags/sensor_airflow_consumer.py
[2026-03-24T14:49:36.033+0000] {processor.py:914} INFO - Processing file /opt/airflow/dags/sensor_airflow_consumer.py for tasks to queue
[2026-03-24T14:49:36.048+0000] {logging_mixin.py:190} INFO - [2026-03-24T14:49:36.044+0000] {dagbag.py:588} INFO - Filling up the DagBag from /opt/airflow/dags/sensor_airflow_consumer.py
[2026-03-24T14:49:48.519+0000] {processor.py:925} INFO - DAG(s) 'sensor_data_consumer' retrieved from /opt/airflow/dags/sensor_airflow_consumer.py
[2026-03-24T14:49:48.574+0000] {logging_mixin.py:190} INFO - [2026-03-24T14:49:48.574+0000] {dag.py:3239} INFO - Sync 1 DAGs
[2026-03-24T14:49:48.631+0000] {logging_mixin.py:190} INFO - [2026-03-24T14:49:48.630+0000] {dag.py:4180} INFO - Setting next_dagrun for sensor_data_consumer to 2026-03-24 14:45:00+00:00, run_after=2026-03-24 14:50:00+00:00
[2026-03-24T14:49:48.663+0000] {processor.py:208} INFO - Processing /opt/airflow/dags/sensor_airflow_consumer.py took 9.879 seconds
[2026-03-24T14:50:20.569+0000] {processor.py:186} INFO - Started process (PID=153) to work on /opt/airflow/dags/sensor_airflow_consumer.py
[2026-03-24T14:50:20.573+0000] {processor.py:914} INFO - Processing file /opt/airflow/dags/sensor_airflow_consumer.py for tasks to queue
[2026-03-24T14:50:20.577+0000] {logging_mixin.py:190} INFO - [2026-03-24T14:50:20.577+0000] {dagbag.py:588} INFO - Filling up the DagBag from /opt/airflow/dags/sensor_airflow_consumer.py
[2026-03-24T14:50:21.307+0000] {processor.py:925} INFO - DAG(s) 'sensor_data_consumer' retrieved from /opt/airflow/dags/sensor_airflow_consumer.py
[2026-03-24T14:50:21.340+0000] {logging_mixin.py:190} INFO - [2026-03-24T14:50:21.339+0000] {dag.py:3239} INFO - Sync 1 DAGs
[2026-03-24T14:50:21.367+0000] {logging_mixin.py:190} INFO - [2026-03-24T14:50:21.367+0000] {dag.py:4180} INFO - Setting next_dagrun for sensor_data_consumer to 2026-03-24 14:50:00+00:00, run_after=2026-03-24 14:55:00+00:00
[2026-03-24T14:50:21.388+0000] {processor.py:208} INFO - Processing /opt/airflow/dags/sensor_airflow_consumer.py took 0.829 seconds
[2026-03-24T14:50:53.069+0000] {processor.py:186} INFO - Started process (PID=162) to work on /opt/airflow/dags/sensor_airflow_consumer.py
[2026-03-24T14:50:53.072+0000] {processor.py:914} INFO - Processing file /opt/airflow/dags/sensor_airflow_consumer.py for tasks to queue
[2026-03-24T14:50:53.078+0000] {logging_mixin.py:190} INFO - [2026-03-24T14:50:53.076+0000] {dagbag.py:588} INFO - Filling up the DagBag from /opt/airflow/dags/sensor_airflow_consumer.py
[2026-03-24T14:50:53.856+0000] {processor.py:925} INFO - DAG(s) 'sensor_data_consumer' retrieved from /opt/airflow/dags/sensor_airflow_consumer.py
[2026-03-24T14:50:53.899+0000] {logging_mixin.py:190} INFO - [2026-03-24T14:50:53.898+0000] {dag.py:3239} INFO - Sync 1 DAGs
[2026-03-24T14:50:53.939+0000] {logging_mixin.py:190} INFO - [2026-03-24T14:50:53.939+0000] {dag.py:4180} INFO - Setting next_dagrun for sensor_data_consumer to 2026-03-24 14:50:00+00:00, run_after=2026-03-24 14:55:00+00:00
[2026-03-24T14:50:53.964+0000] {processor.py:208} INFO - Processing /opt/airflow/dags/sensor_airflow_consumer.py took 0.909 seconds
[2026-03-24T14:51:25.645+0000] {processor.py:186} INFO - Started process (PID=171) to work on /opt/airflow/dags/sensor_airflow_consumer.py
[2026-03-24T14:51:25.650+0000] {processor.py:914} INFO - Processing file /opt/airflow/dags/sensor_airflow_consumer.py for tasks to queue
[2026-03-24T14:51:25.659+0000] {logging_mixin.py:190} INFO - [2026-03-24T14:51:25.654+0000] {dagbag.py:588} INFO - Filling up the DagBag from /opt/airflow/dags/sensor_airflow_consumer.py
[2026-03-24T14:51:26.610+0000] {processor.py:925} INFO - DAG(s) 'sensor_data_consumer' retrieved from /opt/airflow/dags/sensor_airflow_consumer.py
[2026-03-24T14:51:26.648+0000] {logging_mixin.py:190} INFO - [2026-03-24T14:51:26.647+0000] {dag.py:3239} INFO - Sync 1 DAGs
[2026-03-24T14:51:26.682+0000] {logging_mixin.py:190} INFO - [2026-03-24T14:51:26.681+0000] {dag.py:4180} INFO - Setting next_dagrun for sensor_data_consumer to 2026-03-24 14:50:00+00:00, run_after=2026-03-24 14:55:00+00:00
[2026-03-24T14:51:26.713+0000] {processor.py:208} INFO - Processing /opt/airflow/dags/sensor_airflow_consumer.py took 1.086 seconds
[2026-03-24T14:51:58.384+0000] {processor.py:186} INFO - Started process (PID=180) to work on /opt/airflow/dags/sensor_airflow_consumer.py
[2026-03-24T14:51:58.387+0000] {processor.py:914} INFO - Processing file /opt/airflow/dags/sensor_airflow_consumer.py for tasks to queue
[2026-03-24T14:51:58.391+0000] {logging_mixin.py:190} INFO - [2026-03-24T14:51:58.390+0000] {dagbag.py:588} INFO - Filling up the DagBag from /opt/airflow/dags/sensor_airflow_consumer.py
[2026-03-24T14:51:59.149+0000] {processor.py:925} INFO - DAG(s) 'sensor_data_consumer' retrieved from /opt/airflow/dags/sensor_airflow_consumer.py
[2026-03-24T14:51:59.198+0000] {logging_mixin.py:190} INFO - [2026-03-24T14:51:59.196+0000] {dag.py:3239} INFO - Sync 1 DAGs
[2026-03-24T14:51:59.249+0000] {logging_mixin.py:190} INFO - [2026-03-24T14:51:59.249+0000] {dag.py:4180} INFO - Setting next_dagrun for sensor_data_consumer to 2026-03-24 14:50:00+00:00, run_after=2026-03-24 14:55:00+00:00
[2026-03-24T14:51:59.283+0000] {processor.py:208} INFO - Processing /opt/airflow/dags/sensor_airflow_consumer.py took 0.909 seconds
[2026-03-24T14:52:31.003+0000] {processor.py:186} INFO - Started process (PID=189) to work on /opt/airflow/dags/sensor_airflow_consumer.py
[2026-03-24T14:52:31.007+0000] {processor.py:914} INFO - Processing file /opt/airflow/dags/sensor_airflow_consumer.py for tasks to queue
[2026-03-24T14:52:31.011+0000] {logging_mixin.py:190} INFO - [2026-03-24T14:52:31.010+0000] {dagbag.py:588} INFO - Filling up the DagBag from /opt/airflow/dags/sensor_airflow_consumer.py
[2026-03-24T14:52:31.924+0000] {processor.py:925} INFO - DAG(s) 'sensor_data_consumer' retrieved from /opt/airflow/dags/sensor_airflow_consumer.py
[2026-03-24T14:52:31.955+0000] {logging_mixin.py:190} INFO - [2026-03-24T14:52:31.954+0000] {dag.py:3239} INFO - Sync 1 DAGs
[2026-03-24T14:52:31.992+0000] {logging_mixin.py:190} INFO - [2026-03-24T14:52:31.992+0000] {dag.py:4180} INFO - Setting next_dagrun for sensor_data_consumer to 2026-03-24 14:50:00+00:00, run_after=2026-03-24 14:55:00+00:00
[2026-03-24T14:52:32.018+0000] {processor.py:208} INFO - Processing /opt/airflow/dags/sensor_airflow_consumer.py took 1.025 seconds
[2026-03-24T14:53:04.163+0000] {processor.py:186} INFO - Started process (PID=198) to work on /opt/airflow/dags/sensor_airflow_consumer.py
[2026-03-24T14:53:04.167+0000] {processor.py:914} INFO - Processing file /opt/airflow/dags/sensor_airflow_consumer.py for tasks to queue
[2026-03-24T14:53:04.215+0000] {logging_mixin.py:190} INFO - [2026-03-24T14:53:04.213+0000] {dagbag.py:588} INFO - Filling up the DagBag from /opt/airflow/dags/sensor_airflow_consumer.py
[2026-03-24T14:53:06.486+0000] {processor.py:925} INFO - DAG(s) 'sensor_data_consumer' retrieved from /opt/airflow/dags/sensor_airflow_consumer.py
[2026-03-24T14:53:06.561+0000] {logging_mixin.py:190} INFO - [2026-03-24T14:53:06.560+0000] {dag.py:3239} INFO - Sync 1 DAGs
[2026-03-24T14:53:06.626+0000] {logging_mixin.py:190} INFO - [2026-03-24T14:53:06.625+0000] {dag.py:4180} INFO - Setting next_dagrun for sensor_data_consumer to 2026-03-24 14:50:00+00:00, run_after=2026-03-24 14:55:00+00:00
[2026-03-24T14:53:06.660+0000] {processor.py:208} INFO - Processing /opt/airflow/dags/sensor_airflow_consumer.py took 2.733 seconds
[2026-03-24T14:53:37.294+0000] {processor.py:186} INFO - Started process (PID=207) to work on /opt/airflow/dags/sensor_airflow_consumer.py
[2026-03-24T14:53:37.300+0000] {processor.py:914} INFO - Processing file /opt/airflow/dags/sensor_airflow_consumer.py for tasks to queue
[2026-03-24T14:53:37.320+0000] {logging_mixin.py:190} INFO - [2026-03-24T14:53:37.310+0000] {dagbag.py:588} INFO - Filling up the DagBag from /opt/airflow/dags/sensor_airflow_consumer.py
[2026-03-24T14:53:42.306+0000] {processor.py:925} INFO - DAG(s) 'sensor_data_consumer' retrieved from /opt/airflow/dags/sensor_airflow_consumer.py
[2026-03-24T14:53:42.341+0000] {logging_mixin.py:190} INFO - [2026-03-24T14:53:42.341+0000] {dag.py:3239} INFO - Sync 1 DAGs
[2026-03-24T14:53:42.372+0000] {logging_mixin.py:190} INFO - [2026-03-24T14:53:42.371+0000] {dag.py:4180} INFO - Setting next_dagrun for sensor_data_consumer to 2026-03-24 14:50:00+00:00, run_after=2026-03-24 14:55:00+00:00
[2026-03-24T14:53:42.396+0000] {processor.py:208} INFO - Processing /opt/airflow/dags/sensor_airflow_consumer.py took 5.182 seconds
[2026-03-24T14:54:13.248+0000] {processor.py:186} INFO - Started process (PID=223) to work on /opt/airflow/dags/sensor_airflow_consumer.py
[2026-03-24T14:54:13.249+0000] {processor.py:914} INFO - Processing file /opt/airflow/dags/sensor_airflow_consumer.py for tasks to queue
[2026-03-24T14:54:13.256+0000] {logging_mixin.py:190} INFO - [2026-03-24T14:54:13.255+0000] {dagbag.py:588} INFO - Filling up the DagBag from /opt/airflow/dags/sensor_airflow_consumer.py
[2026-03-24T14:54:14.179+0000] {processor.py:925} INFO - DAG(s) 'sensor_data_consumer' retrieved from /opt/airflow/dags/sensor_airflow_consumer.py
[2026-03-24T14:54:14.207+0000] {logging_mixin.py:190} INFO - [2026-03-24T14:54:14.206+0000] {dag.py:3239} INFO - Sync 1 DAGs
[2026-03-24T14:54:14.238+0000] {logging_mixin.py:190} INFO - [2026-03-24T14:54:14.238+0000] {dag.py:4180} INFO - Setting next_dagrun for sensor_data_consumer to 2026-03-24 14:50:00+00:00, run_after=2026-03-24 14:55:00+00:00
[2026-03-24T14:54:14.260+0000] {processor.py:208} INFO - Processing /opt/airflow/dags/sensor_airflow_consumer.py took 1.026 seconds
[2026-03-24T14:54:44.666+0000] {processor.py:186} INFO - Started process (PID=232) to work on /opt/airflow/dags/sensor_airflow_consumer.py
[2026-03-24T14:54:44.669+0000] {processor.py:914} INFO - Processing file /opt/airflow/dags/sensor_airflow_consumer.py for tasks to queue
[2026-03-24T14:54:44.673+0000] {logging_mixin.py:190} INFO - [2026-03-24T14:54:44.672+0000] {dagbag.py:588} INFO - Filling up the DagBag from /opt/airflow/dags/sensor_airflow_consumer.py
[2026-03-24T14:54:45.437+0000] {processor.py:925} INFO - DAG(s) 'sensor_data_consumer' retrieved from /opt/airflow/dags/sensor_airflow_consumer.py
[2026-03-24T14:54:45.461+0000] {logging_mixin.py:190} INFO - [2026-03-24T14:54:45.460+0000] {dag.py:3239} INFO - Sync 1 DAGs
[2026-03-24T14:54:45.488+0000] {logging_mixin.py:190} INFO - [2026-03-24T14:54:45.488+0000] {dag.py:4180} INFO - Setting next_dagrun for sensor_data_consumer to 2026-03-24 14:50:00+00:00, run_after=2026-03-24 14:55:00+00:00
[2026-03-24T14:54:45.519+0000] {processor.py:208} INFO - Processing /opt/airflow/dags/sensor_airflow_consumer.py took 0.862 seconds
[2026-03-24T14:55:15.740+0000] {processor.py:186} INFO - Started process (PID=243) to work on /opt/airflow/dags/sensor_airflow_consumer.py
[2026-03-24T14:55:15.741+0000] {processor.py:914} INFO - Processing file /opt/airflow/dags/sensor_airflow_consumer.py for tasks to queue
[2026-03-24T14:55:15.748+0000] {logging_mixin.py:190} INFO - [2026-03-24T14:55:15.747+0000] {dagbag.py:588} INFO - Filling up the DagBag from /opt/airflow/dags/sensor_airflow_consumer.py
[2026-03-24T14:55:16.739+0000] {processor.py:925} INFO - DAG(s) 'sensor_data_consumer' retrieved from /opt/airflow/dags/sensor_airflow_consumer.py
[2026-03-24T14:55:16.779+0000] {logging_mixin.py:190} INFO - [2026-03-24T14:55:16.778+0000] {dag.py:3239} INFO - Sync 1 DAGs
[2026-03-24T14:55:16.828+0000] {logging_mixin.py:190} INFO - [2026-03-24T14:55:16.828+0000] {dag.py:4180} INFO - Setting next_dagrun for sensor_data_consumer to 2026-03-24 14:55:00+00:00, run_after=2026-03-24 15:00:00+00:00
[2026-03-24T14:55:16.866+0000] {processor.py:208} INFO - Processing /opt/airflow/dags/sensor_airflow_consumer.py took 1.139 seconds
[2026-03-24T14:55:47.897+0000] {processor.py:186} INFO - Started process (PID=251) to work on /opt/airflow/dags/sensor_airflow_consumer.py
[2026-03-24T14:55:47.900+0000] {processor.py:914} INFO - Processing file /opt/airflow/dags/sensor_airflow_consumer.py for tasks to queue
[2026-03-24T14:55:47.910+0000] {logging_mixin.py:190} INFO - [2026-03-24T14:55:47.909+0000] {dagbag.py:588} INFO - Filling up the DagBag from /opt/airflow/dags/sensor_airflow_consumer.py
[2026-03-24T14:55:49.475+0000] {processor.py:925} INFO - DAG(s) 'sensor_data_consumer' retrieved from /opt/airflow/dags/sensor_airflow_consumer.py
[2026-03-24T14:55:49.505+0000] {logging_mixin.py:190} INFO - [2026-03-24T14:55:49.504+0000] {dag.py:3239} INFO - Sync 1 DAGs
[2026-03-24T14:55:49.531+0000] {logging_mixin.py:190} INFO - [2026-03-24T14:55:49.530+0000] {dag.py:4180} INFO - Setting next_dagrun for sensor_data_consumer to 2026-03-24 14:55:00+00:00, run_after=2026-03-24 15:00:00+00:00
[2026-03-24T14:55:49.556+0000] {processor.py:208} INFO - Processing /opt/airflow/dags/sensor_airflow_consumer.py took 1.674 seconds
[2026-03-24T14:56:22.182+0000] {processor.py:186} INFO - Started process (PID=260) to work on /opt/airflow/dags/sensor_airflow_consumer.py
[2026-03-24T14:56:22.186+0000] {processor.py:914} INFO - Processing file /opt/airflow/dags/sensor_airflow_consumer.py for tasks to queue
[2026-03-24T14:56:22.193+0000] {logging_mixin.py:190} INFO - [2026-03-24T14:56:22.191+0000] {dagbag.py:588} INFO - Filling up the DagBag from /opt/airflow/dags/sensor_airflow_consumer.py
[2026-03-24T14:56:32.003+0000] {processor.py:925} INFO - DAG(s) 'sensor_data_consumer' retrieved from /opt/airflow/dags/sensor_airflow_consumer.py
[2026-03-24T14:56:32.186+0000] {logging_mixin.py:190} INFO - [2026-03-24T14:56:32.180+0000] {dag.py:3239} INFO - Sync 1 DAGs
[2026-03-24T14:56:32.254+0000] {logging_mixin.py:190} INFO - [2026-03-24T14:56:32.254+0000] {dag.py:4180} INFO - Setting next_dagrun for sensor_data_consumer to 2026-03-24 14:55:00+00:00, run_after=2026-03-24 15:00:00+00:00
[2026-03-24T14:56:32.302+0000] {processor.py:208} INFO - Processing /opt/airflow/dags/sensor_airflow_consumer.py took 10.139 seconds
[2026-03-24T14:57:03.293+0000] {processor.py:186} INFO - Started process (PID=270) to work on /opt/airflow/dags/sensor_airflow_consumer.py
[2026-03-24T14:57:03.295+0000] {processor.py:914} INFO - Processing file /opt/airflow/dags/sensor_airflow_consumer.py for tasks to queue
[2026-03-24T14:57:03.300+0000] {logging_mixin.py:190} INFO - [2026-03-24T14:57:03.299+0000] {dagbag.py:588} INFO - Filling up the DagBag from /opt/airflow/dags/sensor_airflow_consumer.py
[2026-03-24T14:57:04.117+0000] {processor.py:925} INFO - DAG(s) 'sensor_data_consumer' retrieved from /opt/airflow/dags/sensor_airflow_consumer.py
[2026-03-24T14:57:04.141+0000] {logging_mixin.py:190} INFO - [2026-03-24T14:57:04.141+0000] {dag.py:3239} INFO - Sync 1 DAGs
[2026-03-24T14:57:04.164+0000] {logging_mixin.py:190} INFO - [2026-03-24T14:57:04.164+0000] {dag.py:4180} INFO - Setting next_dagrun for sensor_data_consumer to 2026-03-24 14:55:00+00:00, run_after=2026-03-24 15:00:00+00:00
[2026-03-24T14:57:04.182+0000] {processor.py:208} INFO - Processing /opt/airflow/dags/sensor_airflow_consumer.py took 0.916 seconds
[2026-03-24T14:57:34.338+0000] {processor.py:186} INFO - Started process (PID=280) to work on /opt/airflow/dags/sensor_airflow_consumer.py
[2026-03-24T14:57:34.340+0000] {processor.py:914} INFO - Processing file /opt/airflow/dags/sensor_airflow_consumer.py for tasks to queue
[2026-03-24T14:57:34.349+0000] {logging_mixin.py:190} INFO - [2026-03-24T14:57:34.347+0000] {dagbag.py:588} INFO - Filling up the DagBag from /opt/airflow/dags/sensor_airflow_consumer.py
[2026-03-24T14:57:35.867+0000] {processor.py:925} INFO - DAG(s) 'sensor_data_consumer' retrieved from /opt/airflow/dags/sensor_airflow_consumer.py
[2026-03-24T14:57:35.907+0000] {logging_mixin.py:190} INFO - [2026-03-24T14:57:35.906+0000] {dag.py:3239} INFO - Sync 1 DAGs
[2026-03-24T14:57:35.955+0000] {logging_mixin.py:190} INFO - [2026-03-24T14:57:35.955+0000] {dag.py:4180} INFO - Setting next_dagrun for sensor_data_consumer to 2026-03-24 14:55:00+00:00, run_after=2026-03-24 15:00:00+00:00
[2026-03-24T14:57:35.997+0000] {processor.py:208} INFO - Processing /opt/airflow/dags/sensor_airflow_consumer.py took 1.686 seconds
[2026-03-24T14:58:06.495+0000] {processor.py:186} INFO - Started process (PID=289) to work on /opt/airflow/dags/sensor_airflow_consumer.py
[2026-03-24T14:58:06.498+0000] {processor.py:914} INFO - Processing file /opt/airflow/dags/sensor_airflow_consumer.py for tasks to queue
[2026-03-24T14:58:06.501+0000] {logging_mixin.py:190} INFO - [2026-03-24T14:58:06.501+0000] {dagbag.py:588} INFO - Filling up the DagBag from /opt/airflow/dags/sensor_airflow_consumer.py
[2026-03-24T14:58:07.349+0000] {processor.py:925} INFO - DAG(s) 'sensor_data_consumer' retrieved from /opt/airflow/dags/sensor_airflow_consumer.py
[2026-03-24T14:58:07.385+0000] {logging_mixin.py:190} INFO - [2026-03-24T14:58:07.384+0000] {dag.py:3239} INFO - Sync 1 DAGs
[2026-03-24T14:58:07.416+0000] {logging_mixin.py:190} INFO - [2026-03-24T14:58:07.416+0000] {dag.py:4180} INFO - Setting next_dagrun for sensor_data_consumer to 2026-03-24 14:55:00+00:00, run_after=2026-03-24 15:00:00+00:00
[2026-03-24T14:58:07.438+0000] {processor.py:208} INFO - Processing /opt/airflow/dags/sensor_airflow_consumer.py took 0.951 seconds
[2026-03-24T14:58:54.879+0000] {processor.py:186} INFO - Started process (PID=298) to work on /opt/airflow/dags/sensor_airflow_consumer.py
[2026-03-24T14:58:54.881+0000] {processor.py:914} INFO - Processing file /opt/airflow/dags/sensor_airflow_consumer.py for tasks to queue
[2026-03-24T14:58:54.899+0000] {logging_mixin.py:190} INFO - [2026-03-24T14:58:54.893+0000] {dagbag.py:588} INFO - Filling up the DagBag from /opt/airflow/dags/sensor_airflow_consumer.py
[2026-03-24T14:58:58.789+0000] {processor.py:925} INFO - DAG(s) 'sensor_data_consumer' retrieved from /opt/airflow/dags/sensor_airflow_consumer.py
[2026-03-24T14:58:58.818+0000] {logging_mixin.py:190} INFO - [2026-03-24T14:58:58.817+0000] {dag.py:3239} INFO - Sync 1 DAGs
[2026-03-24T14:58:58.851+0000] {logging_mixin.py:190} INFO - [2026-03-24T14:58:58.851+0000] {dag.py:4180} INFO - Setting next_dagrun for sensor_data_consumer to 2026-03-24 14:55:00+00:00, run_after=2026-03-24 15:00:00+00:00
[2026-03-24T14:58:58.876+0000] {processor.py:208} INFO - Processing /opt/airflow/dags/sensor_airflow_consumer.py took 2.249 seconds
[2026-03-24T14:59:30.605+0000] {processor.py:186} INFO - Started process (PID=305) to work on /opt/airflow/dags/sensor_airflow_consumer.py
[2026-03-24T14:59:30.617+0000] {processor.py:914} INFO - Processing file /opt/airflow/dags/sensor_airflow_consumer.py for tasks to queue
[2026-03-24T14:59:30.634+0000] {logging_mixin.py:190} INFO - [2026-03-24T14:59:30.630+0000] {dagbag.py:588} INFO - Filling up the DagBag from /opt/airflow/dags/sensor_airflow_consumer.py
[2026-03-24T14:59:33.356+0000] {processor.py:925} INFO - DAG(s) 'sensor_data_consumer' retrieved from /opt/airflow/dags/sensor_airflow_consumer.py
[2026-03-24T15:00:08.629+0000] {processor.py:211} ERROR - Got an exception! Propagating...
Traceback (most recent call last):
  File "/home/airflow/.local/lib/python3.12/site-packages/sqlalchemy/engine/base.py", line 3371, in _wrap_pool_connect
    return fn()
           ^^^^
  File "/home/airflow/.local/lib/python3.12/site-packages/sqlalchemy/pool/base.py", line 327, in connect
    return _ConnectionFairy._checkout(self)
           ^^^^^^^^^^^^^^^^^^^^^^^^^^^^^^^^
  File "/home/airflow/.local/lib/python3.12/site-packages/sqlalchemy/pool/base.py", line 894, in _checkout
    fairy = _ConnectionRecord.checkout(pool)
            ^^^^^^^^^^^^^^^^^^^^^^^^^^^^^^^^
  File "/home/airflow/.local/lib/python3.12/site-packages/sqlalchemy/pool/base.py", line 493, in checkout
    rec = pool._do_get()
          ^^^^^^^^^^^^^^
  File "/home/airflow/.local/lib/python3.12/site-packages/sqlalchemy/pool/impl.py", line 145, in _do_get
    with util.safe_reraise():
         ^^^^^^^^^^^^^^^^^^^
  File "/home/airflow/.local/lib/python3.12/site-packages/sqlalchemy/util/langhelpers.py", line 70, in __exit__
    compat.raise_(
  File "/home/airflow/.local/lib/python3.12/site-packages/sqlalchemy/util/compat.py", line 211, in raise_
    raise exception
  File "/home/airflow/.local/lib/python3.12/site-packages/sqlalchemy/pool/impl.py", line 143, in _do_get
    return self._create_connection()
           ^^^^^^^^^^^^^^^^^^^^^^^^^
  File "/home/airflow/.local/lib/python3.12/site-packages/sqlalchemy/pool/base.py", line 273, in _create_connection
    return _ConnectionRecord(self)
           ^^^^^^^^^^^^^^^^^^^^^^^
  File "/home/airflow/.local/lib/python3.12/site-packages/sqlalchemy/pool/base.py", line 388, in __init__
    self.__connect()
  File "/home/airflow/.local/lib/python3.12/site-packages/sqlalchemy/pool/base.py", line 690, in __connect
    with util.safe_reraise():
         ^^^^^^^^^^^^^^^^^^^
  File "/home/airflow/.local/lib/python3.12/site-packages/sqlalchemy/util/langhelpers.py", line 70, in __exit__
    compat.raise_(
  File "/home/airflow/.local/lib/python3.12/site-packages/sqlalchemy/util/compat.py", line 211, in raise_
    raise exception
  File "/home/airflow/.local/lib/python3.12/site-packages/sqlalchemy/pool/base.py", line 686, in __connect
    self.dbapi_connection = connection = pool._invoke_creator(self)
                                         ^^^^^^^^^^^^^^^^^^^^^^^^^^
  File "/home/airflow/.local/lib/python3.12/site-packages/sqlalchemy/engine/create.py", line 574, in connect
    return dialect.connect(*cargs, **cparams)
           ^^^^^^^^^^^^^^^^^^^^^^^^^^^^^^^^^^
  File "/home/airflow/.local/lib/python3.12/site-packages/sqlalchemy/engine/default.py", line 598, in connect
    return self.dbapi.connect(*cargs, **cparams)
           ^^^^^^^^^^^^^^^^^^^^^^^^^^^^^^^^^^^^^
  File "/home/airflow/.local/lib/python3.12/site-packages/psycopg2/__init__.py", line 122, in connect
    conn = _connect(dsn, connection_factory=connection_factory, **kwasync)
           ^^^^^^^^^^^^^^^^^^^^^^^^^^^^^^^^^^^^^^^^^^^^^^^^^^^^^^^^^^^^^^^
psycopg2.OperationalError: could not translate host name "postgres" to address: Temporary failure in name resolution


The above exception was the direct cause of the following exception:

Traceback (most recent call last):
  File "/home/airflow/.local/lib/python3.12/site-packages/airflow/dag_processing/processor.py", line 207, in _run_file_processor
    _handle_dag_file_processing()
  File "/home/airflow/.local/lib/python3.12/site-packages/airflow/dag_processing/processor.py", line 188, in _handle_dag_file_processing
    result: tuple[int, int, int] = dag_file_processor.process_file(
                                   ^^^^^^^^^^^^^^^^^^^^^^^^^^^^^^^^
  File "/home/airflow/.local/lib/python3.12/site-packages/airflow/utils/session.py", line 97, in wrapper
    return func(*args, session=session, **kwargs)
           ^^^^^^^^^^^^^^^^^^^^^^^^^^^^^^^^^^^^^^
  File "/home/airflow/.local/lib/python3.12/site-packages/airflow/dag_processing/processor.py", line 942, in process_file
    serialize_errors = DagFileProcessor.save_dag_to_db(
                       ^^^^^^^^^^^^^^^^^^^^^^^^^^^^^^^^
  File "/home/airflow/.local/lib/python3.12/site-packages/airflow/api_internal/internal_api_call.py", line 139, in wrapper
    return func(*args, **kwargs)
           ^^^^^^^^^^^^^^^^^^^^^
  File "/home/airflow/.local/lib/python3.12/site-packages/airflow/utils/session.py", line 97, in wrapper
    return func(*args, session=session, **kwargs)
           ^^^^^^^^^^^^^^^^^^^^^^^^^^^^^^^^^^^^^^
  File "/home/airflow/.local/lib/python3.12/site-packages/airflow/dag_processing/processor.py", line 982, in save_dag_to_db
    import_errors = DagBag._sync_to_db(dags=dags, processor_subdir=dag_directory, session=session)
                    ^^^^^^^^^^^^^^^^^^^^^^^^^^^^^^^^^^^^^^^^^^^^^^^^^^^^^^^^^^^^^^^^^^^^^^^^^^^^^^
  File "/home/airflow/.local/lib/python3.12/site-packages/airflow/utils/session.py", line 94, in wrapper
    return func(*args, **kwargs)
           ^^^^^^^^^^^^^^^^^^^^^
  File "/home/airflow/.local/lib/python3.12/site-packages/airflow/models/dagbag.py", line 708, in _sync_to_db
    for attempt in run_with_db_retries(logger=log):
                   ^^^^^^^^^^^^^^^^^^^^^^^^^^^^^^^
  File "/home/airflow/.local/lib/python3.12/site-packages/tenacity/__init__.py", line 443, in __iter__
    do = self.iter(retry_state=retry_state)
         ^^^^^^^^^^^^^^^^^^^^^^^^^^^^^^^^^^
  File "/home/airflow/.local/lib/python3.12/site-packages/tenacity/__init__.py", line 376, in iter
    result = action(retry_state)
             ^^^^^^^^^^^^^^^^^^^
  File "/home/airflow/.local/lib/python3.12/site-packages/tenacity/__init__.py", line 418, in exc_check
    raise retry_exc.reraise()
          ^^^^^^^^^^^^^^^^^^^
  File "/home/airflow/.local/lib/python3.12/site-packages/tenacity/__init__.py", line 185, in reraise
    raise self.last_attempt.result()
          ^^^^^^^^^^^^^^^^^^^^^^^^^^
  File "/usr/local/lib/python3.12/concurrent/futures/_base.py", line 449, in result
    return self.__get_result()
           ^^^^^^^^^^^^^^^^^^^
  File "/usr/local/lib/python3.12/concurrent/futures/_base.py", line 401, in __get_result
    raise self._exception
  File "/home/airflow/.local/lib/python3.12/site-packages/airflow/models/dagbag.py", line 721, in _sync_to_db
    _serialize_dag_capturing_errors(dag, session, processor_subdir)
  File "/home/airflow/.local/lib/python3.12/site-packages/airflow/models/dagbag.py", line 686, in _serialize_dag_capturing_errors
    dag_was_updated = SerializedDagModel.write_dag(
                      ^^^^^^^^^^^^^^^^^^^^^^^^^^^^^
  File "/home/airflow/.local/lib/python3.12/site-packages/airflow/utils/session.py", line 94, in wrapper
    return func(*args, **kwargs)
           ^^^^^^^^^^^^^^^^^^^^^
  File "/home/airflow/.local/lib/python3.12/site-packages/airflow/models/serialized_dag.py", line 160, in write_dag
    if session.scalar(
       ^^^^^^^^^^^^^^^
  File "/home/airflow/.local/lib/python3.12/site-packages/sqlalchemy/orm/session.py", line 1747, in scalar
    return self.execute(
           ^^^^^^^^^^^^^
  File "/home/airflow/.local/lib/python3.12/site-packages/sqlalchemy/orm/session.py", line 1716, in execute
    conn = self._connection_for_bind(bind)
           ^^^^^^^^^^^^^^^^^^^^^^^^^^^^^^^
  File "/home/airflow/.local/lib/python3.12/site-packages/sqlalchemy/orm/session.py", line 1555, in _connection_for_bind
    return self._transaction._connection_for_bind(
           ^^^^^^^^^^^^^^^^^^^^^^^^^^^^^^^^^^^^^^^
  File "/home/airflow/.local/lib/python3.12/site-packages/sqlalchemy/orm/session.py", line 750, in _connection_for_bind
    conn = bind.connect()
           ^^^^^^^^^^^^^^
  File "/home/airflow/.local/lib/python3.12/site-packages/sqlalchemy/future/engine.py", line 412, in connect
    return super(Engine, self).connect()
           ^^^^^^^^^^^^^^^^^^^^^^^^^^^^^
  File "/home/airflow/.local/lib/python3.12/site-packages/sqlalchemy/engine/base.py", line 3325, in connect
    return self._connection_cls(self, close_with_result=close_with_result)
           ^^^^^^^^^^^^^^^^^^^^^^^^^^^^^^^^^^^^^^^^^^^^^^^^^^^^^^^^^^^^^^^
  File "/home/airflow/.local/lib/python3.12/site-packages/sqlalchemy/engine/base.py", line 96, in __init__
    else engine.raw_connection()
         ^^^^^^^^^^^^^^^^^^^^^^^
  File "/home/airflow/.local/lib/python3.12/site-packages/sqlalchemy/engine/base.py", line 3404, in raw_connection
    return self._wrap_pool_connect(self.pool.connect, _connection)
           ^^^^^^^^^^^^^^^^^^^^^^^^^^^^^^^^^^^^^^^^^^^^^^^^^^^^^^^
  File "/home/airflow/.local/lib/python3.12/site-packages/sqlalchemy/engine/base.py", line 3374, in _wrap_pool_connect
    Connection._handle_dbapi_exception_noconnection(
  File "/home/airflow/.local/lib/python3.12/site-packages/sqlalchemy/engine/base.py", line 2208, in _handle_dbapi_exception_noconnection
    util.raise_(
  File "/home/airflow/.local/lib/python3.12/site-packages/sqlalchemy/util/compat.py", line 211, in raise_
    raise exception
  File "/home/airflow/.local/lib/python3.12/site-packages/sqlalchemy/engine/base.py", line 3371, in _wrap_pool_connect
    return fn()
           ^^^^
  File "/home/airflow/.local/lib/python3.12/site-packages/sqlalchemy/pool/base.py", line 327, in connect
    return _ConnectionFairy._checkout(self)
           ^^^^^^^^^^^^^^^^^^^^^^^^^^^^^^^^
  File "/home/airflow/.local/lib/python3.12/site-packages/sqlalchemy/pool/base.py", line 894, in _checkout
    fairy = _ConnectionRecord.checkout(pool)
            ^^^^^^^^^^^^^^^^^^^^^^^^^^^^^^^^
  File "/home/airflow/.local/lib/python3.12/site-packages/sqlalchemy/pool/base.py", line 493, in checkout
    rec = pool._do_get()
          ^^^^^^^^^^^^^^
  File "/home/airflow/.local/lib/python3.12/site-packages/sqlalchemy/pool/impl.py", line 145, in _do_get
    with util.safe_reraise():
         ^^^^^^^^^^^^^^^^^^^
  File "/home/airflow/.local/lib/python3.12/site-packages/sqlalchemy/util/langhelpers.py", line 70, in __exit__
    compat.raise_(
  File "/home/airflow/.local/lib/python3.12/site-packages/sqlalchemy/util/compat.py", line 211, in raise_
    raise exception
  File "/home/airflow/.local/lib/python3.12/site-packages/sqlalchemy/pool/impl.py", line 143, in _do_get
    return self._create_connection()
           ^^^^^^^^^^^^^^^^^^^^^^^^^
  File "/home/airflow/.local/lib/python3.12/site-packages/sqlalchemy/pool/base.py", line 273, in _create_connection
    return _ConnectionRecord(self)
           ^^^^^^^^^^^^^^^^^^^^^^^
  File "/home/airflow/.local/lib/python3.12/site-packages/sqlalchemy/pool/base.py", line 388, in __init__
    self.__connect()
  File "/home/airflow/.local/lib/python3.12/site-packages/sqlalchemy/pool/base.py", line 690, in __connect
    with util.safe_reraise():
         ^^^^^^^^^^^^^^^^^^^
  File "/home/airflow/.local/lib/python3.12/site-packages/sqlalchemy/util/langhelpers.py", line 70, in __exit__
    compat.raise_(
  File "/home/airflow/.local/lib/python3.12/site-packages/sqlalchemy/util/compat.py", line 211, in raise_
    raise exception
  File "/home/airflow/.local/lib/python3.12/site-packages/sqlalchemy/pool/base.py", line 686, in __connect
    self.dbapi_connection = connection = pool._invoke_creator(self)
                                         ^^^^^^^^^^^^^^^^^^^^^^^^^^
  File "/home/airflow/.local/lib/python3.12/site-packages/sqlalchemy/engine/create.py", line 574, in connect
    return dialect.connect(*cargs, **cparams)
           ^^^^^^^^^^^^^^^^^^^^^^^^^^^^^^^^^^
  File "/home/airflow/.local/lib/python3.12/site-packages/sqlalchemy/engine/default.py", line 598, in connect
    return self.dbapi.connect(*cargs, **cparams)
           ^^^^^^^^^^^^^^^^^^^^^^^^^^^^^^^^^^^^^
  File "/home/airflow/.local/lib/python3.12/site-packages/psycopg2/__init__.py", line 122, in connect
    conn = _connect(dsn, connection_factory=connection_factory, **kwasync)
           ^^^^^^^^^^^^^^^^^^^^^^^^^^^^^^^^^^^^^^^^^^^^^^^^^^^^^^^^^^^^^^^
sqlalchemy.exc.OperationalError: (psycopg2.OperationalError) could not translate host name "postgres" to address: Temporary failure in name resolution

(Background on this error at: https://sqlalche.me/e/14/e3q8)
[2026-03-24T15:00:41.951+0000] {processor.py:186} INFO - Started process (PID=73) to work on /opt/airflow/dags/sensor_airflow_consumer.py
[2026-03-24T15:00:41.952+0000] {processor.py:914} INFO - Processing file /opt/airflow/dags/sensor_airflow_consumer.py for tasks to queue
[2026-03-24T15:00:41.956+0000] {logging_mixin.py:190} INFO - [2026-03-24T15:00:41.955+0000] {dagbag.py:588} INFO - Filling up the DagBag from /opt/airflow/dags/sensor_airflow_consumer.py
[2026-03-24T15:00:43.163+0000] {processor.py:925} INFO - DAG(s) 'sensor_data_consumer' retrieved from /opt/airflow/dags/sensor_airflow_consumer.py
[2026-03-24T15:00:43.189+0000] {logging_mixin.py:190} INFO - [2026-03-24T15:00:43.188+0000] {dag.py:3239} INFO - Sync 1 DAGs
[2026-03-24T15:00:43.212+0000] {logging_mixin.py:190} INFO - [2026-03-24T15:00:43.212+0000] {dag.py:4180} INFO - Setting next_dagrun for sensor_data_consumer to 2026-03-24 15:00:00+00:00, run_after=2026-03-24 15:05:00+00:00
[2026-03-24T15:00:43.229+0000] {processor.py:208} INFO - Processing /opt/airflow/dags/sensor_airflow_consumer.py took 1.289 seconds
[2026-03-24T15:01:14.933+0000] {processor.py:186} INFO - Started process (PID=88) to work on /opt/airflow/dags/sensor_airflow_consumer.py
[2026-03-24T15:01:14.935+0000] {processor.py:914} INFO - Processing file /opt/airflow/dags/sensor_airflow_consumer.py for tasks to queue
[2026-03-24T15:01:14.941+0000] {logging_mixin.py:190} INFO - [2026-03-24T15:01:14.938+0000] {dagbag.py:588} INFO - Filling up the DagBag from /opt/airflow/dags/sensor_airflow_consumer.py
[2026-03-24T15:01:15.987+0000] {processor.py:925} INFO - DAG(s) 'sensor_data_consumer' retrieved from /opt/airflow/dags/sensor_airflow_consumer.py
[2026-03-24T15:01:16.008+0000] {logging_mixin.py:190} INFO - [2026-03-24T15:01:16.008+0000] {dag.py:3239} INFO - Sync 1 DAGs
[2026-03-24T15:01:16.027+0000] {logging_mixin.py:190} INFO - [2026-03-24T15:01:16.027+0000] {dag.py:4180} INFO - Setting next_dagrun for sensor_data_consumer to 2026-03-24 15:00:00+00:00, run_after=2026-03-24 15:05:00+00:00
[2026-03-24T15:01:16.042+0000] {processor.py:208} INFO - Processing /opt/airflow/dags/sensor_airflow_consumer.py took 1.121 seconds
[2026-03-24T15:01:47.488+0000] {processor.py:186} INFO - Started process (PID=91) to work on /opt/airflow/dags/sensor_airflow_consumer.py
[2026-03-24T15:01:47.491+0000] {processor.py:914} INFO - Processing file /opt/airflow/dags/sensor_airflow_consumer.py for tasks to queue
[2026-03-24T15:01:47.494+0000] {logging_mixin.py:190} INFO - [2026-03-24T15:01:47.493+0000] {dagbag.py:588} INFO - Filling up the DagBag from /opt/airflow/dags/sensor_airflow_consumer.py
[2026-03-24T15:01:48.689+0000] {processor.py:925} INFO - DAG(s) 'sensor_data_consumer' retrieved from /opt/airflow/dags/sensor_airflow_consumer.py
[2026-03-24T15:01:48.756+0000] {logging_mixin.py:190} INFO - [2026-03-24T15:01:48.752+0000] {dag.py:3239} INFO - Sync 1 DAGs
[2026-03-24T15:01:48.785+0000] {logging_mixin.py:190} INFO - [2026-03-24T15:01:48.785+0000] {dag.py:4180} INFO - Setting next_dagrun for sensor_data_consumer to 2026-03-24 15:00:00+00:00, run_after=2026-03-24 15:05:00+00:00
[2026-03-24T15:01:48.804+0000] {processor.py:208} INFO - Processing /opt/airflow/dags/sensor_airflow_consumer.py took 1.328 seconds
[2026-03-24T15:02:20.106+0000] {processor.py:186} INFO - Started process (PID=100) to work on /opt/airflow/dags/sensor_airflow_consumer.py
[2026-03-24T15:02:20.108+0000] {processor.py:914} INFO - Processing file /opt/airflow/dags/sensor_airflow_consumer.py for tasks to queue
[2026-03-24T15:02:20.114+0000] {logging_mixin.py:190} INFO - [2026-03-24T15:02:20.111+0000] {dagbag.py:588} INFO - Filling up the DagBag from /opt/airflow/dags/sensor_airflow_consumer.py
[2026-03-24T15:02:22.106+0000] {processor.py:925} INFO - DAG(s) 'sensor_data_consumer' retrieved from /opt/airflow/dags/sensor_airflow_consumer.py
[2026-03-24T15:02:57.971+0000] {processor.py:211} ERROR - Got an exception! Propagating...
Traceback (most recent call last):
  File "/home/airflow/.local/lib/python3.12/site-packages/sqlalchemy/engine/base.py", line 3371, in _wrap_pool_connect
    return fn()
           ^^^^
  File "/home/airflow/.local/lib/python3.12/site-packages/sqlalchemy/pool/base.py", line 327, in connect
    return _ConnectionFairy._checkout(self)
           ^^^^^^^^^^^^^^^^^^^^^^^^^^^^^^^^
  File "/home/airflow/.local/lib/python3.12/site-packages/sqlalchemy/pool/base.py", line 894, in _checkout
    fairy = _ConnectionRecord.checkout(pool)
            ^^^^^^^^^^^^^^^^^^^^^^^^^^^^^^^^
  File "/home/airflow/.local/lib/python3.12/site-packages/sqlalchemy/pool/base.py", line 493, in checkout
    rec = pool._do_get()
          ^^^^^^^^^^^^^^
  File "/home/airflow/.local/lib/python3.12/site-packages/sqlalchemy/pool/impl.py", line 145, in _do_get
    with util.safe_reraise():
         ^^^^^^^^^^^^^^^^^^^
  File "/home/airflow/.local/lib/python3.12/site-packages/sqlalchemy/util/langhelpers.py", line 70, in __exit__
    compat.raise_(
  File "/home/airflow/.local/lib/python3.12/site-packages/sqlalchemy/util/compat.py", line 211, in raise_
    raise exception
  File "/home/airflow/.local/lib/python3.12/site-packages/sqlalchemy/pool/impl.py", line 143, in _do_get
    return self._create_connection()
           ^^^^^^^^^^^^^^^^^^^^^^^^^
  File "/home/airflow/.local/lib/python3.12/site-packages/sqlalchemy/pool/base.py", line 273, in _create_connection
    return _ConnectionRecord(self)
           ^^^^^^^^^^^^^^^^^^^^^^^
  File "/home/airflow/.local/lib/python3.12/site-packages/sqlalchemy/pool/base.py", line 388, in __init__
    self.__connect()
  File "/home/airflow/.local/lib/python3.12/site-packages/sqlalchemy/pool/base.py", line 690, in __connect
    with util.safe_reraise():
         ^^^^^^^^^^^^^^^^^^^
  File "/home/airflow/.local/lib/python3.12/site-packages/sqlalchemy/util/langhelpers.py", line 70, in __exit__
    compat.raise_(
  File "/home/airflow/.local/lib/python3.12/site-packages/sqlalchemy/util/compat.py", line 211, in raise_
    raise exception
  File "/home/airflow/.local/lib/python3.12/site-packages/sqlalchemy/pool/base.py", line 686, in __connect
    self.dbapi_connection = connection = pool._invoke_creator(self)
                                         ^^^^^^^^^^^^^^^^^^^^^^^^^^
  File "/home/airflow/.local/lib/python3.12/site-packages/sqlalchemy/engine/create.py", line 574, in connect
    return dialect.connect(*cargs, **cparams)
           ^^^^^^^^^^^^^^^^^^^^^^^^^^^^^^^^^^
  File "/home/airflow/.local/lib/python3.12/site-packages/sqlalchemy/engine/default.py", line 598, in connect
    return self.dbapi.connect(*cargs, **cparams)
           ^^^^^^^^^^^^^^^^^^^^^^^^^^^^^^^^^^^^^
  File "/home/airflow/.local/lib/python3.12/site-packages/psycopg2/__init__.py", line 122, in connect
    conn = _connect(dsn, connection_factory=connection_factory, **kwasync)
           ^^^^^^^^^^^^^^^^^^^^^^^^^^^^^^^^^^^^^^^^^^^^^^^^^^^^^^^^^^^^^^^
psycopg2.OperationalError: could not translate host name "postgres" to address: Temporary failure in name resolution


The above exception was the direct cause of the following exception:

Traceback (most recent call last):
  File "/home/airflow/.local/lib/python3.12/site-packages/airflow/dag_processing/processor.py", line 207, in _run_file_processor
    _handle_dag_file_processing()
  File "/home/airflow/.local/lib/python3.12/site-packages/airflow/dag_processing/processor.py", line 188, in _handle_dag_file_processing
    result: tuple[int, int, int] = dag_file_processor.process_file(
                                   ^^^^^^^^^^^^^^^^^^^^^^^^^^^^^^^^
  File "/home/airflow/.local/lib/python3.12/site-packages/airflow/utils/session.py", line 97, in wrapper
    return func(*args, session=session, **kwargs)
           ^^^^^^^^^^^^^^^^^^^^^^^^^^^^^^^^^^^^^^
  File "/home/airflow/.local/lib/python3.12/site-packages/airflow/dag_processing/processor.py", line 942, in process_file
    serialize_errors = DagFileProcessor.save_dag_to_db(
                       ^^^^^^^^^^^^^^^^^^^^^^^^^^^^^^^^
  File "/home/airflow/.local/lib/python3.12/site-packages/airflow/api_internal/internal_api_call.py", line 139, in wrapper
    return func(*args, **kwargs)
           ^^^^^^^^^^^^^^^^^^^^^
  File "/home/airflow/.local/lib/python3.12/site-packages/airflow/utils/session.py", line 97, in wrapper
    return func(*args, session=session, **kwargs)
           ^^^^^^^^^^^^^^^^^^^^^^^^^^^^^^^^^^^^^^
  File "/home/airflow/.local/lib/python3.12/site-packages/airflow/dag_processing/processor.py", line 982, in save_dag_to_db
    import_errors = DagBag._sync_to_db(dags=dags, processor_subdir=dag_directory, session=session)
                    ^^^^^^^^^^^^^^^^^^^^^^^^^^^^^^^^^^^^^^^^^^^^^^^^^^^^^^^^^^^^^^^^^^^^^^^^^^^^^^
  File "/home/airflow/.local/lib/python3.12/site-packages/airflow/utils/session.py", line 94, in wrapper
    return func(*args, **kwargs)
           ^^^^^^^^^^^^^^^^^^^^^
  File "/home/airflow/.local/lib/python3.12/site-packages/airflow/models/dagbag.py", line 708, in _sync_to_db
    for attempt in run_with_db_retries(logger=log):
                   ^^^^^^^^^^^^^^^^^^^^^^^^^^^^^^^
  File "/home/airflow/.local/lib/python3.12/site-packages/tenacity/__init__.py", line 443, in __iter__
    do = self.iter(retry_state=retry_state)
         ^^^^^^^^^^^^^^^^^^^^^^^^^^^^^^^^^^
  File "/home/airflow/.local/lib/python3.12/site-packages/tenacity/__init__.py", line 376, in iter
    result = action(retry_state)
             ^^^^^^^^^^^^^^^^^^^
  File "/home/airflow/.local/lib/python3.12/site-packages/tenacity/__init__.py", line 418, in exc_check
    raise retry_exc.reraise()
          ^^^^^^^^^^^^^^^^^^^
  File "/home/airflow/.local/lib/python3.12/site-packages/tenacity/__init__.py", line 185, in reraise
    raise self.last_attempt.result()
          ^^^^^^^^^^^^^^^^^^^^^^^^^^
  File "/usr/local/lib/python3.12/concurrent/futures/_base.py", line 449, in result
    return self.__get_result()
           ^^^^^^^^^^^^^^^^^^^
  File "/usr/local/lib/python3.12/concurrent/futures/_base.py", line 401, in __get_result
    raise self._exception
  File "/home/airflow/.local/lib/python3.12/site-packages/airflow/models/dagbag.py", line 721, in _sync_to_db
    _serialize_dag_capturing_errors(dag, session, processor_subdir)
  File "/home/airflow/.local/lib/python3.12/site-packages/airflow/models/dagbag.py", line 686, in _serialize_dag_capturing_errors
    dag_was_updated = SerializedDagModel.write_dag(
                      ^^^^^^^^^^^^^^^^^^^^^^^^^^^^^
  File "/home/airflow/.local/lib/python3.12/site-packages/airflow/utils/session.py", line 94, in wrapper
    return func(*args, **kwargs)
           ^^^^^^^^^^^^^^^^^^^^^
  File "/home/airflow/.local/lib/python3.12/site-packages/airflow/models/serialized_dag.py", line 160, in write_dag
    if session.scalar(
       ^^^^^^^^^^^^^^^
  File "/home/airflow/.local/lib/python3.12/site-packages/sqlalchemy/orm/session.py", line 1747, in scalar
    return self.execute(
           ^^^^^^^^^^^^^
  File "/home/airflow/.local/lib/python3.12/site-packages/sqlalchemy/orm/session.py", line 1716, in execute
    conn = self._connection_for_bind(bind)
           ^^^^^^^^^^^^^^^^^^^^^^^^^^^^^^^
  File "/home/airflow/.local/lib/python3.12/site-packages/sqlalchemy/orm/session.py", line 1555, in _connection_for_bind
    return self._transaction._connection_for_bind(
           ^^^^^^^^^^^^^^^^^^^^^^^^^^^^^^^^^^^^^^^
  File "/home/airflow/.local/lib/python3.12/site-packages/sqlalchemy/orm/session.py", line 750, in _connection_for_bind
    conn = bind.connect()
           ^^^^^^^^^^^^^^
  File "/home/airflow/.local/lib/python3.12/site-packages/sqlalchemy/future/engine.py", line 412, in connect
    return super(Engine, self).connect()
           ^^^^^^^^^^^^^^^^^^^^^^^^^^^^^
  File "/home/airflow/.local/lib/python3.12/site-packages/sqlalchemy/engine/base.py", line 3325, in connect
    return self._connection_cls(self, close_with_result=close_with_result)
           ^^^^^^^^^^^^^^^^^^^^^^^^^^^^^^^^^^^^^^^^^^^^^^^^^^^^^^^^^^^^^^^
  File "/home/airflow/.local/lib/python3.12/site-packages/sqlalchemy/engine/base.py", line 96, in __init__
    else engine.raw_connection()
         ^^^^^^^^^^^^^^^^^^^^^^^
  File "/home/airflow/.local/lib/python3.12/site-packages/sqlalchemy/engine/base.py", line 3404, in raw_connection
    return self._wrap_pool_connect(self.pool.connect, _connection)
           ^^^^^^^^^^^^^^^^^^^^^^^^^^^^^^^^^^^^^^^^^^^^^^^^^^^^^^^
  File "/home/airflow/.local/lib/python3.12/site-packages/sqlalchemy/engine/base.py", line 3374, in _wrap_pool_connect
    Connection._handle_dbapi_exception_noconnection(
  File "/home/airflow/.local/lib/python3.12/site-packages/sqlalchemy/engine/base.py", line 2208, in _handle_dbapi_exception_noconnection
    util.raise_(
  File "/home/airflow/.local/lib/python3.12/site-packages/sqlalchemy/util/compat.py", line 211, in raise_
    raise exception
  File "/home/airflow/.local/lib/python3.12/site-packages/sqlalchemy/engine/base.py", line 3371, in _wrap_pool_connect
    return fn()
           ^^^^
  File "/home/airflow/.local/lib/python3.12/site-packages/sqlalchemy/pool/base.py", line 327, in connect
    return _ConnectionFairy._checkout(self)
           ^^^^^^^^^^^^^^^^^^^^^^^^^^^^^^^^
  File "/home/airflow/.local/lib/python3.12/site-packages/sqlalchemy/pool/base.py", line 894, in _checkout
    fairy = _ConnectionRecord.checkout(pool)
            ^^^^^^^^^^^^^^^^^^^^^^^^^^^^^^^^
  File "/home/airflow/.local/lib/python3.12/site-packages/sqlalchemy/pool/base.py", line 493, in checkout
    rec = pool._do_get()
          ^^^^^^^^^^^^^^
  File "/home/airflow/.local/lib/python3.12/site-packages/sqlalchemy/pool/impl.py", line 145, in _do_get
    with util.safe_reraise():
         ^^^^^^^^^^^^^^^^^^^
  File "/home/airflow/.local/lib/python3.12/site-packages/sqlalchemy/util/langhelpers.py", line 70, in __exit__
    compat.raise_(
  File "/home/airflow/.local/lib/python3.12/site-packages/sqlalchemy/util/compat.py", line 211, in raise_
    raise exception
  File "/home/airflow/.local/lib/python3.12/site-packages/sqlalchemy/pool/impl.py", line 143, in _do_get
    return self._create_connection()
           ^^^^^^^^^^^^^^^^^^^^^^^^^
  File "/home/airflow/.local/lib/python3.12/site-packages/sqlalchemy/pool/base.py", line 273, in _create_connection
    return _ConnectionRecord(self)
           ^^^^^^^^^^^^^^^^^^^^^^^
  File "/home/airflow/.local/lib/python3.12/site-packages/sqlalchemy/pool/base.py", line 388, in __init__
    self.__connect()
  File "/home/airflow/.local/lib/python3.12/site-packages/sqlalchemy/pool/base.py", line 690, in __connect
    with util.safe_reraise():
         ^^^^^^^^^^^^^^^^^^^
  File "/home/airflow/.local/lib/python3.12/site-packages/sqlalchemy/util/langhelpers.py", line 70, in __exit__
    compat.raise_(
  File "/home/airflow/.local/lib/python3.12/site-packages/sqlalchemy/util/compat.py", line 211, in raise_
    raise exception
  File "/home/airflow/.local/lib/python3.12/site-packages/sqlalchemy/pool/base.py", line 686, in __connect
    self.dbapi_connection = connection = pool._invoke_creator(self)
                                         ^^^^^^^^^^^^^^^^^^^^^^^^^^
  File "/home/airflow/.local/lib/python3.12/site-packages/sqlalchemy/engine/create.py", line 574, in connect
    return dialect.connect(*cargs, **cparams)
           ^^^^^^^^^^^^^^^^^^^^^^^^^^^^^^^^^^
  File "/home/airflow/.local/lib/python3.12/site-packages/sqlalchemy/engine/default.py", line 598, in connect
    return self.dbapi.connect(*cargs, **cparams)
           ^^^^^^^^^^^^^^^^^^^^^^^^^^^^^^^^^^^^^
  File "/home/airflow/.local/lib/python3.12/site-packages/psycopg2/__init__.py", line 122, in connect
    conn = _connect(dsn, connection_factory=connection_factory, **kwasync)
           ^^^^^^^^^^^^^^^^^^^^^^^^^^^^^^^^^^^^^^^^^^^^^^^^^^^^^^^^^^^^^^^
sqlalchemy.exc.OperationalError: (psycopg2.OperationalError) could not translate host name "postgres" to address: Temporary failure in name resolution

(Background on this error at: https://sqlalche.me/e/14/e3q8)
[2026-03-24T15:03:36.607+0000] {processor.py:186} INFO - Started process (PID=109) to work on /opt/airflow/dags/sensor_airflow_consumer.py
[2026-03-24T15:03:36.609+0000] {processor.py:914} INFO - Processing file /opt/airflow/dags/sensor_airflow_consumer.py for tasks to queue
[2026-03-24T15:03:36.616+0000] {logging_mixin.py:190} INFO - [2026-03-24T15:03:36.616+0000] {dagbag.py:588} INFO - Filling up the DagBag from /opt/airflow/dags/sensor_airflow_consumer.py
[2026-03-24T15:03:41.549+0000] {processor.py:925} INFO - DAG(s) 'sensor_data_consumer' retrieved from /opt/airflow/dags/sensor_airflow_consumer.py
[2026-03-24T15:03:41.760+0000] {logging_mixin.py:190} INFO - [2026-03-24T15:03:41.755+0000] {dag.py:3239} INFO - Sync 1 DAGs
[2026-03-24T15:03:41.809+0000] {logging_mixin.py:190} INFO - [2026-03-24T15:03:41.809+0000] {dag.py:4180} INFO - Setting next_dagrun for sensor_data_consumer to 2026-03-24 15:00:00+00:00, run_after=2026-03-24 15:05:00+00:00
[2026-03-24T15:03:41.851+0000] {processor.py:208} INFO - Processing /opt/airflow/dags/sensor_airflow_consumer.py took 2.568 seconds
[2026-03-24T15:04:14.266+0000] {processor.py:186} INFO - Started process (PID=119) to work on /opt/airflow/dags/sensor_airflow_consumer.py
[2026-03-24T15:04:14.267+0000] {processor.py:914} INFO - Processing file /opt/airflow/dags/sensor_airflow_consumer.py for tasks to queue
[2026-03-24T15:04:14.272+0000] {logging_mixin.py:190} INFO - [2026-03-24T15:04:14.269+0000] {dagbag.py:588} INFO - Filling up the DagBag from /opt/airflow/dags/sensor_airflow_consumer.py
[2026-03-24T15:04:15.254+0000] {processor.py:925} INFO - DAG(s) 'sensor_data_consumer' retrieved from /opt/airflow/dags/sensor_airflow_consumer.py
[2026-03-24T15:04:15.374+0000] {logging_mixin.py:190} INFO - [2026-03-24T15:04:15.370+0000] {dag.py:3239} INFO - Sync 1 DAGs
[2026-03-24T15:04:15.406+0000] {logging_mixin.py:190} INFO - [2026-03-24T15:04:15.405+0000] {dag.py:4180} INFO - Setting next_dagrun for sensor_data_consumer to 2026-03-24 15:00:00+00:00, run_after=2026-03-24 15:05:00+00:00
[2026-03-24T15:04:15.430+0000] {processor.py:208} INFO - Processing /opt/airflow/dags/sensor_airflow_consumer.py took 1.174 seconds
[2026-03-24T15:04:46.883+0000] {processor.py:186} INFO - Started process (PID=128) to work on /opt/airflow/dags/sensor_airflow_consumer.py
[2026-03-24T15:04:46.884+0000] {processor.py:914} INFO - Processing file /opt/airflow/dags/sensor_airflow_consumer.py for tasks to queue
[2026-03-24T15:04:46.887+0000] {logging_mixin.py:190} INFO - [2026-03-24T15:04:46.886+0000] {dagbag.py:588} INFO - Filling up the DagBag from /opt/airflow/dags/sensor_airflow_consumer.py
[2026-03-24T15:04:47.790+0000] {processor.py:925} INFO - DAG(s) 'sensor_data_consumer' retrieved from /opt/airflow/dags/sensor_airflow_consumer.py
[2026-03-24T15:04:47.979+0000] {logging_mixin.py:190} INFO - [2026-03-24T15:04:47.974+0000] {dag.py:3239} INFO - Sync 1 DAGs
[2026-03-24T15:04:48.009+0000] {logging_mixin.py:190} INFO - [2026-03-24T15:04:48.009+0000] {dag.py:4180} INFO - Setting next_dagrun for sensor_data_consumer to 2026-03-24 15:00:00+00:00, run_after=2026-03-24 15:05:00+00:00
[2026-03-24T15:04:48.026+0000] {processor.py:208} INFO - Processing /opt/airflow/dags/sensor_airflow_consumer.py took 1.153 seconds
[2026-03-24T15:05:19.679+0000] {processor.py:186} INFO - Started process (PID=141) to work on /opt/airflow/dags/sensor_airflow_consumer.py
[2026-03-24T15:05:19.681+0000] {processor.py:914} INFO - Processing file /opt/airflow/dags/sensor_airflow_consumer.py for tasks to queue
[2026-03-24T15:05:19.685+0000] {logging_mixin.py:190} INFO - [2026-03-24T15:05:19.684+0000] {dagbag.py:588} INFO - Filling up the DagBag from /opt/airflow/dags/sensor_airflow_consumer.py
[2026-03-24T15:05:20.666+0000] {processor.py:925} INFO - DAG(s) 'sensor_data_consumer' retrieved from /opt/airflow/dags/sensor_airflow_consumer.py
[2026-03-24T15:05:20.710+0000] {logging_mixin.py:190} INFO - [2026-03-24T15:05:20.710+0000] {dag.py:3239} INFO - Sync 1 DAGs
[2026-03-24T15:05:20.747+0000] {logging_mixin.py:190} INFO - [2026-03-24T15:05:20.746+0000] {dag.py:4180} INFO - Setting next_dagrun for sensor_data_consumer to 2026-03-24 15:05:00+00:00, run_after=2026-03-24 15:10:00+00:00
[2026-03-24T15:05:20.770+0000] {processor.py:208} INFO - Processing /opt/airflow/dags/sensor_airflow_consumer.py took 1.101 seconds
[2026-03-24T15:05:52.797+0000] {processor.py:186} INFO - Started process (PID=151) to work on /opt/airflow/dags/sensor_airflow_consumer.py
[2026-03-24T15:05:52.800+0000] {processor.py:914} INFO - Processing file /opt/airflow/dags/sensor_airflow_consumer.py for tasks to queue
[2026-03-24T15:05:52.806+0000] {logging_mixin.py:190} INFO - [2026-03-24T15:05:52.804+0000] {dagbag.py:588} INFO - Filling up the DagBag from /opt/airflow/dags/sensor_airflow_consumer.py
[2026-03-24T15:05:54.338+0000] {processor.py:925} INFO - DAG(s) 'sensor_data_consumer' retrieved from /opt/airflow/dags/sensor_airflow_consumer.py
[2026-03-24T15:05:54.658+0000] {logging_mixin.py:190} INFO - [2026-03-24T15:05:54.649+0000] {dag.py:3239} INFO - Sync 1 DAGs
[2026-03-24T15:05:54.694+0000] {logging_mixin.py:190} INFO - [2026-03-24T15:05:54.694+0000] {dag.py:4180} INFO - Setting next_dagrun for sensor_data_consumer to 2026-03-24 15:05:00+00:00, run_after=2026-03-24 15:10:00+00:00
[2026-03-24T15:05:54.719+0000] {processor.py:208} INFO - Processing /opt/airflow/dags/sensor_airflow_consumer.py took 1.942 seconds
[2026-03-24T15:06:25.003+0000] {processor.py:186} INFO - Started process (PID=160) to work on /opt/airflow/dags/sensor_airflow_consumer.py
[2026-03-24T15:06:25.005+0000] {processor.py:914} INFO - Processing file /opt/airflow/dags/sensor_airflow_consumer.py for tasks to queue
[2026-03-24T15:06:25.009+0000] {logging_mixin.py:190} INFO - [2026-03-24T15:06:25.007+0000] {dagbag.py:588} INFO - Filling up the DagBag from /opt/airflow/dags/sensor_airflow_consumer.py
[2026-03-24T15:06:25.843+0000] {processor.py:925} INFO - DAG(s) 'sensor_data_consumer' retrieved from /opt/airflow/dags/sensor_airflow_consumer.py
[2026-03-24T15:06:25.960+0000] {logging_mixin.py:190} INFO - [2026-03-24T15:06:25.956+0000] {dag.py:3239} INFO - Sync 1 DAGs
[2026-03-24T15:06:25.988+0000] {logging_mixin.py:190} INFO - [2026-03-24T15:06:25.987+0000] {dag.py:4180} INFO - Setting next_dagrun for sensor_data_consumer to 2026-03-24 15:05:00+00:00, run_after=2026-03-24 15:10:00+00:00
[2026-03-24T15:06:26.008+0000] {processor.py:208} INFO - Processing /opt/airflow/dags/sensor_airflow_consumer.py took 1.014 seconds
[2026-03-24T15:06:58.053+0000] {processor.py:186} INFO - Started process (PID=169) to work on /opt/airflow/dags/sensor_airflow_consumer.py
[2026-03-24T15:06:58.054+0000] {processor.py:914} INFO - Processing file /opt/airflow/dags/sensor_airflow_consumer.py for tasks to queue
[2026-03-24T15:06:58.059+0000] {logging_mixin.py:190} INFO - [2026-03-24T15:06:58.056+0000] {dagbag.py:588} INFO - Filling up the DagBag from /opt/airflow/dags/sensor_airflow_consumer.py
[2026-03-24T15:06:58.894+0000] {processor.py:925} INFO - DAG(s) 'sensor_data_consumer' retrieved from /opt/airflow/dags/sensor_airflow_consumer.py
[2026-03-24T15:06:58.955+0000] {logging_mixin.py:190} INFO - [2026-03-24T15:06:58.954+0000] {dag.py:3239} INFO - Sync 1 DAGs
[2026-03-24T15:06:58.982+0000] {logging_mixin.py:190} INFO - [2026-03-24T15:06:58.981+0000] {dag.py:4180} INFO - Setting next_dagrun for sensor_data_consumer to 2026-03-24 15:05:00+00:00, run_after=2026-03-24 15:10:00+00:00
[2026-03-24T15:06:59.001+0000] {processor.py:208} INFO - Processing /opt/airflow/dags/sensor_airflow_consumer.py took 0.958 seconds
[2026-03-24T15:07:31.095+0000] {processor.py:186} INFO - Started process (PID=178) to work on /opt/airflow/dags/sensor_airflow_consumer.py
[2026-03-24T15:07:31.098+0000] {processor.py:914} INFO - Processing file /opt/airflow/dags/sensor_airflow_consumer.py for tasks to queue
[2026-03-24T15:07:31.103+0000] {logging_mixin.py:190} INFO - [2026-03-24T15:07:31.100+0000] {dagbag.py:588} INFO - Filling up the DagBag from /opt/airflow/dags/sensor_airflow_consumer.py
[2026-03-24T15:07:31.977+0000] {processor.py:925} INFO - DAG(s) 'sensor_data_consumer' retrieved from /opt/airflow/dags/sensor_airflow_consumer.py
[2026-03-24T15:07:32.090+0000] {logging_mixin.py:190} INFO - [2026-03-24T15:07:32.090+0000] {dag.py:3239} INFO - Sync 1 DAGs
[2026-03-24T15:07:32.121+0000] {logging_mixin.py:190} INFO - [2026-03-24T15:07:32.121+0000] {dag.py:4180} INFO - Setting next_dagrun for sensor_data_consumer to 2026-03-24 15:05:00+00:00, run_after=2026-03-24 15:10:00+00:00
[2026-03-24T15:07:32.142+0000] {processor.py:208} INFO - Processing /opt/airflow/dags/sensor_airflow_consumer.py took 1.061 seconds
[2026-03-24T15:08:03.437+0000] {processor.py:186} INFO - Started process (PID=187) to work on /opt/airflow/dags/sensor_airflow_consumer.py
[2026-03-24T15:08:03.440+0000] {processor.py:914} INFO - Processing file /opt/airflow/dags/sensor_airflow_consumer.py for tasks to queue
[2026-03-24T15:08:03.446+0000] {logging_mixin.py:190} INFO - [2026-03-24T15:08:03.443+0000] {dagbag.py:588} INFO - Filling up the DagBag from /opt/airflow/dags/sensor_airflow_consumer.py
[2026-03-24T15:08:04.285+0000] {processor.py:925} INFO - DAG(s) 'sensor_data_consumer' retrieved from /opt/airflow/dags/sensor_airflow_consumer.py
[2026-03-24T15:08:04.382+0000] {logging_mixin.py:190} INFO - [2026-03-24T15:08:04.379+0000] {dag.py:3239} INFO - Sync 1 DAGs
[2026-03-24T15:08:04.410+0000] {logging_mixin.py:190} INFO - [2026-03-24T15:08:04.410+0000] {dag.py:4180} INFO - Setting next_dagrun for sensor_data_consumer to 2026-03-24 15:05:00+00:00, run_after=2026-03-24 15:10:00+00:00
[2026-03-24T15:08:04.427+0000] {processor.py:208} INFO - Processing /opt/airflow/dags/sensor_airflow_consumer.py took 1.004 seconds
[2026-03-24T15:08:36.615+0000] {processor.py:186} INFO - Started process (PID=196) to work on /opt/airflow/dags/sensor_airflow_consumer.py
[2026-03-24T15:08:36.618+0000] {processor.py:914} INFO - Processing file /opt/airflow/dags/sensor_airflow_consumer.py for tasks to queue
[2026-03-24T15:08:36.622+0000] {logging_mixin.py:190} INFO - [2026-03-24T15:08:36.621+0000] {dagbag.py:588} INFO - Filling up the DagBag from /opt/airflow/dags/sensor_airflow_consumer.py
[2026-03-24T15:08:37.696+0000] {processor.py:925} INFO - DAG(s) 'sensor_data_consumer' retrieved from /opt/airflow/dags/sensor_airflow_consumer.py
[2026-03-24T15:08:38.030+0000] {logging_mixin.py:190} INFO - [2026-03-24T15:08:38.024+0000] {dag.py:3239} INFO - Sync 1 DAGs
[2026-03-24T15:08:38.065+0000] {logging_mixin.py:190} INFO - [2026-03-24T15:08:38.065+0000] {dag.py:4180} INFO - Setting next_dagrun for sensor_data_consumer to 2026-03-24 15:05:00+00:00, run_after=2026-03-24 15:10:00+00:00
[2026-03-24T15:08:38.093+0000] {processor.py:208} INFO - Processing /opt/airflow/dags/sensor_airflow_consumer.py took 1.491 seconds
[2026-03-24T15:17:18.883+0000] {processor.py:186} INFO - Started process (PID=199) to work on /opt/airflow/dags/sensor_airflow_consumer.py
[2026-03-24T15:17:18.891+0000] {processor.py:914} INFO - Processing file /opt/airflow/dags/sensor_airflow_consumer.py for tasks to queue
[2026-03-24T15:17:18.904+0000] {logging_mixin.py:190} INFO - [2026-03-24T15:17:18.897+0000] {dagbag.py:588} INFO - Filling up the DagBag from /opt/airflow/dags/sensor_airflow_consumer.py
[2026-03-24T15:17:20.968+0000] {processor.py:925} INFO - DAG(s) 'sensor_data_consumer' retrieved from /opt/airflow/dags/sensor_airflow_consumer.py
[2026-03-24T15:19:37.704+0000] {processor.py:186} INFO - Started process (PID=90) to work on /opt/airflow/dags/sensor_airflow_consumer.py
[2026-03-24T15:19:37.706+0000] {processor.py:914} INFO - Processing file /opt/airflow/dags/sensor_airflow_consumer.py for tasks to queue
[2026-03-24T15:19:37.711+0000] {logging_mixin.py:190} INFO - [2026-03-24T15:19:37.709+0000] {dagbag.py:588} INFO - Filling up the DagBag from /opt/airflow/dags/sensor_airflow_consumer.py
[2026-03-24T15:19:39.038+0000] {processor.py:925} INFO - DAG(s) 'sensor_data_consumer' retrieved from /opt/airflow/dags/sensor_airflow_consumer.py
[2026-03-24T15:19:39.098+0000] {logging_mixin.py:190} INFO - [2026-03-24T15:19:39.097+0000] {dag.py:3239} INFO - Sync 1 DAGs
[2026-03-24T15:19:39.145+0000] {logging_mixin.py:190} INFO - [2026-03-24T15:19:39.144+0000] {dag.py:4180} INFO - Setting next_dagrun for sensor_data_consumer to 2026-03-24 15:15:00+00:00, run_after=2026-03-24 15:20:00+00:00
[2026-03-24T15:19:39.189+0000] {processor.py:208} INFO - Processing /opt/airflow/dags/sensor_airflow_consumer.py took 1.496 seconds
[2026-03-24T15:20:09.349+0000] {processor.py:186} INFO - Started process (PID=115) to work on /opt/airflow/dags/sensor_airflow_consumer.py
[2026-03-24T15:20:09.350+0000] {processor.py:914} INFO - Processing file /opt/airflow/dags/sensor_airflow_consumer.py for tasks to queue
[2026-03-24T15:20:09.355+0000] {logging_mixin.py:190} INFO - [2026-03-24T15:20:09.353+0000] {dagbag.py:588} INFO - Filling up the DagBag from /opt/airflow/dags/sensor_airflow_consumer.py
[2026-03-24T15:20:10.267+0000] {processor.py:925} INFO - DAG(s) 'sensor_data_consumer' retrieved from /opt/airflow/dags/sensor_airflow_consumer.py
[2026-03-24T15:20:10.286+0000] {logging_mixin.py:190} INFO - [2026-03-24T15:20:10.286+0000] {dag.py:3239} INFO - Sync 1 DAGs
[2026-03-24T15:20:10.303+0000] {logging_mixin.py:190} INFO - [2026-03-24T15:20:10.303+0000] {dag.py:4180} INFO - Setting next_dagrun for sensor_data_consumer to 2026-03-24 15:20:00+00:00, run_after=2026-03-24 15:25:00+00:00
[2026-03-24T15:20:10.325+0000] {processor.py:208} INFO - Processing /opt/airflow/dags/sensor_airflow_consumer.py took 0.981 seconds
[2026-03-24T15:20:40.888+0000] {processor.py:186} INFO - Started process (PID=124) to work on /opt/airflow/dags/sensor_airflow_consumer.py
[2026-03-24T15:20:40.889+0000] {processor.py:914} INFO - Processing file /opt/airflow/dags/sensor_airflow_consumer.py for tasks to queue
[2026-03-24T15:20:40.892+0000] {logging_mixin.py:190} INFO - [2026-03-24T15:20:40.891+0000] {dagbag.py:588} INFO - Filling up the DagBag from /opt/airflow/dags/sensor_airflow_consumer.py
[2026-03-24T15:20:41.312+0000] {processor.py:925} INFO - DAG(s) 'sensor_data_consumer' retrieved from /opt/airflow/dags/sensor_airflow_consumer.py
[2026-03-24T15:20:41.331+0000] {logging_mixin.py:190} INFO - [2026-03-24T15:20:41.330+0000] {dag.py:3239} INFO - Sync 1 DAGs
[2026-03-24T15:20:41.347+0000] {logging_mixin.py:190} INFO - [2026-03-24T15:20:41.347+0000] {dag.py:4180} INFO - Setting next_dagrun for sensor_data_consumer to 2026-03-24 15:20:00+00:00, run_after=2026-03-24 15:25:00+00:00
[2026-03-24T15:20:41.360+0000] {processor.py:208} INFO - Processing /opt/airflow/dags/sensor_airflow_consumer.py took 0.478 seconds
