[2026-03-24T14:47:03.624+0000] {processor.py:186} INFO - Started process (PID=93) to work on /opt/airflow/dags/sensor_airflow.py
[2026-03-24T14:47:03.626+0000] {processor.py:914} INFO - Processing file /opt/airflow/dags/sensor_airflow.py for tasks to queue
[2026-03-24T14:47:03.633+0000] {logging_mixin.py:190} INFO - [2026-03-24T14:47:03.632+0000] {dagbag.py:588} INFO - Filling up the DagBag from /opt/airflow/dags/sensor_airflow.py
[2026-03-24T14:47:05.702+0000] {processor.py:925} INFO - DAG(s) 'sensor_data_producer' retrieved from /opt/airflow/dags/sensor_airflow.py
[2026-03-24T14:47:06.446+0000] {logging_mixin.py:190} INFO - [2026-03-24T14:47:06.446+0000] {dag.py:3239} INFO - Sync 1 DAGs
[2026-03-24T14:47:06.495+0000] {logging_mixin.py:190} INFO - [2026-03-24T14:47:06.495+0000] {dag.py:4180} INFO - Setting next_dagrun for sensor_data_producer to 2026-03-24 14:45:00+00:00, run_after=2026-03-24 14:50:00+00:00
[2026-03-24T14:47:06.579+0000] {processor.py:208} INFO - Processing /opt/airflow/dags/sensor_airflow.py took 2.975 seconds
[2026-03-24T14:47:37.130+0000] {processor.py:186} INFO - Started process (PID=109) to work on /opt/airflow/dags/sensor_airflow.py
[2026-03-24T14:47:37.133+0000] {processor.py:914} INFO - Processing file /opt/airflow/dags/sensor_airflow.py for tasks to queue
[2026-03-24T14:47:37.140+0000] {logging_mixin.py:190} INFO - [2026-03-24T14:47:37.139+0000] {dagbag.py:588} INFO - Filling up the DagBag from /opt/airflow/dags/sensor_airflow.py
[2026-03-24T14:47:38.083+0000] {processor.py:925} INFO - DAG(s) 'sensor_data_producer' retrieved from /opt/airflow/dags/sensor_airflow.py
[2026-03-24T14:47:38.126+0000] {logging_mixin.py:190} INFO - [2026-03-24T14:47:38.126+0000] {dag.py:3239} INFO - Sync 1 DAGs
[2026-03-24T14:47:38.169+0000] {logging_mixin.py:190} INFO - [2026-03-24T14:47:38.169+0000] {dag.py:4180} INFO - Setting next_dagrun for sensor_data_producer to 2026-03-24 14:45:00+00:00, run_after=2026-03-24 14:50:00+00:00
[2026-03-24T14:47:38.220+0000] {processor.py:208} INFO - Processing /opt/airflow/dags/sensor_airflow.py took 1.111 seconds
[2026-03-24T14:48:08.562+0000] {processor.py:186} INFO - Started process (PID=118) to work on /opt/airflow/dags/sensor_airflow.py
[2026-03-24T14:48:08.563+0000] {processor.py:914} INFO - Processing file /opt/airflow/dags/sensor_airflow.py for tasks to queue
[2026-03-24T14:48:08.566+0000] {logging_mixin.py:190} INFO - [2026-03-24T14:48:08.565+0000] {dagbag.py:588} INFO - Filling up the DagBag from /opt/airflow/dags/sensor_airflow.py
[2026-03-24T14:48:09.198+0000] {processor.py:925} INFO - DAG(s) 'sensor_data_producer' retrieved from /opt/airflow/dags/sensor_airflow.py
[2026-03-24T14:48:09.252+0000] {logging_mixin.py:190} INFO - [2026-03-24T14:48:09.251+0000] {dag.py:3239} INFO - Sync 1 DAGs
[2026-03-24T14:48:09.295+0000] {logging_mixin.py:190} INFO - [2026-03-24T14:48:09.295+0000] {dag.py:4180} INFO - Setting next_dagrun for sensor_data_producer to 2026-03-24 14:45:00+00:00, run_after=2026-03-24 14:50:00+00:00
[2026-03-24T14:48:09.321+0000] {processor.py:208} INFO - Processing /opt/airflow/dags/sensor_airflow.py took 0.768 seconds
[2026-03-24T14:48:40.977+0000] {processor.py:186} INFO - Started process (PID=127) to work on /opt/airflow/dags/sensor_airflow.py
[2026-03-24T14:48:40.979+0000] {processor.py:914} INFO - Processing file /opt/airflow/dags/sensor_airflow.py for tasks to queue
[2026-03-24T14:48:40.982+0000] {logging_mixin.py:190} INFO - [2026-03-24T14:48:40.981+0000] {dagbag.py:588} INFO - Filling up the DagBag from /opt/airflow/dags/sensor_airflow.py
[2026-03-24T14:48:41.409+0000] {processor.py:925} INFO - DAG(s) 'sensor_data_producer' retrieved from /opt/airflow/dags/sensor_airflow.py
[2026-03-24T14:48:41.438+0000] {logging_mixin.py:190} INFO - [2026-03-24T14:48:41.438+0000] {dag.py:3239} INFO - Sync 1 DAGs
[2026-03-24T14:48:41.469+0000] {logging_mixin.py:190} INFO - [2026-03-24T14:48:41.469+0000] {dag.py:4180} INFO - Setting next_dagrun for sensor_data_producer to 2026-03-24 14:45:00+00:00, run_after=2026-03-24 14:50:00+00:00
[2026-03-24T14:48:41.491+0000] {processor.py:208} INFO - Processing /opt/airflow/dags/sensor_airflow.py took 0.522 seconds
[2026-03-24T14:49:13.921+0000] {processor.py:186} INFO - Started process (PID=136) to work on /opt/airflow/dags/sensor_airflow.py
[2026-03-24T14:49:13.922+0000] {processor.py:914} INFO - Processing file /opt/airflow/dags/sensor_airflow.py for tasks to queue
[2026-03-24T14:49:13.929+0000] {logging_mixin.py:190} INFO - [2026-03-24T14:49:13.926+0000] {dagbag.py:588} INFO - Filling up the DagBag from /opt/airflow/dags/sensor_airflow.py
[2026-03-24T14:49:14.539+0000] {processor.py:925} INFO - DAG(s) 'sensor_data_producer' retrieved from /opt/airflow/dags/sensor_airflow.py
[2026-03-24T14:49:14.633+0000] {logging_mixin.py:190} INFO - [2026-03-24T14:49:14.633+0000] {dag.py:3239} INFO - Sync 1 DAGs
[2026-03-24T14:49:14.677+0000] {logging_mixin.py:190} INFO - [2026-03-24T14:49:14.676+0000] {dag.py:4180} INFO - Setting next_dagrun for sensor_data_producer to 2026-03-24 14:45:00+00:00, run_after=2026-03-24 14:50:00+00:00
[2026-03-24T14:49:14.710+0000] {processor.py:208} INFO - Processing /opt/airflow/dags/sensor_airflow.py took 0.803 seconds
[2026-03-24T14:49:48.158+0000] {processor.py:186} INFO - Started process (PID=144) to work on /opt/airflow/dags/sensor_airflow.py
[2026-03-24T14:49:48.159+0000] {processor.py:914} INFO - Processing file /opt/airflow/dags/sensor_airflow.py for tasks to queue
[2026-03-24T14:49:48.163+0000] {logging_mixin.py:190} INFO - [2026-03-24T14:49:48.162+0000] {dagbag.py:588} INFO - Filling up the DagBag from /opt/airflow/dags/sensor_airflow.py
[2026-03-24T14:49:49.008+0000] {processor.py:925} INFO - DAG(s) 'sensor_data_producer' retrieved from /opt/airflow/dags/sensor_airflow.py
[2026-03-24T14:49:49.046+0000] {logging_mixin.py:190} INFO - [2026-03-24T14:49:49.045+0000] {dag.py:3239} INFO - Sync 1 DAGs
[2026-03-24T14:49:49.081+0000] {logging_mixin.py:190} INFO - [2026-03-24T14:49:49.081+0000] {dag.py:4180} INFO - Setting next_dagrun for sensor_data_producer to 2026-03-24 14:45:00+00:00, run_after=2026-03-24 14:50:00+00:00
[2026-03-24T14:49:49.109+0000] {processor.py:208} INFO - Processing /opt/airflow/dags/sensor_airflow.py took 0.964 seconds
[2026-03-24T14:50:20.583+0000] {processor.py:186} INFO - Started process (PID=154) to work on /opt/airflow/dags/sensor_airflow.py
[2026-03-24T14:50:20.585+0000] {processor.py:914} INFO - Processing file /opt/airflow/dags/sensor_airflow.py for tasks to queue
[2026-03-24T14:50:20.588+0000] {logging_mixin.py:190} INFO - [2026-03-24T14:50:20.587+0000] {dagbag.py:588} INFO - Filling up the DagBag from /opt/airflow/dags/sensor_airflow.py
[2026-03-24T14:50:21.079+0000] {processor.py:925} INFO - DAG(s) 'sensor_data_producer' retrieved from /opt/airflow/dags/sensor_airflow.py
[2026-03-24T14:50:21.111+0000] {logging_mixin.py:190} INFO - [2026-03-24T14:50:21.111+0000] {dag.py:3239} INFO - Sync 1 DAGs
[2026-03-24T14:50:21.145+0000] {logging_mixin.py:190} INFO - [2026-03-24T14:50:21.145+0000] {dag.py:4180} INFO - Setting next_dagrun for sensor_data_producer to 2026-03-24 14:50:00+00:00, run_after=2026-03-24 14:55:00+00:00
[2026-03-24T14:50:21.171+0000] {processor.py:208} INFO - Processing /opt/airflow/dags/sensor_airflow.py took 0.598 seconds
[2026-03-24T14:50:53.085+0000] {processor.py:186} INFO - Started process (PID=163) to work on /opt/airflow/dags/sensor_airflow.py
[2026-03-24T14:50:53.087+0000] {processor.py:914} INFO - Processing file /opt/airflow/dags/sensor_airflow.py for tasks to queue
[2026-03-24T14:50:53.091+0000] {logging_mixin.py:190} INFO - [2026-03-24T14:50:53.091+0000] {dagbag.py:588} INFO - Filling up the DagBag from /opt/airflow/dags/sensor_airflow.py
[2026-03-24T14:50:53.594+0000] {processor.py:925} INFO - DAG(s) 'sensor_data_producer' retrieved from /opt/airflow/dags/sensor_airflow.py
[2026-03-24T14:50:53.636+0000] {logging_mixin.py:190} INFO - [2026-03-24T14:50:53.636+0000] {dag.py:3239} INFO - Sync 1 DAGs
[2026-03-24T14:50:53.682+0000] {logging_mixin.py:190} INFO - [2026-03-24T14:50:53.682+0000] {dag.py:4180} INFO - Setting next_dagrun for sensor_data_producer to 2026-03-24 14:50:00+00:00, run_after=2026-03-24 14:55:00+00:00
[2026-03-24T14:50:53.717+0000] {processor.py:208} INFO - Processing /opt/airflow/dags/sensor_airflow.py took 0.647 seconds
[2026-03-24T14:51:25.669+0000] {processor.py:186} INFO - Started process (PID=172) to work on /opt/airflow/dags/sensor_airflow.py
[2026-03-24T14:51:25.672+0000] {processor.py:914} INFO - Processing file /opt/airflow/dags/sensor_airflow.py for tasks to queue
[2026-03-24T14:51:25.681+0000] {logging_mixin.py:190} INFO - [2026-03-24T14:51:25.680+0000] {dagbag.py:588} INFO - Filling up the DagBag from /opt/airflow/dags/sensor_airflow.py
[2026-03-24T14:51:26.284+0000] {processor.py:925} INFO - DAG(s) 'sensor_data_producer' retrieved from /opt/airflow/dags/sensor_airflow.py
[2026-03-24T14:51:26.330+0000] {logging_mixin.py:190} INFO - [2026-03-24T14:51:26.330+0000] {dag.py:3239} INFO - Sync 1 DAGs
[2026-03-24T14:51:26.391+0000] {logging_mixin.py:190} INFO - [2026-03-24T14:51:26.391+0000] {dag.py:4180} INFO - Setting next_dagrun for sensor_data_producer to 2026-03-24 14:50:00+00:00, run_after=2026-03-24 14:55:00+00:00
[2026-03-24T14:51:26.444+0000] {processor.py:208} INFO - Processing /opt/airflow/dags/sensor_airflow.py took 0.795 seconds
[2026-03-24T14:51:58.398+0000] {processor.py:186} INFO - Started process (PID=181) to work on /opt/airflow/dags/sensor_airflow.py
[2026-03-24T14:51:58.401+0000] {processor.py:914} INFO - Processing file /opt/airflow/dags/sensor_airflow.py for tasks to queue
[2026-03-24T14:51:58.405+0000] {logging_mixin.py:190} INFO - [2026-03-24T14:51:58.404+0000] {dagbag.py:588} INFO - Filling up the DagBag from /opt/airflow/dags/sensor_airflow.py
[2026-03-24T14:51:58.939+0000] {processor.py:925} INFO - DAG(s) 'sensor_data_producer' retrieved from /opt/airflow/dags/sensor_airflow.py
[2026-03-24T14:51:58.973+0000] {logging_mixin.py:190} INFO - [2026-03-24T14:51:58.972+0000] {dag.py:3239} INFO - Sync 1 DAGs
[2026-03-24T14:51:59.011+0000] {logging_mixin.py:190} INFO - [2026-03-24T14:51:59.010+0000] {dag.py:4180} INFO - Setting next_dagrun for sensor_data_producer to 2026-03-24 14:50:00+00:00, run_after=2026-03-24 14:55:00+00:00
[2026-03-24T14:51:59.039+0000] {processor.py:208} INFO - Processing /opt/airflow/dags/sensor_airflow.py took 0.651 seconds
[2026-03-24T14:52:31.021+0000] {processor.py:186} INFO - Started process (PID=190) to work on /opt/airflow/dags/sensor_airflow.py
[2026-03-24T14:52:31.023+0000] {processor.py:914} INFO - Processing file /opt/airflow/dags/sensor_airflow.py for tasks to queue
[2026-03-24T14:52:31.027+0000] {logging_mixin.py:190} INFO - [2026-03-24T14:52:31.026+0000] {dagbag.py:588} INFO - Filling up the DagBag from /opt/airflow/dags/sensor_airflow.py
[2026-03-24T14:52:31.674+0000] {processor.py:925} INFO - DAG(s) 'sensor_data_producer' retrieved from /opt/airflow/dags/sensor_airflow.py
[2026-03-24T14:52:31.715+0000] {logging_mixin.py:190} INFO - [2026-03-24T14:52:31.715+0000] {dag.py:3239} INFO - Sync 1 DAGs
[2026-03-24T14:52:31.758+0000] {logging_mixin.py:190} INFO - [2026-03-24T14:52:31.757+0000] {dag.py:4180} INFO - Setting next_dagrun for sensor_data_producer to 2026-03-24 14:50:00+00:00, run_after=2026-03-24 14:55:00+00:00
[2026-03-24T14:52:31.788+0000] {processor.py:208} INFO - Processing /opt/airflow/dags/sensor_airflow.py took 0.779 seconds
[2026-03-24T14:53:04.161+0000] {processor.py:186} INFO - Started process (PID=199) to work on /opt/airflow/dags/sensor_airflow.py
[2026-03-24T14:53:04.167+0000] {processor.py:914} INFO - Processing file /opt/airflow/dags/sensor_airflow.py for tasks to queue
[2026-03-24T14:53:04.206+0000] {logging_mixin.py:190} INFO - [2026-03-24T14:53:04.204+0000] {dagbag.py:588} INFO - Filling up the DagBag from /opt/airflow/dags/sensor_airflow.py
[2026-03-24T14:53:06.049+0000] {processor.py:925} INFO - DAG(s) 'sensor_data_producer' retrieved from /opt/airflow/dags/sensor_airflow.py
[2026-03-24T14:53:06.092+0000] {logging_mixin.py:190} INFO - [2026-03-24T14:53:06.091+0000] {dag.py:3239} INFO - Sync 1 DAGs
[2026-03-24T14:53:06.144+0000] {logging_mixin.py:190} INFO - [2026-03-24T14:53:06.144+0000] {dag.py:4180} INFO - Setting next_dagrun for sensor_data_producer to 2026-03-24 14:50:00+00:00, run_after=2026-03-24 14:55:00+00:00
[2026-03-24T14:53:06.193+0000] {processor.py:208} INFO - Processing /opt/airflow/dags/sensor_airflow.py took 2.273 seconds
[2026-03-24T14:53:37.519+0000] {processor.py:186} INFO - Started process (PID=208) to work on /opt/airflow/dags/sensor_airflow.py
[2026-03-24T14:53:37.521+0000] {processor.py:914} INFO - Processing file /opt/airflow/dags/sensor_airflow.py for tasks to queue
[2026-03-24T14:53:37.553+0000] {logging_mixin.py:190} INFO - [2026-03-24T14:53:37.548+0000] {dagbag.py:588} INFO - Filling up the DagBag from /opt/airflow/dags/sensor_airflow.py
[2026-03-24T14:53:41.550+0000] {processor.py:925} INFO - DAG(s) 'sensor_data_producer' retrieved from /opt/airflow/dags/sensor_airflow.py
[2026-03-24T14:53:41.652+0000] {logging_mixin.py:190} INFO - [2026-03-24T14:53:41.652+0000] {dag.py:3239} INFO - Sync 1 DAGs
[2026-03-24T14:53:41.776+0000] {logging_mixin.py:190} INFO - [2026-03-24T14:53:41.772+0000] {dag.py:4180} INFO - Setting next_dagrun for sensor_data_producer to 2026-03-24 14:50:00+00:00, run_after=2026-03-24 14:55:00+00:00
[2026-03-24T14:53:41.843+0000] {processor.py:208} INFO - Processing /opt/airflow/dags/sensor_airflow.py took 4.515 seconds
[2026-03-24T14:54:12.229+0000] {processor.py:186} INFO - Started process (PID=222) to work on /opt/airflow/dags/sensor_airflow.py
[2026-03-24T14:54:12.230+0000] {processor.py:914} INFO - Processing file /opt/airflow/dags/sensor_airflow.py for tasks to queue
[2026-03-24T14:54:12.239+0000] {logging_mixin.py:190} INFO - [2026-03-24T14:54:12.237+0000] {dagbag.py:588} INFO - Filling up the DagBag from /opt/airflow/dags/sensor_airflow.py
[2026-03-24T14:54:13.670+0000] {processor.py:925} INFO - DAG(s) 'sensor_data_producer' retrieved from /opt/airflow/dags/sensor_airflow.py
[2026-03-24T14:54:13.712+0000] {logging_mixin.py:190} INFO - [2026-03-24T14:54:13.711+0000] {dag.py:3239} INFO - Sync 1 DAGs
[2026-03-24T14:54:13.748+0000] {logging_mixin.py:190} INFO - [2026-03-24T14:54:13.748+0000] {dag.py:4180} INFO - Setting next_dagrun for sensor_data_producer to 2026-03-24 14:50:00+00:00, run_after=2026-03-24 14:55:00+00:00
[2026-03-24T14:54:13.776+0000] {processor.py:208} INFO - Processing /opt/airflow/dags/sensor_airflow.py took 1.563 seconds
[2026-03-24T14:54:44.154+0000] {processor.py:186} INFO - Started process (PID=231) to work on /opt/airflow/dags/sensor_airflow.py
[2026-03-24T14:54:44.155+0000] {processor.py:914} INFO - Processing file /opt/airflow/dags/sensor_airflow.py for tasks to queue
[2026-03-24T14:54:44.158+0000] {logging_mixin.py:190} INFO - [2026-03-24T14:54:44.158+0000] {dagbag.py:588} INFO - Filling up the DagBag from /opt/airflow/dags/sensor_airflow.py
[2026-03-24T14:54:44.789+0000] {processor.py:925} INFO - DAG(s) 'sensor_data_producer' retrieved from /opt/airflow/dags/sensor_airflow.py
[2026-03-24T14:54:44.819+0000] {logging_mixin.py:190} INFO - [2026-03-24T14:54:44.819+0000] {dag.py:3239} INFO - Sync 1 DAGs
[2026-03-24T14:54:44.848+0000] {logging_mixin.py:190} INFO - [2026-03-24T14:54:44.848+0000] {dag.py:4180} INFO - Setting next_dagrun for sensor_data_producer to 2026-03-24 14:50:00+00:00, run_after=2026-03-24 14:55:00+00:00
[2026-03-24T14:54:44.871+0000] {processor.py:208} INFO - Processing /opt/airflow/dags/sensor_airflow.py took 0.727 seconds
[2026-03-24T14:55:15.398+0000] {processor.py:186} INFO - Started process (PID=242) to work on /opt/airflow/dags/sensor_airflow.py
[2026-03-24T14:55:15.399+0000] {processor.py:914} INFO - Processing file /opt/airflow/dags/sensor_airflow.py for tasks to queue
[2026-03-24T14:55:15.405+0000] {logging_mixin.py:190} INFO - [2026-03-24T14:55:15.403+0000] {dagbag.py:588} INFO - Filling up the DagBag from /opt/airflow/dags/sensor_airflow.py
[2026-03-24T14:55:16.084+0000] {processor.py:925} INFO - DAG(s) 'sensor_data_producer' retrieved from /opt/airflow/dags/sensor_airflow.py
[2026-03-24T14:55:16.140+0000] {logging_mixin.py:190} INFO - [2026-03-24T14:55:16.139+0000] {dag.py:3239} INFO - Sync 1 DAGs
[2026-03-24T14:55:16.192+0000] {logging_mixin.py:190} INFO - [2026-03-24T14:55:16.192+0000] {dag.py:4180} INFO - Setting next_dagrun for sensor_data_producer to 2026-03-24 14:55:00+00:00, run_after=2026-03-24 15:00:00+00:00
[2026-03-24T14:55:16.237+0000] {processor.py:208} INFO - Processing /opt/airflow/dags/sensor_airflow.py took 0.851 seconds
[2026-03-24T14:55:47.914+0000] {processor.py:186} INFO - Started process (PID=252) to work on /opt/airflow/dags/sensor_airflow.py
[2026-03-24T14:55:47.916+0000] {processor.py:914} INFO - Processing file /opt/airflow/dags/sensor_airflow.py for tasks to queue
[2026-03-24T14:55:47.923+0000] {logging_mixin.py:190} INFO - [2026-03-24T14:55:47.922+0000] {dagbag.py:588} INFO - Filling up the DagBag from /opt/airflow/dags/sensor_airflow.py
[2026-03-24T14:55:49.000+0000] {processor.py:925} INFO - DAG(s) 'sensor_data_producer' retrieved from /opt/airflow/dags/sensor_airflow.py
[2026-03-24T14:55:49.048+0000] {logging_mixin.py:190} INFO - [2026-03-24T14:55:49.047+0000] {dag.py:3239} INFO - Sync 1 DAGs
[2026-03-24T14:55:49.086+0000] {logging_mixin.py:190} INFO - [2026-03-24T14:55:49.086+0000] {dag.py:4180} INFO - Setting next_dagrun for sensor_data_producer to 2026-03-24 14:55:00+00:00, run_after=2026-03-24 15:00:00+00:00
[2026-03-24T14:55:49.116+0000] {processor.py:208} INFO - Processing /opt/airflow/dags/sensor_airflow.py took 1.221 seconds
[2026-03-24T14:56:22.195+0000] {processor.py:186} INFO - Started process (PID=261) to work on /opt/airflow/dags/sensor_airflow.py
[2026-03-24T14:56:22.203+0000] {processor.py:914} INFO - Processing file /opt/airflow/dags/sensor_airflow.py for tasks to queue
[2026-03-24T14:56:22.208+0000] {logging_mixin.py:190} INFO - [2026-03-24T14:56:22.207+0000] {dagbag.py:588} INFO - Filling up the DagBag from /opt/airflow/dags/sensor_airflow.py
[2026-03-24T14:56:31.221+0000] {processor.py:925} INFO - DAG(s) 'sensor_data_producer' retrieved from /opt/airflow/dags/sensor_airflow.py
[2026-03-24T14:56:31.489+0000] {logging_mixin.py:190} INFO - [2026-03-24T14:56:31.483+0000] {dag.py:3239} INFO - Sync 1 DAGs
[2026-03-24T14:56:31.527+0000] {logging_mixin.py:190} INFO - [2026-03-24T14:56:31.527+0000] {dag.py:4180} INFO - Setting next_dagrun for sensor_data_producer to 2026-03-24 14:55:00+00:00, run_after=2026-03-24 15:00:00+00:00
[2026-03-24T14:56:31.551+0000] {processor.py:208} INFO - Processing /opt/airflow/dags/sensor_airflow.py took 9.372 seconds
[2026-03-24T14:57:02.238+0000] {processor.py:186} INFO - Started process (PID=269) to work on /opt/airflow/dags/sensor_airflow.py
[2026-03-24T14:57:02.240+0000] {processor.py:914} INFO - Processing file /opt/airflow/dags/sensor_airflow.py for tasks to queue
[2026-03-24T14:57:02.244+0000] {logging_mixin.py:190} INFO - [2026-03-24T14:57:02.243+0000] {dagbag.py:588} INFO - Filling up the DagBag from /opt/airflow/dags/sensor_airflow.py
[2026-03-24T14:57:03.140+0000] {processor.py:925} INFO - DAG(s) 'sensor_data_producer' retrieved from /opt/airflow/dags/sensor_airflow.py
[2026-03-24T14:57:03.234+0000] {logging_mixin.py:190} INFO - [2026-03-24T14:57:03.233+0000] {dag.py:3239} INFO - Sync 1 DAGs
[2026-03-24T14:57:03.327+0000] {logging_mixin.py:190} INFO - [2026-03-24T14:57:03.326+0000] {dag.py:4180} INFO - Setting next_dagrun for sensor_data_producer to 2026-03-24 14:55:00+00:00, run_after=2026-03-24 15:00:00+00:00
[2026-03-24T14:57:03.362+0000] {processor.py:208} INFO - Processing /opt/airflow/dags/sensor_airflow.py took 1.133 seconds
[2026-03-24T14:57:34.156+0000] {processor.py:186} INFO - Started process (PID=279) to work on /opt/airflow/dags/sensor_airflow.py
[2026-03-24T14:57:34.158+0000] {processor.py:914} INFO - Processing file /opt/airflow/dags/sensor_airflow.py for tasks to queue
[2026-03-24T14:57:34.164+0000] {logging_mixin.py:190} INFO - [2026-03-24T14:57:34.163+0000] {dagbag.py:588} INFO - Filling up the DagBag from /opt/airflow/dags/sensor_airflow.py
[2026-03-24T14:57:35.332+0000] {processor.py:925} INFO - DAG(s) 'sensor_data_producer' retrieved from /opt/airflow/dags/sensor_airflow.py
[2026-03-24T14:57:35.402+0000] {logging_mixin.py:190} INFO - [2026-03-24T14:57:35.401+0000] {dag.py:3239} INFO - Sync 1 DAGs
[2026-03-24T14:57:35.492+0000] {logging_mixin.py:190} INFO - [2026-03-24T14:57:35.492+0000] {dag.py:4180} INFO - Setting next_dagrun for sensor_data_producer to 2026-03-24 14:55:00+00:00, run_after=2026-03-24 15:00:00+00:00
[2026-03-24T14:57:35.546+0000] {processor.py:208} INFO - Processing /opt/airflow/dags/sensor_airflow.py took 1.402 seconds
[2026-03-24T14:58:05.952+0000] {processor.py:186} INFO - Started process (PID=288) to work on /opt/airflow/dags/sensor_airflow.py
[2026-03-24T14:58:05.954+0000] {processor.py:914} INFO - Processing file /opt/airflow/dags/sensor_airflow.py for tasks to queue
[2026-03-24T14:58:05.959+0000] {logging_mixin.py:190} INFO - [2026-03-24T14:58:05.958+0000] {dagbag.py:588} INFO - Filling up the DagBag from /opt/airflow/dags/sensor_airflow.py
[2026-03-24T14:58:06.500+0000] {processor.py:925} INFO - DAG(s) 'sensor_data_producer' retrieved from /opt/airflow/dags/sensor_airflow.py
[2026-03-24T14:58:06.531+0000] {logging_mixin.py:190} INFO - [2026-03-24T14:58:06.531+0000] {dag.py:3239} INFO - Sync 1 DAGs
[2026-03-24T14:58:06.566+0000] {logging_mixin.py:190} INFO - [2026-03-24T14:58:06.566+0000] {dag.py:4180} INFO - Setting next_dagrun for sensor_data_producer to 2026-03-24 14:55:00+00:00, run_after=2026-03-24 15:00:00+00:00
[2026-03-24T14:58:06.590+0000] {processor.py:208} INFO - Processing /opt/airflow/dags/sensor_airflow.py took 0.652 seconds
[2026-03-24T14:58:38.830+0000] {processor.py:186} INFO - Started process (PID=297) to work on /opt/airflow/dags/sensor_airflow.py
[2026-03-24T14:58:39.077+0000] {processor.py:914} INFO - Processing file /opt/airflow/dags/sensor_airflow.py for tasks to queue
[2026-03-24T14:58:39.676+0000] {logging_mixin.py:190} INFO - [2026-03-24T14:58:39.468+0000] {dagbag.py:588} INFO - Filling up the DagBag from /opt/airflow/dags/sensor_airflow.py
[2026-03-24T14:58:57.895+0000] {processor.py:925} INFO - DAG(s) 'sensor_data_producer' retrieved from /opt/airflow/dags/sensor_airflow.py
[2026-03-24T14:58:58.021+0000] {logging_mixin.py:190} INFO - [2026-03-24T14:58:58.021+0000] {dag.py:3239} INFO - Sync 1 DAGs
[2026-03-24T14:58:58.096+0000] {logging_mixin.py:190} INFO - [2026-03-24T14:58:58.095+0000] {dag.py:4180} INFO - Setting next_dagrun for sensor_data_producer to 2026-03-24 14:55:00+00:00, run_after=2026-03-24 15:00:00+00:00
[2026-03-24T14:58:58.150+0000] {processor.py:208} INFO - Processing /opt/airflow/dags/sensor_airflow.py took 18.076 seconds
[2026-03-24T14:59:30.628+0000] {processor.py:186} INFO - Started process (PID=306) to work on /opt/airflow/dags/sensor_airflow.py
[2026-03-24T14:59:30.629+0000] {processor.py:914} INFO - Processing file /opt/airflow/dags/sensor_airflow.py for tasks to queue
[2026-03-24T14:59:30.640+0000] {logging_mixin.py:190} INFO - [2026-03-24T14:59:30.639+0000] {dagbag.py:588} INFO - Filling up the DagBag from /opt/airflow/dags/sensor_airflow.py
[2026-03-24T14:59:31.844+0000] {processor.py:925} INFO - DAG(s) 'sensor_data_producer' retrieved from /opt/airflow/dags/sensor_airflow.py
[2026-03-24T15:00:07.722+0000] {processor.py:211} ERROR - Got an exception! Propagating...
Traceback (most recent call last):
  File "/home/airflow/.local/lib/python3.12/site-packages/sqlalchemy/engine/base.py", line 3371, in _wrap_pool_connect
    return fn()
           ^^^^
  File "/home/airflow/.local/lib/python3.12/site-packages/sqlalchemy/pool/base.py", line 327, in connect
    return _ConnectionFairy._checkout(self)
           ^^^^^^^^^^^^^^^^^^^^^^^^^^^^^^^^
  File "/home/airflow/.local/lib/python3.12/site-packages/sqlalchemy/pool/base.py", line 894, in _checkout
    fairy = _ConnectionRecord.checkout(pool)
            ^^^^^^^^^^^^^^^^^^^^^^^^^^^^^^^^
  File "/home/airflow/.local/lib/python3.12/site-packages/sqlalchemy/pool/base.py", line 493, in checkout
    rec = pool._do_get()
          ^^^^^^^^^^^^^^
  File "/home/airflow/.local/lib/python3.12/site-packages/sqlalchemy/pool/impl.py", line 145, in _do_get
    with util.safe_reraise():
         ^^^^^^^^^^^^^^^^^^^
  File "/home/airflow/.local/lib/python3.12/site-packages/sqlalchemy/util/langhelpers.py", line 70, in __exit__
    compat.raise_(
  File "/home/airflow/.local/lib/python3.12/site-packages/sqlalchemy/util/compat.py", line 211, in raise_
    raise exception
  File "/home/airflow/.local/lib/python3.12/site-packages/sqlalchemy/pool/impl.py", line 143, in _do_get
    return self._create_connection()
           ^^^^^^^^^^^^^^^^^^^^^^^^^
  File "/home/airflow/.local/lib/python3.12/site-packages/sqlalchemy/pool/base.py", line 273, in _create_connection
    return _ConnectionRecord(self)
           ^^^^^^^^^^^^^^^^^^^^^^^
  File "/home/airflow/.local/lib/python3.12/site-packages/sqlalchemy/pool/base.py", line 388, in __init__
    self.__connect()
  File "/home/airflow/.local/lib/python3.12/site-packages/sqlalchemy/pool/base.py", line 690, in __connect
    with util.safe_reraise():
         ^^^^^^^^^^^^^^^^^^^
  File "/home/airflow/.local/lib/python3.12/site-packages/sqlalchemy/util/langhelpers.py", line 70, in __exit__
    compat.raise_(
  File "/home/airflow/.local/lib/python3.12/site-packages/sqlalchemy/util/compat.py", line 211, in raise_
    raise exception
  File "/home/airflow/.local/lib/python3.12/site-packages/sqlalchemy/pool/base.py", line 686, in __connect
    self.dbapi_connection = connection = pool._invoke_creator(self)
                                         ^^^^^^^^^^^^^^^^^^^^^^^^^^
  File "/home/airflow/.local/lib/python3.12/site-packages/sqlalchemy/engine/create.py", line 574, in connect
    return dialect.connect(*cargs, **cparams)
           ^^^^^^^^^^^^^^^^^^^^^^^^^^^^^^^^^^
  File "/home/airflow/.local/lib/python3.12/site-packages/sqlalchemy/engine/default.py", line 598, in connect
    return self.dbapi.connect(*cargs, **cparams)
           ^^^^^^^^^^^^^^^^^^^^^^^^^^^^^^^^^^^^^
  File "/home/airflow/.local/lib/python3.12/site-packages/psycopg2/__init__.py", line 122, in connect
    conn = _connect(dsn, connection_factory=connection_factory, **kwasync)
           ^^^^^^^^^^^^^^^^^^^^^^^^^^^^^^^^^^^^^^^^^^^^^^^^^^^^^^^^^^^^^^^
psycopg2.OperationalError: could not translate host name "postgres" to address: Temporary failure in name resolution


The above exception was the direct cause of the following exception:

Traceback (most recent call last):
  File "/home/airflow/.local/lib/python3.12/site-packages/airflow/dag_processing/processor.py", line 207, in _run_file_processor
    _handle_dag_file_processing()
  File "/home/airflow/.local/lib/python3.12/site-packages/airflow/dag_processing/processor.py", line 188, in _handle_dag_file_processing
    result: tuple[int, int, int] = dag_file_processor.process_file(
                                   ^^^^^^^^^^^^^^^^^^^^^^^^^^^^^^^^
  File "/home/airflow/.local/lib/python3.12/site-packages/airflow/utils/session.py", line 97, in wrapper
    return func(*args, session=session, **kwargs)
           ^^^^^^^^^^^^^^^^^^^^^^^^^^^^^^^^^^^^^^
  File "/home/airflow/.local/lib/python3.12/site-packages/airflow/dag_processing/processor.py", line 942, in process_file
    serialize_errors = DagFileProcessor.save_dag_to_db(
                       ^^^^^^^^^^^^^^^^^^^^^^^^^^^^^^^^
  File "/home/airflow/.local/lib/python3.12/site-packages/airflow/api_internal/internal_api_call.py", line 139, in wrapper
    return func(*args, **kwargs)
           ^^^^^^^^^^^^^^^^^^^^^
  File "/home/airflow/.local/lib/python3.12/site-packages/airflow/utils/session.py", line 97, in wrapper
    return func(*args, session=session, **kwargs)
           ^^^^^^^^^^^^^^^^^^^^^^^^^^^^^^^^^^^^^^
  File "/home/airflow/.local/lib/python3.12/site-packages/airflow/dag_processing/processor.py", line 982, in save_dag_to_db
    import_errors = DagBag._sync_to_db(dags=dags, processor_subdir=dag_directory, session=session)
                    ^^^^^^^^^^^^^^^^^^^^^^^^^^^^^^^^^^^^^^^^^^^^^^^^^^^^^^^^^^^^^^^^^^^^^^^^^^^^^^
  File "/home/airflow/.local/lib/python3.12/site-packages/airflow/utils/session.py", line 94, in wrapper
    return func(*args, **kwargs)
           ^^^^^^^^^^^^^^^^^^^^^
  File "/home/airflow/.local/lib/python3.12/site-packages/airflow/models/dagbag.py", line 708, in _sync_to_db
    for attempt in run_with_db_retries(logger=log):
                   ^^^^^^^^^^^^^^^^^^^^^^^^^^^^^^^
  File "/home/airflow/.local/lib/python3.12/site-packages/tenacity/__init__.py", line 443, in __iter__
    do = self.iter(retry_state=retry_state)
         ^^^^^^^^^^^^^^^^^^^^^^^^^^^^^^^^^^
  File "/home/airflow/.local/lib/python3.12/site-packages/tenacity/__init__.py", line 376, in iter
    result = action(retry_state)
             ^^^^^^^^^^^^^^^^^^^
  File "/home/airflow/.local/lib/python3.12/site-packages/tenacity/__init__.py", line 418, in exc_check
    raise retry_exc.reraise()
          ^^^^^^^^^^^^^^^^^^^
  File "/home/airflow/.local/lib/python3.12/site-packages/tenacity/__init__.py", line 185, in reraise
    raise self.last_attempt.result()
          ^^^^^^^^^^^^^^^^^^^^^^^^^^
  File "/usr/local/lib/python3.12/concurrent/futures/_base.py", line 449, in result
    return self.__get_result()
           ^^^^^^^^^^^^^^^^^^^
  File "/usr/local/lib/python3.12/concurrent/futures/_base.py", line 401, in __get_result
    raise self._exception
  File "/home/airflow/.local/lib/python3.12/site-packages/airflow/models/dagbag.py", line 721, in _sync_to_db
    _serialize_dag_capturing_errors(dag, session, processor_subdir)
  File "/home/airflow/.local/lib/python3.12/site-packages/airflow/models/dagbag.py", line 686, in _serialize_dag_capturing_errors
    dag_was_updated = SerializedDagModel.write_dag(
                      ^^^^^^^^^^^^^^^^^^^^^^^^^^^^^
  File "/home/airflow/.local/lib/python3.12/site-packages/airflow/utils/session.py", line 94, in wrapper
    return func(*args, **kwargs)
           ^^^^^^^^^^^^^^^^^^^^^
  File "/home/airflow/.local/lib/python3.12/site-packages/airflow/models/serialized_dag.py", line 160, in write_dag
    if session.scalar(
       ^^^^^^^^^^^^^^^
  File "/home/airflow/.local/lib/python3.12/site-packages/sqlalchemy/orm/session.py", line 1747, in scalar
    return self.execute(
           ^^^^^^^^^^^^^
  File "/home/airflow/.local/lib/python3.12/site-packages/sqlalchemy/orm/session.py", line 1716, in execute
    conn = self._connection_for_bind(bind)
           ^^^^^^^^^^^^^^^^^^^^^^^^^^^^^^^
  File "/home/airflow/.local/lib/python3.12/site-packages/sqlalchemy/orm/session.py", line 1555, in _connection_for_bind
    return self._transaction._connection_for_bind(
           ^^^^^^^^^^^^^^^^^^^^^^^^^^^^^^^^^^^^^^^
  File "/home/airflow/.local/lib/python3.12/site-packages/sqlalchemy/orm/session.py", line 750, in _connection_for_bind
    conn = bind.connect()
           ^^^^^^^^^^^^^^
  File "/home/airflow/.local/lib/python3.12/site-packages/sqlalchemy/future/engine.py", line 412, in connect
    return super(Engine, self).connect()
           ^^^^^^^^^^^^^^^^^^^^^^^^^^^^^
  File "/home/airflow/.local/lib/python3.12/site-packages/sqlalchemy/engine/base.py", line 3325, in connect
    return self._connection_cls(self, close_with_result=close_with_result)
           ^^^^^^^^^^^^^^^^^^^^^^^^^^^^^^^^^^^^^^^^^^^^^^^^^^^^^^^^^^^^^^^
  File "/home/airflow/.local/lib/python3.12/site-packages/sqlalchemy/engine/base.py", line 96, in __init__
    else engine.raw_connection()
         ^^^^^^^^^^^^^^^^^^^^^^^
  File "/home/airflow/.local/lib/python3.12/site-packages/sqlalchemy/engine/base.py", line 3404, in raw_connection
    return self._wrap_pool_connect(self.pool.connect, _connection)
           ^^^^^^^^^^^^^^^^^^^^^^^^^^^^^^^^^^^^^^^^^^^^^^^^^^^^^^^
  File "/home/airflow/.local/lib/python3.12/site-packages/sqlalchemy/engine/base.py", line 3374, in _wrap_pool_connect
    Connection._handle_dbapi_exception_noconnection(
  File "/home/airflow/.local/lib/python3.12/site-packages/sqlalchemy/engine/base.py", line 2208, in _handle_dbapi_exception_noconnection
    util.raise_(
  File "/home/airflow/.local/lib/python3.12/site-packages/sqlalchemy/util/compat.py", line 211, in raise_
    raise exception
  File "/home/airflow/.local/lib/python3.12/site-packages/sqlalchemy/engine/base.py", line 3371, in _wrap_pool_connect
    return fn()
           ^^^^
  File "/home/airflow/.local/lib/python3.12/site-packages/sqlalchemy/pool/base.py", line 327, in connect
    return _ConnectionFairy._checkout(self)
           ^^^^^^^^^^^^^^^^^^^^^^^^^^^^^^^^
  File "/home/airflow/.local/lib/python3.12/site-packages/sqlalchemy/pool/base.py", line 894, in _checkout
    fairy = _ConnectionRecord.checkout(pool)
            ^^^^^^^^^^^^^^^^^^^^^^^^^^^^^^^^
  File "/home/airflow/.local/lib/python3.12/site-packages/sqlalchemy/pool/base.py", line 493, in checkout
    rec = pool._do_get()
          ^^^^^^^^^^^^^^
  File "/home/airflow/.local/lib/python3.12/site-packages/sqlalchemy/pool/impl.py", line 145, in _do_get
    with util.safe_reraise():
         ^^^^^^^^^^^^^^^^^^^
  File "/home/airflow/.local/lib/python3.12/site-packages/sqlalchemy/util/langhelpers.py", line 70, in __exit__
    compat.raise_(
  File "/home/airflow/.local/lib/python3.12/site-packages/sqlalchemy/util/compat.py", line 211, in raise_
    raise exception
  File "/home/airflow/.local/lib/python3.12/site-packages/sqlalchemy/pool/impl.py", line 143, in _do_get
    return self._create_connection()
           ^^^^^^^^^^^^^^^^^^^^^^^^^
  File "/home/airflow/.local/lib/python3.12/site-packages/sqlalchemy/pool/base.py", line 273, in _create_connection
    return _ConnectionRecord(self)
           ^^^^^^^^^^^^^^^^^^^^^^^
  File "/home/airflow/.local/lib/python3.12/site-packages/sqlalchemy/pool/base.py", line 388, in __init__
    self.__connect()
  File "/home/airflow/.local/lib/python3.12/site-packages/sqlalchemy/pool/base.py", line 690, in __connect
    with util.safe_reraise():
         ^^^^^^^^^^^^^^^^^^^
  File "/home/airflow/.local/lib/python3.12/site-packages/sqlalchemy/util/langhelpers.py", line 70, in __exit__
    compat.raise_(
  File "/home/airflow/.local/lib/python3.12/site-packages/sqlalchemy/util/compat.py", line 211, in raise_
    raise exception
  File "/home/airflow/.local/lib/python3.12/site-packages/sqlalchemy/pool/base.py", line 686, in __connect
    self.dbapi_connection = connection = pool._invoke_creator(self)
                                         ^^^^^^^^^^^^^^^^^^^^^^^^^^
  File "/home/airflow/.local/lib/python3.12/site-packages/sqlalchemy/engine/create.py", line 574, in connect
    return dialect.connect(*cargs, **cparams)
           ^^^^^^^^^^^^^^^^^^^^^^^^^^^^^^^^^^
  File "/home/airflow/.local/lib/python3.12/site-packages/sqlalchemy/engine/default.py", line 598, in connect
    return self.dbapi.connect(*cargs, **cparams)
           ^^^^^^^^^^^^^^^^^^^^^^^^^^^^^^^^^^^^^
  File "/home/airflow/.local/lib/python3.12/site-packages/psycopg2/__init__.py", line 122, in connect
    conn = _connect(dsn, connection_factory=connection_factory, **kwasync)
           ^^^^^^^^^^^^^^^^^^^^^^^^^^^^^^^^^^^^^^^^^^^^^^^^^^^^^^^^^^^^^^^
sqlalchemy.exc.OperationalError: (psycopg2.OperationalError) could not translate host name "postgres" to address: Temporary failure in name resolution

(Background on this error at: https://sqlalche.me/e/14/e3q8)
[2026-03-24T15:00:41.959+0000] {processor.py:186} INFO - Started process (PID=74) to work on /opt/airflow/dags/sensor_airflow.py
[2026-03-24T15:00:41.961+0000] {processor.py:914} INFO - Processing file /opt/airflow/dags/sensor_airflow.py for tasks to queue
[2026-03-24T15:00:41.965+0000] {logging_mixin.py:190} INFO - [2026-03-24T15:00:41.965+0000] {dagbag.py:588} INFO - Filling up the DagBag from /opt/airflow/dags/sensor_airflow.py
[2026-03-24T15:00:42.504+0000] {processor.py:925} INFO - DAG(s) 'sensor_data_producer' retrieved from /opt/airflow/dags/sensor_airflow.py
[2026-03-24T15:00:42.814+0000] {logging_mixin.py:190} INFO - [2026-03-24T15:00:42.813+0000] {dag.py:3239} INFO - Sync 1 DAGs
[2026-03-24T15:00:42.869+0000] {logging_mixin.py:190} INFO - [2026-03-24T15:00:42.868+0000] {dag.py:4180} INFO - Setting next_dagrun for sensor_data_producer to 2026-03-24 14:55:00+00:00, run_after=2026-03-24 15:00:00+00:00
[2026-03-24T15:00:42.900+0000] {processor.py:208} INFO - Processing /opt/airflow/dags/sensor_airflow.py took 0.950 seconds
[2026-03-24T15:01:14.937+0000] {processor.py:186} INFO - Started process (PID=89) to work on /opt/airflow/dags/sensor_airflow.py
[2026-03-24T15:01:14.938+0000] {processor.py:914} INFO - Processing file /opt/airflow/dags/sensor_airflow.py for tasks to queue
[2026-03-24T15:01:14.941+0000] {logging_mixin.py:190} INFO - [2026-03-24T15:01:14.940+0000] {dagbag.py:588} INFO - Filling up the DagBag from /opt/airflow/dags/sensor_airflow.py
[2026-03-24T15:01:15.474+0000] {processor.py:925} INFO - DAG(s) 'sensor_data_producer' retrieved from /opt/airflow/dags/sensor_airflow.py
[2026-03-24T15:01:15.570+0000] {logging_mixin.py:190} INFO - [2026-03-24T15:01:15.569+0000] {dag.py:3239} INFO - Sync 1 DAGs
[2026-03-24T15:01:15.604+0000] {logging_mixin.py:190} INFO - [2026-03-24T15:01:15.604+0000] {dag.py:4180} INFO - Setting next_dagrun for sensor_data_producer to 2026-03-24 15:00:00+00:00, run_after=2026-03-24 15:05:00+00:00
[2026-03-24T15:01:15.624+0000] {processor.py:208} INFO - Processing /opt/airflow/dags/sensor_airflow.py took 0.695 seconds
[2026-03-24T15:01:47.498+0000] {processor.py:186} INFO - Started process (PID=92) to work on /opt/airflow/dags/sensor_airflow.py
[2026-03-24T15:01:47.500+0000] {processor.py:914} INFO - Processing file /opt/airflow/dags/sensor_airflow.py for tasks to queue
[2026-03-24T15:01:47.503+0000] {logging_mixin.py:190} INFO - [2026-03-24T15:01:47.503+0000] {dagbag.py:588} INFO - Filling up the DagBag from /opt/airflow/dags/sensor_airflow.py
[2026-03-24T15:01:48.078+0000] {processor.py:925} INFO - DAG(s) 'sensor_data_producer' retrieved from /opt/airflow/dags/sensor_airflow.py
[2026-03-24T15:01:48.205+0000] {logging_mixin.py:190} INFO - [2026-03-24T15:01:48.201+0000] {dag.py:3239} INFO - Sync 1 DAGs
[2026-03-24T15:01:48.237+0000] {logging_mixin.py:190} INFO - [2026-03-24T15:01:48.237+0000] {dag.py:4180} INFO - Setting next_dagrun for sensor_data_producer to 2026-03-24 15:00:00+00:00, run_after=2026-03-24 15:05:00+00:00
[2026-03-24T15:01:48.259+0000] {processor.py:208} INFO - Processing /opt/airflow/dags/sensor_airflow.py took 0.771 seconds
[2026-03-24T15:02:20.118+0000] {processor.py:186} INFO - Started process (PID=101) to work on /opt/airflow/dags/sensor_airflow.py
[2026-03-24T15:02:20.119+0000] {processor.py:914} INFO - Processing file /opt/airflow/dags/sensor_airflow.py for tasks to queue
[2026-03-24T15:02:20.124+0000] {logging_mixin.py:190} INFO - [2026-03-24T15:02:20.124+0000] {dagbag.py:588} INFO - Filling up the DagBag from /opt/airflow/dags/sensor_airflow.py
[2026-03-24T15:02:20.843+0000] {processor.py:925} INFO - DAG(s) 'sensor_data_producer' retrieved from /opt/airflow/dags/sensor_airflow.py
[2026-03-24T15:02:57.015+0000] {processor.py:211} ERROR - Got an exception! Propagating...
Traceback (most recent call last):
  File "/home/airflow/.local/lib/python3.12/site-packages/sqlalchemy/engine/base.py", line 3371, in _wrap_pool_connect
    return fn()
           ^^^^
  File "/home/airflow/.local/lib/python3.12/site-packages/sqlalchemy/pool/base.py", line 327, in connect
    return _ConnectionFairy._checkout(self)
           ^^^^^^^^^^^^^^^^^^^^^^^^^^^^^^^^
  File "/home/airflow/.local/lib/python3.12/site-packages/sqlalchemy/pool/base.py", line 894, in _checkout
    fairy = _ConnectionRecord.checkout(pool)
            ^^^^^^^^^^^^^^^^^^^^^^^^^^^^^^^^
  File "/home/airflow/.local/lib/python3.12/site-packages/sqlalchemy/pool/base.py", line 493, in checkout
    rec = pool._do_get()
          ^^^^^^^^^^^^^^
  File "/home/airflow/.local/lib/python3.12/site-packages/sqlalchemy/pool/impl.py", line 145, in _do_get
    with util.safe_reraise():
         ^^^^^^^^^^^^^^^^^^^
  File "/home/airflow/.local/lib/python3.12/site-packages/sqlalchemy/util/langhelpers.py", line 70, in __exit__
    compat.raise_(
  File "/home/airflow/.local/lib/python3.12/site-packages/sqlalchemy/util/compat.py", line 211, in raise_
    raise exception
  File "/home/airflow/.local/lib/python3.12/site-packages/sqlalchemy/pool/impl.py", line 143, in _do_get
    return self._create_connection()
           ^^^^^^^^^^^^^^^^^^^^^^^^^
  File "/home/airflow/.local/lib/python3.12/site-packages/sqlalchemy/pool/base.py", line 273, in _create_connection
    return _ConnectionRecord(self)
           ^^^^^^^^^^^^^^^^^^^^^^^
  File "/home/airflow/.local/lib/python3.12/site-packages/sqlalchemy/pool/base.py", line 388, in __init__
    self.__connect()
  File "/home/airflow/.local/lib/python3.12/site-packages/sqlalchemy/pool/base.py", line 690, in __connect
    with util.safe_reraise():
         ^^^^^^^^^^^^^^^^^^^
  File "/home/airflow/.local/lib/python3.12/site-packages/sqlalchemy/util/langhelpers.py", line 70, in __exit__
    compat.raise_(
  File "/home/airflow/.local/lib/python3.12/site-packages/sqlalchemy/util/compat.py", line 211, in raise_
    raise exception
  File "/home/airflow/.local/lib/python3.12/site-packages/sqlalchemy/pool/base.py", line 686, in __connect
    self.dbapi_connection = connection = pool._invoke_creator(self)
                                         ^^^^^^^^^^^^^^^^^^^^^^^^^^
  File "/home/airflow/.local/lib/python3.12/site-packages/sqlalchemy/engine/create.py", line 574, in connect
    return dialect.connect(*cargs, **cparams)
           ^^^^^^^^^^^^^^^^^^^^^^^^^^^^^^^^^^
  File "/home/airflow/.local/lib/python3.12/site-packages/sqlalchemy/engine/default.py", line 598, in connect
    return self.dbapi.connect(*cargs, **cparams)
           ^^^^^^^^^^^^^^^^^^^^^^^^^^^^^^^^^^^^^
  File "/home/airflow/.local/lib/python3.12/site-packages/psycopg2/__init__.py", line 122, in connect
    conn = _connect(dsn, connection_factory=connection_factory, **kwasync)
           ^^^^^^^^^^^^^^^^^^^^^^^^^^^^^^^^^^^^^^^^^^^^^^^^^^^^^^^^^^^^^^^
psycopg2.OperationalError: could not translate host name "postgres" to address: Temporary failure in name resolution


The above exception was the direct cause of the following exception:

Traceback (most recent call last):
  File "/home/airflow/.local/lib/python3.12/site-packages/airflow/dag_processing/processor.py", line 207, in _run_file_processor
    _handle_dag_file_processing()
  File "/home/airflow/.local/lib/python3.12/site-packages/airflow/dag_processing/processor.py", line 188, in _handle_dag_file_processing
    result: tuple[int, int, int] = dag_file_processor.process_file(
                                   ^^^^^^^^^^^^^^^^^^^^^^^^^^^^^^^^
  File "/home/airflow/.local/lib/python3.12/site-packages/airflow/utils/session.py", line 97, in wrapper
    return func(*args, session=session, **kwargs)
           ^^^^^^^^^^^^^^^^^^^^^^^^^^^^^^^^^^^^^^
  File "/home/airflow/.local/lib/python3.12/site-packages/airflow/dag_processing/processor.py", line 942, in process_file
    serialize_errors = DagFileProcessor.save_dag_to_db(
                       ^^^^^^^^^^^^^^^^^^^^^^^^^^^^^^^^
  File "/home/airflow/.local/lib/python3.12/site-packages/airflow/api_internal/internal_api_call.py", line 139, in wrapper
    return func(*args, **kwargs)
           ^^^^^^^^^^^^^^^^^^^^^
  File "/home/airflow/.local/lib/python3.12/site-packages/airflow/utils/session.py", line 97, in wrapper
    return func(*args, session=session, **kwargs)
           ^^^^^^^^^^^^^^^^^^^^^^^^^^^^^^^^^^^^^^
  File "/home/airflow/.local/lib/python3.12/site-packages/airflow/dag_processing/processor.py", line 982, in save_dag_to_db
    import_errors = DagBag._sync_to_db(dags=dags, processor_subdir=dag_directory, session=session)
                    ^^^^^^^^^^^^^^^^^^^^^^^^^^^^^^^^^^^^^^^^^^^^^^^^^^^^^^^^^^^^^^^^^^^^^^^^^^^^^^
  File "/home/airflow/.local/lib/python3.12/site-packages/airflow/utils/session.py", line 94, in wrapper
    return func(*args, **kwargs)
           ^^^^^^^^^^^^^^^^^^^^^
  File "/home/airflow/.local/lib/python3.12/site-packages/airflow/models/dagbag.py", line 708, in _sync_to_db
    for attempt in run_with_db_retries(logger=log):
                   ^^^^^^^^^^^^^^^^^^^^^^^^^^^^^^^
  File "/home/airflow/.local/lib/python3.12/site-packages/tenacity/__init__.py", line 443, in __iter__
    do = self.iter(retry_state=retry_state)
         ^^^^^^^^^^^^^^^^^^^^^^^^^^^^^^^^^^
  File "/home/airflow/.local/lib/python3.12/site-packages/tenacity/__init__.py", line 376, in iter
    result = action(retry_state)
             ^^^^^^^^^^^^^^^^^^^
  File "/home/airflow/.local/lib/python3.12/site-packages/tenacity/__init__.py", line 418, in exc_check
    raise retry_exc.reraise()
          ^^^^^^^^^^^^^^^^^^^
  File "/home/airflow/.local/lib/python3.12/site-packages/tenacity/__init__.py", line 185, in reraise
    raise self.last_attempt.result()
          ^^^^^^^^^^^^^^^^^^^^^^^^^^
  File "/usr/local/lib/python3.12/concurrent/futures/_base.py", line 449, in result
    return self.__get_result()
           ^^^^^^^^^^^^^^^^^^^
  File "/usr/local/lib/python3.12/concurrent/futures/_base.py", line 401, in __get_result
    raise self._exception
  File "/home/airflow/.local/lib/python3.12/site-packages/airflow/models/dagbag.py", line 721, in _sync_to_db
    _serialize_dag_capturing_errors(dag, session, processor_subdir)
  File "/home/airflow/.local/lib/python3.12/site-packages/airflow/models/dagbag.py", line 686, in _serialize_dag_capturing_errors
    dag_was_updated = SerializedDagModel.write_dag(
                      ^^^^^^^^^^^^^^^^^^^^^^^^^^^^^
  File "/home/airflow/.local/lib/python3.12/site-packages/airflow/utils/session.py", line 94, in wrapper
    return func(*args, **kwargs)
           ^^^^^^^^^^^^^^^^^^^^^
  File "/home/airflow/.local/lib/python3.12/site-packages/airflow/models/serialized_dag.py", line 160, in write_dag
    if session.scalar(
       ^^^^^^^^^^^^^^^
  File "/home/airflow/.local/lib/python3.12/site-packages/sqlalchemy/orm/session.py", line 1747, in scalar
    return self.execute(
           ^^^^^^^^^^^^^
  File "/home/airflow/.local/lib/python3.12/site-packages/sqlalchemy/orm/session.py", line 1716, in execute
    conn = self._connection_for_bind(bind)
           ^^^^^^^^^^^^^^^^^^^^^^^^^^^^^^^
  File "/home/airflow/.local/lib/python3.12/site-packages/sqlalchemy/orm/session.py", line 1555, in _connection_for_bind
    return self._transaction._connection_for_bind(
           ^^^^^^^^^^^^^^^^^^^^^^^^^^^^^^^^^^^^^^^
  File "/home/airflow/.local/lib/python3.12/site-packages/sqlalchemy/orm/session.py", line 750, in _connection_for_bind
    conn = bind.connect()
           ^^^^^^^^^^^^^^
  File "/home/airflow/.local/lib/python3.12/site-packages/sqlalchemy/future/engine.py", line 412, in connect
    return super(Engine, self).connect()
           ^^^^^^^^^^^^^^^^^^^^^^^^^^^^^
  File "/home/airflow/.local/lib/python3.12/site-packages/sqlalchemy/engine/base.py", line 3325, in connect
    return self._connection_cls(self, close_with_result=close_with_result)
           ^^^^^^^^^^^^^^^^^^^^^^^^^^^^^^^^^^^^^^^^^^^^^^^^^^^^^^^^^^^^^^^
  File "/home/airflow/.local/lib/python3.12/site-packages/sqlalchemy/engine/base.py", line 96, in __init__
    else engine.raw_connection()
         ^^^^^^^^^^^^^^^^^^^^^^^
  File "/home/airflow/.local/lib/python3.12/site-packages/sqlalchemy/engine/base.py", line 3404, in raw_connection
    return self._wrap_pool_connect(self.pool.connect, _connection)
           ^^^^^^^^^^^^^^^^^^^^^^^^^^^^^^^^^^^^^^^^^^^^^^^^^^^^^^^
  File "/home/airflow/.local/lib/python3.12/site-packages/sqlalchemy/engine/base.py", line 3374, in _wrap_pool_connect
    Connection._handle_dbapi_exception_noconnection(
  File "/home/airflow/.local/lib/python3.12/site-packages/sqlalchemy/engine/base.py", line 2208, in _handle_dbapi_exception_noconnection
    util.raise_(
  File "/home/airflow/.local/lib/python3.12/site-packages/sqlalchemy/util/compat.py", line 211, in raise_
    raise exception
  File "/home/airflow/.local/lib/python3.12/site-packages/sqlalchemy/engine/base.py", line 3371, in _wrap_pool_connect
    return fn()
           ^^^^
  File "/home/airflow/.local/lib/python3.12/site-packages/sqlalchemy/pool/base.py", line 327, in connect
    return _ConnectionFairy._checkout(self)
           ^^^^^^^^^^^^^^^^^^^^^^^^^^^^^^^^
  File "/home/airflow/.local/lib/python3.12/site-packages/sqlalchemy/pool/base.py", line 894, in _checkout
    fairy = _ConnectionRecord.checkout(pool)
            ^^^^^^^^^^^^^^^^^^^^^^^^^^^^^^^^
  File "/home/airflow/.local/lib/python3.12/site-packages/sqlalchemy/pool/base.py", line 493, in checkout
    rec = pool._do_get()
          ^^^^^^^^^^^^^^
  File "/home/airflow/.local/lib/python3.12/site-packages/sqlalchemy/pool/impl.py", line 145, in _do_get
    with util.safe_reraise():
         ^^^^^^^^^^^^^^^^^^^
  File "/home/airflow/.local/lib/python3.12/site-packages/sqlalchemy/util/langhelpers.py", line 70, in __exit__
    compat.raise_(
  File "/home/airflow/.local/lib/python3.12/site-packages/sqlalchemy/util/compat.py", line 211, in raise_
    raise exception
  File "/home/airflow/.local/lib/python3.12/site-packages/sqlalchemy/pool/impl.py", line 143, in _do_get
    return self._create_connection()
           ^^^^^^^^^^^^^^^^^^^^^^^^^
  File "/home/airflow/.local/lib/python3.12/site-packages/sqlalchemy/pool/base.py", line 273, in _create_connection
    return _ConnectionRecord(self)
           ^^^^^^^^^^^^^^^^^^^^^^^
  File "/home/airflow/.local/lib/python3.12/site-packages/sqlalchemy/pool/base.py", line 388, in __init__
    self.__connect()
  File "/home/airflow/.local/lib/python3.12/site-packages/sqlalchemy/pool/base.py", line 690, in __connect
    with util.safe_reraise():
         ^^^^^^^^^^^^^^^^^^^
  File "/home/airflow/.local/lib/python3.12/site-packages/sqlalchemy/util/langhelpers.py", line 70, in __exit__
    compat.raise_(
  File "/home/airflow/.local/lib/python3.12/site-packages/sqlalchemy/util/compat.py", line 211, in raise_
    raise exception
  File "/home/airflow/.local/lib/python3.12/site-packages/sqlalchemy/pool/base.py", line 686, in __connect
    self.dbapi_connection = connection = pool._invoke_creator(self)
                                         ^^^^^^^^^^^^^^^^^^^^^^^^^^
  File "/home/airflow/.local/lib/python3.12/site-packages/sqlalchemy/engine/create.py", line 574, in connect
    return dialect.connect(*cargs, **cparams)
           ^^^^^^^^^^^^^^^^^^^^^^^^^^^^^^^^^^
  File "/home/airflow/.local/lib/python3.12/site-packages/sqlalchemy/engine/default.py", line 598, in connect
    return self.dbapi.connect(*cargs, **cparams)
           ^^^^^^^^^^^^^^^^^^^^^^^^^^^^^^^^^^^^^
  File "/home/airflow/.local/lib/python3.12/site-packages/psycopg2/__init__.py", line 122, in connect
    conn = _connect(dsn, connection_factory=connection_factory, **kwasync)
           ^^^^^^^^^^^^^^^^^^^^^^^^^^^^^^^^^^^^^^^^^^^^^^^^^^^^^^^^^^^^^^^
sqlalchemy.exc.OperationalError: (psycopg2.OperationalError) could not translate host name "postgres" to address: Temporary failure in name resolution

(Background on this error at: https://sqlalche.me/e/14/e3q8)
[2026-03-24T15:03:36.617+0000] {processor.py:186} INFO - Started process (PID=110) to work on /opt/airflow/dags/sensor_airflow.py
[2026-03-24T15:03:36.619+0000] {processor.py:914} INFO - Processing file /opt/airflow/dags/sensor_airflow.py for tasks to queue
[2026-03-24T15:03:36.623+0000] {logging_mixin.py:190} INFO - [2026-03-24T15:03:36.622+0000] {dagbag.py:588} INFO - Filling up the DagBag from /opt/airflow/dags/sensor_airflow.py
[2026-03-24T15:03:37.533+0000] {processor.py:925} INFO - DAG(s) 'sensor_data_producer' retrieved from /opt/airflow/dags/sensor_airflow.py
[2026-03-24T15:03:38.004+0000] {logging_mixin.py:190} INFO - [2026-03-24T15:03:37.995+0000] {dag.py:3239} INFO - Sync 1 DAGs
[2026-03-24T15:03:38.122+0000] {logging_mixin.py:190} INFO - [2026-03-24T15:03:38.116+0000] {dag.py:4180} INFO - Setting next_dagrun for sensor_data_producer to 2026-03-24 15:00:00+00:00, run_after=2026-03-24 15:05:00+00:00
[2026-03-24T15:03:38.270+0000] {processor.py:208} INFO - Processing /opt/airflow/dags/sensor_airflow.py took 1.665 seconds
[2026-03-24T15:04:08.618+0000] {processor.py:186} INFO - Started process (PID=118) to work on /opt/airflow/dags/sensor_airflow.py
[2026-03-24T15:04:08.621+0000] {processor.py:914} INFO - Processing file /opt/airflow/dags/sensor_airflow.py for tasks to queue
[2026-03-24T15:04:08.625+0000] {logging_mixin.py:190} INFO - [2026-03-24T15:04:08.623+0000] {dagbag.py:588} INFO - Filling up the DagBag from /opt/airflow/dags/sensor_airflow.py
[2026-03-24T15:04:09.261+0000] {processor.py:925} INFO - DAG(s) 'sensor_data_producer' retrieved from /opt/airflow/dags/sensor_airflow.py
[2026-03-24T15:04:09.447+0000] {logging_mixin.py:190} INFO - [2026-03-24T15:04:09.443+0000] {dag.py:3239} INFO - Sync 1 DAGs
[2026-03-24T15:04:09.485+0000] {logging_mixin.py:190} INFO - [2026-03-24T15:04:09.485+0000] {dag.py:4180} INFO - Setting next_dagrun for sensor_data_producer to 2026-03-24 15:00:00+00:00, run_after=2026-03-24 15:05:00+00:00
[2026-03-24T15:04:09.516+0000] {processor.py:208} INFO - Processing /opt/airflow/dags/sensor_airflow.py took 0.912 seconds
[2026-03-24T15:04:39.606+0000] {processor.py:186} INFO - Started process (PID=127) to work on /opt/airflow/dags/sensor_airflow.py
[2026-03-24T15:04:39.608+0000] {processor.py:914} INFO - Processing file /opt/airflow/dags/sensor_airflow.py for tasks to queue
[2026-03-24T15:04:39.613+0000] {logging_mixin.py:190} INFO - [2026-03-24T15:04:39.610+0000] {dagbag.py:588} INFO - Filling up the DagBag from /opt/airflow/dags/sensor_airflow.py
[2026-03-24T15:04:40.027+0000] {processor.py:925} INFO - DAG(s) 'sensor_data_producer' retrieved from /opt/airflow/dags/sensor_airflow.py
[2026-03-24T15:04:40.115+0000] {logging_mixin.py:190} INFO - [2026-03-24T15:04:40.114+0000] {dag.py:3239} INFO - Sync 1 DAGs
[2026-03-24T15:04:40.142+0000] {logging_mixin.py:190} INFO - [2026-03-24T15:04:40.142+0000] {dag.py:4180} INFO - Setting next_dagrun for sensor_data_producer to 2026-03-24 15:00:00+00:00, run_after=2026-03-24 15:05:00+00:00
[2026-03-24T15:04:40.159+0000] {processor.py:208} INFO - Processing /opt/airflow/dags/sensor_airflow.py took 0.564 seconds
[2026-03-24T15:05:11.013+0000] {processor.py:186} INFO - Started process (PID=140) to work on /opt/airflow/dags/sensor_airflow.py
[2026-03-24T15:05:11.015+0000] {processor.py:914} INFO - Processing file /opt/airflow/dags/sensor_airflow.py for tasks to queue
[2026-03-24T15:05:11.021+0000] {logging_mixin.py:190} INFO - [2026-03-24T15:05:11.020+0000] {dagbag.py:588} INFO - Filling up the DagBag from /opt/airflow/dags/sensor_airflow.py
[2026-03-24T15:05:11.776+0000] {processor.py:925} INFO - DAG(s) 'sensor_data_producer' retrieved from /opt/airflow/dags/sensor_airflow.py
[2026-03-24T15:05:11.831+0000] {logging_mixin.py:190} INFO - [2026-03-24T15:05:11.830+0000] {dag.py:3239} INFO - Sync 1 DAGs
[2026-03-24T15:05:11.866+0000] {logging_mixin.py:190} INFO - [2026-03-24T15:05:11.866+0000] {dag.py:4180} INFO - Setting next_dagrun for sensor_data_producer to 2026-03-24 15:05:00+00:00, run_after=2026-03-24 15:10:00+00:00
[2026-03-24T15:05:11.894+0000] {processor.py:208} INFO - Processing /opt/airflow/dags/sensor_airflow.py took 0.891 seconds
[2026-03-24T15:05:42.919+0000] {processor.py:186} INFO - Started process (PID=150) to work on /opt/airflow/dags/sensor_airflow.py
[2026-03-24T15:05:42.922+0000] {processor.py:914} INFO - Processing file /opt/airflow/dags/sensor_airflow.py for tasks to queue
[2026-03-24T15:05:42.928+0000] {logging_mixin.py:190} INFO - [2026-03-24T15:05:42.925+0000] {dagbag.py:588} INFO - Filling up the DagBag from /opt/airflow/dags/sensor_airflow.py
[2026-03-24T15:05:43.757+0000] {processor.py:925} INFO - DAG(s) 'sensor_data_producer' retrieved from /opt/airflow/dags/sensor_airflow.py
[2026-03-24T15:05:44.051+0000] {logging_mixin.py:190} INFO - [2026-03-24T15:05:44.043+0000] {dag.py:3239} INFO - Sync 1 DAGs
[2026-03-24T15:05:44.116+0000] {logging_mixin.py:190} INFO - [2026-03-24T15:05:44.115+0000] {dag.py:4180} INFO - Setting next_dagrun for sensor_data_producer to 2026-03-24 15:05:00+00:00, run_after=2026-03-24 15:10:00+00:00
[2026-03-24T15:05:44.180+0000] {processor.py:208} INFO - Processing /opt/airflow/dags/sensor_airflow.py took 1.275 seconds
[2026-03-24T15:06:15.296+0000] {processor.py:186} INFO - Started process (PID=159) to work on /opt/airflow/dags/sensor_airflow.py
[2026-03-24T15:06:15.298+0000] {processor.py:914} INFO - Processing file /opt/airflow/dags/sensor_airflow.py for tasks to queue
[2026-03-24T15:06:15.303+0000] {logging_mixin.py:190} INFO - [2026-03-24T15:06:15.300+0000] {dagbag.py:588} INFO - Filling up the DagBag from /opt/airflow/dags/sensor_airflow.py
[2026-03-24T15:06:15.578+0000] {processor.py:925} INFO - DAG(s) 'sensor_data_producer' retrieved from /opt/airflow/dags/sensor_airflow.py
[2026-03-24T15:06:15.710+0000] {logging_mixin.py:190} INFO - [2026-03-24T15:06:15.708+0000] {dag.py:3239} INFO - Sync 1 DAGs
[2026-03-24T15:06:15.765+0000] {logging_mixin.py:190} INFO - [2026-03-24T15:06:15.764+0000] {dag.py:4180} INFO - Setting next_dagrun for sensor_data_producer to 2026-03-24 15:05:00+00:00, run_after=2026-03-24 15:10:00+00:00
[2026-03-24T15:06:15.794+0000] {processor.py:208} INFO - Processing /opt/airflow/dags/sensor_airflow.py took 0.510 seconds
[2026-03-24T15:06:46.379+0000] {processor.py:186} INFO - Started process (PID=168) to work on /opt/airflow/dags/sensor_airflow.py
[2026-03-24T15:06:46.383+0000] {processor.py:914} INFO - Processing file /opt/airflow/dags/sensor_airflow.py for tasks to queue
[2026-03-24T15:06:46.388+0000] {logging_mixin.py:190} INFO - [2026-03-24T15:06:46.386+0000] {dagbag.py:588} INFO - Filling up the DagBag from /opt/airflow/dags/sensor_airflow.py
[2026-03-24T15:06:46.684+0000] {processor.py:925} INFO - DAG(s) 'sensor_data_producer' retrieved from /opt/airflow/dags/sensor_airflow.py
[2026-03-24T15:06:46.783+0000] {logging_mixin.py:190} INFO - [2026-03-24T15:06:46.782+0000] {dag.py:3239} INFO - Sync 1 DAGs
[2026-03-24T15:06:46.820+0000] {logging_mixin.py:190} INFO - [2026-03-24T15:06:46.820+0000] {dag.py:4180} INFO - Setting next_dagrun for sensor_data_producer to 2026-03-24 15:05:00+00:00, run_after=2026-03-24 15:10:00+00:00
[2026-03-24T15:06:46.847+0000] {processor.py:208} INFO - Processing /opt/airflow/dags/sensor_airflow.py took 0.519 seconds
[2026-03-24T15:07:17.182+0000] {processor.py:186} INFO - Started process (PID=177) to work on /opt/airflow/dags/sensor_airflow.py
[2026-03-24T15:07:17.187+0000] {processor.py:914} INFO - Processing file /opt/airflow/dags/sensor_airflow.py for tasks to queue
[2026-03-24T15:07:17.196+0000] {logging_mixin.py:190} INFO - [2026-03-24T15:07:17.192+0000] {dagbag.py:588} INFO - Filling up the DagBag from /opt/airflow/dags/sensor_airflow.py
[2026-03-24T15:07:17.563+0000] {processor.py:925} INFO - DAG(s) 'sensor_data_producer' retrieved from /opt/airflow/dags/sensor_airflow.py
[2026-03-24T15:07:19.292+0000] {logging_mixin.py:190} INFO - [2026-03-24T15:07:19.278+0000] {dag.py:3239} INFO - Sync 1 DAGs
[2026-03-24T15:07:19.362+0000] {logging_mixin.py:190} INFO - [2026-03-24T15:07:19.361+0000] {dag.py:4180} INFO - Setting next_dagrun for sensor_data_producer to 2026-03-24 15:05:00+00:00, run_after=2026-03-24 15:10:00+00:00
[2026-03-24T15:07:19.466+0000] {processor.py:208} INFO - Processing /opt/airflow/dags/sensor_airflow.py took 2.301 seconds
[2026-03-24T15:07:50.188+0000] {processor.py:186} INFO - Started process (PID=186) to work on /opt/airflow/dags/sensor_airflow.py
[2026-03-24T15:07:50.190+0000] {processor.py:914} INFO - Processing file /opt/airflow/dags/sensor_airflow.py for tasks to queue
[2026-03-24T15:07:50.195+0000] {logging_mixin.py:190} INFO - [2026-03-24T15:07:50.192+0000] {dagbag.py:588} INFO - Filling up the DagBag from /opt/airflow/dags/sensor_airflow.py
[2026-03-24T15:07:50.448+0000] {processor.py:925} INFO - DAG(s) 'sensor_data_producer' retrieved from /opt/airflow/dags/sensor_airflow.py
[2026-03-24T15:07:50.537+0000] {logging_mixin.py:190} INFO - [2026-03-24T15:07:50.537+0000] {dag.py:3239} INFO - Sync 1 DAGs
[2026-03-24T15:07:50.585+0000] {logging_mixin.py:190} INFO - [2026-03-24T15:07:50.585+0000] {dag.py:4180} INFO - Setting next_dagrun for sensor_data_producer to 2026-03-24 15:05:00+00:00, run_after=2026-03-24 15:10:00+00:00
[2026-03-24T15:07:50.652+0000] {processor.py:208} INFO - Processing /opt/airflow/dags/sensor_airflow.py took 0.471 seconds
[2026-03-24T15:08:21.544+0000] {processor.py:186} INFO - Started process (PID=195) to work on /opt/airflow/dags/sensor_airflow.py
[2026-03-24T15:08:21.547+0000] {processor.py:914} INFO - Processing file /opt/airflow/dags/sensor_airflow.py for tasks to queue
[2026-03-24T15:08:21.553+0000] {logging_mixin.py:190} INFO - [2026-03-24T15:08:21.550+0000] {dagbag.py:588} INFO - Filling up the DagBag from /opt/airflow/dags/sensor_airflow.py
[2026-03-24T15:08:21.845+0000] {processor.py:925} INFO - DAG(s) 'sensor_data_producer' retrieved from /opt/airflow/dags/sensor_airflow.py
[2026-03-24T15:08:21.971+0000] {logging_mixin.py:190} INFO - [2026-03-24T15:08:21.971+0000] {dag.py:3239} INFO - Sync 1 DAGs
[2026-03-24T15:08:22.007+0000] {logging_mixin.py:190} INFO - [2026-03-24T15:08:22.007+0000] {dag.py:4180} INFO - Setting next_dagrun for sensor_data_producer to 2026-03-24 15:05:00+00:00, run_after=2026-03-24 15:10:00+00:00
[2026-03-24T15:08:22.034+0000] {processor.py:208} INFO - Processing /opt/airflow/dags/sensor_airflow.py took 0.506 seconds
[2026-03-24T15:08:52.184+0000] {processor.py:186} INFO - Started process (PID=198) to work on /opt/airflow/dags/sensor_airflow.py
[2026-03-24T15:08:52.195+0000] {processor.py:914} INFO - Processing file /opt/airflow/dags/sensor_airflow.py for tasks to queue
[2026-03-24T15:08:52.208+0000] {logging_mixin.py:190} INFO - [2026-03-24T15:08:52.203+0000] {dagbag.py:588} INFO - Filling up the DagBag from /opt/airflow/dags/sensor_airflow.py
[2026-03-24T15:09:26.891+0000] {logging_mixin.py:190} INFO - [2026-03-24T15:09:25.169+0000] {timeout.py:68} ERROR - Process timed out, PID: 198
[2026-03-24T15:09:42.593+0000] {logging_mixin.py:190} INFO - [2026-03-24T15:09:28.527+0000] {dagbag.py:387} ERROR - Failed to import: /opt/airflow/dags/sensor_airflow.py
Traceback (most recent call last):
  File "/home/airflow/.local/lib/python3.12/site-packages/airflow/models/dagbag.py", line 383, in parse
    loader.exec_module(new_module)
  File "<frozen importlib._bootstrap_external>", line 995, in exec_module
  File "<frozen importlib._bootstrap>", line 488, in _call_with_frames_removed
  File "/opt/airflow/dags/sensor_airflow.py", line 9, in <module>
    from kafka import KafkaProducer
  File "/home/airflow/.local/lib/python3.12/site-packages/kafka/__init__.py", line 21, in <module>
    from kafka.admin import KafkaAdminClient
  File "/home/airflow/.local/lib/python3.12/site-packages/kafka/admin/__init__.py", line 4, in <module>
    from kafka.admin.client import KafkaAdminClient
  File "/home/airflow/.local/lib/python3.12/site-packages/kafka/admin/client.py", line 15, in <module>
    from kafka.client_async import KafkaClient, selectors
  File "/home/airflow/.local/lib/python3.12/site-packages/kafka/client_async.py", line 21, in <module>
    from kafka.cluster import ClusterMetadata
  File "/home/airflow/.local/lib/python3.12/site-packages/kafka/cluster.py", line 14, in <module>
    from kafka.conn import get_ip_port_afi
  File "/home/airflow/.local/lib/python3.12/site-packages/kafka/conn.py", line 48, in <module>
    log = logging.getLogger(__name__)
          ^^^^^^^^^^^^^^^^^^^^^^^^^^^
  File "/usr/local/lib/python3.12/logging/__init__.py", line 2157, in getLogger
    return Logger.manager.getLogger(name)
           ^^^^^^^^^^^^^^^^^^^^^^^^^^^^^^
  File "/usr/local/lib/python3.12/logging/__init__.py", line 1403, in getLogger
    rv = (self.loggerClass or _loggerClass)(name)
         ^^^^^^^^^^^^^^^^^^^^^^^^^^^^^^^^^^^^^^^^
  File "/home/airflow/.local/lib/python3.12/site-packages/airflow/utils/timeout.py", line 69, in handle_timeout
    raise AirflowTaskTimeout(self.error_message)
airflow.exceptions.AirflowTaskTimeout: DagBag import timeout for /opt/airflow/dags/sensor_airflow.py after 30.0s.
Please take a look at these docs to improve your DAG import time:
* https://airflow.apache.org/docs/apache-airflow/2.10.2/best-practices.html#top-level-python-code
* https://airflow.apache.org/docs/apache-airflow/2.10.2/best-practices.html#reducing-dag-complexity, PID: 198
[2026-03-24T15:09:53.215+0000] {processor.py:927} WARNING - No viable dags retrieved from /opt/airflow/dags/sensor_airflow.py
[2026-03-24T15:10:13.325+0000] {processor.py:211} ERROR - Got an exception! Propagating...
Traceback (most recent call last):
  File "/home/airflow/.local/lib/python3.12/site-packages/sqlalchemy/engine/base.py", line 3371, in _wrap_pool_connect
    return fn()
           ^^^^
  File "/home/airflow/.local/lib/python3.12/site-packages/sqlalchemy/pool/base.py", line 327, in connect
    return _ConnectionFairy._checkout(self)
           ^^^^^^^^^^^^^^^^^^^^^^^^^^^^^^^^
  File "/home/airflow/.local/lib/python3.12/site-packages/sqlalchemy/pool/base.py", line 894, in _checkout
    fairy = _ConnectionRecord.checkout(pool)
            ^^^^^^^^^^^^^^^^^^^^^^^^^^^^^^^^
  File "/home/airflow/.local/lib/python3.12/site-packages/sqlalchemy/pool/base.py", line 493, in checkout
    rec = pool._do_get()
          ^^^^^^^^^^^^^^
  File "/home/airflow/.local/lib/python3.12/site-packages/sqlalchemy/pool/impl.py", line 145, in _do_get
    with util.safe_reraise():
         ^^^^^^^^^^^^^^^^^^^
  File "/home/airflow/.local/lib/python3.12/site-packages/sqlalchemy/util/langhelpers.py", line 70, in __exit__
    compat.raise_(
  File "/home/airflow/.local/lib/python3.12/site-packages/sqlalchemy/util/compat.py", line 211, in raise_
    raise exception
  File "/home/airflow/.local/lib/python3.12/site-packages/sqlalchemy/pool/impl.py", line 143, in _do_get
    return self._create_connection()
           ^^^^^^^^^^^^^^^^^^^^^^^^^
  File "/home/airflow/.local/lib/python3.12/site-packages/sqlalchemy/pool/base.py", line 273, in _create_connection
    return _ConnectionRecord(self)
           ^^^^^^^^^^^^^^^^^^^^^^^
  File "/home/airflow/.local/lib/python3.12/site-packages/sqlalchemy/pool/base.py", line 388, in __init__
    self.__connect()
  File "/home/airflow/.local/lib/python3.12/site-packages/sqlalchemy/pool/base.py", line 690, in __connect
    with util.safe_reraise():
         ^^^^^^^^^^^^^^^^^^^
  File "/home/airflow/.local/lib/python3.12/site-packages/sqlalchemy/util/langhelpers.py", line 70, in __exit__
    compat.raise_(
  File "/home/airflow/.local/lib/python3.12/site-packages/sqlalchemy/util/compat.py", line 211, in raise_
    raise exception
  File "/home/airflow/.local/lib/python3.12/site-packages/sqlalchemy/pool/base.py", line 686, in __connect
    self.dbapi_connection = connection = pool._invoke_creator(self)
                                         ^^^^^^^^^^^^^^^^^^^^^^^^^^
  File "/home/airflow/.local/lib/python3.12/site-packages/sqlalchemy/engine/create.py", line 574, in connect
    return dialect.connect(*cargs, **cparams)
           ^^^^^^^^^^^^^^^^^^^^^^^^^^^^^^^^^^
  File "/home/airflow/.local/lib/python3.12/site-packages/sqlalchemy/engine/default.py", line 598, in connect
    return self.dbapi.connect(*cargs, **cparams)
           ^^^^^^^^^^^^^^^^^^^^^^^^^^^^^^^^^^^^^
  File "/home/airflow/.local/lib/python3.12/site-packages/psycopg2/__init__.py", line 122, in connect
    conn = _connect(dsn, connection_factory=connection_factory, **kwasync)
           ^^^^^^^^^^^^^^^^^^^^^^^^^^^^^^^^^^^^^^^^^^^^^^^^^^^^^^^^^^^^^^^
psycopg2.OperationalError: could not translate host name "postgres" to address: Temporary failure in name resolution


The above exception was the direct cause of the following exception:

Traceback (most recent call last):
  File "/home/airflow/.local/lib/python3.12/site-packages/airflow/dag_processing/processor.py", line 207, in _run_file_processor
    _handle_dag_file_processing()
  File "/home/airflow/.local/lib/python3.12/site-packages/airflow/dag_processing/processor.py", line 188, in _handle_dag_file_processing
    result: tuple[int, int, int] = dag_file_processor.process_file(
                                   ^^^^^^^^^^^^^^^^^^^^^^^^^^^^^^^^
  File "/home/airflow/.local/lib/python3.12/site-packages/airflow/utils/session.py", line 97, in wrapper
    return func(*args, session=session, **kwargs)
           ^^^^^^^^^^^^^^^^^^^^^^^^^^^^^^^^^^^^^^
  File "/home/airflow/.local/lib/python3.12/site-packages/airflow/dag_processing/processor.py", line 928, in process_file
    DagFileProcessor.update_import_errors(
  File "/home/airflow/.local/lib/python3.12/site-packages/airflow/api_internal/internal_api_call.py", line 139, in wrapper
    return func(*args, **kwargs)
           ^^^^^^^^^^^^^^^^^^^^^
  File "/home/airflow/.local/lib/python3.12/site-packages/airflow/utils/session.py", line 97, in wrapper
    return func(*args, session=session, **kwargs)
           ^^^^^^^^^^^^^^^^^^^^^^^^^^^^^^^^^^^^^^
  File "/home/airflow/.local/lib/python3.12/site-packages/airflow/dag_processing/processor.py", line 648, in update_import_errors
    existing_import_error_files = [x.filename for x in session.query(ParseImportError.filename).all()]
                                                       ^^^^^^^^^^^^^^^^^^^^^^^^^^^^^^^^^^^^^^^^^^^^^^
  File "/home/airflow/.local/lib/python3.12/site-packages/sqlalchemy/orm/query.py", line 2773, in all
    return self._iter().all()
           ^^^^^^^^^^^^
  File "/home/airflow/.local/lib/python3.12/site-packages/sqlalchemy/orm/query.py", line 2916, in _iter
    result = self.session.execute(
             ^^^^^^^^^^^^^^^^^^^^^
  File "/home/airflow/.local/lib/python3.12/site-packages/sqlalchemy/orm/session.py", line 1716, in execute
    conn = self._connection_for_bind(bind)
           ^^^^^^^^^^^^^^^^^^^^^^^^^^^^^^^
  File "/home/airflow/.local/lib/python3.12/site-packages/sqlalchemy/orm/session.py", line 1555, in _connection_for_bind
    return self._transaction._connection_for_bind(
           ^^^^^^^^^^^^^^^^^^^^^^^^^^^^^^^^^^^^^^^
  File "/home/airflow/.local/lib/python3.12/site-packages/sqlalchemy/orm/session.py", line 750, in _connection_for_bind
    conn = bind.connect()
           ^^^^^^^^^^^^^^
  File "/home/airflow/.local/lib/python3.12/site-packages/sqlalchemy/future/engine.py", line 412, in connect
    return super(Engine, self).connect()
           ^^^^^^^^^^^^^^^^^^^^^^^^^^^^^
  File "/home/airflow/.local/lib/python3.12/site-packages/sqlalchemy/engine/base.py", line 3325, in connect
    return self._connection_cls(self, close_with_result=close_with_result)
           ^^^^^^^^^^^^^^^^^^^^^^^^^^^^^^^^^^^^^^^^^^^^^^^^^^^^^^^^^^^^^^^
  File "/home/airflow/.local/lib/python3.12/site-packages/sqlalchemy/engine/base.py", line 96, in __init__
    else engine.raw_connection()
         ^^^^^^^^^^^^^^^^^^^^^^^
  File "/home/airflow/.local/lib/python3.12/site-packages/sqlalchemy/engine/base.py", line 3404, in raw_connection
    return self._wrap_pool_connect(self.pool.connect, _connection)
           ^^^^^^^^^^^^^^^^^^^^^^^^^^^^^^^^^^^^^^^^^^^^^^^^^^^^^^^
  File "/home/airflow/.local/lib/python3.12/site-packages/sqlalchemy/engine/base.py", line 3374, in _wrap_pool_connect
    Connection._handle_dbapi_exception_noconnection(
  File "/home/airflow/.local/lib/python3.12/site-packages/sqlalchemy/engine/base.py", line 2208, in _handle_dbapi_exception_noconnection
    util.raise_(
  File "/home/airflow/.local/lib/python3.12/site-packages/sqlalchemy/util/compat.py", line 211, in raise_
    raise exception
  File "/home/airflow/.local/lib/python3.12/site-packages/sqlalchemy/engine/base.py", line 3371, in _wrap_pool_connect
    return fn()
           ^^^^
  File "/home/airflow/.local/lib/python3.12/site-packages/sqlalchemy/pool/base.py", line 327, in connect
    return _ConnectionFairy._checkout(self)
           ^^^^^^^^^^^^^^^^^^^^^^^^^^^^^^^^
  File "/home/airflow/.local/lib/python3.12/site-packages/sqlalchemy/pool/base.py", line 894, in _checkout
    fairy = _ConnectionRecord.checkout(pool)
            ^^^^^^^^^^^^^^^^^^^^^^^^^^^^^^^^
  File "/home/airflow/.local/lib/python3.12/site-packages/sqlalchemy/pool/base.py", line 493, in checkout
    rec = pool._do_get()
          ^^^^^^^^^^^^^^
  File "/home/airflow/.local/lib/python3.12/site-packages/sqlalchemy/pool/impl.py", line 145, in _do_get
    with util.safe_reraise():
         ^^^^^^^^^^^^^^^^^^^
  File "/home/airflow/.local/lib/python3.12/site-packages/sqlalchemy/util/langhelpers.py", line 70, in __exit__
    compat.raise_(
  File "/home/airflow/.local/lib/python3.12/site-packages/sqlalchemy/util/compat.py", line 211, in raise_
    raise exception
  File "/home/airflow/.local/lib/python3.12/site-packages/sqlalchemy/pool/impl.py", line 143, in _do_get
    return self._create_connection()
           ^^^^^^^^^^^^^^^^^^^^^^^^^
  File "/home/airflow/.local/lib/python3.12/site-packages/sqlalchemy/pool/base.py", line 273, in _create_connection
    return _ConnectionRecord(self)
           ^^^^^^^^^^^^^^^^^^^^^^^
  File "/home/airflow/.local/lib/python3.12/site-packages/sqlalchemy/pool/base.py", line 388, in __init__
    self.__connect()
  File "/home/airflow/.local/lib/python3.12/site-packages/sqlalchemy/pool/base.py", line 690, in __connect
    with util.safe_reraise():
         ^^^^^^^^^^^^^^^^^^^
  File "/home/airflow/.local/lib/python3.12/site-packages/sqlalchemy/util/langhelpers.py", line 70, in __exit__
    compat.raise_(
  File "/home/airflow/.local/lib/python3.12/site-packages/sqlalchemy/util/compat.py", line 211, in raise_
    raise exception
  File "/home/airflow/.local/lib/python3.12/site-packages/sqlalchemy/pool/base.py", line 686, in __connect
    self.dbapi_connection = connection = pool._invoke_creator(self)
                                         ^^^^^^^^^^^^^^^^^^^^^^^^^^
  File "/home/airflow/.local/lib/python3.12/site-packages/sqlalchemy/engine/create.py", line 574, in connect
    return dialect.connect(*cargs, **cparams)
           ^^^^^^^^^^^^^^^^^^^^^^^^^^^^^^^^^^
  File "/home/airflow/.local/lib/python3.12/site-packages/sqlalchemy/engine/default.py", line 598, in connect
    return self.dbapi.connect(*cargs, **cparams)
           ^^^^^^^^^^^^^^^^^^^^^^^^^^^^^^^^^^^^^
  File "/home/airflow/.local/lib/python3.12/site-packages/psycopg2/__init__.py", line 122, in connect
    conn = _connect(dsn, connection_factory=connection_factory, **kwasync)
           ^^^^^^^^^^^^^^^^^^^^^^^^^^^^^^^^^^^^^^^^^^^^^^^^^^^^^^^^^^^^^^^
sqlalchemy.exc.OperationalError: (psycopg2.OperationalError) could not translate host name "postgres" to address: Temporary failure in name resolution

(Background on this error at: https://sqlalche.me/e/14/e3q8)
[2026-03-24T15:19:37.719+0000] {processor.py:186} INFO - Started process (PID=91) to work on /opt/airflow/dags/sensor_airflow.py
[2026-03-24T15:19:37.721+0000] {processor.py:914} INFO - Processing file /opt/airflow/dags/sensor_airflow.py for tasks to queue
[2026-03-24T15:19:37.724+0000] {logging_mixin.py:190} INFO - [2026-03-24T15:19:37.724+0000] {dagbag.py:588} INFO - Filling up the DagBag from /opt/airflow/dags/sensor_airflow.py
[2026-03-24T15:19:38.472+0000] {processor.py:925} INFO - DAG(s) 'sensor_data_producer' retrieved from /opt/airflow/dags/sensor_airflow.py
[2026-03-24T15:19:38.996+0000] {logging_mixin.py:190} INFO - [2026-03-24T15:19:38.995+0000] {dag.py:3239} INFO - Sync 1 DAGs
[2026-03-24T15:19:39.057+0000] {logging_mixin.py:190} INFO - [2026-03-24T15:19:39.056+0000] {dag.py:4180} INFO - Setting next_dagrun for sensor_data_producer to 2026-03-24 15:10:00+00:00, run_after=2026-03-24 15:15:00+00:00
[2026-03-24T15:19:39.114+0000] {processor.py:208} INFO - Processing /opt/airflow/dags/sensor_airflow.py took 1.405 seconds
[2026-03-24T15:20:09.354+0000] {processor.py:186} INFO - Started process (PID=116) to work on /opt/airflow/dags/sensor_airflow.py
[2026-03-24T15:20:09.354+0000] {processor.py:914} INFO - Processing file /opt/airflow/dags/sensor_airflow.py for tasks to queue
[2026-03-24T15:20:09.357+0000] {logging_mixin.py:190} INFO - [2026-03-24T15:20:09.356+0000] {dagbag.py:588} INFO - Filling up the DagBag from /opt/airflow/dags/sensor_airflow.py
[2026-03-24T15:20:10.094+0000] {processor.py:925} INFO - DAG(s) 'sensor_data_producer' retrieved from /opt/airflow/dags/sensor_airflow.py
[2026-03-24T15:20:10.114+0000] {logging_mixin.py:190} INFO - [2026-03-24T15:20:10.114+0000] {dag.py:3239} INFO - Sync 1 DAGs
[2026-03-24T15:20:10.137+0000] {logging_mixin.py:190} INFO - [2026-03-24T15:20:10.137+0000] {dag.py:4180} INFO - Setting next_dagrun for sensor_data_producer to 2026-03-24 15:20:00+00:00, run_after=2026-03-24 15:25:00+00:00
[2026-03-24T15:20:10.151+0000] {processor.py:208} INFO - Processing /opt/airflow/dags/sensor_airflow.py took 0.803 seconds
[2026-03-24T15:20:40.896+0000] {processor.py:186} INFO - Started process (PID=125) to work on /opt/airflow/dags/sensor_airflow.py
[2026-03-24T15:20:40.897+0000] {processor.py:914} INFO - Processing file /opt/airflow/dags/sensor_airflow.py for tasks to queue
[2026-03-24T15:20:40.899+0000] {logging_mixin.py:190} INFO - [2026-03-24T15:20:40.899+0000] {dagbag.py:588} INFO - Filling up the DagBag from /opt/airflow/dags/sensor_airflow.py
[2026-03-24T15:20:41.188+0000] {processor.py:925} INFO - DAG(s) 'sensor_data_producer' retrieved from /opt/airflow/dags/sensor_airflow.py
[2026-03-24T15:20:41.209+0000] {logging_mixin.py:190} INFO - [2026-03-24T15:20:41.209+0000] {dag.py:3239} INFO - Sync 1 DAGs
[2026-03-24T15:20:41.230+0000] {logging_mixin.py:190} INFO - [2026-03-24T15:20:41.230+0000] {dag.py:4180} INFO - Setting next_dagrun for sensor_data_producer to 2026-03-24 15:20:00+00:00, run_after=2026-03-24 15:25:00+00:00
[2026-03-24T15:20:41.245+0000] {processor.py:208} INFO - Processing /opt/airflow/dags/sensor_airflow.py took 0.355 seconds
