[2026-03-24T14:49:50.361+0000] {local_task_job_runner.py:123} INFO - ::group::Pre task execution logs
[2026-03-24T14:49:50.389+0000] {taskinstance.py:2612} INFO - Dependencies all met for dep_context=non-requeueable deps ti=<TaskInstance: sensor_data_consumer.sensor_data_consumer manual__2026-03-24T14:49:30.995729+00:00 [queued]>
[2026-03-24T14:49:50.403+0000] {taskinstance.py:2612} INFO - Dependencies all met for dep_context=requeueable deps ti=<TaskInstance: sensor_data_consumer.sensor_data_consumer manual__2026-03-24T14:49:30.995729+00:00 [queued]>
[2026-03-24T14:49:50.403+0000] {taskinstance.py:2865} INFO - Starting attempt 1 of 1
[2026-03-24T14:49:50.422+0000] {taskinstance.py:2888} INFO - Executing <Task(PythonOperator): sensor_data_consumer> on 2026-03-24 14:49:30.995729+00:00
[2026-03-24T14:49:50.437+0000] {warnings.py:112} WARNING - /home/***/.local/lib/python3.12/site-packages/***/task/task_runner/standard_task_runner.py:70: DeprecationWarning: This process (pid=166) is multi-threaded, use of fork() may lead to deadlocks in the child.
  pid = os.fork()

[2026-03-24T14:49:50.441+0000] {standard_task_runner.py:72} INFO - Started process 168 to run task
[2026-03-24T14:49:50.440+0000] {standard_task_runner.py:104} INFO - Running: ['***', 'tasks', 'run', 'sensor_data_consumer', 'sensor_data_consumer', 'manual__2026-03-24T14:49:30.995729+00:00', '--job-id', '149', '--raw', '--subdir', 'DAGS_FOLDER/sensor_***_consumer.py', '--cfg-path', '/tmp/tmpdxiukuks']
[2026-03-24T14:49:50.445+0000] {standard_task_runner.py:105} INFO - Job 149: Subtask sensor_data_consumer
[2026-03-24T14:49:50.521+0000] {task_command.py:467} INFO - Running <TaskInstance: sensor_data_consumer.sensor_data_consumer manual__2026-03-24T14:49:30.995729+00:00 [running]> on host 307b85104bd3
[2026-03-24T14:49:50.659+0000] {taskinstance.py:3131} INFO - Exporting env vars: AIRFLOW_CTX_DAG_OWNER='Anas EL Meslouti' AIRFLOW_CTX_DAG_ID='sensor_data_consumer' AIRFLOW_CTX_TASK_ID='sensor_data_consumer' AIRFLOW_CTX_EXECUTION_DATE='2026-03-24T14:49:30.995729+00:00' AIRFLOW_CTX_TRY_NUMBER='1' AIRFLOW_CTX_DAG_RUN_ID='manual__2026-03-24T14:49:30.995729+00:00'
[2026-03-24T14:49:50.661+0000] {taskinstance.py:731} INFO - ::endgroup::
[2026-03-24T14:49:50.694+0000] {conn.py:400} INFO - <BrokerConnection client_id=kafka-python-2.3.0, node_id=bootstrap-0 host=broker:9092 <connecting> [IPv4 ('172.18.0.3', 9092)]>: connecting to broker:9092 [('172.18.0.3', 9092) IPv4]
[2026-03-24T14:49:50.704+0000] {conn.py:622} INFO - <BrokerConnection client_id=kafka-python-2.3.0, node_id=bootstrap-0 host=broker:9092 <checking_api_versions_recv> [IPv4 ('172.18.0.3', 9092)]>: Broker version identified as 2.6
[2026-03-24T14:49:50.705+0000] {conn.py:461} INFO - <BrokerConnection client_id=kafka-python-2.3.0, node_id=bootstrap-0 host=broker:9092 <connected> [IPv4 ('172.18.0.3', 9092)]>: Connection complete.
[2026-03-24T14:49:50.711+0000] {subscription_state.py:181} INFO - Updating subscribed topics to: ('sensor_data',)
[2026-03-24T14:49:50.715+0000] {conn.py:400} INFO - <BrokerConnection client_id=kafka-python-2.3.0, node_id=1 host=broker:9092 <connecting> [IPv4 ('172.18.0.3', 9092)]>: connecting to broker:9092 [('172.18.0.3', 9092) IPv4]
[2026-03-24T14:49:50.716+0000] {conn.py:461} INFO - <BrokerConnection client_id=kafka-python-2.3.0, node_id=1 host=broker:9092 <connected> [IPv4 ('172.18.0.3', 9092)]>: Connection complete.
[2026-03-24T14:49:50.716+0000] {conn.py:951} INFO - <BrokerConnection client_id=kafka-python-2.3.0, node_id=bootstrap-0 host=broker:9092 <connected> [IPv4 ('172.18.0.3', 9092)]>: Closing connection. 
[2026-03-24T14:49:50.818+0000] {cluster.py:403} INFO - Coordinator for group/sensor-group is ('coordinator-1', 'broker', 9092, None)
[2026-03-24T14:49:50.819+0000] {base.py:835} INFO - Discovered coordinator coordinator-1 for group sensor-group
[2026-03-24T14:49:50.820+0000] {base.py:895} INFO - Starting new heartbeat thread
[2026-03-24T14:49:50.821+0000] {consumer.py:379} INFO - Revoking previously assigned partitions () for group sensor-group
[2026-03-24T14:49:50.822+0000] {base.py:433} INFO - Failed to join group sensor-group: NodeNotReadyError: coordinator-1
[2026-03-24T14:49:50.823+0000] {conn.py:400} INFO - <BrokerConnection client_id=kafka-python-2.3.0, node_id=coordinator-1 host=broker:9092 <connecting> [IPv4 ('172.18.0.3', 9092)]>: connecting to broker:9092 [('172.18.0.3', 9092) IPv4]
[2026-03-24T14:49:50.824+0000] {conn.py:461} INFO - <BrokerConnection client_id=kafka-python-2.3.0, node_id=coordinator-1 host=broker:9092 <connected> [IPv4 ('172.18.0.3', 9092)]>: Connection complete.
[2026-03-24T14:49:50.925+0000] {base.py:546} INFO - (Re-)joining group sensor-group
[2026-03-24T14:49:50.929+0000] {base.py:661} INFO - Received member id kafka-python-2.3.0-984d7f98-aa27-4e40-a4f0-b1c2e5e8dbdb for group sensor-group; will retry join-group
[2026-03-24T14:49:50.930+0000] {base.py:433} INFO - Failed to join group sensor-group: [Error 79] MemberIdRequiredError
[2026-03-24T14:49:50.930+0000] {base.py:546} INFO - (Re-)joining group sensor-group
[2026-03-24T14:49:50.935+0000] {base.py:617} INFO - Successfully joined group sensor-group <Generation 3 (member_id: kafka-python-2.3.0-984d7f98-aa27-4e40-a4f0-b1c2e5e8dbdb, protocol: range)>
[2026-03-24T14:49:50.935+0000] {base.py:619} INFO - Elected group leader -- performing partition assignments using range
[2026-03-24T14:49:50.940+0000] {subscription_state.py:254} INFO - Updated partition assignment: [('sensor_data', 0)]
[2026-03-24T14:49:50.941+0000] {consumer.py:260} INFO - Setting newly assigned partitions (('sensor_data', 0),) for group sensor-group
[2026-03-24T14:49:50.963+0000] {_transport.py:349} INFO - POST http://elasticsearch:9200/sensor_data/_doc [status:401 duration:0.015s]
[2026-03-24T14:49:50.963+0000] {sensor_airflow_consumer.py:39} ERROR - Failed to index data: AuthenticationException(401, 'security_exception', 'missing authentication credentials for REST request [/sensor_data/_doc]')
Traceback (most recent call last):
  File "/opt/airflow/dags/sensor_airflow_consumer.py", line 35, in index_to_elasticsearch
    es.index(index='sensor_data', document=document)
  File "/home/airflow/.local/lib/python3.12/site-packages/elasticsearch/_sync/client/utils.py", line 446, in wrapped
    return api(*args, **kwargs)
           ^^^^^^^^^^^^^^^^^^^^
  File "/home/airflow/.local/lib/python3.12/site-packages/elasticsearch/_sync/client/__init__.py", line 2428, in index
    return self.perform_request(  # type: ignore[return-value]
           ^^^^^^^^^^^^^^^^^^^^^^^^^^^^^^^^^^^^^^^^^^^^^^^^^^^
  File "/home/airflow/.local/lib/python3.12/site-packages/elasticsearch/_sync/client/_base.py", line 271, in perform_request
    response = self._perform_request(
               ^^^^^^^^^^^^^^^^^^^^^^
  File "/home/airflow/.local/lib/python3.12/site-packages/elasticsearch/_sync/client/_base.py", line 352, in _perform_request
    raise HTTP_EXCEPTIONS.get(meta.status, ApiError)(
elasticsearch.AuthenticationException: AuthenticationException(401, 'security_exception', 'missing authentication credentials for REST request [/sensor_data/_doc]')
[2026-03-24T14:49:50.969+0000] {sensor_airflow_consumer.py:66} INFO - Indexed to Elasticsearch: {'machine_id': 1, 'temperature': 78.34, 'vibration': 0.99, 'pressure': 120.7, 'rpm': 4277, 'timestamp': '2026-03-24T14:49:01.343154'}
[2026-03-24T14:49:50.973+0000] {_transport.py:349} INFO - POST http://elasticsearch:9200/sensor_data/_doc [status:401 duration:0.004s]
[2026-03-24T14:49:50.974+0000] {sensor_airflow_consumer.py:39} ERROR - Failed to index data: AuthenticationException(401, 'security_exception', 'missing authentication credentials for REST request [/sensor_data/_doc]')
Traceback (most recent call last):
  File "/opt/airflow/dags/sensor_airflow_consumer.py", line 35, in index_to_elasticsearch
    es.index(index='sensor_data', document=document)
  File "/home/airflow/.local/lib/python3.12/site-packages/elasticsearch/_sync/client/utils.py", line 446, in wrapped
    return api(*args, **kwargs)
           ^^^^^^^^^^^^^^^^^^^^
  File "/home/airflow/.local/lib/python3.12/site-packages/elasticsearch/_sync/client/__init__.py", line 2428, in index
    return self.perform_request(  # type: ignore[return-value]
           ^^^^^^^^^^^^^^^^^^^^^^^^^^^^^^^^^^^^^^^^^^^^^^^^^^^
  File "/home/airflow/.local/lib/python3.12/site-packages/elasticsearch/_sync/client/_base.py", line 271, in perform_request
    response = self._perform_request(
               ^^^^^^^^^^^^^^^^^^^^^^
  File "/home/airflow/.local/lib/python3.12/site-packages/elasticsearch/_sync/client/_base.py", line 352, in _perform_request
    raise HTTP_EXCEPTIONS.get(meta.status, ApiError)(
elasticsearch.AuthenticationException: AuthenticationException(401, 'security_exception', 'missing authentication credentials for REST request [/sensor_data/_doc]')
[2026-03-24T14:49:50.976+0000] {sensor_airflow_consumer.py:66} INFO - Indexed to Elasticsearch: {'machine_id': 2, 'temperature': 84.6, 'vibration': 0.27, 'pressure': 291.12, 'rpm': 1697, 'timestamp': '2026-03-24T14:49:01.452407'}
[2026-03-24T14:49:50.982+0000] {_transport.py:349} INFO - POST http://elasticsearch:9200/sensor_data/_doc [status:401 duration:0.005s]
[2026-03-24T14:49:50.982+0000] {sensor_airflow_consumer.py:39} ERROR - Failed to index data: AuthenticationException(401, 'security_exception', 'missing authentication credentials for REST request [/sensor_data/_doc]')
Traceback (most recent call last):
  File "/opt/airflow/dags/sensor_airflow_consumer.py", line 35, in index_to_elasticsearch
    es.index(index='sensor_data', document=document)
  File "/home/airflow/.local/lib/python3.12/site-packages/elasticsearch/_sync/client/utils.py", line 446, in wrapped
    return api(*args, **kwargs)
           ^^^^^^^^^^^^^^^^^^^^
  File "/home/airflow/.local/lib/python3.12/site-packages/elasticsearch/_sync/client/__init__.py", line 2428, in index
    return self.perform_request(  # type: ignore[return-value]
           ^^^^^^^^^^^^^^^^^^^^^^^^^^^^^^^^^^^^^^^^^^^^^^^^^^^
  File "/home/airflow/.local/lib/python3.12/site-packages/elasticsearch/_sync/client/_base.py", line 271, in perform_request
    response = self._perform_request(
               ^^^^^^^^^^^^^^^^^^^^^^
  File "/home/airflow/.local/lib/python3.12/site-packages/elasticsearch/_sync/client/_base.py", line 352, in _perform_request
    raise HTTP_EXCEPTIONS.get(meta.status, ApiError)(
elasticsearch.AuthenticationException: AuthenticationException(401, 'security_exception', 'missing authentication credentials for REST request [/sensor_data/_doc]')
[2026-03-24T14:49:50.983+0000] {sensor_airflow_consumer.py:66} INFO - Indexed to Elasticsearch: {'machine_id': 3, 'temperature': 63.74, 'vibration': 1.49, 'pressure': 100.04, 'rpm': 2842, 'timestamp': '2026-03-24T14:49:01.454602'}
[2026-03-24T14:49:50.988+0000] {_transport.py:349} INFO - POST http://elasticsearch:9200/sensor_data/_doc [status:401 duration:0.004s]
[2026-03-24T14:49:50.988+0000] {sensor_airflow_consumer.py:39} ERROR - Failed to index data: AuthenticationException(401, 'security_exception', 'missing authentication credentials for REST request [/sensor_data/_doc]')
Traceback (most recent call last):
  File "/opt/airflow/dags/sensor_airflow_consumer.py", line 35, in index_to_elasticsearch
    es.index(index='sensor_data', document=document)
  File "/home/airflow/.local/lib/python3.12/site-packages/elasticsearch/_sync/client/utils.py", line 446, in wrapped
    return api(*args, **kwargs)
           ^^^^^^^^^^^^^^^^^^^^
  File "/home/airflow/.local/lib/python3.12/site-packages/elasticsearch/_sync/client/__init__.py", line 2428, in index
    return self.perform_request(  # type: ignore[return-value]
           ^^^^^^^^^^^^^^^^^^^^^^^^^^^^^^^^^^^^^^^^^^^^^^^^^^^
  File "/home/airflow/.local/lib/python3.12/site-packages/elasticsearch/_sync/client/_base.py", line 271, in perform_request
    response = self._perform_request(
               ^^^^^^^^^^^^^^^^^^^^^^
  File "/home/airflow/.local/lib/python3.12/site-packages/elasticsearch/_sync/client/_base.py", line 352, in _perform_request
    raise HTTP_EXCEPTIONS.get(meta.status, ApiError)(
elasticsearch.AuthenticationException: AuthenticationException(401, 'security_exception', 'missing authentication credentials for REST request [/sensor_data/_doc]')
[2026-03-24T14:49:50.990+0000] {sensor_airflow_consumer.py:66} INFO - Indexed to Elasticsearch: {'machine_id': 4, 'temperature': 71.32, 'vibration': 0.49, 'pressure': 136.38, 'rpm': 1494, 'timestamp': '2026-03-24T14:49:01.456466'}
[2026-03-24T14:49:50.996+0000] {_transport.py:349} INFO - POST http://elasticsearch:9200/sensor_data/_doc [status:401 duration:0.006s]
[2026-03-24T14:49:50.997+0000] {sensor_airflow_consumer.py:39} ERROR - Failed to index data: AuthenticationException(401, 'security_exception', 'missing authentication credentials for REST request [/sensor_data/_doc]')
Traceback (most recent call last):
  File "/opt/airflow/dags/sensor_airflow_consumer.py", line 35, in index_to_elasticsearch
    es.index(index='sensor_data', document=document)
  File "/home/airflow/.local/lib/python3.12/site-packages/elasticsearch/_sync/client/utils.py", line 446, in wrapped
    return api(*args, **kwargs)
           ^^^^^^^^^^^^^^^^^^^^
  File "/home/airflow/.local/lib/python3.12/site-packages/elasticsearch/_sync/client/__init__.py", line 2428, in index
    return self.perform_request(  # type: ignore[return-value]
           ^^^^^^^^^^^^^^^^^^^^^^^^^^^^^^^^^^^^^^^^^^^^^^^^^^^
  File "/home/airflow/.local/lib/python3.12/site-packages/elasticsearch/_sync/client/_base.py", line 271, in perform_request
    response = self._perform_request(
               ^^^^^^^^^^^^^^^^^^^^^^
  File "/home/airflow/.local/lib/python3.12/site-packages/elasticsearch/_sync/client/_base.py", line 352, in _perform_request
    raise HTTP_EXCEPTIONS.get(meta.status, ApiError)(
elasticsearch.AuthenticationException: AuthenticationException(401, 'security_exception', 'missing authentication credentials for REST request [/sensor_data/_doc]')
[2026-03-24T14:49:50.998+0000] {sensor_airflow_consumer.py:66} INFO - Indexed to Elasticsearch: {'machine_id': 5, 'temperature': 63.24, 'vibration': 0.56, 'pressure': 143.12, 'rpm': 3253, 'timestamp': '2026-03-24T14:49:01.459473'}
[2026-03-24T14:49:54.001+0000] {base.py:1130} INFO - Stopping heartbeat thread
[2026-03-24T14:49:54.001+0000] {base.py:943} INFO - Leaving consumer group sensor-group (member kafka-python-2.3.0-984d7f98-aa27-4e40-a4f0-b1c2e5e8dbdb).
[2026-03-24T14:49:54.005+0000] {base.py:961} INFO - LeaveGroup request for group sensor-group returned successfully
[2026-03-24T14:49:54.006+0000] {conn.py:951} INFO - <BrokerConnection client_id=kafka-python-2.3.0, node_id=1 host=broker:9092 <connected> [IPv4 ('172.18.0.3', 9092)]>: Closing connection. 
[2026-03-24T14:49:54.006+0000] {fetcher.py:789} INFO - Fetch to node 1 failed: Cancelled: <BrokerConnection client_id=kafka-python-2.3.0, node_id=1 host=broker:9092 <connected> [IPv4 ('172.18.0.3', 9092)]>
[2026-03-24T14:49:54.006+0000] {conn.py:951} INFO - <BrokerConnection client_id=kafka-python-2.3.0, node_id=coordinator-1 host=broker:9092 <connected> [IPv4 ('172.18.0.3', 9092)]>: Closing connection. 
[2026-03-24T14:49:54.007+0000] {sensor_airflow_consumer.py:73} INFO - Kafka consumer closed. Processed 5 messages.
[2026-03-24T14:49:54.007+0000] {python.py:240} INFO - Done. Returned value was: None
[2026-03-24T14:49:54.021+0000] {taskinstance.py:340} INFO - ::group::Post task execution logs
[2026-03-24T14:49:54.021+0000] {taskinstance.py:352} INFO - Marking task as SUCCESS. dag_id=sensor_data_consumer, task_id=sensor_data_consumer, run_id=manual__2026-03-24T14:49:30.995729+00:00, execution_date=20260324T144930, start_date=20260324T144950, end_date=20260324T144954
[2026-03-24T14:49:54.069+0000] {local_task_job_runner.py:266} INFO - Task exited with return code 0
[2026-03-24T14:49:54.095+0000] {taskinstance.py:3900} INFO - 1 downstream tasks scheduled from follow-on schedule check
[2026-03-24T14:49:54.097+0000] {local_task_job_runner.py:245} INFO - ::endgroup::
