[2026-03-24T14:55:03.642+0000] {local_task_job_runner.py:123} INFO - ::group::Pre task execution logs
[2026-03-24T14:55:03.658+0000] {taskinstance.py:2612} INFO - Dependencies all met for dep_context=non-requeueable deps ti=<TaskInstance: sensor_data_consumer.start scheduled__2026-03-24T14:50:00+00:00 [queued]>
[2026-03-24T14:55:03.668+0000] {taskinstance.py:2612} INFO - Dependencies all met for dep_context=requeueable deps ti=<TaskInstance: sensor_data_consumer.start scheduled__2026-03-24T14:50:00+00:00 [queued]>
[2026-03-24T14:55:03.668+0000] {taskinstance.py:2865} INFO - Starting attempt 1 of 1
[2026-03-24T14:55:03.681+0000] {taskinstance.py:2888} INFO - Executing <Task(PythonOperator): start> on 2026-03-24 14:50:00+00:00
[2026-03-24T14:55:03.692+0000] {warnings.py:112} WARNING - /home/***/.local/lib/python3.12/site-packages/***/task/task_runner/standard_task_runner.py:70: DeprecationWarning: This process (pid=265) is multi-threaded, use of fork() may lead to deadlocks in the child.
  pid = os.fork()

[2026-03-24T14:55:03.694+0000] {standard_task_runner.py:72} INFO - Started process 271 to run task
[2026-03-24T14:55:03.695+0000] {standard_task_runner.py:104} INFO - Running: ['***', 'tasks', 'run', 'sensor_data_consumer', 'start', 'scheduled__2026-03-24T14:50:00+00:00', '--job-id', '161', '--raw', '--subdir', 'DAGS_FOLDER/sensor_***_consumer.py', '--cfg-path', '/tmp/tmpdo0c48oa']
[2026-03-24T14:55:03.698+0000] {standard_task_runner.py:105} INFO - Job 161: Subtask start
[2026-03-24T14:55:03.752+0000] {task_command.py:467} INFO - Running <TaskInstance: sensor_data_consumer.start scheduled__2026-03-24T14:50:00+00:00 [running]> on host 307b85104bd3
[2026-03-24T14:55:03.847+0000] {taskinstance.py:3131} INFO - Exporting env vars: AIRFLOW_CTX_DAG_OWNER='Anas EL Meslouti' AIRFLOW_CTX_DAG_ID='sensor_data_consumer' AIRFLOW_CTX_TASK_ID='start' AIRFLOW_CTX_EXECUTION_DATE='2026-03-24T14:50:00+00:00' AIRFLOW_CTX_TRY_NUMBER='1' AIRFLOW_CTX_DAG_RUN_ID='scheduled__2026-03-24T14:50:00+00:00'
[2026-03-24T14:55:03.848+0000] {taskinstance.py:731} INFO - ::endgroup::
[2026-03-24T14:55:03.862+0000] {logging_mixin.py:190} INFO - Jobs Started
[2026-03-24T14:55:03.862+0000] {python.py:240} INFO - Done. Returned value was: None
[2026-03-24T14:55:03.875+0000] {taskinstance.py:340} INFO - ::group::Post task execution logs
[2026-03-24T14:55:03.875+0000] {taskinstance.py:352} INFO - Marking task as SUCCESS. dag_id=sensor_data_consumer, task_id=start, run_id=scheduled__2026-03-24T14:50:00+00:00, execution_date=20260324T145000, start_date=20260324T145503, end_date=20260324T145503
[2026-03-24T14:55:03.909+0000] {local_task_job_runner.py:266} INFO - Task exited with return code 0
[2026-03-24T14:55:03.939+0000] {taskinstance.py:3900} INFO - 1 downstream tasks scheduled from follow-on schedule check
[2026-03-24T14:55:03.942+0000] {local_task_job_runner.py:245} INFO - ::endgroup::
