[2026-03-24T14:55:02.399+0000] {local_task_job_runner.py:123} INFO - ::group::Pre task execution logs
[2026-03-24T14:55:02.438+0000] {taskinstance.py:2612} INFO - Dependencies all met for dep_context=non-requeueable deps ti=<TaskInstance: sensor_data_producer.start scheduled__2026-03-24T14:50:00+00:00 [queued]>
[2026-03-24T14:55:02.457+0000] {taskinstance.py:2612} INFO - Dependencies all met for dep_context=requeueable deps ti=<TaskInstance: sensor_data_producer.start scheduled__2026-03-24T14:50:00+00:00 [queued]>
[2026-03-24T14:55:02.458+0000] {taskinstance.py:2865} INFO - Starting attempt 1 of 1
[2026-03-24T14:55:02.479+0000] {taskinstance.py:2888} INFO - Executing <Task(PythonOperator): start> on 2026-03-24 14:50:00+00:00
[2026-03-24T14:55:02.489+0000] {warnings.py:112} WARNING - /home/***/.local/lib/python3.12/site-packages/***/task/task_runner/standard_task_runner.py:70: DeprecationWarning: This process (pid=266) is multi-threaded, use of fork() may lead to deadlocks in the child.
  pid = os.fork()

[2026-03-24T14:55:02.493+0000] {standard_task_runner.py:72} INFO - Started process 268 to run task
[2026-03-24T14:55:02.492+0000] {standard_task_runner.py:104} INFO - Running: ['***', 'tasks', 'run', 'sensor_data_producer', 'start', 'scheduled__2026-03-24T14:50:00+00:00', '--job-id', '160', '--raw', '--subdir', 'DAGS_FOLDER/sensor_***.py', '--cfg-path', '/tmp/tmpdrk6bvnk']
[2026-03-24T14:55:02.493+0000] {standard_task_runner.py:105} INFO - Job 160: Subtask start
[2026-03-24T14:55:02.556+0000] {task_command.py:467} INFO - Running <TaskInstance: sensor_data_producer.start scheduled__2026-03-24T14:50:00+00:00 [running]> on host 307b85104bd3
[2026-03-24T14:55:02.677+0000] {taskinstance.py:3131} INFO - Exporting env vars: AIRFLOW_CTX_DAG_OWNER='***' AIRFLOW_CTX_DAG_ID='sensor_data_producer' AIRFLOW_CTX_TASK_ID='start' AIRFLOW_CTX_EXECUTION_DATE='2026-03-24T14:50:00+00:00' AIRFLOW_CTX_TRY_NUMBER='1' AIRFLOW_CTX_DAG_RUN_ID='scheduled__2026-03-24T14:50:00+00:00'
[2026-03-24T14:55:02.678+0000] {taskinstance.py:731} INFO - ::endgroup::
[2026-03-24T14:55:02.711+0000] {sensor_airflow.py:66} INFO - Job started
[2026-03-24T14:55:02.712+0000] {python.py:240} INFO - Done. Returned value was: None
[2026-03-24T14:55:02.727+0000] {taskinstance.py:340} INFO - ::group::Post task execution logs
[2026-03-24T14:55:02.727+0000] {taskinstance.py:352} INFO - Marking task as SUCCESS. dag_id=sensor_data_producer, task_id=start, run_id=scheduled__2026-03-24T14:50:00+00:00, execution_date=20260324T145000, start_date=20260324T145502, end_date=20260324T145502
[2026-03-24T14:55:02.793+0000] {local_task_job_runner.py:266} INFO - Task exited with return code 0
[2026-03-24T14:55:02.833+0000] {taskinstance.py:3900} INFO - 1 downstream tasks scheduled from follow-on schedule check
[2026-03-24T14:55:02.836+0000] {local_task_job_runner.py:245} INFO - ::endgroup::
